#! /c/Source/iverilog-install/bin/vvp
:ivl_version "12.0 (devel)" "(s20150603-1539-g2693dd32b)";
:ivl_delay_selection "TYPICAL";
:vpi_time_precision + 0;
:vpi_module "D:\DIC\iverilog\lib\ivl\system.vpi";
:vpi_module "D:\DIC\iverilog\lib\ivl\vhdl_sys.vpi";
:vpi_module "D:\DIC\iverilog\lib\ivl\vhdl_textio.vpi";
:vpi_module "D:\DIC\iverilog\lib\ivl\v2005_math.vpi";
:vpi_module "D:\DIC\iverilog\lib\ivl\va_math.vpi";
S_00000290da7d4cd0 .scope module, "cc_tb" "cc_tb" 2 1;
 .timescale 0 0;
L_00000290dac24128 .functor BUFT 1, C4<0000>, C4<0>, C4<0>, C4<0>;
v00000290dac22f20_0 .net/2u *"_ivl_0", 3 0, L_00000290dac24128;  1 drivers
v00000290dac23ec0_0 .var "b_gain", 7 0;
v00000290dac23380_0 .var "bayerStart", 3 0;
v00000290dac23240_0 .var "data_en", 0 0;
v00000290dac22de0_0 .var "g_gain", 7 0;
v00000290dac23560_0 .var "h_active", 11 0;
v00000290dac23600_0 .net "h_active_in", 11 0, v00000290dac23560_0;  1 drivers
v00000290dac222a0_0 .var/i "i", 31 0;
v00000290dac23420_0 .var "isp_clk", 0 0;
v00000290dac239c0_0 .net "isp_data_in", 15 0, L_00000290dac23920;  1 drivers
v00000290dac236a0_0 .var/i "max", 31 0;
v00000290dac22ac0_0 .var/i "min", 31 0;
v00000290dac22160_0 .var "r_gain", 7 0;
v00000290dac23740_0 .var "raw_data", 11 0;
v00000290dac23880_0 .var "rst_n", 0 0;
v00000290dac23060_0 .var "v_active", 11 0;
v00000290dac22340_0 .net "v_active_in", 11 0, v00000290dac23060_0;  1 drivers
L_00000290dac23920 .concat [ 4 12 0 0], L_00000290dac24128, v00000290dac23740_0;
S_00000290da7d4e60 .scope module, "u_ISP_pipeline" "ISP_pipeline" 2 27, 3 1 0, S_00000290da7d4cd0;
 .timescale 0 0;
    .port_info 0 /INPUT 16 "isp_data_in";
    .port_info 1 /INPUT 12 "h_active_in";
    .port_info 2 /INPUT 12 "v_active_in";
    .port_info 3 /INPUT 4 "bayerStart";
    .port_info 4 /INPUT 1 "isp_clk";
    .port_info 5 /INPUT 1 "data_en";
    .port_info 6 /INPUT 1 "rst_n";
    .port_info 7 /INPUT 3 "mode_sel";
    .port_info 8 /INPUT 8 "r_gain";
    .port_info 9 /INPUT 8 "g_gain";
    .port_info 10 /INPUT 8 "b_gain";
    .port_info 11 /OUTPUT 16 "rgb_out";
    .port_info 12 /OUTPUT 16 "frames_cnt";
L_00000290da857ab0 .functor AND 1, L_00000290dac23ba0, L_00000290dac23100, C4<1>, C4<1>;
L_00000290da857b90 .functor AND 1, v00000290dac19d60_0, L_00000290dac22b60, C4<1>, C4<1>;
L_00000290da857f10 .functor AND 1, v00000290dac19d60_0, L_00000290dac23ce0, C4<1>, C4<1>;
L_00000290da858300 .functor AND 1, v00000290dac19d60_0, L_00000290dac22200, C4<1>, C4<1>;
v00000290dac18fa0_0 .net *"_ivl_10", 11 0, L_00000290dac23a60;  1 drivers
L_00000290dac24170 .functor BUFT 1, C4<000000000001>, C4<0>, C4<0>, C4<0>;
v00000290dac195e0_0 .net/2u *"_ivl_2", 11 0, L_00000290dac24170;  1 drivers
v00000290dac18140_0 .net *"_ivl_4", 11 0, L_00000290dac234c0;  1 drivers
L_00000290dac241b8 .functor BUFT 1, C4<000000000001>, C4<0>, C4<0>, C4<0>;
v00000290dac181e0_0 .net/2u *"_ivl_8", 11 0, L_00000290dac241b8;  1 drivers
v00000290dac19860_0 .net "b_gain", 7 0, v00000290dac23ec0_0;  1 drivers
v00000290dac194a0_0 .net "bayerStart", 3 0, v00000290dac23380_0;  1 drivers
v00000290dac18460_0 .net "bayer_grey_sel", 0 0, L_00000290dac22200;  1 drivers
v00000290dac19e00_0 .net "bayer_raw_sel", 0 0, L_00000290dac23ce0;  1 drivers
v00000290dac19540_0 .var "bayer_st", 3 0;
v00000290dac19680_0 .var "bayer_st_nxt", 3 0;
v00000290dac183c0_0 .net "data_en", 0 0, v00000290dac23240_0;  1 drivers
v00000290dac199a0_0 .net "end_flag", 0 0, L_00000290da857ab0;  1 drivers
o00000290dabd2a58 .functor BUFZ 16, C4<zzzzzzzzzzzzzzzz>; HiZ drive
v00000290dac19a40_0 .net "frames_cnt", 15 0, o00000290dabd2a58;  0 drivers
v00000290dac185a0_0 .net "g_gain", 7 0, v00000290dac22de0_0;  1 drivers
v00000290dac18a00_0 .net "h_active_in", 11 0, v00000290dac23560_0;  alias, 1 drivers
v00000290dac18f00_0 .var "h_cnt", 11 0;
v00000290dac19f40_0 .net "h_flag", 0 0, L_00000290dac23ba0;  1 drivers
v00000290dac188c0_0 .net "isp_clk", 0 0, v00000290dac23420_0;  1 drivers
v00000290dac18aa0_0 .net "isp_data_in", 15 0, L_00000290dac23920;  alias, 1 drivers
L_00000290dac25058 .functor BUFT 1, C4<100>, C4<0>, C4<0>, C4<0>;
v00000290dac19ae0_0 .net "mode_sel", 2 0, L_00000290dac25058;  1 drivers
v00000290dac18640_0 .net "process_mode_sel", 0 0, L_00000290dac22b60;  1 drivers
v00000290dac19d60_0 .var "rDataEn", 0 0;
v00000290dac186e0_0 .net "r_gain", 7 0, v00000290dac22160_0;  1 drivers
v00000290dac18780_0 .var "rdData", 15 0;
o00000290dabd2c08 .functor BUFZ 16, C4<zzzzzzzzzzzzzzzz>; HiZ drive
v00000290dac18be0_0 .net "rgb_out", 15 0, o00000290dabd2c08;  0 drivers
v00000290dac18d20_0 .net "rst_n", 0 0, v00000290dac23880_0;  1 drivers
v00000290dac18dc0_0 .net "v_active_in", 11 0, v00000290dac23060_0;  alias, 1 drivers
v00000290dac18e60_0 .var "v_cnt", 11 0;
v00000290dac237e0_0 .net "v_flag", 0 0, L_00000290dac23100;  1 drivers
v00000290dac22c00_0 .net "wCcDataEn", 0 0, L_00000290dac86890;  1 drivers
v00000290dac231a0_0 .net "wInDataEn_grey", 0 0, L_00000290da858300;  1 drivers
v00000290dac22e80_0 .net "wInDataEn_isp", 0 0, L_00000290da857b90;  1 drivers
v00000290dac22ca0_0 .net "wInDataEn_raw", 0 0, L_00000290da857f10;  1 drivers
v00000290dac23e20_0 .net "wPostCcData", 15 0, L_00000290dac85c10;  1 drivers
v00000290dac23b00_0 .net "wRdData", 15 0, v00000290dac18780_0;  1 drivers
E_00000290da86e9a0 .event posedge, v00000290dac175d0_0;
E_00000290da86da20 .event anyedge, v00000290dac19540_0, v00000290dac19f40_0, v00000290dac194a0_0;
L_00000290dac234c0 .arith/sub 12, v00000290dac23560_0, L_00000290dac24170;
L_00000290dac23ba0 .cmp/eq 12, v00000290dac18f00_0, L_00000290dac234c0;
L_00000290dac23a60 .arith/sub 12, v00000290dac23060_0, L_00000290dac241b8;
L_00000290dac23100 .cmp/eq 12, v00000290dac18e60_0, L_00000290dac23a60;
L_00000290dac22b60 .part L_00000290dac25058, 2, 1;
L_00000290dac23ce0 .part L_00000290dac25058, 1, 1;
L_00000290dac22200 .part L_00000290dac25058, 0, 1;
S_00000290da82b970 .scope module, "u_colorCorrection" "colorCorrection" 3 85, 4 1 0, S_00000290da7d4e60;
 .timescale 0 0;
    .port_info 0 /INPUT 8 "redGain";
    .port_info 1 /INPUT 8 "bluGain";
    .port_info 2 /INPUT 8 "greGain";
    .port_info 3 /INPUT 1 "clk";
    .port_info 4 /INPUT 1 "rst_n";
    .port_info 5 /INPUT 16 "Din";
    .port_info 6 /INPUT 1 "dataEn";
    .port_info 7 /OUTPUT 16 "Dout";
    .port_info 8 /OUTPUT 1 "outEn";
v00000290da862ad0_0 .net "Din", 15 0, v00000290dac18780_0;  alias, 1 drivers
v00000290da861a90_0 .net "Dout", 15 0, L_00000290dac85c10;  alias, 1 drivers
L_00000290dac24200 .functor BUFT 1, C4<00000000>, C4<0>, C4<0>, C4<0>;
v00000290da862e90_0 .net/2u *"_ivl_0", 7 0, L_00000290dac24200;  1 drivers
v00000290da862f30_0 .net *"_ivl_105", 0 0, L_00000290dac7e180;  1 drivers
L_00000290dac24638 .functor BUFT 1, C4<000000000000000>, C4<0>, C4<0>, C4<0>;
v00000290da862fd0_0 .net/2u *"_ivl_106", 14 0, L_00000290dac24638;  1 drivers
v00000290da861c70_0 .net *"_ivl_109", 11 0, L_00000290dac7cf60;  1 drivers
L_00000290dac24680 .functor BUFT 1, C4<0>, C4<0>, C4<0>, C4<0>;
v00000290da8634d0_0 .net/2u *"_ivl_110", 0 0, L_00000290dac24680;  1 drivers
v00000290da861db0_0 .net *"_ivl_112", 27 0, L_00000290dac7e680;  1 drivers
L_00000290dac246c8 .functor BUFT 1, C4<0000000000000000000000000000>, C4<0>, C4<0>, C4<0>;
v00000290da863070_0 .net/2u *"_ivl_114", 27 0, L_00000290dac246c8;  1 drivers
v00000290da863110_0 .net *"_ivl_12", 0 0, L_00000290dac23d80;  1 drivers
v00000290da88d490_0 .net *"_ivl_120", 0 0, L_00000290dac7e360;  1 drivers
v00000290da88c4f0_0 .net *"_ivl_122", 27 0, L_00000290dac7ddc0;  1 drivers
L_00000290dac24710 .functor BUFT 1, C4<0000000000000000000000000000>, C4<0>, C4<0>, C4<0>;
v00000290da88c630_0 .net/2u *"_ivl_123", 27 0, L_00000290dac24710;  1 drivers
v00000290da88ca90_0 .net *"_ivl_129", 0 0, L_00000290dac7e220;  1 drivers
v00000290da88cb30_0 .net *"_ivl_131", 27 0, L_00000290dac7d960;  1 drivers
v00000290da88c590_0 .net *"_ivl_133", 26 0, L_00000290dac7d0a0;  1 drivers
L_00000290dac24758 .functor BUFT 1, C4<0>, C4<0>, C4<0>, C4<0>;
v00000290da88c9f0_0 .net *"_ivl_135", 0 0, L_00000290dac24758;  1 drivers
L_00000290dac247a0 .functor BUFT 1, C4<0000000000000000000000000000>, C4<0>, C4<0>, C4<0>;
v00000290da88c310_0 .net/2u *"_ivl_137", 27 0, L_00000290dac247a0;  1 drivers
v00000290da88c450_0 .net *"_ivl_14", 27 0, L_00000290dac24000;  1 drivers
v00000290da88c6d0_0 .net *"_ivl_143", 0 0, L_00000290dac7cec0;  1 drivers
v00000290da88c770_0 .net *"_ivl_145", 27 0, L_00000290dac7e5e0;  1 drivers
v00000290da88d710_0 .net *"_ivl_147", 25 0, L_00000290dac7d8c0;  1 drivers
L_00000290dac247e8 .functor BUFT 1, C4<00>, C4<0>, C4<0>, C4<0>;
v00000290da88d3f0_0 .net *"_ivl_149", 1 0, L_00000290dac247e8;  1 drivers
L_00000290dac24290 .functor BUFT 1, C4<0000000000000000000000000000>, C4<0>, C4<0>, C4<0>;
v00000290da88baf0_0 .net/2u *"_ivl_15", 27 0, L_00000290dac24290;  1 drivers
L_00000290dac24830 .functor BUFT 1, C4<0000000000000000000000000000>, C4<0>, C4<0>, C4<0>;
v00000290da88ce50_0 .net/2u *"_ivl_151", 27 0, L_00000290dac24830;  1 drivers
v00000290da88d850_0 .net *"_ivl_157", 0 0, L_00000290dac7ca60;  1 drivers
v00000290da88d8f0_0 .net *"_ivl_159", 27 0, L_00000290dac7d6e0;  1 drivers
v00000290da88c810_0 .net *"_ivl_161", 24 0, L_00000290dac7d320;  1 drivers
L_00000290dac24878 .functor BUFT 1, C4<000>, C4<0>, C4<0>, C4<0>;
v00000290da88ba50_0 .net *"_ivl_163", 2 0, L_00000290dac24878;  1 drivers
L_00000290dac248c0 .functor BUFT 1, C4<0000000000000000000000000000>, C4<0>, C4<0>, C4<0>;
v00000290da88bb90_0 .net/2u *"_ivl_165", 27 0, L_00000290dac248c0;  1 drivers
v00000290da88c950_0 .net *"_ivl_171", 0 0, L_00000290dac7e900;  1 drivers
v00000290da88c8b0_0 .net *"_ivl_173", 27 0, L_00000290dac7d5a0;  1 drivers
v00000290da88d0d0_0 .net *"_ivl_175", 26 0, L_00000290dac7c1a0;  1 drivers
L_00000290dac24908 .functor BUFT 1, C4<0>, C4<0>, C4<0>, C4<0>;
v00000290da88d170_0 .net *"_ivl_177", 0 0, L_00000290dac24908;  1 drivers
L_00000290dac24950 .functor BUFT 1, C4<0000000000000000000000000000>, C4<0>, C4<0>, C4<0>;
v00000290da88d7b0_0 .net/2u *"_ivl_179", 27 0, L_00000290dac24950;  1 drivers
v00000290da88be10_0 .net *"_ivl_185", 0 0, L_00000290dac7e4a0;  1 drivers
v00000290da88d530_0 .net *"_ivl_187", 27 0, L_00000290dac7d640;  1 drivers
v00000290da88cd10_0 .net *"_ivl_189", 25 0, L_00000290dac7d780;  1 drivers
L_00000290dac24998 .functor BUFT 1, C4<00>, C4<0>, C4<0>, C4<0>;
v00000290da88bff0_0 .net *"_ivl_191", 1 0, L_00000290dac24998;  1 drivers
L_00000290dac249e0 .functor BUFT 1, C4<0000000000000000000000000000>, C4<0>, C4<0>, C4<0>;
v00000290da88c090_0 .net/2u *"_ivl_193", 27 0, L_00000290dac249e0;  1 drivers
v00000290da88d5d0_0 .net *"_ivl_199", 0 0, L_00000290dac7d3c0;  1 drivers
v00000290da88cbd0_0 .net *"_ivl_201", 27 0, L_00000290dac7d280;  1 drivers
v00000290da88d210_0 .net *"_ivl_203", 24 0, L_00000290dac7daa0;  1 drivers
L_00000290dac24a28 .functor BUFT 1, C4<000>, C4<0>, C4<0>, C4<0>;
v00000290da88cc70_0 .net *"_ivl_205", 2 0, L_00000290dac24a28;  1 drivers
L_00000290dac24a70 .functor BUFT 1, C4<0000000000000000000000000000>, C4<0>, C4<0>, C4<0>;
v00000290da88beb0_0 .net/2u *"_ivl_207", 27 0, L_00000290dac24a70;  1 drivers
v00000290da88cdb0_0 .net *"_ivl_21", 0 0, L_00000290dac232e0;  1 drivers
v00000290da88cef0_0 .net *"_ivl_213", 0 0, L_00000290dac7c880;  1 drivers
L_00000290dac24ab8 .functor BUFT 1, C4<000000000000000>, C4<0>, C4<0>, C4<0>;
v00000290da88cf90_0 .net/2u *"_ivl_214", 14 0, L_00000290dac24ab8;  1 drivers
v00000290da88d030_0 .net *"_ivl_217", 11 0, L_00000290dac7d460;  1 drivers
L_00000290dac24b00 .functor BUFT 1, C4<0>, C4<0>, C4<0>, C4<0>;
v00000290da88d2b0_0 .net/2u *"_ivl_218", 0 0, L_00000290dac24b00;  1 drivers
v00000290da88d350_0 .net *"_ivl_220", 27 0, L_00000290dac7e720;  1 drivers
L_00000290dac24b48 .functor BUFT 1, C4<0000000000000000000000000000>, C4<0>, C4<0>, C4<0>;
v00000290da88d670_0 .net/2u *"_ivl_222", 27 0, L_00000290dac24b48;  1 drivers
v00000290da88bc30_0 .net *"_ivl_228", 0 0, L_00000290dac7dbe0;  1 drivers
v00000290da88bf50_0 .net *"_ivl_23", 27 0, L_00000290dac22480;  1 drivers
v00000290da88bcd0_0 .net *"_ivl_230", 27 0, L_00000290dac7e7c0;  1 drivers
L_00000290dac24b90 .functor BUFT 1, C4<0000000000000000000000000000>, C4<0>, C4<0>, C4<0>;
v00000290da88bd70_0 .net/2u *"_ivl_231", 27 0, L_00000290dac24b90;  1 drivers
v00000290da88c130_0 .net *"_ivl_237", 0 0, L_00000290dac7c4c0;  1 drivers
v00000290da88c1d0_0 .net *"_ivl_239", 27 0, L_00000290dac7d140;  1 drivers
v00000290da88c270_0 .net *"_ivl_241", 26 0, L_00000290dac7dc80;  1 drivers
L_00000290dac24bd8 .functor BUFT 1, C4<0>, C4<0>, C4<0>, C4<0>;
v00000290da88c3b0_0 .net *"_ivl_243", 0 0, L_00000290dac24bd8;  1 drivers
L_00000290dac24c20 .functor BUFT 1, C4<0000000000000000000000000000>, C4<0>, C4<0>, C4<0>;
v00000290dac14bc0_0 .net/2u *"_ivl_245", 27 0, L_00000290dac24c20;  1 drivers
v00000290dac15160_0 .net *"_ivl_25", 26 0, L_00000290dac223e0;  1 drivers
v00000290dac15b60_0 .net *"_ivl_251", 0 0, L_00000290dac7e040;  1 drivers
v00000290dac144e0_0 .net *"_ivl_253", 27 0, L_00000290dac7c9c0;  1 drivers
v00000290dac157a0_0 .net *"_ivl_255", 25 0, L_00000290dac7c600;  1 drivers
L_00000290dac24c68 .functor BUFT 1, C4<00>, C4<0>, C4<0>, C4<0>;
v00000290dac15fc0_0 .net *"_ivl_257", 1 0, L_00000290dac24c68;  1 drivers
L_00000290dac24cb0 .functor BUFT 1, C4<0000000000000000000000000000>, C4<0>, C4<0>, C4<0>;
v00000290dac152a0_0 .net/2u *"_ivl_259", 27 0, L_00000290dac24cb0;  1 drivers
v00000290dac15020_0 .net *"_ivl_265", 0 0, L_00000290dac7e2c0;  1 drivers
v00000290dac15340_0 .net *"_ivl_267", 27 0, L_00000290dac7c420;  1 drivers
v00000290dac15700_0 .net *"_ivl_269", 24 0, L_00000290dac7c380;  1 drivers
L_00000290dac242d8 .functor BUFT 1, C4<0>, C4<0>, C4<0>, C4<0>;
v00000290dac158e0_0 .net *"_ivl_27", 0 0, L_00000290dac242d8;  1 drivers
L_00000290dac24cf8 .functor BUFT 1, C4<000>, C4<0>, C4<0>, C4<0>;
v00000290dac15c00_0 .net *"_ivl_271", 2 0, L_00000290dac24cf8;  1 drivers
L_00000290dac24d40 .functor BUFT 1, C4<0000000000000000000000000000>, C4<0>, C4<0>, C4<0>;
v00000290dac15200_0 .net/2u *"_ivl_273", 27 0, L_00000290dac24d40;  1 drivers
v00000290dac150c0_0 .net *"_ivl_279", 0 0, L_00000290dac7cb00;  1 drivers
v00000290dac15f20_0 .net *"_ivl_281", 27 0, L_00000290dac7fc60;  1 drivers
v00000290dac15840_0 .net *"_ivl_283", 26 0, L_00000290dac7ce20;  1 drivers
L_00000290dac24d88 .functor BUFT 1, C4<0>, C4<0>, C4<0>, C4<0>;
v00000290dac15a20_0 .net *"_ivl_285", 0 0, L_00000290dac24d88;  1 drivers
L_00000290dac24dd0 .functor BUFT 1, C4<0000000000000000000000000000>, C4<0>, C4<0>, C4<0>;
v00000290dac14e40_0 .net/2u *"_ivl_287", 27 0, L_00000290dac24dd0;  1 drivers
L_00000290dac24320 .functor BUFT 1, C4<0000000000000000000000000000>, C4<0>, C4<0>, C4<0>;
v00000290dac14120_0 .net/2u *"_ivl_29", 27 0, L_00000290dac24320;  1 drivers
v00000290dac14ee0_0 .net *"_ivl_293", 0 0, L_00000290dac7f300;  1 drivers
v00000290dac153e0_0 .net *"_ivl_295", 27 0, L_00000290dac7f760;  1 drivers
v00000290dac14620_0 .net *"_ivl_297", 25 0, L_00000290dac7fd00;  1 drivers
L_00000290dac24e18 .functor BUFT 1, C4<00>, C4<0>, C4<0>, C4<0>;
v00000290dac15ca0_0 .net *"_ivl_299", 1 0, L_00000290dac24e18;  1 drivers
v00000290dac14580_0 .net *"_ivl_3", 11 0, L_00000290dac22660;  1 drivers
L_00000290dac24e60 .functor BUFT 1, C4<0000000000000000000000000000>, C4<0>, C4<0>, C4<0>;
v00000290dac14f80_0 .net/2u *"_ivl_301", 27 0, L_00000290dac24e60;  1 drivers
v00000290dac15520_0 .net *"_ivl_307", 0 0, L_00000290dac7fe40;  1 drivers
v00000290dac149e0_0 .net *"_ivl_309", 27 0, L_00000290dac7ecc0;  1 drivers
v00000290dac14300_0 .net *"_ivl_311", 24 0, L_00000290dac7f3a0;  1 drivers
L_00000290dac24ea8 .functor BUFT 1, C4<000>, C4<0>, C4<0>, C4<0>;
v00000290dac15d40_0 .net *"_ivl_313", 2 0, L_00000290dac24ea8;  1 drivers
L_00000290dac24ef0 .functor BUFT 1, C4<0000000000000000000000000000>, C4<0>, C4<0>, C4<0>;
v00000290dac15de0_0 .net/2u *"_ivl_315", 27 0, L_00000290dac24ef0;  1 drivers
v00000290dac15480_0 .net *"_ivl_321", 0 0, L_00000290dac7ea40;  1 drivers
L_00000290dac24f38 .functor BUFT 1, C4<000000000000000>, C4<0>, C4<0>, C4<0>;
v00000290dac14a80_0 .net/2u *"_ivl_322", 14 0, L_00000290dac24f38;  1 drivers
v00000290dac14c60_0 .net *"_ivl_325", 11 0, L_00000290dac7e9a0;  1 drivers
L_00000290dac24f80 .functor BUFT 1, C4<0>, C4<0>, C4<0>, C4<0>;
v00000290dac14d00_0 .net/2u *"_ivl_326", 0 0, L_00000290dac24f80;  1 drivers
v00000290dac155c0_0 .net *"_ivl_328", 27 0, L_00000290dac7fa80;  1 drivers
L_00000290dac24fc8 .functor BUFT 1, C4<0000000000000000000000000000>, C4<0>, C4<0>, C4<0>;
v00000290dac15e80_0 .net/2u *"_ivl_330", 27 0, L_00000290dac24fc8;  1 drivers
v00000290dac141c0_0 .net *"_ivl_335", 0 0, L_00000290dac7f080;  1 drivers
v00000290dac143a0_0 .net *"_ivl_338", 0 0, L_00000290dac7fee0;  1 drivers
v00000290dac15660_0 .net *"_ivl_341", 27 0, L_00000290dac7f800;  1 drivers
v00000290dac14260_0 .net *"_ivl_346", 0 0, L_00000290dac7f940;  1 drivers
v00000290dac14440_0 .net *"_ivl_349", 0 0, L_00000290dac7f9e0;  1 drivers
v00000290dac15980_0 .net *"_ivl_35", 0 0, L_00000290dac22520;  1 drivers
v00000290dac146c0_0 .net *"_ivl_352", 27 0, L_00000290dac7f620;  1 drivers
v00000290dac14760_0 .net *"_ivl_357", 0 0, L_00000290dac7ff80;  1 drivers
v00000290dac15ac0_0 .net *"_ivl_360", 0 0, L_00000290dac7fb20;  1 drivers
v00000290dac14800_0 .net *"_ivl_363", 27 0, L_00000290dac7ee00;  1 drivers
v00000290dac148a0_0 .net *"_ivl_368", 0 0, L_00000290dac80020;  1 drivers
v00000290dac14940_0 .net *"_ivl_37", 27 0, L_00000290dac22700;  1 drivers
v00000290dac14b20_0 .net *"_ivl_371", 0 0, L_00000290dac7eae0;  1 drivers
v00000290dac14da0_0 .net *"_ivl_374", 27 0, L_00000290dac7eb80;  1 drivers
v00000290dac17b70_0 .net *"_ivl_379", 0 0, L_00000290dac7fbc0;  1 drivers
v00000290dac16590_0 .net *"_ivl_382", 0 0, L_00000290dac7ec20;  1 drivers
v00000290dac17cb0_0 .net *"_ivl_385", 27 0, L_00000290dac7f4e0;  1 drivers
v00000290dac177b0_0 .net *"_ivl_39", 25 0, L_00000290dac225c0;  1 drivers
v00000290dac17df0_0 .net *"_ivl_390", 0 0, L_00000290dac7eea0;  1 drivers
v00000290dac16d10_0 .net *"_ivl_393", 0 0, L_00000290dac7ef40;  1 drivers
v00000290dac168b0_0 .net *"_ivl_396", 27 0, L_00000290dac7f260;  1 drivers
L_00000290dac24248 .functor BUFT 1, C4<00000000>, C4<0>, C4<0>, C4<0>;
v00000290dac16f90_0 .net/2u *"_ivl_4", 7 0, L_00000290dac24248;  1 drivers
v00000290dac16270_0 .net *"_ivl_401", 0 0, L_00000290dac84630;  1 drivers
v00000290dac161d0_0 .net *"_ivl_404", 0 0, L_00000290dac85710;  1 drivers
v00000290dac17670_0 .net *"_ivl_407", 27 0, L_00000290dac85fd0;  1 drivers
L_00000290dac24368 .functor BUFT 1, C4<00>, C4<0>, C4<0>, C4<0>;
v00000290dac16310_0 .net *"_ivl_41", 1 0, L_00000290dac24368;  1 drivers
v00000290dac16bd0_0 .net *"_ivl_412", 0 0, L_00000290dac85490;  1 drivers
v00000290dac169f0_0 .net *"_ivl_415", 0 0, L_00000290dac85a30;  1 drivers
v00000290dac17710_0 .net *"_ivl_418", 27 0, L_00000290dac86250;  1 drivers
v00000290dac166d0_0 .net *"_ivl_425", 0 0, L_00000290dac852b0;  1 drivers
L_00000290dac25010 .functor BUFT 1, C4<111111111111>, C4<0>, C4<0>, C4<0>;
v00000290dac17490_0 .net/2u *"_ivl_426", 11 0, L_00000290dac25010;  1 drivers
v00000290dac16db0_0 .net *"_ivl_429", 11 0, L_00000290dac862f0;  1 drivers
L_00000290dac243b0 .functor BUFT 1, C4<0000000000000000000000000000>, C4<0>, C4<0>, C4<0>;
v00000290dac172b0_0 .net/2u *"_ivl_43", 27 0, L_00000290dac243b0;  1 drivers
v00000290dac163b0_0 .net *"_ivl_49", 0 0, L_00000290dac22840;  1 drivers
v00000290dac17e90_0 .net *"_ivl_51", 27 0, L_00000290dac22a20;  1 drivers
v00000290dac17350_0 .net *"_ivl_53", 24 0, L_00000290dac228e0;  1 drivers
L_00000290dac243f8 .functor BUFT 1, C4<000>, C4<0>, C4<0>, C4<0>;
v00000290dac16a90_0 .net *"_ivl_55", 2 0, L_00000290dac243f8;  1 drivers
L_00000290dac24440 .functor BUFT 1, C4<0000000000000000000000000000>, C4<0>, C4<0>, C4<0>;
v00000290dac16810_0 .net/2u *"_ivl_57", 27 0, L_00000290dac24440;  1 drivers
v00000290dac16c70_0 .net *"_ivl_63", 0 0, L_00000290dac7d000;  1 drivers
v00000290dac17170_0 .net *"_ivl_65", 27 0, L_00000290dac7d500;  1 drivers
v00000290dac17c10_0 .net *"_ivl_67", 26 0, L_00000290dac7e400;  1 drivers
L_00000290dac24488 .functor BUFT 1, C4<0>, C4<0>, C4<0>, C4<0>;
v00000290dac164f0_0 .net *"_ivl_69", 0 0, L_00000290dac24488;  1 drivers
v00000290dac17850_0 .net *"_ivl_7", 3 0, L_00000290dac23f60;  1 drivers
L_00000290dac244d0 .functor BUFT 1, C4<0000000000000000000000000000>, C4<0>, C4<0>, C4<0>;
v00000290dac17fd0_0 .net/2u *"_ivl_71", 27 0, L_00000290dac244d0;  1 drivers
v00000290dac173f0_0 .net *"_ivl_77", 0 0, L_00000290dac7cce0;  1 drivers
v00000290dac17030_0 .net *"_ivl_79", 27 0, L_00000290dac7c920;  1 drivers
v00000290dac17530_0 .net *"_ivl_81", 25 0, L_00000290dac7dd20;  1 drivers
L_00000290dac24518 .functor BUFT 1, C4<00>, C4<0>, C4<0>, C4<0>;
v00000290dac178f0_0 .net *"_ivl_83", 1 0, L_00000290dac24518;  1 drivers
L_00000290dac24560 .functor BUFT 1, C4<0000000000000000000000000000>, C4<0>, C4<0>, C4<0>;
v00000290dac17990_0 .net/2u *"_ivl_85", 27 0, L_00000290dac24560;  1 drivers
v00000290dac17d50_0 .net *"_ivl_91", 0 0, L_00000290dac7e540;  1 drivers
v00000290dac17210_0 .net *"_ivl_93", 27 0, L_00000290dac7cc40;  1 drivers
v00000290dac170d0_0 .net *"_ivl_95", 24 0, L_00000290dac7c6a0;  1 drivers
L_00000290dac245a8 .functor BUFT 1, C4<000>, C4<0>, C4<0>, C4<0>;
v00000290dac17f30_0 .net *"_ivl_97", 2 0, L_00000290dac245a8;  1 drivers
L_00000290dac245f0 .functor BUFT 1, C4<0000000000000000000000000000>, C4<0>, C4<0>, C4<0>;
v00000290dac17a30_0 .net/2u *"_ivl_99", 27 0, L_00000290dac245f0;  1 drivers
v00000290dac17ad0_0 .net "bayerId", 3 0, v00000290dac19900_0;  1 drivers
v00000290dac16e50_0 .net "bluGain", 7 0, v00000290dac23ec0_0;  alias, 1 drivers
v00000290dac16130 .array "bluGainData", 0 7;
v00000290dac16130_0 .net v00000290dac16130 0, 27 0, L_00000290dac7f580; 1 drivers
v00000290dac16130_1 .net v00000290dac16130 1, 27 0, L_00000290dac7f1c0; 1 drivers
v00000290dac16130_2 .net v00000290dac16130 2, 27 0, L_00000290dac7fda0; 1 drivers
v00000290dac16130_3 .net v00000290dac16130 3, 27 0, L_00000290dac7f6c0; 1 drivers
v00000290dac16130_4 .net v00000290dac16130 4, 27 0, L_00000290dac7c560; 1 drivers
v00000290dac16130_5 .net v00000290dac16130 5, 27 0, L_00000290dac7e0e0; 1 drivers
v00000290dac16130_6 .net v00000290dac16130 6, 27 0, L_00000290dac7df00; 1 drivers
v00000290dac16130_7 .net v00000290dac16130 7, 27 0, L_00000290dac7c240; 1 drivers
v00000290dac175d0_0 .net "clk", 0 0, v00000290dac23420_0;  alias, 1 drivers
v00000290dac16450_0 .net "dataEn", 0 0, L_00000290da857b90;  alias, 1 drivers
v00000290dac16b30_0 .net "expandData", 31 0, L_00000290dac23c40;  1 drivers
v00000290dac16630_0 .net "greGain", 7 0, v00000290dac22de0_0;  alias, 1 drivers
v00000290dac16770 .array "greGainData", 0 7;
v00000290dac16770_0 .net v00000290dac16770 0, 27 0, L_00000290dac7db40; 1 drivers
v00000290dac16770_1 .net v00000290dac16770 1, 27 0, L_00000290dac7c7e0; 1 drivers
v00000290dac16770_2 .net v00000290dac16770 2, 27 0, L_00000290dac7dfa0; 1 drivers
v00000290dac16770_3 .net v00000290dac16770 3, 27 0, L_00000290dac7de60; 1 drivers
v00000290dac16770_4 .net v00000290dac16770 4, 27 0, L_00000290dac7c740; 1 drivers
v00000290dac16770_5 .net v00000290dac16770 5, 27 0, L_00000290dac7da00; 1 drivers
v00000290dac16770_6 .net v00000290dac16770 6, 27 0, L_00000290dac7d820; 1 drivers
v00000290dac16770_7 .net v00000290dac16770 7, 27 0, L_00000290dac7cd80; 1 drivers
v00000290dac16950_0 .net "input_value0", 27 0, L_00000290dac85b70;  1 drivers
v00000290dac16ef0_0 .net "input_value1", 27 0, L_00000290dac841d0;  1 drivers
v00000290dac18b40_0 .net "input_value2", 27 0, L_00000290dac85f30;  1 drivers
v00000290dac18320_0 .net "input_value3", 27 0, L_00000290dac7f120;  1 drivers
v00000290dac19040_0 .net "input_value4", 27 0, L_00000290dac7f440;  1 drivers
v00000290dac18c80_0 .net "input_value5", 27 0, L_00000290dac7ed60;  1 drivers
v00000290dac19cc0_0 .net "input_value6", 27 0, L_00000290dac7efe0;  1 drivers
v00000290dac18280_0 .net "input_value7", 27 0, L_00000290dac7f8a0;  1 drivers
v00000290dac190e0_0 .net "outEn", 0 0, L_00000290dac86890;  alias, 1 drivers
v00000290dac19ea0_0 .net "postGainData", 11 0, L_00000290dac85030;  1 drivers
v00000290dac19180_0 .net "redGain", 7 0, v00000290dac22160_0;  alias, 1 drivers
v00000290dac18820 .array "redGainData", 0 7;
v00000290dac18820_0 .net v00000290dac18820 0, 27 0, L_00000290dac7e860; 1 drivers
v00000290dac18820_1 .net v00000290dac18820 1, 27 0, L_00000290dac7cba0; 1 drivers
v00000290dac18820_2 .net v00000290dac18820 2, 27 0, L_00000290dac7d1e0; 1 drivers
v00000290dac18820_3 .net v00000290dac18820 3, 27 0, L_00000290dac7c2e0; 1 drivers
v00000290dac18820_4 .net v00000290dac18820 4, 27 0, L_00000290dac22fc0; 1 drivers
v00000290dac18820_5 .net v00000290dac18820 5, 27 0, L_00000290dac227a0; 1 drivers
v00000290dac18820_6 .net v00000290dac18820 6, 27 0, L_00000290dac22980; 1 drivers
v00000290dac18820_7 .net v00000290dac18820 7, 27 0, L_00000290dac22d40; 1 drivers
v00000290dac18960_0 .net "rst_n", 0 0, v00000290dac23880_0;  alias, 1 drivers
v00000290dac19220_0 .var "shift_reg", 2 0;
v00000290dac19b80_0 .var "step0_bayerSt", 3 0;
v00000290dac18500_0 .var "step0_value0", 27 0;
v00000290dac197c0_0 .var "step0_value1", 27 0;
v00000290dac19fe0_0 .var "step0_value2", 27 0;
v00000290dac192c0_0 .var "step0_value3", 27 0;
v00000290dac19360_0 .var "step1_bayerSt", 3 0;
v00000290dac19400_0 .var "step1_value0", 27 0;
v00000290dac19720_0 .var "step1_value1", 27 0;
v00000290dac19900_0 .var "step2_bayerSt", 3 0;
v00000290dac19c20_0 .var "step2_value0", 27 0;
E_00000290da86e820/0 .event negedge, v00000290dac18960_0;
E_00000290da86e820/1 .event posedge, v00000290dac175d0_0;
E_00000290da86e820 .event/or E_00000290da86e820/0, E_00000290da86e820/1;
L_00000290dac22660 .part v00000290dac18780_0, 4, 12;
L_00000290dac23f60 .part v00000290dac18780_0, 0, 4;
L_00000290dac23c40 .concat [ 4 8 12 8], L_00000290dac23f60, L_00000290dac24248, L_00000290dac22660, L_00000290dac24200;
L_00000290dac23d80 .part v00000290dac22160_0, 7, 1;
L_00000290dac24000 .part L_00000290dac23c40, 4, 28;
L_00000290dac22d40 .functor MUXZ 28, L_00000290dac24290, L_00000290dac24000, L_00000290dac23d80, C4<>;
L_00000290dac232e0 .part v00000290dac22160_0, 6, 1;
L_00000290dac223e0 .part L_00000290dac22d40, 1, 27;
L_00000290dac22480 .concat [ 27 1 0 0], L_00000290dac223e0, L_00000290dac242d8;
L_00000290dac22980 .functor MUXZ 28, L_00000290dac24320, L_00000290dac22480, L_00000290dac232e0, C4<>;
L_00000290dac22520 .part v00000290dac22160_0, 5, 1;
L_00000290dac225c0 .part L_00000290dac22d40, 2, 26;
L_00000290dac22700 .concat [ 26 2 0 0], L_00000290dac225c0, L_00000290dac24368;
L_00000290dac227a0 .functor MUXZ 28, L_00000290dac243b0, L_00000290dac22700, L_00000290dac22520, C4<>;
L_00000290dac22840 .part v00000290dac22160_0, 4, 1;
L_00000290dac228e0 .part L_00000290dac22d40, 3, 25;
L_00000290dac22a20 .concat [ 25 3 0 0], L_00000290dac228e0, L_00000290dac243f8;
L_00000290dac22fc0 .functor MUXZ 28, L_00000290dac24440, L_00000290dac22a20, L_00000290dac22840, C4<>;
L_00000290dac7d000 .part v00000290dac22160_0, 3, 1;
L_00000290dac7e400 .part L_00000290dac22fc0, 1, 27;
L_00000290dac7d500 .concat [ 27 1 0 0], L_00000290dac7e400, L_00000290dac24488;
L_00000290dac7c2e0 .functor MUXZ 28, L_00000290dac244d0, L_00000290dac7d500, L_00000290dac7d000, C4<>;
L_00000290dac7cce0 .part v00000290dac22160_0, 2, 1;
L_00000290dac7dd20 .part L_00000290dac22fc0, 2, 26;
L_00000290dac7c920 .concat [ 26 2 0 0], L_00000290dac7dd20, L_00000290dac24518;
L_00000290dac7d1e0 .functor MUXZ 28, L_00000290dac24560, L_00000290dac7c920, L_00000290dac7cce0, C4<>;
L_00000290dac7e540 .part v00000290dac22160_0, 1, 1;
L_00000290dac7c6a0 .part L_00000290dac22fc0, 3, 25;
L_00000290dac7cc40 .concat [ 25 3 0 0], L_00000290dac7c6a0, L_00000290dac245a8;
L_00000290dac7cba0 .functor MUXZ 28, L_00000290dac245f0, L_00000290dac7cc40, L_00000290dac7e540, C4<>;
L_00000290dac7e180 .part v00000290dac22160_0, 0, 1;
L_00000290dac7cf60 .part v00000290dac18780_0, 4, 12;
L_00000290dac7e680 .concat [ 1 12 15 0], L_00000290dac24680, L_00000290dac7cf60, L_00000290dac24638;
L_00000290dac7e860 .functor MUXZ 28, L_00000290dac246c8, L_00000290dac7e680, L_00000290dac7e180, C4<>;
L_00000290dac7e360 .part v00000290dac22de0_0, 7, 1;
L_00000290dac7ddc0 .part L_00000290dac23c40, 4, 28;
L_00000290dac7cd80 .functor MUXZ 28, L_00000290dac24710, L_00000290dac7ddc0, L_00000290dac7e360, C4<>;
L_00000290dac7e220 .part v00000290dac22de0_0, 6, 1;
L_00000290dac7d0a0 .part L_00000290dac7cd80, 1, 27;
L_00000290dac7d960 .concat [ 27 1 0 0], L_00000290dac7d0a0, L_00000290dac24758;
L_00000290dac7d820 .functor MUXZ 28, L_00000290dac247a0, L_00000290dac7d960, L_00000290dac7e220, C4<>;
L_00000290dac7cec0 .part v00000290dac22de0_0, 5, 1;
L_00000290dac7d8c0 .part L_00000290dac7cd80, 2, 26;
L_00000290dac7e5e0 .concat [ 26 2 0 0], L_00000290dac7d8c0, L_00000290dac247e8;
L_00000290dac7da00 .functor MUXZ 28, L_00000290dac24830, L_00000290dac7e5e0, L_00000290dac7cec0, C4<>;
L_00000290dac7ca60 .part v00000290dac22de0_0, 4, 1;
L_00000290dac7d320 .part L_00000290dac7cd80, 3, 25;
L_00000290dac7d6e0 .concat [ 25 3 0 0], L_00000290dac7d320, L_00000290dac24878;
L_00000290dac7c740 .functor MUXZ 28, L_00000290dac248c0, L_00000290dac7d6e0, L_00000290dac7ca60, C4<>;
L_00000290dac7e900 .part v00000290dac22de0_0, 3, 1;
L_00000290dac7c1a0 .part L_00000290dac7c740, 1, 27;
L_00000290dac7d5a0 .concat [ 27 1 0 0], L_00000290dac7c1a0, L_00000290dac24908;
L_00000290dac7de60 .functor MUXZ 28, L_00000290dac24950, L_00000290dac7d5a0, L_00000290dac7e900, C4<>;
L_00000290dac7e4a0 .part v00000290dac22de0_0, 2, 1;
L_00000290dac7d780 .part L_00000290dac7c740, 2, 26;
L_00000290dac7d640 .concat [ 26 2 0 0], L_00000290dac7d780, L_00000290dac24998;
L_00000290dac7dfa0 .functor MUXZ 28, L_00000290dac249e0, L_00000290dac7d640, L_00000290dac7e4a0, C4<>;
L_00000290dac7d3c0 .part v00000290dac22de0_0, 1, 1;
L_00000290dac7daa0 .part L_00000290dac7c740, 3, 25;
L_00000290dac7d280 .concat [ 25 3 0 0], L_00000290dac7daa0, L_00000290dac24a28;
L_00000290dac7c7e0 .functor MUXZ 28, L_00000290dac24a70, L_00000290dac7d280, L_00000290dac7d3c0, C4<>;
L_00000290dac7c880 .part v00000290dac22de0_0, 0, 1;
L_00000290dac7d460 .part v00000290dac18780_0, 4, 12;
L_00000290dac7e720 .concat [ 1 12 15 0], L_00000290dac24b00, L_00000290dac7d460, L_00000290dac24ab8;
L_00000290dac7db40 .functor MUXZ 28, L_00000290dac24b48, L_00000290dac7e720, L_00000290dac7c880, C4<>;
L_00000290dac7dbe0 .part v00000290dac23ec0_0, 7, 1;
L_00000290dac7e7c0 .part L_00000290dac23c40, 4, 28;
L_00000290dac7c240 .functor MUXZ 28, L_00000290dac24b90, L_00000290dac7e7c0, L_00000290dac7dbe0, C4<>;
L_00000290dac7c4c0 .part v00000290dac23ec0_0, 6, 1;
L_00000290dac7dc80 .part L_00000290dac7c240, 1, 27;
L_00000290dac7d140 .concat [ 27 1 0 0], L_00000290dac7dc80, L_00000290dac24bd8;
L_00000290dac7df00 .functor MUXZ 28, L_00000290dac24c20, L_00000290dac7d140, L_00000290dac7c4c0, C4<>;
L_00000290dac7e040 .part v00000290dac23ec0_0, 5, 1;
L_00000290dac7c600 .part L_00000290dac7c240, 2, 26;
L_00000290dac7c9c0 .concat [ 26 2 0 0], L_00000290dac7c600, L_00000290dac24c68;
L_00000290dac7e0e0 .functor MUXZ 28, L_00000290dac24cb0, L_00000290dac7c9c0, L_00000290dac7e040, C4<>;
L_00000290dac7e2c0 .part v00000290dac23ec0_0, 4, 1;
L_00000290dac7c380 .part L_00000290dac7c240, 3, 25;
L_00000290dac7c420 .concat [ 25 3 0 0], L_00000290dac7c380, L_00000290dac24cf8;
L_00000290dac7c560 .functor MUXZ 28, L_00000290dac24d40, L_00000290dac7c420, L_00000290dac7e2c0, C4<>;
L_00000290dac7cb00 .part v00000290dac23ec0_0, 3, 1;
L_00000290dac7ce20 .part L_00000290dac7c560, 1, 27;
L_00000290dac7fc60 .concat [ 27 1 0 0], L_00000290dac7ce20, L_00000290dac24d88;
L_00000290dac7f6c0 .functor MUXZ 28, L_00000290dac24dd0, L_00000290dac7fc60, L_00000290dac7cb00, C4<>;
L_00000290dac7f300 .part v00000290dac23ec0_0, 2, 1;
L_00000290dac7fd00 .part L_00000290dac7c560, 2, 26;
L_00000290dac7f760 .concat [ 26 2 0 0], L_00000290dac7fd00, L_00000290dac24e18;
L_00000290dac7fda0 .functor MUXZ 28, L_00000290dac24e60, L_00000290dac7f760, L_00000290dac7f300, C4<>;
L_00000290dac7fe40 .part v00000290dac23ec0_0, 1, 1;
L_00000290dac7f3a0 .part L_00000290dac7c560, 3, 25;
L_00000290dac7ecc0 .concat [ 25 3 0 0], L_00000290dac7f3a0, L_00000290dac24ea8;
L_00000290dac7f1c0 .functor MUXZ 28, L_00000290dac24ef0, L_00000290dac7ecc0, L_00000290dac7fe40, C4<>;
L_00000290dac7ea40 .part v00000290dac23ec0_0, 0, 1;
L_00000290dac7e9a0 .part v00000290dac18780_0, 4, 12;
L_00000290dac7fa80 .concat [ 1 12 15 0], L_00000290dac24f80, L_00000290dac7e9a0, L_00000290dac24f38;
L_00000290dac7f580 .functor MUXZ 28, L_00000290dac24fc8, L_00000290dac7fa80, L_00000290dac7ea40, C4<>;
L_00000290dac7f080 .part L_00000290dac23c40, 1, 1;
L_00000290dac7fee0 .part L_00000290dac23c40, 2, 1;
L_00000290dac7f800 .functor MUXZ 28, L_00000290dac7cd80, L_00000290dac22d40, L_00000290dac7fee0, C4<>;
L_00000290dac7f8a0 .functor MUXZ 28, L_00000290dac7f800, L_00000290dac7c240, L_00000290dac7f080, C4<>;
L_00000290dac7f940 .part L_00000290dac23c40, 1, 1;
L_00000290dac7f9e0 .part L_00000290dac23c40, 2, 1;
L_00000290dac7f620 .functor MUXZ 28, L_00000290dac7d820, L_00000290dac22980, L_00000290dac7f9e0, C4<>;
L_00000290dac7efe0 .functor MUXZ 28, L_00000290dac7f620, L_00000290dac7df00, L_00000290dac7f940, C4<>;
L_00000290dac7ff80 .part L_00000290dac23c40, 1, 1;
L_00000290dac7fb20 .part L_00000290dac23c40, 2, 1;
L_00000290dac7ee00 .functor MUXZ 28, L_00000290dac7da00, L_00000290dac227a0, L_00000290dac7fb20, C4<>;
L_00000290dac7ed60 .functor MUXZ 28, L_00000290dac7ee00, L_00000290dac7e0e0, L_00000290dac7ff80, C4<>;
L_00000290dac80020 .part L_00000290dac23c40, 1, 1;
L_00000290dac7eae0 .part L_00000290dac23c40, 2, 1;
L_00000290dac7eb80 .functor MUXZ 28, L_00000290dac7c740, L_00000290dac22fc0, L_00000290dac7eae0, C4<>;
L_00000290dac7f440 .functor MUXZ 28, L_00000290dac7eb80, L_00000290dac7c560, L_00000290dac80020, C4<>;
L_00000290dac7fbc0 .part L_00000290dac23c40, 1, 1;
L_00000290dac7ec20 .part L_00000290dac23c40, 2, 1;
L_00000290dac7f4e0 .functor MUXZ 28, L_00000290dac7de60, L_00000290dac7c2e0, L_00000290dac7ec20, C4<>;
L_00000290dac7f120 .functor MUXZ 28, L_00000290dac7f4e0, L_00000290dac7f6c0, L_00000290dac7fbc0, C4<>;
L_00000290dac7eea0 .part L_00000290dac23c40, 1, 1;
L_00000290dac7ef40 .part L_00000290dac23c40, 2, 1;
L_00000290dac7f260 .functor MUXZ 28, L_00000290dac7dfa0, L_00000290dac7d1e0, L_00000290dac7ef40, C4<>;
L_00000290dac85f30 .functor MUXZ 28, L_00000290dac7f260, L_00000290dac7fda0, L_00000290dac7eea0, C4<>;
L_00000290dac84630 .part L_00000290dac23c40, 1, 1;
L_00000290dac85710 .part L_00000290dac23c40, 2, 1;
L_00000290dac85fd0 .functor MUXZ 28, L_00000290dac7c7e0, L_00000290dac7cba0, L_00000290dac85710, C4<>;
L_00000290dac841d0 .functor MUXZ 28, L_00000290dac85fd0, L_00000290dac7f1c0, L_00000290dac84630, C4<>;
L_00000290dac85490 .part L_00000290dac23c40, 1, 1;
L_00000290dac85a30 .part L_00000290dac23c40, 2, 1;
L_00000290dac86250 .functor MUXZ 28, L_00000290dac7db40, L_00000290dac7e860, L_00000290dac85a30, C4<>;
L_00000290dac85b70 .functor MUXZ 28, L_00000290dac86250, L_00000290dac7f580, L_00000290dac85490, C4<>;
L_00000290dac86890 .part v00000290dac19220_0, 2, 1;
L_00000290dac852b0 .part v00000290dac19c20_0, 24, 1;
L_00000290dac862f0 .part v00000290dac19c20_0, 12, 12;
L_00000290dac85030 .functor MUXZ 12, L_00000290dac862f0, L_00000290dac25010, L_00000290dac852b0, C4<>;
L_00000290dac85c10 .concat [ 4 12 0 0], v00000290dac19900_0, L_00000290dac85030;
    .scope S_00000290da82b970;
T_0 ;
    %wait E_00000290da86e820;
    %load/vec4 v00000290dac18960_0;
    %nor/r;
    %flag_set/vec4 8;
    %jmp/0xz  T_0.0, 8;
    %pushi/vec4 0, 0, 28;
    %assign/vec4 v00000290dac18500_0, 0;
    %pushi/vec4 0, 0, 28;
    %assign/vec4 v00000290dac197c0_0, 0;
    %pushi/vec4 0, 0, 28;
    %assign/vec4 v00000290dac19fe0_0, 0;
    %pushi/vec4 0, 0, 28;
    %assign/vec4 v00000290dac192c0_0, 0;
    %pushi/vec4 0, 0, 4;
    %assign/vec4 v00000290dac19b80_0, 0;
    %jmp T_0.1;
T_0.0 ;
    %load/vec4 v00000290dac16450_0;
    %flag_set/vec4 8;
    %jmp/0xz  T_0.2, 8;
    %load/vec4 v00000290dac16950_0;
    %load/vec4 v00000290dac16ef0_0;
    %add;
    %assign/vec4 v00000290dac18500_0, 0;
    %load/vec4 v00000290dac18b40_0;
    %load/vec4 v00000290dac18320_0;
    %add;
    %assign/vec4 v00000290dac197c0_0, 0;
    %load/vec4 v00000290dac19040_0;
    %load/vec4 v00000290dac18c80_0;
    %add;
    %assign/vec4 v00000290dac19fe0_0, 0;
    %load/vec4 v00000290dac19cc0_0;
    %load/vec4 v00000290dac18280_0;
    %add;
    %assign/vec4 v00000290dac192c0_0, 0;
    %load/vec4 v00000290dac16b30_0;
    %parti/s 4, 0, 2;
    %assign/vec4 v00000290dac19b80_0, 0;
T_0.2 ;
T_0.1 ;
    %jmp T_0;
    .thread T_0;
    .scope S_00000290da82b970;
T_1 ;
    %wait E_00000290da86e820;
    %load/vec4 v00000290dac18960_0;
    %nor/r;
    %flag_set/vec4 8;
    %jmp/0xz  T_1.0, 8;
    %pushi/vec4 0, 0, 28;
    %assign/vec4 v00000290dac19400_0, 0;
    %pushi/vec4 0, 0, 28;
    %assign/vec4 v00000290dac19720_0, 0;
    %pushi/vec4 0, 0, 4;
    %assign/vec4 v00000290dac19360_0, 0;
    %jmp T_1.1;
T_1.0 ;
    %load/vec4 v00000290dac18500_0;
    %load/vec4 v00000290dac197c0_0;
    %add;
    %assign/vec4 v00000290dac19400_0, 0;
    %load/vec4 v00000290dac19fe0_0;
    %load/vec4 v00000290dac192c0_0;
    %add;
    %assign/vec4 v00000290dac19720_0, 0;
    %load/vec4 v00000290dac19b80_0;
    %assign/vec4 v00000290dac19360_0, 0;
T_1.1 ;
    %jmp T_1;
    .thread T_1;
    .scope S_00000290da82b970;
T_2 ;
    %wait E_00000290da86e820;
    %load/vec4 v00000290dac18960_0;
    %nor/r;
    %flag_set/vec4 8;
    %jmp/0xz  T_2.0, 8;
    %pushi/vec4 0, 0, 28;
    %assign/vec4 v00000290dac19c20_0, 0;
    %pushi/vec4 0, 0, 4;
    %assign/vec4 v00000290dac19900_0, 0;
    %jmp T_2.1;
T_2.0 ;
    %load/vec4 v00000290dac19400_0;
    %load/vec4 v00000290dac19720_0;
    %add;
    %assign/vec4 v00000290dac19c20_0, 0;
    %load/vec4 v00000290dac19360_0;
    %assign/vec4 v00000290dac19900_0, 0;
T_2.1 ;
    %jmp T_2;
    .thread T_2;
    .scope S_00000290da82b970;
T_3 ;
    %wait E_00000290da86e820;
    %load/vec4 v00000290dac18960_0;
    %nor/r;
    %flag_set/vec4 8;
    %jmp/0xz  T_3.0, 8;
    %pushi/vec4 0, 0, 3;
    %assign/vec4 v00000290dac19220_0, 0;
    %jmp T_3.1;
T_3.0 ;
    %load/vec4 v00000290dac19220_0;
    %parti/s 2, 0, 2;
    %load/vec4 v00000290dac16450_0;
    %concat/vec4; draw_concat_vec4
    %assign/vec4 v00000290dac19220_0, 0;
T_3.1 ;
    %jmp T_3;
    .thread T_3;
    .scope S_00000290da7d4e60;
T_4 ;
    %wait E_00000290da86e820;
    %load/vec4 v00000290dac18d20_0;
    %flag_set/vec4 8;
    %jmp/0xz  T_4.0, 8;
    %pushi/vec4 0, 0, 4;
    %assign/vec4 v00000290dac19540_0, 0;
    %jmp T_4.1;
T_4.0 ;
    %load/vec4 v00000290dac18f00_0;
    %cmpi/e 0, 0, 12;
    %flag_get/vec4 4;
    %jmp/0 T_4.4, 4;
    %load/vec4 v00000290dac18e60_0;
    %pushi/vec4 0, 0, 12;
    %cmp/e;
    %flag_get/vec4 4;
    %and;
T_4.4;
    %flag_set/vec4 8;
    %jmp/0xz  T_4.2, 8;
    %load/vec4 v00000290dac194a0_0;
    %assign/vec4 v00000290dac19540_0, 0;
    %jmp T_4.3;
T_4.2 ;
    %load/vec4 v00000290dac183c0_0;
    %flag_set/vec4 8;
    %jmp/0xz  T_4.5, 8;
    %load/vec4 v00000290dac19680_0;
    %assign/vec4 v00000290dac19540_0, 0;
T_4.5 ;
T_4.3 ;
T_4.1 ;
    %jmp T_4;
    .thread T_4;
    .scope S_00000290da7d4e60;
T_5 ;
    %wait E_00000290da86da20;
    %load/vec4 v00000290dac19540_0;
    %store/vec4 v00000290dac19680_0, 0, 4;
    %load/vec4 v00000290dac19540_0;
    %load/vec4 v00000290dac19f40_0;
    %concat/vec4; draw_concat_vec4
    %dup/vec4;
    %pushi/vec4 2, 0, 5;
    %cmp/u;
    %jmp/1 T_5.0, 6;
    %dup/vec4;
    %pushi/vec4 4, 0, 5;
    %cmp/u;
    %jmp/1 T_5.1, 6;
    %dup/vec4;
    %pushi/vec4 3, 0, 5;
    %cmp/u;
    %jmp/1 T_5.2, 6;
    %dup/vec4;
    %pushi/vec4 5, 0, 5;
    %cmp/u;
    %jmp/1 T_5.3, 6;
    %dup/vec4;
    %pushi/vec4 8, 0, 5;
    %cmp/u;
    %jmp/1 T_5.4, 6;
    %dup/vec4;
    %pushi/vec4 16, 0, 5;
    %cmp/u;
    %jmp/1 T_5.5, 6;
    %dup/vec4;
    %pushi/vec4 9, 0, 5;
    %cmp/u;
    %jmp/1 T_5.6, 6;
    %dup/vec4;
    %pushi/vec4 17, 0, 5;
    %cmp/u;
    %jmp/1 T_5.7, 6;
    %load/vec4 v00000290dac194a0_0;
    %store/vec4 v00000290dac19680_0, 0, 4;
    %jmp T_5.9;
T_5.0 ;
    %pushi/vec4 2, 0, 4;
    %store/vec4 v00000290dac19680_0, 0, 4;
    %jmp T_5.9;
T_5.1 ;
    %pushi/vec4 1, 0, 4;
    %store/vec4 v00000290dac19680_0, 0, 4;
    %jmp T_5.9;
T_5.2 ;
    %load/vec4 v00000290dac194a0_0;
    %ix/load 4, 2, 0;
    %flag_set/imm 4, 0;
    %shiftl 4;
    %store/vec4 v00000290dac19680_0, 0, 4;
    %jmp T_5.9;
T_5.3 ;
    %load/vec4 v00000290dac194a0_0;
    %ix/load 4, 2, 0;
    %flag_set/imm 4, 0;
    %shiftl 4;
    %store/vec4 v00000290dac19680_0, 0, 4;
    %jmp T_5.9;
T_5.4 ;
    %pushi/vec4 8, 0, 4;
    %store/vec4 v00000290dac19680_0, 0, 4;
    %jmp T_5.9;
T_5.5 ;
    %pushi/vec4 4, 0, 4;
    %store/vec4 v00000290dac19680_0, 0, 4;
    %jmp T_5.9;
T_5.6 ;
    %load/vec4 v00000290dac194a0_0;
    %store/vec4 v00000290dac19680_0, 0, 4;
    %jmp T_5.9;
T_5.7 ;
    %load/vec4 v00000290dac194a0_0;
    %store/vec4 v00000290dac19680_0, 0, 4;
    %jmp T_5.9;
T_5.9 ;
    %pop/vec4 1;
    %jmp T_5;
    .thread T_5, $push;
    .scope S_00000290da7d4e60;
T_6 ;
    %wait E_00000290da86e9a0;
    %load/vec4 v00000290dac183c0_0;
    %assign/vec4 v00000290dac19d60_0, 0;
    %jmp T_6;
    .thread T_6;
    .scope S_00000290da7d4e60;
T_7 ;
    %wait E_00000290da86e820;
    %load/vec4 v00000290dac18d20_0;
    %flag_set/vec4 8;
    %jmp/0xz  T_7.0, 8;
    %pushi/vec4 0, 0, 16;
    %assign/vec4 v00000290dac18780_0, 0;
    %jmp T_7.1;
T_7.0 ;
    %load/vec4 v00000290dac183c0_0;
    %flag_set/vec4 8;
    %jmp/0xz  T_7.2, 8;
    %load/vec4 v00000290dac18aa0_0;
    %parti/s 12, 4, 4;
    %load/vec4 v00000290dac19540_0;
    %concat/vec4; draw_concat_vec4
    %assign/vec4 v00000290dac18780_0, 0;
T_7.2 ;
T_7.1 ;
    %jmp T_7;
    .thread T_7;
    .scope S_00000290da7d4cd0;
T_8 ;
    %pushi/vec4 0, 0, 32;
    %store/vec4 v00000290dac222a0_0, 0, 32;
    %pushi/vec4 255, 0, 32;
    %store/vec4 v00000290dac22ac0_0, 0, 32;
    %pushi/vec4 4095, 0, 32;
    %store/vec4 v00000290dac236a0_0, 0, 32;
    %end;
    .thread T_8;
    .scope S_00000290da7d4cd0;
T_9 ;
    %pushi/vec4 1, 0, 1;
    %store/vec4 v00000290dac23420_0, 0, 1;
    %pushi/vec4 16, 0, 12;
    %store/vec4 v00000290dac23560_0, 0, 12;
    %pushi/vec4 32, 0, 12;
    %store/vec4 v00000290dac23060_0, 0, 12;
    %pushi/vec4 1, 0, 4;
    %store/vec4 v00000290dac23380_0, 0, 4;
    %pushi/vec4 224, 0, 8;
    %store/vec4 v00000290dac22160_0, 0, 8;
    %pushi/vec4 96, 0, 8;
    %store/vec4 v00000290dac22de0_0, 0, 8;
    %pushi/vec4 137, 0, 8;
    %store/vec4 v00000290dac23ec0_0, 0, 8;
T_9.0 ;
    %delay 5, 0;
    %load/vec4 v00000290dac23420_0;
    %inv;
    %store/vec4 v00000290dac23420_0, 0, 1;
    %jmp T_9.0;
    %end;
    .thread T_9;
    .scope S_00000290da7d4cd0;
T_10 ;
    %pushi/vec4 1, 0, 1;
    %store/vec4 v00000290dac23880_0, 0, 1;
    %delay 20, 0;
    %pushi/vec4 0, 0, 1;
    %store/vec4 v00000290dac23880_0, 0, 1;
    %delay 10, 0;
    %pushi/vec4 1, 0, 1;
    %store/vec4 v00000290dac23880_0, 0, 1;
    %end;
    .thread T_10;
    .scope S_00000290da7d4cd0;
T_11 ;
    %pushi/vec4 0, 0, 1;
    %store/vec4 v00000290dac23240_0, 0, 1;
    %pushi/vec4 0, 0, 12;
    %store/vec4 v00000290dac23740_0, 0, 12;
    %delay 100, 0;
T_11.0 ;
    %load/vec4 v00000290dac222a0_0;
    %cmpi/s 20, 0, 32;
    %jmp/0xz T_11.1, 5;
    %delay 20, 0;
    %pushi/vec4 1, 0, 1;
    %store/vec4 v00000290dac23240_0, 0, 1;
    %load/vec4 v00000290dac22ac0_0;
    %vpi_func 2 70 "$random" 32 {0 0 0};
    %load/vec4 v00000290dac236a0_0;
    %load/vec4 v00000290dac22ac0_0;
    %sub;
    %addi 1, 0, 32;
    %mod;
    %add;
    %pad/u 12;
    %store/vec4 v00000290dac23740_0, 0, 12;
    %delay 10, 0;
    %pushi/vec4 0, 0, 1;
    %store/vec4 v00000290dac23240_0, 0, 1;
    %pushi/vec4 0, 0, 12;
    %store/vec4 v00000290dac23740_0, 0, 12;
    %delay 20, 0;
    %load/vec4 v00000290dac222a0_0;
    %addi 1, 0, 32;
    %store/vec4 v00000290dac222a0_0, 0, 32;
    %jmp T_11.0;
T_11.1 ;
    %end;
    .thread T_11;
# The file index is used to find the file name in the following table.
:file_names 5;
    "N/A";
    "<interactive>";
    "cc_tb.v";
    "ISP_pipeline.v";
    "colorCorrection.v";
