============================================================
   Tang Dynasty, V5.6.71036
      Copyright (c) 2012-2023 Anlogic Inc.
   Executable = D:/eg4s20/TD 5.6.2/bin/td.exe
   Built at =   20:34:38 Mar 21 2023
   Run by =     W1030
   Run Date =   Mon May  6 09:39:22 2024

   Run on =     LMZS
============================================================
RUN-1001 : open_run phy_1.
RUN-1002 : start command "import_db C:/Users/W1030/Desktop/m0/td/m0soc_Runs/phy_1/m0soc_pr.db"
RUN-1001 : Importing database generated by Tang Dynasty, V5.6.71036.
RUN-1001 : Database version number 46146.
RUN-1001 : Import flow parameters
PHY-1001 : Generate detailed routing grids ...
PHY-1001 : Generate nets ...
PHY-5010 WARNING: Net PADDR[11] is skipped due to 0 input or output
PHY-5010 WARNING: Net PADDR[10] is skipped due to 0 input or output
PHY-5010 WARNING: Net PADDR[9] is skipped due to 0 input or output
PHY-5010 WARNING: Net PADDR[8] is skipped due to 0 input or output
PHY-5010 WARNING: Net PADDR[7] is skipped due to 0 input or output
PHY-5010 WARNING: Net PADDR[6] is skipped due to 0 input or output
PHY-5010 WARNING: Net PADDR[5] is skipped due to 0 input or output
PHY-5010 WARNING: Net PADDR[4] is skipped due to 0 input or output
PHY-5010 WARNING: Net PADDR[3] is skipped due to 0 input or output
PHY-1001 : net SWCLK_dup_1 will be routed on clock mesh
PHY-1001 : net clk_dup_7 will be routed on clock mesh
PHY-1001 : net clk_148m_vga_dup_1 will be routed on clock mesh
PHY-5010 WARNING: Net sdcard_rd_addr[31] is skipped due to 0 input or output
PHY-5010 Similar messages will be suppressed.
PHY-1001 : net sd_reader/clk will be routed on clock mesh
PHY-1001 : net sdram_top_inst/fifo_ctrl_inst/sys_clk will be routed on clock mesh
PHY-1001 : clock net config_inst_syn_10 will be merged with clock config_inst_syn_9
PHY-1001 : eco open net = 0
PHY-5014 WARNING: Detail route doesn't find pib for clk_gen_inst/pll_inst.fbclk[0]
PHY-1001 : 723 feed throughs used by 422 nets
RUN-1001 : Import timing constraints
RUN-1001 : Import IO constraints
RUN-1001 : Import Inst constraints
RUN-1001 : Import ChipWatcher
RUN-1001 : Import design success TD_VERSION=5.6.71036 , DB_VERSION=46146
RUN-1003 : finish command "import_db C:/Users/W1030/Desktop/m0/td/m0soc_Runs/phy_1/m0soc_pr.db" in  8.798987s wall, 4.984375s user + 0.187500s system = 5.171875s CPU (58.8%)

RUN-1004 : used memory is 859 MB, reserved memory is 849 MB, peak memory is 924 MB
RUN-1002 : start command "config_chipwatcher -sync ahb.cwc -dir "
KIT-1004 : ChipWatcher: import watcher inst auto_chipwatcher_0 completed, there are 4 view nodes, 34 trigger nets, 34 data nets.
GUI-1001 : Import ahb.cwc success!
GUI-8501 ERROR: Bit file code (1010110000110001) does not match with the ChipWatcher's (1011101000011111).
GUI-1001 : User opens ChipWatcher ...
GUI-1001 : User closes ChipWatcher ...
RUN-1001 : Print Global Property
RUN-1001 : ---------------------------------------------------------------
RUN-1001 :        Parameters        |  Settings  |  Default Values  |  Note  
RUN-1001 : ---------------------------------------------------------------
RUN-1001 :          message         |  standard  |     standard     |        
RUN-1001 :   mixed_pack_place_flow  |     on     |        on        |        
RUN-1001 :        qor_monitor       |    off     |       off        |        
RUN-1001 :        syn_ip_flow       |    off     |       off        |        
RUN-1001 :          thread          |    auto    |       auto       |        
RUN-1001 : ---------------------------------------------------------------
RUN-1001 : Print Design Property
RUN-1001 : --------------------------------------------------------------
RUN-1001 :        Parameters       |  Settings  |  Default Values  |  Note  
RUN-1001 : --------------------------------------------------------------
RUN-1001 :   default_reg_initial   |    auto    |       auto       |        
RUN-1001 :        infer_add        |     on     |        on        |        
RUN-1001 :        infer_fsm        |    off     |       off        |        
RUN-1001 :        infer_mult       |     on     |        on        |        
RUN-1001 :        infer_ram        |     on     |        on        |        
RUN-1001 :        infer_reg        |     on     |        on        |        
RUN-1001 :   infer_reg_init_value  |     on     |        on        |        
RUN-1001 :        infer_rom        |     on     |        on        |        
RUN-1001 :      infer_shifter      |     on     |        on        |        
RUN-1001 : --------------------------------------------------------------
RUN-1001 : Print Rtl Property
RUN-1001 : --------------------------------------------------------------
RUN-1001 :        Parameters       |  Settings  |  Default Values  |  Note  
RUN-1001 : --------------------------------------------------------------
RUN-1001 :       compress_add      |   ripple   |      ripple      |        
RUN-1001 :        elf_sload        |    off     |       off        |        
RUN-1001 :       fix_undriven      |     0      |        0         |        
RUN-1001 :         flatten         |    off     |       off        |        
RUN-1001 :       gate_sharing      |     on     |        on        |        
RUN-1001 :    hdl_warning_level    |   normal   |      normal      |        
RUN-1001 :   impl_internal_tribuf  |     on     |        on        |        
RUN-1001 :      impl_set_reset     |     on     |        on        |        
RUN-1001 :        infer_gsr        |    off     |       off        |        
RUN-1001 :      keep_hierarchy     |    auto    |       auto       |        
RUN-1001 :        max_fanout       |    9999    |       9999       |        
RUN-1001 :      max_oh2bin_len     |     10     |        10        |        
RUN-1001 :       merge_equal       |     on     |        on        |        
RUN-1001 :       merge_equiv       |     on     |        on        |        
RUN-1001 :        merge_mux        |    off     |       off        |        
RUN-1001 :     min_control_set     |     8      |        8         |        
RUN-1001 :      min_ripple_len     |    auto    |       auto       |        
RUN-1001 :       oh2bin_ratio      |    0.08    |       0.08       |        
RUN-1001 :     opt_adder_fanout    |     on     |        on        |        
RUN-1001 :        opt_arith        |     on     |        on        |        
RUN-1001 :       opt_big_gate      |    off     |       off        |        
RUN-1001 :        opt_const        |     on     |        on        |        
RUN-1001 :      opt_const_mult     |     on     |        on        |        
RUN-1001 :       opt_lessthan      |     on     |        on        |        
RUN-1001 :         opt_mux         |    off     |       off        |        
RUN-1001 :         opt_ram         |    high    |       high       |        
RUN-1001 :      rtl_sim_model      |    off     |       off        |        
RUN-1001 :         seq_syn         |     on     |        on        |        
RUN-1001 : --------------------------------------------------------------
HDL-1007 : analyze verilog file ../rtl/al_ip/SDRAM.v
HDL-1007 : analyze verilog file ../rtl/al_ip/clk_gen.v
HDL-1007 : undeclared symbol 'open', assumed default net type 'wire' in ../rtl/al_ip/clk_gen.v(86)
HDL-1007 : analyze verilog file ../rtl/al_ip/fifo_data.v
HDL-1007 : analyze verilog file ../rtl/AHBISPSYS/AHBISPSYS.v
HDL-1007 : analyze verilog file ../rtl/AHBISPSYS/conv_mask4.v
HDL-1007 : analyze verilog file ../rtl/AHBISPSYS/conv_mask5.v
HDL-1007 : analyze verilog file ../rtl/AHBISPSYS/conv_mask6.v
HDL-1007 : analyze verilog file ../rtl/AHBISPSYS/demosaic.v
HDL-1007 : undeclared symbol 'out_en', assumed default net type 'wire' in ../rtl/AHBISPSYS/demosaic.v(160)
HDL-1007 : analyze verilog file ../rtl/AHBISPSYS/dual_port_ram_sync.v
HDL-1007 : analyze verilog file ../rtl/AHBISPSYS/fifo.v
HDL-1007 : analyze verilog file ../rtl/AHBISPSYS/gamma.v
HDL-1007 : analyze verilog file ../rtl/AHBISPSYS/gamma_rom.v
HDL-1007 : analyze verilog file ../rtl/AHBISPSYS/slidingWindow_5X5.v
HDL-1007 : analyze verilog file ../rtl/AHBlite_Block_RAM.v
HDL-1007 : analyze verilog file ../rtl/Block_RAM.v
HDL-1007 : analyze verilog file ../rtl/CortexM0_SoC.v
HDL-1007 : undeclared symbol 'clk_200m', assumed default net type 'wire' in ../rtl/CortexM0_SoC.v(94)
HDL-1007 : undeclared symbol 'row', assumed default net type 'wire' in ../rtl/CortexM0_SoC.v(115)
HDL-1007 : analyze verilog file ../rtl/ahb/AHBlite_Decoder.v
HDL-1007 : analyze verilog file ../rtl/ahb/AHBlite_Interconnect.v
HDL-1007 : analyze verilog file ../rtl/ahb/AHBlite_SlaveMUX.v
HDL-1007 : analyze verilog file ../rtl/apb/cmsdk_ahb_to_apb.v
HDL-1007 : analyze verilog file ../rtl/apb/cmsdk_apb_slave_mux.v
HDL-1007 : analyze verilog file ../rtl/apb_gpio/apb_sdcard.v
HDL-1007 : analyze verilog file ../rtl/apb_sdcard/apb_sdcard.v
HDL-1007 : analyze verilog file ../rtl/apb_sdcard/sd_reader.v
HDL-5007 WARNING: redeclaration of ANSI port 'done' is not allowed in ../rtl/apb_sdcard/sd_reader.v(66)
HDL-1007 : analyze verilog file ../rtl/apb_sdcard/sdcmd_ctrl.v
HDL-1007 : analyze verilog file ../rtl/apb_vga/apb_sdcard.v
HDL-1007 : analyze verilog file ../rtl/apb_vga/vga_ctrl.v
HDL-1007 : analyze verilog file ../rtl/cortexm0ds_logic.v
HDL-1007 : analyze verilog file ../rtl/sdram/ctrl/sdram_a_ref.v
HDL-1007 : analyze verilog file ../rtl/sdram/ctrl/sdram_arbit.v
HDL-1007 : analyze verilog file ../rtl/sdram/ctrl/sdram_ctrl.v
HDL-1007 : analyze verilog file ../rtl/sdram/ctrl/sdram_init.v
HDL-1007 : analyze verilog file ../rtl/sdram/ctrl/sdram_read.v
HDL-1007 : analyze verilog file ../rtl/sdram/ctrl/sdram_write.v
HDL-1007 : analyze verilog file ../rtl/sdram/fifo_ctrl.v
HDL-1007 : analyze verilog file ../rtl/sdram/sdram_top.v
RUN-1001 : reset_run syn_1 phy_1.
RUN-1001 : launch_runs syn_1 phy_1  -jobs 6.
RUN-1001 : syn_1: run complete.
RUN-1001 : phy_1: run complete.
RUN-1001 : open_run phy_1.
RUN-1002 : start command "import_db C:/Users/W1030/Desktop/m0/td/m0soc_Runs/phy_1/m0soc_pr.db"
RUN-1001 : Importing database generated by Tang Dynasty, V5.6.71036.
RUN-1001 : Database version number 46146.
RUN-1001 : Import flow parameters
PHY-1001 : Generate detailed routing grids ...
PHY-1001 : Generate nets ...
PHY-5010 WARNING: Net PADDR[11] is skipped due to 0 input or output
PHY-5010 WARNING: Net PADDR[10] is skipped due to 0 input or output
PHY-5010 WARNING: Net PADDR[9] is skipped due to 0 input or output
PHY-5010 WARNING: Net PADDR[8] is skipped due to 0 input or output
PHY-5010 WARNING: Net PADDR[7] is skipped due to 0 input or output
PHY-5010 WARNING: Net PADDR[6] is skipped due to 0 input or output
PHY-5010 WARNING: Net PADDR[5] is skipped due to 0 input or output
PHY-5010 WARNING: Net PADDR[4] is skipped due to 0 input or output
PHY-5010 WARNING: Net PADDR[3] is skipped due to 0 input or output
PHY-1001 : net SWCLK_dup_1 will be routed on clock mesh
PHY-1001 : net clk_dup_7 will be routed on clock mesh
PHY-1001 : net clk_148m_vga_dup_1 will be routed on clock mesh
PHY-5010 WARNING: Net sdcard_rd_addr[31] is skipped due to 0 input or output
PHY-5010 Similar messages will be suppressed.
PHY-1001 : net sd_reader/clk will be routed on clock mesh
PHY-1001 : net sdram_top_inst/fifo_ctrl_inst/sys_clk will be routed on clock mesh
PHY-1001 : clock net config_inst_syn_10 will be merged with clock config_inst_syn_9
PHY-1001 : eco open net = 0
PHY-5014 WARNING: Detail route doesn't find pib for clk_gen_inst/pll_inst.fbclk[0]
PHY-1001 : 723 feed throughs used by 422 nets
RUN-1001 : Import timing constraints
RUN-1001 : Import IO constraints
RUN-1001 : Import Inst constraints
RUN-1001 : Import ChipWatcher
RUN-1001 : Import design success TD_VERSION=5.6.71036 , DB_VERSION=46146
RUN-1003 : finish command "import_db C:/Users/W1030/Desktop/m0/td/m0soc_Runs/phy_1/m0soc_pr.db" in  6.752550s wall, 1.281250s user + 0.171875s system = 1.453125s CPU (21.5%)

RUN-1004 : used memory is 920 MB, reserved memory is 912 MB, peak memory is 982 MB
RUN-1002 : start command "config_chipwatcher -sync ahb.cwc -dir "
KIT-1004 : ChipWatcher: import watcher inst auto_chipwatcher_0 completed, there are 4 view nodes, 34 trigger nets, 34 data nets.
GUI-1001 : Import ahb.cwc success!
GUI-8501 ERROR: Bit file code (1010110000110001) does not match with the ChipWatcher's (1011101000011111).
GUI-1001 : User opens ChipWatcher ...
RUN-1002 : start command "download -bit m0soc_Runs/phy_1/m0soc.bit -mode jtag_burst -spd 7 -cable 0 -total_dev 1 -cur_dev 1"
PRG-2014 : Chip validation success: EAGLE_S20_BG256
RUN-1002 : start command "bit_to_vec -chip EAGLE_S20_BG256 -m jtag_burst -freq 4 -bit m0soc_Runs/phy_1/m0soc.bit"
RUN-1002 : start command "program -cable 0 -mode svf -spd 7 -p"
RUN-1003 : finish command "program -cable 0 -mode svf -spd 7 -p" in  7.474886s wall, 0.078125s user + 0.156250s system = 0.234375s CPU (3.1%)

RUN-1004 : used memory is 936 MB, reserved memory is 926 MB, peak memory is 982 MB
RUN-1003 : finish command "download -bit m0soc_Runs/phy_1/m0soc.bit -mode jtag_burst -spd 7 -cable 0 -total_dev 1 -cur_dev 1" in  7.702758s wall, 0.093750s user + 0.171875s system = 0.265625s CPU (3.4%)

RUN-1004 : used memory is 936 MB, reserved memory is 926 MB, peak memory is 982 MB
GUI-1001 : Downloading succeeded!
KIT-1004 : ChipWatcher: write ctrl reg value: 0000000000000000000000000000000000000000000000000000000000000000000000000000000000000000000000000000000000000000
KIT-1004 : ChipWatcher: write ctrl reg value: 0110111111111111111100000000000000000101110110111111111111111111111111111100000101110000000100000000000001000000
KIT-1004 : ChipWatcher: the value of status register = 110000000000001000
RUN-1002 : start command "rdbk_bram -bram 0X000B -cable 0 -total_dev 1 -cur_dev 1"
KIT-1001 : Read back data from BRAM 0X000B successfully.
RUN-1002 : start command "rdbk_bram -bram 0X002C -cable 0 -total_dev 1 -cur_dev 1"
KIT-1001 : Read back data from BRAM 0X002C successfully.
RUN-1002 : start command "rdbk_bram -bram 0X002D -cable 0 -total_dev 1 -cur_dev 1"
KIT-1001 : Read back data from BRAM 0X002D successfully.
RUN-1002 : start command "rdbk_bram -bram 0X002E -cable 0 -total_dev 1 -cur_dev 1"
KIT-1001 : Read back data from BRAM 0X002E successfully.
SYN-2541 : Attrs-to-init for 4 logic bram(s)
SYN-2541 : Reading sub[0] auto_chipwatcher_0_logicbram_syn_1
SYN-2541 : Reading sub[1] auto_chipwatcher_0_logicbram_syn_11
SYN-2541 : Reading sub[2] auto_chipwatcher_0_logicbram_syn_21
SYN-2541 : Reading sub[3] auto_chipwatcher_0_logicbram_syn_31
KIT-1004 : ChipWatcher: write ctrl reg value: 0110111111111111111100000000000000000101110110111111111111111111111111111100000101110000000100000000000000000000
KIT-1004 : ChipWatcher: write ctrl reg value: 0000000000000000000000000000000000000000000000000000000000000000000000000000000000000000000000000000000000000000
KIT-1004 : ChipWatcher: write ctrl reg value: 0110111111111111111100000000000000000101110110111111111111111111111111111100000101110000000100000000000001000000
KIT-1004 : ChipWatcher: the value of status register = 110000000000001000
RUN-1002 : start command "rdbk_bram -bram 0X000B -cable 0 -total_dev 1 -cur_dev 1"
KIT-1001 : Read back data from BRAM 0X000B successfully.
RUN-1002 : start command "rdbk_bram -bram 0X002C -cable 0 -total_dev 1 -cur_dev 1"
KIT-1001 : Read back data from BRAM 0X002C successfully.
RUN-1002 : start command "rdbk_bram -bram 0X002D -cable 0 -total_dev 1 -cur_dev 1"
KIT-1001 : Read back data from BRAM 0X002D successfully.
RUN-1002 : start command "rdbk_bram -bram 0X002E -cable 0 -total_dev 1 -cur_dev 1"
KIT-1001 : Read back data from BRAM 0X002E successfully.
SYN-2541 : Attrs-to-init for 4 logic bram(s)
SYN-2541 : Reading sub[0] auto_chipwatcher_0_logicbram_syn_1
SYN-2541 : Reading sub[1] auto_chipwatcher_0_logicbram_syn_11
SYN-2541 : Reading sub[2] auto_chipwatcher_0_logicbram_syn_21
SYN-2541 : Reading sub[3] auto_chipwatcher_0_logicbram_syn_31
KIT-1004 : ChipWatcher: write ctrl reg value: 0110111111111111111100000000000000000101110110111111111111111111111111111100000101110000000100000000000000000000
KIT-1004 : ChipWatcher: write ctrl reg value: 0000000000000000000000000000000000000000000000000000000000000000000000000000000000000000000000000000000000000000
KIT-1004 : ChipWatcher: write ctrl reg value: 0110111111111111111100000000000000000101110110111111111111111111111111111100000101110000000100000000000001000000
KIT-1004 : ChipWatcher: the value of status register = 110000000000001000
RUN-1002 : start command "rdbk_bram -bram 0X000B -cable 0 -total_dev 1 -cur_dev 1"
KIT-1001 : Read back data from BRAM 0X000B successfully.
RUN-1002 : start command "rdbk_bram -bram 0X002C -cable 0 -total_dev 1 -cur_dev 1"
KIT-1001 : Read back data from BRAM 0X002C successfully.
RUN-1002 : start command "rdbk_bram -bram 0X002D -cable 0 -total_dev 1 -cur_dev 1"
KIT-1001 : Read back data from BRAM 0X002D successfully.
RUN-1002 : start command "rdbk_bram -bram 0X002E -cable 0 -total_dev 1 -cur_dev 1"
KIT-1001 : Read back data from BRAM 0X002E successfully.
SYN-2541 : Attrs-to-init for 4 logic bram(s)
SYN-2541 : Reading sub[0] auto_chipwatcher_0_logicbram_syn_1
SYN-2541 : Reading sub[1] auto_chipwatcher_0_logicbram_syn_11
SYN-2541 : Reading sub[2] auto_chipwatcher_0_logicbram_syn_21
SYN-2541 : Reading sub[3] auto_chipwatcher_0_logicbram_syn_31
KIT-1004 : ChipWatcher: write ctrl reg value: 0110111111111111111100000000000000000101110110111111111111111111111111111100000101110000000100000000000000000000
KIT-1004 : ChipWatcher: write ctrl reg value: 0000000000000000000000000000000000000000000000000000000000000000000000000000000000000000000000000000000000000000
KIT-1004 : ChipWatcher: write ctrl reg value: 0110111111111111111100000000000000000101110110111111111111111111111111111100000101110000000100000000000001000000
KIT-1004 : ChipWatcher: the value of status register = 110000000000001000
RUN-1002 : start command "rdbk_bram -bram 0X000B -cable 0 -total_dev 1 -cur_dev 1"
KIT-1001 : Read back data from BRAM 0X000B successfully.
RUN-1002 : start command "rdbk_bram -bram 0X002C -cable 0 -total_dev 1 -cur_dev 1"
KIT-1001 : Read back data from BRAM 0X002C successfully.
RUN-1002 : start command "rdbk_bram -bram 0X002D -cable 0 -total_dev 1 -cur_dev 1"
KIT-1001 : Read back data from BRAM 0X002D successfully.
RUN-1002 : start command "rdbk_bram -bram 0X002E -cable 0 -total_dev 1 -cur_dev 1"
KIT-1001 : Read back data from BRAM 0X002E successfully.
SYN-2541 : Attrs-to-init for 4 logic bram(s)
SYN-2541 : Reading sub[0] auto_chipwatcher_0_logicbram_syn_1
SYN-2541 : Reading sub[1] auto_chipwatcher_0_logicbram_syn_11
SYN-2541 : Reading sub[2] auto_chipwatcher_0_logicbram_syn_21
SYN-2541 : Reading sub[3] auto_chipwatcher_0_logicbram_syn_31
KIT-1004 : ChipWatcher: write ctrl reg value: 0110111111111111111100000000000000000101110110111111111111111111111111111100000101110000000100000000000000000000
KIT-1004 : ChipWatcher: write ctrl reg value: 0000000000000000000000000000000000000000000000000000000000000000000000000000000000000000000000000000000000000000
KIT-1004 : ChipWatcher: write ctrl reg value: 0110111111111111111100000000000000000101110110111111111111111111111111111100000101110000000100000000000001000000
KIT-1004 : ChipWatcher: the value of status register = 110000000000001000
RUN-1002 : start command "rdbk_bram -bram 0X000B -cable 0 -total_dev 1 -cur_dev 1"
KIT-1001 : Read back data from BRAM 0X000B successfully.
RUN-1002 : start command "rdbk_bram -bram 0X002C -cable 0 -total_dev 1 -cur_dev 1"
KIT-1001 : Read back data from BRAM 0X002C successfully.
RUN-1002 : start command "rdbk_bram -bram 0X002D -cable 0 -total_dev 1 -cur_dev 1"
KIT-1001 : Read back data from BRAM 0X002D successfully.
RUN-1002 : start command "rdbk_bram -bram 0X002E -cable 0 -total_dev 1 -cur_dev 1"
KIT-1001 : Read back data from BRAM 0X002E successfully.
SYN-2541 : Attrs-to-init for 4 logic bram(s)
SYN-2541 : Reading sub[0] auto_chipwatcher_0_logicbram_syn_1
SYN-2541 : Reading sub[1] auto_chipwatcher_0_logicbram_syn_11
SYN-2541 : Reading sub[2] auto_chipwatcher_0_logicbram_syn_21
SYN-2541 : Reading sub[3] auto_chipwatcher_0_logicbram_syn_31
KIT-1004 : ChipWatcher: write ctrl reg value: 0110111111111111111100000000000000000101110110111111111111111111111111111100000101110000000100000000000000000000
KIT-1004 : ChipWatcher: write ctrl reg value: 0000000000000000000000000000000000000000000000000000000000000000000000000000000000000000000000000000000000000000
KIT-1004 : ChipWatcher: write ctrl reg value: 0110111111111111111100000000000000000101110110111111111111111111111111111100000101110000000100000000000001000000
KIT-1004 : ChipWatcher: the value of status register = 110000000000001000
RUN-1002 : start command "rdbk_bram -bram 0X000B -cable 0 -total_dev 1 -cur_dev 1"
KIT-1001 : Read back data from BRAM 0X000B successfully.
RUN-1002 : start command "rdbk_bram -bram 0X002C -cable 0 -total_dev 1 -cur_dev 1"
KIT-1001 : Read back data from BRAM 0X002C successfully.
RUN-1002 : start command "rdbk_bram -bram 0X002D -cable 0 -total_dev 1 -cur_dev 1"
KIT-1001 : Read back data from BRAM 0X002D successfully.
RUN-1002 : start command "rdbk_bram -bram 0X002E -cable 0 -total_dev 1 -cur_dev 1"
KIT-1001 : Read back data from BRAM 0X002E successfully.
SYN-2541 : Attrs-to-init for 4 logic bram(s)
SYN-2541 : Reading sub[0] auto_chipwatcher_0_logicbram_syn_1
SYN-2541 : Reading sub[1] auto_chipwatcher_0_logicbram_syn_11
SYN-2541 : Reading sub[2] auto_chipwatcher_0_logicbram_syn_21
SYN-2541 : Reading sub[3] auto_chipwatcher_0_logicbram_syn_31
KIT-1004 : ChipWatcher: write ctrl reg value: 0110111111111111111100000000000000000101110110111111111111111111111111111100000101110000000100000000000000000000
GUI-1001 : User closes ChipWatcher ...
RUN-1001 : Print Global Property
RUN-1001 : ---------------------------------------------------------------
RUN-1001 :        Parameters        |  Settings  |  Default Values  |  Note  
RUN-1001 : ---------------------------------------------------------------
RUN-1001 :          message         |  standard  |     standard     |        
RUN-1001 :   mixed_pack_place_flow  |     on     |        on        |        
RUN-1001 :        qor_monitor       |    off     |       off        |        
RUN-1001 :        syn_ip_flow       |    off     |       off        |        
RUN-1001 :          thread          |    auto    |       auto       |        
RUN-1001 : ---------------------------------------------------------------
RUN-1001 : Print Design Property
RUN-1001 : --------------------------------------------------------------
RUN-1001 :        Parameters       |  Settings  |  Default Values  |  Note  
RUN-1001 : --------------------------------------------------------------
RUN-1001 :   default_reg_initial   |    auto    |       auto       |        
RUN-1001 :        infer_add        |     on     |        on        |        
RUN-1001 :        infer_fsm        |    off     |       off        |        
RUN-1001 :        infer_mult       |     on     |        on        |        
RUN-1001 :        infer_ram        |     on     |        on        |        
RUN-1001 :        infer_reg        |     on     |        on        |        
RUN-1001 :   infer_reg_init_value  |     on     |        on        |        
RUN-1001 :        infer_rom        |     on     |        on        |        
RUN-1001 :      infer_shifter      |     on     |        on        |        
RUN-1001 : --------------------------------------------------------------
RUN-1001 : Print Rtl Property
RUN-1001 : --------------------------------------------------------------
RUN-1001 :        Parameters       |  Settings  |  Default Values  |  Note  
RUN-1001 : --------------------------------------------------------------
RUN-1001 :       compress_add      |   ripple   |      ripple      |        
RUN-1001 :        elf_sload        |    off     |       off        |        
RUN-1001 :       fix_undriven      |     0      |        0         |        
RUN-1001 :         flatten         |    off     |       off        |        
RUN-1001 :       gate_sharing      |     on     |        on        |        
RUN-1001 :    hdl_warning_level    |   normal   |      normal      |        
RUN-1001 :   impl_internal_tribuf  |     on     |        on        |        
RUN-1001 :      impl_set_reset     |     on     |        on        |        
RUN-1001 :        infer_gsr        |    off     |       off        |        
RUN-1001 :      keep_hierarchy     |    auto    |       auto       |        
RUN-1001 :        max_fanout       |    9999    |       9999       |        
RUN-1001 :      max_oh2bin_len     |     10     |        10        |        
RUN-1001 :       merge_equal       |     on     |        on        |        
RUN-1001 :       merge_equiv       |     on     |        on        |        
RUN-1001 :        merge_mux        |    off     |       off        |        
RUN-1001 :     min_control_set     |     8      |        8         |        
RUN-1001 :      min_ripple_len     |    auto    |       auto       |        
RUN-1001 :       oh2bin_ratio      |    0.08    |       0.08       |        
RUN-1001 :     opt_adder_fanout    |     on     |        on        |        
RUN-1001 :        opt_arith        |     on     |        on        |        
RUN-1001 :       opt_big_gate      |    off     |       off        |        
RUN-1001 :        opt_const        |     on     |        on        |        
RUN-1001 :      opt_const_mult     |     on     |        on        |        
RUN-1001 :       opt_lessthan      |     on     |        on        |        
RUN-1001 :         opt_mux         |    off     |       off        |        
RUN-1001 :         opt_ram         |    high    |       high       |        
RUN-1001 :      rtl_sim_model      |    off     |       off        |        
RUN-1001 :         seq_syn         |     on     |        on        |        
RUN-1001 : --------------------------------------------------------------
HDL-1007 : analyze verilog file ../rtl/al_ip/SDRAM.v
HDL-1007 : analyze verilog file ../rtl/al_ip/clk_gen.v
HDL-1007 : undeclared symbol 'open', assumed default net type 'wire' in ../rtl/al_ip/clk_gen.v(86)
HDL-1007 : analyze verilog file ../rtl/al_ip/fifo_data.v
HDL-1007 : analyze verilog file ../rtl/AHBISPSYS/AHBISPSYS.v
HDL-1007 : analyze verilog file ../rtl/AHBISPSYS/conv_mask4.v
HDL-1007 : analyze verilog file ../rtl/AHBISPSYS/conv_mask5.v
HDL-1007 : analyze verilog file ../rtl/AHBISPSYS/conv_mask6.v
HDL-1007 : analyze verilog file ../rtl/AHBISPSYS/demosaic.v
HDL-1007 : undeclared symbol 'out_en', assumed default net type 'wire' in ../rtl/AHBISPSYS/demosaic.v(160)
HDL-1007 : analyze verilog file ../rtl/AHBISPSYS/dual_port_ram_sync.v
HDL-1007 : analyze verilog file ../rtl/AHBISPSYS/fifo.v
HDL-1007 : analyze verilog file ../rtl/AHBISPSYS/gamma.v
HDL-1007 : analyze verilog file ../rtl/AHBISPSYS/gamma_rom.v
HDL-1007 : analyze verilog file ../rtl/AHBISPSYS/slidingWindow_5X5.v
HDL-1007 : analyze verilog file ../rtl/AHBlite_Block_RAM.v
HDL-1007 : analyze verilog file ../rtl/Block_RAM.v
HDL-1007 : analyze verilog file ../rtl/CortexM0_SoC.v
HDL-1007 : undeclared symbol 'clk_200m', assumed default net type 'wire' in ../rtl/CortexM0_SoC.v(94)
HDL-1007 : undeclared symbol 'row', assumed default net type 'wire' in ../rtl/CortexM0_SoC.v(115)
HDL-1007 : analyze verilog file ../rtl/ahb/AHBlite_Decoder.v
HDL-1007 : analyze verilog file ../rtl/ahb/AHBlite_Interconnect.v
HDL-1007 : analyze verilog file ../rtl/ahb/AHBlite_SlaveMUX.v
HDL-1007 : analyze verilog file ../rtl/apb/cmsdk_ahb_to_apb.v
HDL-1007 : analyze verilog file ../rtl/apb/cmsdk_apb_slave_mux.v
HDL-1007 : analyze verilog file ../rtl/apb_gpio/apb_sdcard.v
HDL-1007 : analyze verilog file ../rtl/apb_sdcard/apb_sdcard.v
HDL-1007 : analyze verilog file ../rtl/apb_sdcard/sd_reader.v
HDL-5007 WARNING: redeclaration of ANSI port 'done' is not allowed in ../rtl/apb_sdcard/sd_reader.v(66)
HDL-1007 : analyze verilog file ../rtl/apb_sdcard/sdcmd_ctrl.v
HDL-1007 : analyze verilog file ../rtl/apb_vga/apb_sdcard.v
HDL-1007 : analyze verilog file ../rtl/apb_vga/vga_ctrl.v
HDL-1007 : analyze verilog file ../rtl/cortexm0ds_logic.v
HDL-1007 : analyze verilog file ../rtl/sdram/ctrl/sdram_a_ref.v
HDL-1007 : analyze verilog file ../rtl/sdram/ctrl/sdram_arbit.v
HDL-1007 : analyze verilog file ../rtl/sdram/ctrl/sdram_ctrl.v
HDL-1007 : analyze verilog file ../rtl/sdram/ctrl/sdram_init.v
HDL-1007 : analyze verilog file ../rtl/sdram/ctrl/sdram_read.v
HDL-1007 : analyze verilog file ../rtl/sdram/ctrl/sdram_write.v
HDL-1007 : analyze verilog file ../rtl/sdram/fifo_ctrl.v
HDL-1007 : analyze verilog file ../rtl/sdram/sdram_top.v
RUN-1001 : reset_run syn_1 phy_1.
RUN-1001 : launch_runs syn_1 phy_1  -jobs 6.
RUN-1001 : syn_1: run complete.
RUN-1001 : phy_1: run complete.
RUN-1001 : open_run phy_1.
RUN-1002 : start command "import_db C:/Users/W1030/Desktop/m0/td/m0soc_Runs/phy_1/m0soc_pr.db"
RUN-1001 : Importing database generated by Tang Dynasty, V5.6.71036.
RUN-1001 : Database version number 46146.
RUN-1001 : Import flow parameters
PHY-1001 : Generate detailed routing grids ...
PHY-1001 : Generate nets ...
PHY-5010 WARNING: Net PADDR[11] is skipped due to 0 input or output
PHY-5010 WARNING: Net PADDR[10] is skipped due to 0 input or output
PHY-5010 WARNING: Net PADDR[9] is skipped due to 0 input or output
PHY-5010 WARNING: Net PADDR[8] is skipped due to 0 input or output
PHY-5010 WARNING: Net PADDR[7] is skipped due to 0 input or output
PHY-5010 WARNING: Net PADDR[6] is skipped due to 0 input or output
PHY-5010 WARNING: Net PADDR[5] is skipped due to 0 input or output
PHY-5010 WARNING: Net PADDR[4] is skipped due to 0 input or output
PHY-5010 WARNING: Net PADDR[3] is skipped due to 0 input or output
PHY-1001 : net SWCLK_dup_1 will be routed on clock mesh
PHY-1001 : net clk_dup_7 will be routed on clock mesh
PHY-1001 : net clk_148m_vga_dup_1 will be routed on clock mesh
PHY-5010 WARNING: Net sdcard_rd_addr[31] is skipped due to 0 input or output
PHY-5010 Similar messages will be suppressed.
PHY-1001 : net sd_reader/clk will be routed on clock mesh
PHY-1001 : net sdram_top_inst/fifo_ctrl_inst/sys_clk will be routed on clock mesh
PHY-1001 : clock net config_inst_syn_10 will be merged with clock config_inst_syn_9
PHY-1001 : eco open net = 0
PHY-5014 WARNING: Detail route doesn't find pib for clk_gen_inst/pll_inst.fbclk[0]
PHY-1001 : 723 feed throughs used by 422 nets
RUN-1001 : Import timing constraints
RUN-1001 : Import IO constraints
RUN-1001 : Import Inst constraints
RUN-1001 : Import ChipWatcher
RUN-1001 : Import design success TD_VERSION=5.6.71036 , DB_VERSION=46146
RUN-1003 : finish command "import_db C:/Users/W1030/Desktop/m0/td/m0soc_Runs/phy_1/m0soc_pr.db" in  6.826776s wall, 3.593750s user + 0.234375s system = 3.828125s CPU (56.1%)

RUN-1004 : used memory is 947 MB, reserved memory is 943 MB, peak memory is 1012 MB
RUN-1002 : start command "config_chipwatcher -sync ahb.cwc -dir "
KIT-1004 : ChipWatcher: import watcher inst auto_chipwatcher_0 completed, there are 4 view nodes, 34 trigger nets, 34 data nets.
GUI-1001 : Import ahb.cwc success!
GUI-8501 ERROR: Bit file code (1010110000110001) does not match with the ChipWatcher's (1011101000011111).
GUI-1001 : User opens ChipWatcher ...
RUN-1002 : start command "download -bit m0soc_Runs/phy_1/m0soc.bit -mode jtag_burst -spd 7 -cable 0 -total_dev 1 -cur_dev 1"
PRG-2014 : Chip validation success: EAGLE_S20_BG256
RUN-1002 : start command "bit_to_vec -chip EAGLE_S20_BG256 -m jtag_burst -freq 4 -bit m0soc_Runs/phy_1/m0soc.bit"
RUN-1002 : start command "program -cable 0 -mode svf -spd 7 -p"
RUN-1003 : finish command "program -cable 0 -mode svf -spd 7 -p" in  7.461116s wall, 0.078125s user + 0.031250s system = 0.109375s CPU (1.5%)

RUN-1004 : used memory is 961 MB, reserved memory is 957 MB, peak memory is 1012 MB
RUN-1003 : finish command "download -bit m0soc_Runs/phy_1/m0soc.bit -mode jtag_burst -spd 7 -cable 0 -total_dev 1 -cur_dev 1" in  7.703489s wall, 0.140625s user + 0.078125s system = 0.218750s CPU (2.8%)

RUN-1004 : used memory is 961 MB, reserved memory is 957 MB, peak memory is 1012 MB
GUI-1001 : Downloading succeeded!
GUI-1001 : User closes ChipWatcher ...
RUN-1001 : Print Global Property
RUN-1001 : ---------------------------------------------------------------
RUN-1001 :        Parameters        |  Settings  |  Default Values  |  Note  
RUN-1001 : ---------------------------------------------------------------
RUN-1001 :          message         |  standard  |     standard     |        
RUN-1001 :   mixed_pack_place_flow  |     on     |        on        |        
RUN-1001 :        qor_monitor       |    off     |       off        |        
RUN-1001 :        syn_ip_flow       |    off     |       off        |        
RUN-1001 :          thread          |    auto    |       auto       |        
RUN-1001 : ---------------------------------------------------------------
RUN-1001 : Print Design Property
RUN-1001 : --------------------------------------------------------------
RUN-1001 :        Parameters       |  Settings  |  Default Values  |  Note  
RUN-1001 : --------------------------------------------------------------
RUN-1001 :   default_reg_initial   |    auto    |       auto       |        
RUN-1001 :        infer_add        |     on     |        on        |        
RUN-1001 :        infer_fsm        |    off     |       off        |        
RUN-1001 :        infer_mult       |     on     |        on        |        
RUN-1001 :        infer_ram        |     on     |        on        |        
RUN-1001 :        infer_reg        |     on     |        on        |        
RUN-1001 :   infer_reg_init_value  |     on     |        on        |        
RUN-1001 :        infer_rom        |     on     |        on        |        
RUN-1001 :      infer_shifter      |     on     |        on        |        
RUN-1001 : --------------------------------------------------------------
RUN-1001 : Print Rtl Property
RUN-1001 : --------------------------------------------------------------
RUN-1001 :        Parameters       |  Settings  |  Default Values  |  Note  
RUN-1001 : --------------------------------------------------------------
RUN-1001 :       compress_add      |   ripple   |      ripple      |        
RUN-1001 :        elf_sload        |    off     |       off        |        
RUN-1001 :       fix_undriven      |     0      |        0         |        
RUN-1001 :         flatten         |    off     |       off        |        
RUN-1001 :       gate_sharing      |     on     |        on        |        
RUN-1001 :    hdl_warning_level    |   normal   |      normal      |        
RUN-1001 :   impl_internal_tribuf  |     on     |        on        |        
RUN-1001 :      impl_set_reset     |     on     |        on        |        
RUN-1001 :        infer_gsr        |    off     |       off        |        
RUN-1001 :      keep_hierarchy     |    auto    |       auto       |        
RUN-1001 :        max_fanout       |    9999    |       9999       |        
RUN-1001 :      max_oh2bin_len     |     10     |        10        |        
RUN-1001 :       merge_equal       |     on     |        on        |        
RUN-1001 :       merge_equiv       |     on     |        on        |        
RUN-1001 :        merge_mux        |    off     |       off        |        
RUN-1001 :     min_control_set     |     8      |        8         |        
RUN-1001 :      min_ripple_len     |    auto    |       auto       |        
RUN-1001 :       oh2bin_ratio      |    0.08    |       0.08       |        
RUN-1001 :     opt_adder_fanout    |     on     |        on        |        
RUN-1001 :        opt_arith        |     on     |        on        |        
RUN-1001 :       opt_big_gate      |    off     |       off        |        
RUN-1001 :        opt_const        |     on     |        on        |        
RUN-1001 :      opt_const_mult     |     on     |        on        |        
RUN-1001 :       opt_lessthan      |     on     |        on        |        
RUN-1001 :         opt_mux         |    off     |       off        |        
RUN-1001 :         opt_ram         |    high    |       high       |        
RUN-1001 :      rtl_sim_model      |    off     |       off        |        
RUN-1001 :         seq_syn         |     on     |        on        |        
RUN-1001 : --------------------------------------------------------------
HDL-1007 : analyze verilog file ../rtl/al_ip/SDRAM.v
HDL-1007 : analyze verilog file ../rtl/al_ip/clk_gen.v
HDL-1007 : undeclared symbol 'open', assumed default net type 'wire' in ../rtl/al_ip/clk_gen.v(92)
HDL-1007 : analyze verilog file ../rtl/al_ip/fifo_data.v
HDL-1007 : analyze verilog file ../rtl/AHBISPSYS/AHBISPSYS.v
HDL-1007 : analyze verilog file ../rtl/AHBISPSYS/conv_mask4.v
HDL-1007 : analyze verilog file ../rtl/AHBISPSYS/conv_mask5.v
HDL-1007 : analyze verilog file ../rtl/AHBISPSYS/conv_mask6.v
HDL-1007 : analyze verilog file ../rtl/AHBISPSYS/demosaic.v
HDL-1007 : undeclared symbol 'out_en', assumed default net type 'wire' in ../rtl/AHBISPSYS/demosaic.v(160)
HDL-1007 : analyze verilog file ../rtl/AHBISPSYS/dual_port_ram_sync.v
HDL-1007 : analyze verilog file ../rtl/AHBISPSYS/fifo.v
HDL-1007 : analyze verilog file ../rtl/AHBISPSYS/gamma.v
HDL-1007 : analyze verilog file ../rtl/AHBISPSYS/gamma_rom.v
HDL-1007 : analyze verilog file ../rtl/AHBISPSYS/slidingWindow_5X5.v
HDL-1007 : analyze verilog file ../rtl/AHBlite_Block_RAM.v
HDL-1007 : analyze verilog file ../rtl/Block_RAM.v
HDL-1007 : analyze verilog file ../rtl/CortexM0_SoC.v
HDL-1007 : undeclared symbol 'clk_200m', assumed default net type 'wire' in ../rtl/CortexM0_SoC.v(94)
HDL-1007 : undeclared symbol 'row', assumed default net type 'wire' in ../rtl/CortexM0_SoC.v(115)
HDL-1007 : analyze verilog file ../rtl/ahb/AHBlite_Decoder.v
HDL-1007 : analyze verilog file ../rtl/ahb/AHBlite_Interconnect.v
HDL-1007 : analyze verilog file ../rtl/ahb/AHBlite_SlaveMUX.v
HDL-1007 : analyze verilog file ../rtl/apb/cmsdk_ahb_to_apb.v
HDL-1007 : analyze verilog file ../rtl/apb/cmsdk_apb_slave_mux.v
HDL-1007 : analyze verilog file ../rtl/apb_gpio/apb_sdcard.v
HDL-1007 : analyze verilog file ../rtl/apb_sdcard/apb_sdcard.v
HDL-1007 : analyze verilog file ../rtl/apb_sdcard/sd_reader.v
HDL-5007 WARNING: redeclaration of ANSI port 'done' is not allowed in ../rtl/apb_sdcard/sd_reader.v(66)
HDL-1007 : analyze verilog file ../rtl/apb_sdcard/sdcmd_ctrl.v
HDL-1007 : analyze verilog file ../rtl/apb_vga/apb_sdcard.v
HDL-1007 : analyze verilog file ../rtl/apb_vga/vga_ctrl.v
HDL-1007 : analyze verilog file ../rtl/cortexm0ds_logic.v
HDL-1007 : analyze verilog file ../rtl/sdram/ctrl/sdram_a_ref.v
HDL-1007 : analyze verilog file ../rtl/sdram/ctrl/sdram_arbit.v
HDL-1007 : analyze verilog file ../rtl/sdram/ctrl/sdram_ctrl.v
HDL-1007 : analyze verilog file ../rtl/sdram/ctrl/sdram_init.v
HDL-1007 : analyze verilog file ../rtl/sdram/ctrl/sdram_read.v
HDL-1007 : analyze verilog file ../rtl/sdram/ctrl/sdram_write.v
HDL-1007 : analyze verilog file ../rtl/sdram/fifo_ctrl.v
HDL-1007 : analyze verilog file ../rtl/sdram/sdram_top.v
RUN-1001 : reset_run syn_1 phy_1.
RUN-1001 : launch_runs syn_1 phy_1  -jobs 6.
RUN-1001 : syn_1: run complete.
RUN-1001 : phy_1: run complete.
RUN-1001 : open_run phy_1.
RUN-1002 : start command "import_db C:/Users/W1030/Desktop/m0/td/m0soc_Runs/phy_1/m0soc_pr.db"
RUN-1001 : Importing database generated by Tang Dynasty, V5.6.71036.
RUN-1001 : Database version number 46146.
RUN-1001 : Import flow parameters
PHY-1001 : Generate detailed routing grids ...
PHY-1001 : Generate nets ...
PHY-5010 WARNING: Net PADDR[11] is skipped due to 0 input or output
PHY-5010 WARNING: Net PADDR[10] is skipped due to 0 input or output
PHY-5010 WARNING: Net PADDR[9] is skipped due to 0 input or output
PHY-5010 WARNING: Net PADDR[8] is skipped due to 0 input or output
PHY-5010 WARNING: Net PADDR[7] is skipped due to 0 input or output
PHY-5010 WARNING: Net PADDR[6] is skipped due to 0 input or output
PHY-5010 WARNING: Net PADDR[5] is skipped due to 0 input or output
PHY-5010 WARNING: Net PADDR[4] is skipped due to 0 input or output
PHY-5010 WARNING: Net PADDR[3] is skipped due to 0 input or output
PHY-1001 : net SWCLK_dup_1 will be routed on clock mesh
PHY-1001 : net clk_dup_7 will be routed on clock mesh
PHY-1001 : net clk_148m_vga_dup_1 will be routed on clock mesh
PHY-5010 WARNING: Net sdcard_rd_addr[31] is skipped due to 0 input or output
PHY-5010 Similar messages will be suppressed.
PHY-1001 : clock net clk_gen_inst/clk0_out will be merged with clock clk_gen_inst/clk0_buf
PHY-1001 : net sd_reader/clk will be routed on clock mesh
PHY-1001 : net sdram_top_inst/fifo_ctrl_inst/sys_clk will be routed on clock mesh
PHY-1001 : clock net config_inst_syn_10 will be merged with clock config_inst_syn_9
PHY-1001 : eco open net = 0
PHY-1001 : 763 feed throughs used by 433 nets
RUN-1001 : Import timing constraints
RUN-1001 : Import IO constraints
RUN-1001 : Import Inst constraints
RUN-1001 : Import ChipWatcher
RUN-1001 : Import design success TD_VERSION=5.6.71036 , DB_VERSION=46146
RUN-1003 : finish command "import_db C:/Users/W1030/Desktop/m0/td/m0soc_Runs/phy_1/m0soc_pr.db" in  6.749004s wall, 1.968750s user + 0.140625s system = 2.109375s CPU (31.3%)

RUN-1004 : used memory is 949 MB, reserved memory is 942 MB, peak memory is 1014 MB
RUN-1002 : start command "config_chipwatcher -sync ahb.cwc -dir "
KIT-1004 : ChipWatcher: import watcher inst auto_chipwatcher_0 completed, there are 4 view nodes, 34 trigger nets, 34 data nets.
GUI-1001 : Import ahb.cwc success!
GUI-8501 ERROR: Bit file code (1010110000110001) does not match with the ChipWatcher's (1011101000011111).
GUI-1001 : User opens ChipWatcher ...
RUN-1002 : start command "download -bit m0soc_Runs/phy_1/m0soc.bit -mode jtag_burst -spd 7 -cable 0 -total_dev 1 -cur_dev 1"
PRG-2014 : Chip validation success: EAGLE_S20_BG256
RUN-1002 : start command "bit_to_vec -chip EAGLE_S20_BG256 -m jtag_burst -freq 4 -bit m0soc_Runs/phy_1/m0soc.bit"
RUN-1002 : start command "program -cable 0 -mode svf -spd 7 -p"
RUN-1003 : finish command "program -cable 0 -mode svf -spd 7 -p" in  7.472133s wall, 0.156250s user + 0.187500s system = 0.343750s CPU (4.6%)

RUN-1004 : used memory is 963 MB, reserved memory is 954 MB, peak memory is 1014 MB
RUN-1003 : finish command "download -bit m0soc_Runs/phy_1/m0soc.bit -mode jtag_burst -spd 7 -cable 0 -total_dev 1 -cur_dev 1" in  7.702524s wall, 0.203125s user + 0.250000s system = 0.453125s CPU (5.9%)

RUN-1004 : used memory is 963 MB, reserved memory is 954 MB, peak memory is 1014 MB
GUI-1001 : Downloading succeeded!
GUI-1001 : User closes ChipWatcher ...
HDL-1007 : analyze verilog file ../rtl/CortexM0_SoC.v
HDL-1007 : undeclared symbol 'clk_200m', assumed default net type 'wire' in ../rtl/CortexM0_SoC.v(94)
HDL-1007 : undeclared symbol 'row', assumed default net type 'wire' in ../rtl/CortexM0_SoC.v(115)
RUN-1001 : reset_run syn_1 phy_1.
RUN-1001 : launch_runs syn_1 phy_1  -jobs 6.
RUN-1001 : syn_1: run complete.
RUN-6001 WARNING: phy_1: run failed.
RUN-1001 : open_run phy_1.
RUN-1002 : start command "import_db C:/Users/W1030/Desktop/m0/td/m0soc_Runs/phy_1/m0soc_place.db"
RUN-1001 : Importing database generated by Tang Dynasty, V5.6.71036.
RUN-1001 : Database version number 46146.
RUN-1001 : Import flow parameters
RUN-1001 : Import timing constraints
RUN-1001 : Import IO constraints
RUN-1001 : Import Inst constraints
RUN-1001 : Import ChipWatcher
RUN-1001 : Import design success TD_VERSION=5.6.71036 , DB_VERSION=46146
RUN-1003 : finish command "import_db C:/Users/W1030/Desktop/m0/td/m0soc_Runs/phy_1/m0soc_place.db" in  2.062663s wall, 0.937500s user + 0.046875s system = 0.984375s CPU (47.7%)

RUN-1004 : used memory is 641 MB, reserved memory is 662 MB, peak memory is 1014 MB
RUN-1002 : start command "config_chipwatcher -sync ahb.cwc -dir "
KIT-1004 : ChipWatcher: import watcher inst auto_chipwatcher_0 completed, there are 4 view nodes, 34 trigger nets, 34 data nets.
GUI-1001 : Import ahb.cwc success!
GUI-8501 ERROR: The bit C:/Users/W1030/Desktop/m0/td/m0soc_Runs/phy_1/m0soc.bit does not match with the current hardware.
GUI-8501 ERROR: The bit C:/Users/W1030/Desktop/m0/td/m0soc_Runs/phy_1/m0soc.bit does not match with the current hardware.
GUI-1001 : User opens ChipWatcher ...
GUI-1001 : User closes ChipWatcher ...
HDL-1007 : analyze verilog file ../rtl/CortexM0_SoC.v
HDL-1007 : undeclared symbol 'clk_200m', assumed default net type 'wire' in ../rtl/CortexM0_SoC.v(90)
HDL-1007 : undeclared symbol 'row', assumed default net type 'wire' in ../rtl/CortexM0_SoC.v(111)
RUN-1001 : reset_run syn_1 phy_1.
RUN-1001 : launch_runs syn_1 phy_1  -jobs 6.
RUN-1001 : syn_1: run complete.
RUN-1001 : phy_1: run complete.
RUN-1001 : open_run phy_1.
RUN-1002 : start command "import_db C:/Users/W1030/Desktop/m0/td/m0soc_Runs/phy_1/m0soc_pr.db"
RUN-1001 : Importing database generated by Tang Dynasty, V5.6.71036.
RUN-1001 : Database version number 46146.
RUN-1001 : Import flow parameters
PHY-1001 : Generate detailed routing grids ...
PHY-1001 : Generate nets ...
PHY-1001 : net SWCLK_dup_1 will be routed on clock mesh
PHY-1001 : net clk_dup_7 will be routed on clock mesh
PHY-1001 : net clk_148m_vga_dup_1 will be routed on clock mesh
PHY-1001 : clock net clk_gen_inst/clk0_out will be merged with clock clk_gen_inst/clk0_buf
PHY-1001 : net sd_reader/clk will be routed on clock mesh
PHY-1001 : net sdram_top_inst/fifo_ctrl_inst/sys_clk will be routed on clock mesh
PHY-1001 : clock net config_inst_syn_10 will be merged with clock config_inst_syn_9
PHY-1001 : eco open net = 0
PHY-1001 : 784 feed throughs used by 441 nets
RUN-1001 : Import timing constraints
RUN-1001 : Import IO constraints
RUN-1001 : Import Inst constraints
RUN-1001 : Import ChipWatcher
RUN-1001 : Import design success TD_VERSION=5.6.71036 , DB_VERSION=46146
RUN-1003 : finish command "import_db C:/Users/W1030/Desktop/m0/td/m0soc_Runs/phy_1/m0soc_pr.db" in  6.585764s wall, 2.140625s user + 0.078125s system = 2.218750s CPU (33.7%)

RUN-1004 : used memory is 1016 MB, reserved memory is 1004 MB, peak memory is 1024 MB
RUN-1002 : start command "config_chipwatcher -sync ahb.cwc -dir "
KIT-1004 : ChipWatcher: import watcher inst auto_chipwatcher_0 completed, there are 4 view nodes, 34 trigger nets, 34 data nets.
GUI-1001 : Import ahb.cwc success!
GUI-1001 : User opens ChipWatcher ...
RUN-1002 : start command "download -bit m0soc_Runs/phy_1/m0soc.bit -mode jtag_burst -spd 7 -cable 0 -total_dev 1 -cur_dev 1"
PRG-2014 : Chip validation success: EAGLE_S20_BG256
RUN-1002 : start command "bit_to_vec -chip EAGLE_S20_BG256 -m jtag_burst -freq 4 -bit m0soc_Runs/phy_1/m0soc.bit"
RUN-1002 : start command "program -cable 0 -mode svf -spd 7 -p"
RUN-1003 : finish command "program -cable 0 -mode svf -spd 7 -p" in  7.597947s wall, 0.140625s user + 0.328125s system = 0.468750s CPU (6.2%)

RUN-1004 : used memory is 1023 MB, reserved memory is 1010 MB, peak memory is 1043 MB
RUN-1003 : finish command "download -bit m0soc_Runs/phy_1/m0soc.bit -mode jtag_burst -spd 7 -cable 0 -total_dev 1 -cur_dev 1" in  7.830459s wall, 0.234375s user + 0.343750s system = 0.578125s CPU (7.4%)

RUN-1004 : used memory is 1023 MB, reserved memory is 1010 MB, peak memory is 1043 MB
GUI-1001 : Downloading succeeded!
GUI-1001 : User closes ChipWatcher ...
HDL-1007 : analyze verilog file ../rtl/CortexM0_SoC.v
HDL-1007 : undeclared symbol 'clk_200m', assumed default net type 'wire' in ../rtl/CortexM0_SoC.v(90)
HDL-1007 : undeclared symbol 'row', assumed default net type 'wire' in ../rtl/CortexM0_SoC.v(111)
RUN-1001 : reset_run syn_1 phy_1.
RUN-1001 : launch_runs syn_1 phy_1  -jobs 6.
RUN-1001 : syn_1: run complete.
RUN-1001 : phy_1: run complete.
RUN-1001 : open_run phy_1.
RUN-1002 : start command "import_db C:/Users/W1030/Desktop/m0/td/m0soc_Runs/phy_1/m0soc_pr.db"
RUN-1001 : Importing database generated by Tang Dynasty, V5.6.71036.
RUN-1001 : Database version number 46146.
RUN-1001 : Import flow parameters
PHY-1001 : Generate detailed routing grids ...
PHY-1001 : Generate nets ...
PHY-1001 : net SWCLK_dup_1 will be routed on clock mesh
PHY-1001 : net clk_dup_7 will be routed on clock mesh
PHY-1001 : net clk_148m_vga_dup_1 will be routed on clock mesh
PHY-1001 : clock net clk_gen_inst/clk0_out will be merged with clock clk_gen_inst/clk0_buf
PHY-1001 : net sd_reader/clk will be routed on clock mesh
PHY-1001 : net sdram_top_inst/fifo_ctrl_inst/sys_clk will be routed on clock mesh
PHY-1001 : clock net config_inst_syn_10 will be merged with clock config_inst_syn_9
PHY-1001 : eco open net = 0
PHY-1001 : 798 feed throughs used by 425 nets
RUN-1001 : Import timing constraints
RUN-1001 : Import IO constraints
RUN-1001 : Import Inst constraints
RUN-1001 : Import ChipWatcher
RUN-1001 : Import design success TD_VERSION=5.6.71036 , DB_VERSION=46146
RUN-1003 : finish command "import_db C:/Users/W1030/Desktop/m0/td/m0soc_Runs/phy_1/m0soc_pr.db" in  6.761196s wall, 3.234375s user + 0.171875s system = 3.406250s CPU (50.4%)

RUN-1004 : used memory is 1029 MB, reserved memory is 1018 MB, peak memory is 1043 MB
RUN-1002 : start command "download -bit m0soc_Runs\phy_1\m0soc.bit -mode jtag -spd 7 -sec 64 -cable 0"
PRG-2014 : Chip validation success: EAGLE_S20_BG256
RUN-1002 : start command "bit_to_vec -chip EAGLE_S20_BG256 -m jtag_burst -freq 4 -bit m0soc_Runs/phy_1/m0soc.bit"
RUN-1002 : start command "program -cable 0 -mode svf -spd 7 -p"
RUN-1003 : finish command "program -cable 0 -mode svf -spd 7 -p" in  7.646624s wall, 0.203125s user + 0.250000s system = 0.453125s CPU (5.9%)

RUN-1004 : used memory is 1057 MB, reserved memory is 1045 MB, peak memory is 1075 MB
RUN-1003 : finish command "download -bit m0soc_Runs\phy_1\m0soc.bit -mode jtag -spd 7 -sec 64 -cable 0" in  7.875729s wall, 0.296875s user + 0.265625s system = 0.562500s CPU (7.1%)

RUN-1004 : used memory is 1057 MB, reserved memory is 1045 MB, peak memory is 1075 MB
GUI-1001 : Downloading succeeded!
RUN-1002 : start command "config_chipwatcher -sync ahb.cwc -dir "
KIT-1004 : ChipWatcher: import watcher inst auto_chipwatcher_0 completed, there are 4 view nodes, 34 trigger nets, 34 data nets.
GUI-1001 : Import ahb.cwc success!
GUI-1001 : User opens ChipWatcher ...
KIT-1004 : ChipWatcher: write ctrl reg value: 0000000000000000000000000000000000000000000000000000000000000000000000000000000000000000000000000000000000000000
KIT-1004 : ChipWatcher: write ctrl reg value: 0110111111111111111100000000000000000101110110111111111111111111111111111100000101110000000100000000000001000000
KIT-1004 : ChipWatcher: the value of status register = 110000000000001000
RUN-1002 : start command "rdbk_bram -bram 0X002C -cable 0 -total_dev 1 -cur_dev 1"
KIT-1001 : Read back data from BRAM 0X002C successfully.
RUN-1002 : start command "rdbk_bram -bram 0X002D -cable 0 -total_dev 1 -cur_dev 1"
KIT-1001 : Read back data from BRAM 0X002D successfully.
RUN-1002 : start command "rdbk_bram -bram 0X002E -cable 0 -total_dev 1 -cur_dev 1"
KIT-1001 : Read back data from BRAM 0X002E successfully.
RUN-1002 : start command "rdbk_bram -bram 0X002F -cable 0 -total_dev 1 -cur_dev 1"
KIT-1001 : Read back data from BRAM 0X002F successfully.
SYN-2541 : Attrs-to-init for 4 logic bram(s)
SYN-2541 : Reading sub[0] auto_chipwatcher_0_logicbram_syn_1
SYN-2541 : Reading sub[1] auto_chipwatcher_0_logicbram_syn_11
SYN-2541 : Reading sub[2] auto_chipwatcher_0_logicbram_syn_21
SYN-2541 : Reading sub[3] auto_chipwatcher_0_logicbram_syn_31
KIT-1004 : ChipWatcher: write ctrl reg value: 0110111111111111111100000000000000000101110110111111111111111111111111111100000101110000000100000000000000000000
KIT-1004 : ChipWatcher: write ctrl reg value: 0000000000000000000000000000000000000000000000000000000000000000000000000000000000000000000000000000000000000000
KIT-1004 : ChipWatcher: write ctrl reg value: 0110111111111111111100000000000000000101110110111111111111111111111111111100000101110000000100000000000001000000
KIT-1004 : ChipWatcher: the value of status register = 110000000000001000
RUN-1002 : start command "rdbk_bram -bram 0X002C -cable 0 -total_dev 1 -cur_dev 1"
KIT-1001 : Read back data from BRAM 0X002C successfully.
RUN-1002 : start command "rdbk_bram -bram 0X002D -cable 0 -total_dev 1 -cur_dev 1"
KIT-1001 : Read back data from BRAM 0X002D successfully.
RUN-1002 : start command "rdbk_bram -bram 0X002E -cable 0 -total_dev 1 -cur_dev 1"
KIT-1001 : Read back data from BRAM 0X002E successfully.
RUN-1002 : start command "rdbk_bram -bram 0X002F -cable 0 -total_dev 1 -cur_dev 1"
KIT-1001 : Read back data from BRAM 0X002F successfully.
SYN-2541 : Attrs-to-init for 4 logic bram(s)
SYN-2541 : Reading sub[0] auto_chipwatcher_0_logicbram_syn_1
SYN-2541 : Reading sub[1] auto_chipwatcher_0_logicbram_syn_11
SYN-2541 : Reading sub[2] auto_chipwatcher_0_logicbram_syn_21
SYN-2541 : Reading sub[3] auto_chipwatcher_0_logicbram_syn_31
KIT-1004 : ChipWatcher: write ctrl reg value: 0110111111111111111100000000000000000101110110111111111111111111111111111100000101110000000100000000000000000000
KIT-1004 : ChipWatcher: write ctrl reg value: 0000000000000000000000000000000000000000000000000000000000000000000000000000000000000000000000000000000000000000
KIT-1004 : ChipWatcher: write ctrl reg value: 0110111111111111111100000000000000000101110110111111111111111111111111111100000101110000000100000000000001000000
KIT-1004 : ChipWatcher: the value of status register = 110000000000001000
RUN-1002 : start command "rdbk_bram -bram 0X002C -cable 0 -total_dev 1 -cur_dev 1"
KIT-1001 : Read back data from BRAM 0X002C successfully.
RUN-1002 : start command "rdbk_bram -bram 0X002D -cable 0 -total_dev 1 -cur_dev 1"
KIT-1001 : Read back data from BRAM 0X002D successfully.
RUN-1002 : start command "rdbk_bram -bram 0X002E -cable 0 -total_dev 1 -cur_dev 1"
KIT-1001 : Read back data from BRAM 0X002E successfully.
RUN-1002 : start command "rdbk_bram -bram 0X002F -cable 0 -total_dev 1 -cur_dev 1"
KIT-1001 : Read back data from BRAM 0X002F successfully.
SYN-2541 : Attrs-to-init for 4 logic bram(s)
SYN-2541 : Reading sub[0] auto_chipwatcher_0_logicbram_syn_1
SYN-2541 : Reading sub[1] auto_chipwatcher_0_logicbram_syn_11
SYN-2541 : Reading sub[2] auto_chipwatcher_0_logicbram_syn_21
SYN-2541 : Reading sub[3] auto_chipwatcher_0_logicbram_syn_31
KIT-1004 : ChipWatcher: write ctrl reg value: 0110111111111111111100000000000000000101110110111111111111111111111111111100000101110000000100000000000000000000
KIT-1004 : ChipWatcher: write ctrl reg value: 0000000000000000000000000000000000000000000000000000000000000000000000000000000000000000000000000000000000000000
KIT-1004 : ChipWatcher: write ctrl reg value: 0110111111111111111100000000000000000101110110111111111111111111111111111100000101110000000100000000000001000000
KIT-1004 : ChipWatcher: the value of status register = 110000000000001000
RUN-1002 : start command "rdbk_bram -bram 0X002C -cable 0 -total_dev 1 -cur_dev 1"
KIT-1001 : Read back data from BRAM 0X002C successfully.
RUN-1002 : start command "rdbk_bram -bram 0X002D -cable 0 -total_dev 1 -cur_dev 1"
KIT-1001 : Read back data from BRAM 0X002D successfully.
RUN-1002 : start command "rdbk_bram -bram 0X002E -cable 0 -total_dev 1 -cur_dev 1"
KIT-1001 : Read back data from BRAM 0X002E successfully.
RUN-1002 : start command "rdbk_bram -bram 0X002F -cable 0 -total_dev 1 -cur_dev 1"
KIT-1001 : Read back data from BRAM 0X002F successfully.
SYN-2541 : Attrs-to-init for 4 logic bram(s)
SYN-2541 : Reading sub[0] auto_chipwatcher_0_logicbram_syn_1
SYN-2541 : Reading sub[1] auto_chipwatcher_0_logicbram_syn_11
SYN-2541 : Reading sub[2] auto_chipwatcher_0_logicbram_syn_21
SYN-2541 : Reading sub[3] auto_chipwatcher_0_logicbram_syn_31
KIT-1004 : ChipWatcher: write ctrl reg value: 0110111111111111111100000000000000000101110110111111111111111111111111111100000101110000000100000000000000000000
GUI-1001 : User closes ChipWatcher ...
RUN-1002 : start command "config_chipwatcher -sync ahb.cwc -dir "
KIT-1004 : ChipWatcher: import watcher inst auto_chipwatcher_0 completed, there are 4 view nodes, 34 trigger nets, 34 data nets.
GUI-1001 : Import ahb.cwc success!
GUI-8501 ERROR: Bit file code (1010110000110001) does not match with the ChipWatcher's (1011101000011111).
GUI-1001 : User opens ChipWatcher ...
GUI-1001 : User closes ChipWatcher ...
RUN-1001 : Print Global Property
RUN-1001 : ---------------------------------------------------------------
RUN-1001 :        Parameters        |  Settings  |  Default Values  |  Note  
RUN-1001 : ---------------------------------------------------------------
RUN-1001 :          message         |  standard  |     standard     |        
RUN-1001 :   mixed_pack_place_flow  |     on     |        on        |        
RUN-1001 :        qor_monitor       |    off     |       off        |        
RUN-1001 :        syn_ip_flow       |    off     |       off        |        
RUN-1001 :          thread          |    auto    |       auto       |        
RUN-1001 : ---------------------------------------------------------------
RUN-1001 : Print Design Property
RUN-1001 : --------------------------------------------------------------
RUN-1001 :        Parameters       |  Settings  |  Default Values  |  Note  
RUN-1001 : --------------------------------------------------------------
RUN-1001 :   default_reg_initial   |    auto    |       auto       |        
RUN-1001 :        infer_add        |     on     |        on        |        
RUN-1001 :        infer_fsm        |    off     |       off        |        
RUN-1001 :        infer_mult       |     on     |        on        |        
RUN-1001 :        infer_ram        |     on     |        on        |        
RUN-1001 :        infer_reg        |     on     |        on        |        
RUN-1001 :   infer_reg_init_value  |     on     |        on        |        
RUN-1001 :        infer_rom        |     on     |        on        |        
RUN-1001 :      infer_shifter      |     on     |        on        |        
RUN-1001 : --------------------------------------------------------------
RUN-1001 : Print Rtl Property
RUN-1001 : --------------------------------------------------------------
RUN-1001 :        Parameters       |  Settings  |  Default Values  |  Note  
RUN-1001 : --------------------------------------------------------------
RUN-1001 :       compress_add      |   ripple   |      ripple      |        
RUN-1001 :        elf_sload        |    off     |       off        |        
RUN-1001 :       fix_undriven      |     0      |        0         |        
RUN-1001 :         flatten         |    off     |       off        |        
RUN-1001 :       gate_sharing      |     on     |        on        |        
RUN-1001 :    hdl_warning_level    |   normal   |      normal      |        
RUN-1001 :   impl_internal_tribuf  |     on     |        on        |        
RUN-1001 :      impl_set_reset     |     on     |        on        |        
RUN-1001 :        infer_gsr        |    off     |       off        |        
RUN-1001 :      keep_hierarchy     |    auto    |       auto       |        
RUN-1001 :        max_fanout       |    9999    |       9999       |        
RUN-1001 :      max_oh2bin_len     |     10     |        10        |        
RUN-1001 :       merge_equal       |     on     |        on        |        
RUN-1001 :       merge_equiv       |     on     |        on        |        
RUN-1001 :        merge_mux        |    off     |       off        |        
RUN-1001 :     min_control_set     |     8      |        8         |        
RUN-1001 :      min_ripple_len     |    auto    |       auto       |        
RUN-1001 :       oh2bin_ratio      |    0.08    |       0.08       |        
RUN-1001 :     opt_adder_fanout    |     on     |        on        |        
RUN-1001 :        opt_arith        |     on     |        on        |        
RUN-1001 :       opt_big_gate      |    off     |       off        |        
RUN-1001 :        opt_const        |     on     |        on        |        
RUN-1001 :      opt_const_mult     |     on     |        on        |        
RUN-1001 :       opt_lessthan      |     on     |        on        |        
RUN-1001 :         opt_mux         |    off     |       off        |        
RUN-1001 :         opt_ram         |    high    |       high       |        
RUN-1001 :      rtl_sim_model      |    off     |       off        |        
RUN-1001 :         seq_syn         |     on     |        on        |        
RUN-1001 : --------------------------------------------------------------
HDL-1007 : analyze verilog file ../rtl/al_ip/SDRAM.v
HDL-1007 : analyze verilog file ../rtl/al_ip/clk_gen.v
HDL-1007 : undeclared symbol 'open', assumed default net type 'wire' in ../rtl/al_ip/clk_gen.v(86)
HDL-1007 : analyze verilog file ../rtl/al_ip/fifo_data.v
HDL-1007 : analyze verilog file ../rtl/AHBISPSYS/AHBISPSYS.v
HDL-1007 : analyze verilog file ../rtl/AHBISPSYS/conv_mask4.v
HDL-1007 : analyze verilog file ../rtl/AHBISPSYS/conv_mask5.v
HDL-1007 : analyze verilog file ../rtl/AHBISPSYS/conv_mask6.v
HDL-1007 : analyze verilog file ../rtl/AHBISPSYS/demosaic.v
HDL-1007 : undeclared symbol 'out_en', assumed default net type 'wire' in ../rtl/AHBISPSYS/demosaic.v(160)
HDL-1007 : analyze verilog file ../rtl/AHBISPSYS/dual_port_ram_sync.v
HDL-1007 : analyze verilog file ../rtl/AHBISPSYS/fifo.v
HDL-1007 : analyze verilog file ../rtl/AHBISPSYS/gamma.v
HDL-1007 : analyze verilog file ../rtl/AHBISPSYS/gamma_rom.v
HDL-1007 : analyze verilog file ../rtl/AHBISPSYS/slidingWindow_5X5.v
HDL-1007 : analyze verilog file ../rtl/AHBlite_Block_RAM.v
HDL-1007 : analyze verilog file ../rtl/Block_RAM.v
HDL-1007 : analyze verilog file ../rtl/CortexM0_SoC.v
HDL-1007 : undeclared symbol 'clk_200m', assumed default net type 'wire' in ../rtl/CortexM0_SoC.v(90)
HDL-1007 : undeclared symbol 'row', assumed default net type 'wire' in ../rtl/CortexM0_SoC.v(111)
HDL-1007 : analyze verilog file ../rtl/ahb/AHBlite_Decoder.v
HDL-1007 : analyze verilog file ../rtl/ahb/AHBlite_Interconnect.v
HDL-1007 : analyze verilog file ../rtl/ahb/AHBlite_SlaveMUX.v
HDL-1007 : analyze verilog file ../rtl/apb/cmsdk_ahb_to_apb.v
HDL-1007 : analyze verilog file ../rtl/apb/cmsdk_apb_slave_mux.v
HDL-1007 : analyze verilog file ../rtl/apb_gpio/apb_sdcard.v
HDL-1007 : analyze verilog file ../rtl/apb_sdcard/apb_sdcard.v
HDL-1007 : analyze verilog file ../rtl/apb_sdcard/sd_reader.v
HDL-5007 WARNING: redeclaration of ANSI port 'done' is not allowed in ../rtl/apb_sdcard/sd_reader.v(66)
HDL-1007 : analyze verilog file ../rtl/apb_sdcard/sdcmd_ctrl.v
HDL-1007 : analyze verilog file ../rtl/apb_vga/apb_sdcard.v
HDL-1007 : analyze verilog file ../rtl/apb_vga/vga_ctrl.v
HDL-1007 : analyze verilog file ../rtl/cortexm0ds_logic.v
HDL-1007 : analyze verilog file ../rtl/sdram/ctrl/sdram_a_ref.v
HDL-1007 : analyze verilog file ../rtl/sdram/ctrl/sdram_arbit.v
HDL-1007 : analyze verilog file ../rtl/sdram/ctrl/sdram_ctrl.v
HDL-1007 : analyze verilog file ../rtl/sdram/ctrl/sdram_init.v
HDL-1007 : analyze verilog file ../rtl/sdram/ctrl/sdram_read.v
HDL-1007 : analyze verilog file ../rtl/sdram/ctrl/sdram_write.v
HDL-1007 : analyze verilog file ../rtl/sdram/fifo_ctrl.v
HDL-1007 : analyze verilog file ../rtl/sdram/sdram_top.v
RUN-1001 : reset_run syn_1 phy_1.
GUI-6001 WARNING: File C:/Users/W1030/Desktop/m0/td/m0soc_Runs/phy_1/m0soc.bit does not exist!
RUN-1001 : launch_runs syn_1 phy_1  -jobs 6.
RUN-1001 : syn_1: run complete.
RUN-1001 : phy_1: run complete.
RUN-1001 : open_run phy_1.
RUN-1002 : start command "import_db C:/Users/W1030/Desktop/m0/td/m0soc_Runs/phy_1/m0soc_pr.db"
RUN-1001 : Importing database generated by Tang Dynasty, V5.6.71036.
RUN-1001 : Database version number 46146.
RUN-1001 : Import flow parameters
PHY-1001 : Generate detailed routing grids ...
PHY-1001 : Generate nets ...
PHY-1001 : net SWCLK_dup_1 will be routed on clock mesh
PHY-1001 : net clk_dup_7 will be routed on clock mesh
PHY-1001 : net clk_148m_vga_dup_1 will be routed on clock mesh
PHY-1001 : net sd_reader/clk will be routed on clock mesh
PHY-1001 : net sdram_top_inst/fifo_ctrl_inst/sys_clk will be routed on clock mesh
PHY-1001 : clock net config_inst_syn_10 will be merged with clock config_inst_syn_9
PHY-1001 : eco open net = 0
PHY-5014 WARNING: Detail route doesn't find pib for clk_gen_inst/pll_inst.fbclk[0]
PHY-1001 : 785 feed throughs used by 439 nets
RUN-1001 : Import timing constraints
RUN-1001 : Import IO constraints
RUN-1001 : Import Inst constraints
RUN-1001 : Import ChipWatcher
RUN-1001 : Import design success TD_VERSION=5.6.71036 , DB_VERSION=46146
RUN-1003 : finish command "import_db C:/Users/W1030/Desktop/m0/td/m0soc_Runs/phy_1/m0soc_pr.db" in  7.118383s wall, 1.937500s user + 0.125000s system = 2.062500s CPU (29.0%)

RUN-1004 : used memory is 1040 MB, reserved memory is 1031 MB, peak memory is 1082 MB
RUN-1002 : start command "config_chipwatcher -sync ahb.cwc -dir "
KIT-1004 : ChipWatcher: import watcher inst auto_chipwatcher_0 completed, there are 4 view nodes, 34 trigger nets, 34 data nets.
GUI-1001 : Import ahb.cwc success!
GUI-8501 ERROR: Bit file code (1010110000110001) does not match with the ChipWatcher's (1011101000011111).
GUI-1001 : User opens ChipWatcher ...
RUN-1002 : start command "download -bit m0soc_Runs/phy_1/m0soc.bit -mode jtag_burst -spd 7 -cable 0 -total_dev 1 -cur_dev 1"
PRG-2014 : Chip validation success: EAGLE_S20_BG256
RUN-1002 : start command "bit_to_vec -chip EAGLE_S20_BG256 -m jtag_burst -freq 4 -bit m0soc_Runs/phy_1/m0soc.bit"
RUN-1002 : start command "program -cable 0 -mode svf -spd 7 -p"
RUN-1003 : finish command "program -cable 0 -mode svf -spd 7 -p" in  7.435185s wall, 0.218750s user + 0.281250s system = 0.500000s CPU (6.7%)

RUN-1004 : used memory is 1049 MB, reserved memory is 1038 MB, peak memory is 1082 MB
RUN-1003 : finish command "download -bit m0soc_Runs/phy_1/m0soc.bit -mode jtag_burst -spd 7 -cable 0 -total_dev 1 -cur_dev 1" in  7.671468s wall, 0.312500s user + 0.296875s system = 0.609375s CPU (7.9%)

RUN-1004 : used memory is 1049 MB, reserved memory is 1038 MB, peak memory is 1082 MB
GUI-1001 : Downloading succeeded!
GUI-1001 : User closes ChipWatcher ...
