============================================================
   Tang Dynasty, V5.6.71036
      Copyright (c) 2012-2023 Anlogic Inc.
   Executable = D:/eg4s20/TD 5.6.2/bin/td.exe
   Built at =   20:34:38 Mar 21 2023
   Run by =     W1030
   Run Date =   Sat May 11 15:17:39 2024

   Run on =     LMZS
============================================================
RUN-1001 : open_run phy_1.
RUN-1002 : start command "import_db C:/Users/W1030/Desktop/m0/td/m0soc_Runs/phy_1/m0soc_pr.db"
RUN-1001 : Importing database generated by Tang Dynasty, V5.6.71036.
RUN-1001 : Database version number 46146.
RUN-1001 : Import flow parameters
PHY-1001 : Generate detailed routing grids ...
PHY-1001 : Generate nets ...
PHY-1001 : net SWCLK_dup_1 will be routed on clock mesh
PHY-1001 : net clk_dup_7 will be routed on clock mesh
PHY-1001 : net clk_148m_vga_dup_1 will be routed on clock mesh
PHY-1001 : clock net sdclk_syn_12 will be merged with clock sdclk_syn_6
PHY-1001 : clock net sd_reader/clk will be merged with clock clk_gen_inst/clk1_buf
PHY-1001 : net sdram_top_inst/fifo_ctrl_inst/sys_clk will be routed on clock mesh
PHY-1001 : clock net config_inst_syn_10 will be merged with clock config_inst_syn_9
PHY-1001 : eco open net = 0
PHY-5014 WARNING: Detail route doesn't find pib for U_PLL_VGA/pll_inst.fbclk[0]
PHY-1001 : 778 feed throughs used by 435 nets
RUN-1001 : Import timing constraints
RUN-1001 : Import IO constraints
RUN-1001 : Import Inst constraints
RUN-1001 : Import ChipWatcher
RUN-1001 : Import design success TD_VERSION=5.6.71036 , DB_VERSION=46146
RUN-1003 : finish command "import_db C:/Users/W1030/Desktop/m0/td/m0soc_Runs/phy_1/m0soc_pr.db" in  9.638484s wall, 5.578125s user + 0.750000s system = 6.328125s CPU (65.7%)

RUN-1004 : used memory is 861 MB, reserved memory is 854 MB, peak memory is 925 MB
RUN-1001 : Print Global Property
RUN-1001 : ---------------------------------------------------------------
RUN-1001 :        Parameters        |  Settings  |  Default Values  |  Note  
RUN-1001 : ---------------------------------------------------------------
RUN-1001 :          message         |  standard  |     standard     |        
RUN-1001 :   mixed_pack_place_flow  |     on     |        on        |        
RUN-1001 :        qor_monitor       |    off     |       off        |        
RUN-1001 :        syn_ip_flow       |    off     |       off        |        
RUN-1001 :          thread          |    auto    |       auto       |        
RUN-1001 : ---------------------------------------------------------------
RUN-1001 : Print Design Property
RUN-1001 : --------------------------------------------------------------
RUN-1001 :        Parameters       |  Settings  |  Default Values  |  Note  
RUN-1001 : --------------------------------------------------------------
RUN-1001 :   default_reg_initial   |    auto    |       auto       |        
RUN-1001 :        infer_add        |     on     |        on        |        
RUN-1001 :        infer_fsm        |    off     |       off        |        
RUN-1001 :        infer_mult       |     on     |        on        |        
RUN-1001 :        infer_ram        |     on     |        on        |        
RUN-1001 :        infer_reg        |     on     |        on        |        
RUN-1001 :   infer_reg_init_value  |     on     |        on        |        
RUN-1001 :        infer_rom        |     on     |        on        |        
RUN-1001 :      infer_shifter      |     on     |        on        |        
RUN-1001 : --------------------------------------------------------------
RUN-1001 : Print Rtl Property
RUN-1001 : --------------------------------------------------------------
RUN-1001 :        Parameters       |  Settings  |  Default Values  |  Note  
RUN-1001 : --------------------------------------------------------------
RUN-1001 :       compress_add      |   ripple   |      ripple      |        
RUN-1001 :        elf_sload        |    off     |       off        |        
RUN-1001 :       fix_undriven      |     0      |        0         |        
RUN-1001 :         flatten         |    off     |       off        |        
RUN-1001 :       gate_sharing      |     on     |        on        |        
RUN-1001 :    hdl_warning_level    |   normal   |      normal      |        
RUN-1001 :   impl_internal_tribuf  |     on     |        on        |        
RUN-1001 :      impl_set_reset     |     on     |        on        |        
RUN-1001 :        infer_gsr        |    off     |       off        |        
RUN-1001 :      keep_hierarchy     |    auto    |       auto       |        
RUN-1001 :        max_fanout       |    9999    |       9999       |        
RUN-1001 :      max_oh2bin_len     |     10     |        10        |        
RUN-1001 :       merge_equal       |     on     |        on        |        
RUN-1001 :       merge_equiv       |     on     |        on        |        
RUN-1001 :        merge_mux        |    off     |       off        |        
RUN-1001 :     min_control_set     |     8      |        8         |        
RUN-1001 :      min_ripple_len     |    auto    |       auto       |        
RUN-1001 :       oh2bin_ratio      |    0.08    |       0.08       |        
RUN-1001 :     opt_adder_fanout    |     on     |        on        |        
RUN-1001 :        opt_arith        |     on     |        on        |        
RUN-1001 :       opt_big_gate      |    off     |       off        |        
RUN-1001 :        opt_const        |     on     |        on        |        
RUN-1001 :      opt_const_mult     |     on     |        on        |        
RUN-1001 :       opt_lessthan      |     on     |        on        |        
RUN-1001 :         opt_mux         |    off     |       off        |        
RUN-1001 :         opt_ram         |    high    |       high       |        
RUN-1001 :      rtl_sim_model      |    off     |       off        |        
RUN-1001 :         seq_syn         |     on     |        on        |        
RUN-1001 : --------------------------------------------------------------
HDL-1007 : analyze verilog file ../rtl/al_ip/SDRAM.v
HDL-1007 : analyze verilog file ../rtl/al_ip/clk_gen.v
HDL-1007 : undeclared symbol 'open', assumed default net type 'wire' in ../rtl/al_ip/clk_gen.v(92)
HDL-1007 : analyze verilog file ../rtl/al_ip/fifo_data.v
HDL-1007 : analyze verilog file al_ip/PLL_VGA.v
HDL-1007 : undeclared symbol 'open', assumed default net type 'wire' in al_ip/PLL_VGA.v(65)
HDL-1007 : analyze verilog file ../rtl/AHBISPSYS/AHBISPSYS.v
HDL-1007 : analyze verilog file ../rtl/AHBISPSYS/conv_mask4.v
HDL-1007 : analyze verilog file ../rtl/AHBISPSYS/conv_mask5.v
HDL-1007 : analyze verilog file ../rtl/AHBISPSYS/conv_mask6.v
HDL-1007 : analyze verilog file ../rtl/AHBISPSYS/demosaic.v
HDL-1007 : analyze verilog file ../rtl/AHBISPSYS/fifo.v
HDL-1007 : analyze verilog file ../rtl/AHBISPSYS/gamma.v
HDL-1007 : analyze verilog file ../rtl/AHBISPSYS/gamma_rom.v
HDL-1007 : analyze verilog file ../rtl/AHBISPSYS/slidingWindow_5X5.v
HDL-1007 : analyze verilog file ../rtl/AHBlite_Block_RAM.v
HDL-1007 : analyze verilog file ../rtl/Block_RAM.v
HDL-1007 : analyze verilog file ../rtl/CortexM0_SoC.v
HDL-1007 : undeclared symbol 'clk_200m', assumed default net type 'wire' in ../rtl/CortexM0_SoC.v(90)
HDL-1007 : undeclared symbol 'row', assumed default net type 'wire' in ../rtl/CortexM0_SoC.v(114)
HDL-1007 : analyze verilog file ../rtl/ahb/AHBlite_Decoder.v
HDL-1007 : analyze verilog file ../rtl/ahb/AHBlite_Interconnect.v
HDL-1007 : analyze verilog file ../rtl/ahb/AHBlite_SlaveMUX.v
HDL-1007 : analyze verilog file ../rtl/apb/cmsdk_ahb_to_apb.v
HDL-1007 : analyze verilog file ../rtl/apb/cmsdk_apb_slave_mux.v
HDL-1007 : analyze verilog file ../rtl/apb_gpio/apb_sdcard.v
HDL-1007 : analyze verilog file ../rtl/apb_sdcard/apb_sdcard.v
HDL-1007 : analyze verilog file ../rtl/apb_sdcard/sd_reader.v
HDL-5007 WARNING: redeclaration of ANSI port 'done' is not allowed in ../rtl/apb_sdcard/sd_reader.v(66)
HDL-1007 : analyze verilog file ../rtl/apb_sdcard/sdcmd_ctrl.v
HDL-1007 : analyze verilog file ../rtl/apb_vga/apb_sdcard.v
HDL-1007 : analyze verilog file ../rtl/apb_vga/vga_ctrl.v
HDL-1007 : analyze verilog file ../rtl/cortexm0ds_logic.v
HDL-1007 : analyze verilog file ../rtl/sdram/ctrl/sdram_a_ref.v
HDL-1007 : analyze verilog file ../rtl/sdram/ctrl/sdram_arbit.v
HDL-1007 : analyze verilog file ../rtl/sdram/ctrl/sdram_ctrl.v
HDL-1007 : analyze verilog file ../rtl/sdram/ctrl/sdram_init.v
HDL-1007 : analyze verilog file ../rtl/sdram/ctrl/sdram_read.v
HDL-1007 : analyze verilog file ../rtl/sdram/ctrl/sdram_write.v
HDL-1007 : analyze verilog file ../rtl/sdram/fifo_ctrl.v
HDL-1007 : analyze verilog file ../rtl/sdram/sdram_top.v
RUN-1001 : Print Global Property
RUN-1001 : ---------------------------------------------------------------
RUN-1001 :        Parameters        |  Settings  |  Default Values  |  Note  
RUN-1001 : ---------------------------------------------------------------
RUN-1001 :          message         |  standard  |     standard     |        
RUN-1001 :   mixed_pack_place_flow  |     on     |        on        |        
RUN-1001 :        qor_monitor       |    off     |       off        |        
RUN-1001 :        syn_ip_flow       |    off     |       off        |        
RUN-1001 :          thread          |    auto    |       auto       |        
RUN-1001 : ---------------------------------------------------------------
RUN-1001 : Print Design Property
RUN-1001 : --------------------------------------------------------------
RUN-1001 :        Parameters       |  Settings  |  Default Values  |  Note  
RUN-1001 : --------------------------------------------------------------
RUN-1001 :   default_reg_initial   |    auto    |       auto       |        
RUN-1001 :        infer_add        |     on     |        on        |        
RUN-1001 :        infer_fsm        |    off     |       off        |        
RUN-1001 :        infer_mult       |     on     |        on        |        
RUN-1001 :        infer_ram        |     on     |        on        |        
RUN-1001 :        infer_reg        |     on     |        on        |        
RUN-1001 :   infer_reg_init_value  |     on     |        on        |        
RUN-1001 :        infer_rom        |     on     |        on        |        
RUN-1001 :      infer_shifter      |     on     |        on        |        
RUN-1001 : --------------------------------------------------------------
RUN-1001 : Print Rtl Property
RUN-1001 : --------------------------------------------------------------
RUN-1001 :        Parameters       |  Settings  |  Default Values  |  Note  
RUN-1001 : --------------------------------------------------------------
RUN-1001 :       compress_add      |   ripple   |      ripple      |        
RUN-1001 :        elf_sload        |    off     |       off        |        
RUN-1001 :       fix_undriven      |     0      |        0         |        
RUN-1001 :         flatten         |    off     |       off        |        
RUN-1001 :       gate_sharing      |     on     |        on        |        
RUN-1001 :    hdl_warning_level    |   normal   |      normal      |        
RUN-1001 :   impl_internal_tribuf  |     on     |        on        |        
RUN-1001 :      impl_set_reset     |     on     |        on        |        
RUN-1001 :        infer_gsr        |    off     |       off        |        
RUN-1001 :      keep_hierarchy     |    auto    |       auto       |        
RUN-1001 :        max_fanout       |    9999    |       9999       |        
RUN-1001 :      max_oh2bin_len     |     10     |        10        |        
RUN-1001 :       merge_equal       |     on     |        on        |        
RUN-1001 :       merge_equiv       |     on     |        on        |        
RUN-1001 :        merge_mux        |    off     |       off        |        
RUN-1001 :     min_control_set     |     8      |        8         |        
RUN-1001 :      min_ripple_len     |    auto    |       auto       |        
RUN-1001 :       oh2bin_ratio      |    0.08    |       0.08       |        
RUN-1001 :     opt_adder_fanout    |     on     |        on        |        
RUN-1001 :        opt_arith        |     on     |        on        |        
RUN-1001 :       opt_big_gate      |    off     |       off        |        
RUN-1001 :        opt_const        |     on     |        on        |        
RUN-1001 :      opt_const_mult     |     on     |        on        |        
RUN-1001 :       opt_lessthan      |     on     |        on        |        
RUN-1001 :         opt_mux         |    off     |       off        |        
RUN-1001 :         opt_ram         |    high    |       high       |        
RUN-1001 :      rtl_sim_model      |    off     |       off        |        
RUN-1001 :         seq_syn         |     on     |        on        |        
RUN-1001 : --------------------------------------------------------------
HDL-1007 : analyze verilog file ../rtl/al_ip/SDRAM.v
HDL-1007 : analyze verilog file ../rtl/al_ip/clk_gen.v
HDL-1007 : undeclared symbol 'open', assumed default net type 'wire' in ../rtl/al_ip/clk_gen.v(92)
HDL-1007 : analyze verilog file ../rtl/al_ip/fifo_data.v
HDL-1007 : analyze verilog file ../rtl/AHBISPSYS/AHBISPSYS.v
HDL-1007 : analyze verilog file ../rtl/AHBISPSYS/conv_mask4.v
HDL-1007 : analyze verilog file ../rtl/AHBISPSYS/conv_mask5.v
HDL-1007 : analyze verilog file ../rtl/AHBISPSYS/conv_mask6.v
HDL-1007 : analyze verilog file ../rtl/AHBISPSYS/demosaic.v
HDL-1007 : analyze verilog file ../rtl/AHBISPSYS/fifo.v
HDL-1007 : analyze verilog file ../rtl/AHBISPSYS/gamma.v
HDL-1007 : analyze verilog file ../rtl/AHBISPSYS/gamma_rom.v
HDL-1007 : analyze verilog file ../rtl/AHBISPSYS/slidingWindow_5X5.v
HDL-1007 : analyze verilog file ../rtl/AHBlite_Block_RAM.v
HDL-1007 : analyze verilog file ../rtl/Block_RAM.v
HDL-1007 : analyze verilog file ../rtl/CortexM0_SoC.v
HDL-1007 : undeclared symbol 'clk_200m', assumed default net type 'wire' in ../rtl/CortexM0_SoC.v(90)
HDL-1007 : undeclared symbol 'row', assumed default net type 'wire' in ../rtl/CortexM0_SoC.v(114)
HDL-1007 : analyze verilog file ../rtl/ahb/AHBlite_Decoder.v
HDL-1007 : analyze verilog file ../rtl/ahb/AHBlite_Interconnect.v
HDL-1007 : analyze verilog file ../rtl/ahb/AHBlite_SlaveMUX.v
HDL-1007 : analyze verilog file ../rtl/apb/cmsdk_ahb_to_apb.v
HDL-1007 : analyze verilog file ../rtl/apb/cmsdk_apb_slave_mux.v
HDL-1007 : analyze verilog file ../rtl/apb_gpio/apb_sdcard.v
HDL-1007 : analyze verilog file ../rtl/apb_sdcard/apb_sdcard.v
HDL-1007 : analyze verilog file ../rtl/apb_sdcard/sd_reader.v
HDL-5007 WARNING: redeclaration of ANSI port 'done' is not allowed in ../rtl/apb_sdcard/sd_reader.v(66)
HDL-1007 : analyze verilog file ../rtl/apb_sdcard/sdcmd_ctrl.v
HDL-1007 : analyze verilog file ../rtl/apb_vga/apb_sdcard.v
HDL-1007 : analyze verilog file ../rtl/apb_vga/vga_ctrl.v
HDL-1007 : analyze verilog file ../rtl/cortexm0ds_logic.v
HDL-1007 : analyze verilog file ../rtl/sdram/ctrl/sdram_a_ref.v
HDL-1007 : analyze verilog file ../rtl/sdram/ctrl/sdram_arbit.v
HDL-1007 : analyze verilog file ../rtl/sdram/ctrl/sdram_ctrl.v
HDL-1007 : analyze verilog file ../rtl/sdram/ctrl/sdram_init.v
HDL-1007 : analyze verilog file ../rtl/sdram/ctrl/sdram_read.v
HDL-1007 : analyze verilog file ../rtl/sdram/ctrl/sdram_write.v
HDL-1007 : analyze verilog file ../rtl/sdram/fifo_ctrl.v
HDL-1007 : analyze verilog file ../rtl/sdram/sdram_top.v
HDL-1007 : analyze verilog file ../rtl/CortexM0_SoC.v
HDL-1007 : undeclared symbol 'clk_150m', assumed default net type 'wire' in ../rtl/CortexM0_SoC.v(89)
HDL-1007 : undeclared symbol 'clk_200m', assumed default net type 'wire' in ../rtl/CortexM0_SoC.v(92)
HDL-1007 : undeclared symbol 'row', assumed default net type 'wire' in ../rtl/CortexM0_SoC.v(112)
RUN-1001 : Print Global Property
RUN-1001 : ---------------------------------------------------------------
RUN-1001 :        Parameters        |  Settings  |  Default Values  |  Note  
RUN-1001 : ---------------------------------------------------------------
RUN-1001 :          message         |  standard  |     standard     |        
RUN-1001 :   mixed_pack_place_flow  |     on     |        on        |        
RUN-1001 :        qor_monitor       |    off     |       off        |        
RUN-1001 :        syn_ip_flow       |    off     |       off        |        
RUN-1001 :          thread          |    auto    |       auto       |        
RUN-1001 : ---------------------------------------------------------------
RUN-1001 : Print Design Property
RUN-1001 : --------------------------------------------------------------
RUN-1001 :        Parameters       |  Settings  |  Default Values  |  Note  
RUN-1001 : --------------------------------------------------------------
RUN-1001 :   default_reg_initial   |    auto    |       auto       |        
RUN-1001 :        infer_add        |     on     |        on        |        
RUN-1001 :        infer_fsm        |    off     |       off        |        
RUN-1001 :        infer_mult       |     on     |        on        |        
RUN-1001 :        infer_ram        |     on     |        on        |        
RUN-1001 :        infer_reg        |     on     |        on        |        
RUN-1001 :   infer_reg_init_value  |     on     |        on        |        
RUN-1001 :        infer_rom        |     on     |        on        |        
RUN-1001 :      infer_shifter      |     on     |        on        |        
RUN-1001 : --------------------------------------------------------------
RUN-1001 : Print Rtl Property
RUN-1001 : --------------------------------------------------------------
RUN-1001 :        Parameters       |  Settings  |  Default Values  |  Note  
RUN-1001 : --------------------------------------------------------------
RUN-1001 :       compress_add      |   ripple   |      ripple      |        
RUN-1001 :        elf_sload        |    off     |       off        |        
RUN-1001 :       fix_undriven      |     0      |        0         |        
RUN-1001 :         flatten         |    off     |       off        |        
RUN-1001 :       gate_sharing      |     on     |        on        |        
RUN-1001 :    hdl_warning_level    |   normal   |      normal      |        
RUN-1001 :   impl_internal_tribuf  |     on     |        on        |        
RUN-1001 :      impl_set_reset     |     on     |        on        |        
RUN-1001 :        infer_gsr        |    off     |       off        |        
RUN-1001 :      keep_hierarchy     |    auto    |       auto       |        
RUN-1001 :        max_fanout       |    9999    |       9999       |        
RUN-1001 :      max_oh2bin_len     |     10     |        10        |        
RUN-1001 :       merge_equal       |     on     |        on        |        
RUN-1001 :       merge_equiv       |     on     |        on        |        
RUN-1001 :        merge_mux        |    off     |       off        |        
RUN-1001 :     min_control_set     |     8      |        8         |        
RUN-1001 :      min_ripple_len     |    auto    |       auto       |        
RUN-1001 :       oh2bin_ratio      |    0.08    |       0.08       |        
RUN-1001 :     opt_adder_fanout    |     on     |        on        |        
RUN-1001 :        opt_arith        |     on     |        on        |        
RUN-1001 :       opt_big_gate      |    off     |       off        |        
RUN-1001 :        opt_const        |     on     |        on        |        
RUN-1001 :      opt_const_mult     |     on     |        on        |        
RUN-1001 :       opt_lessthan      |     on     |        on        |        
RUN-1001 :         opt_mux         |    off     |       off        |        
RUN-1001 :         opt_ram         |    high    |       high       |        
RUN-1001 :      rtl_sim_model      |    off     |       off        |        
RUN-1001 :         seq_syn         |     on     |        on        |        
RUN-1001 : --------------------------------------------------------------
HDL-1007 : analyze verilog file ../rtl/al_ip/SDRAM.v
HDL-1007 : analyze verilog file ../rtl/al_ip/clk_gen.v
HDL-1007 : undeclared symbol 'open', assumed default net type 'wire' in ../rtl/al_ip/clk_gen.v(93)
HDL-1007 : analyze verilog file ../rtl/al_ip/fifo_data.v
HDL-1007 : analyze verilog file ../rtl/AHBISPSYS/AHBISPSYS.v
HDL-1007 : analyze verilog file ../rtl/AHBISPSYS/conv_mask4.v
HDL-1007 : analyze verilog file ../rtl/AHBISPSYS/conv_mask5.v
HDL-1007 : analyze verilog file ../rtl/AHBISPSYS/conv_mask6.v
HDL-1007 : analyze verilog file ../rtl/AHBISPSYS/demosaic.v
HDL-1007 : analyze verilog file ../rtl/AHBISPSYS/fifo.v
HDL-1007 : analyze verilog file ../rtl/AHBISPSYS/gamma.v
HDL-1007 : analyze verilog file ../rtl/AHBISPSYS/gamma_rom.v
HDL-1007 : analyze verilog file ../rtl/AHBISPSYS/slidingWindow_5X5.v
HDL-1007 : analyze verilog file ../rtl/AHBlite_Block_RAM.v
HDL-1007 : analyze verilog file ../rtl/Block_RAM.v
HDL-1007 : analyze verilog file ../rtl/CortexM0_SoC.v
HDL-1007 : undeclared symbol 'clk_150m', assumed default net type 'wire' in ../rtl/CortexM0_SoC.v(89)
HDL-1007 : undeclared symbol 'clk_200m', assumed default net type 'wire' in ../rtl/CortexM0_SoC.v(92)
HDL-1007 : undeclared symbol 'row', assumed default net type 'wire' in ../rtl/CortexM0_SoC.v(112)
HDL-1007 : analyze verilog file ../rtl/ahb/AHBlite_Decoder.v
HDL-1007 : analyze verilog file ../rtl/ahb/AHBlite_Interconnect.v
HDL-1007 : analyze verilog file ../rtl/ahb/AHBlite_SlaveMUX.v
HDL-1007 : analyze verilog file ../rtl/apb/cmsdk_ahb_to_apb.v
HDL-1007 : analyze verilog file ../rtl/apb/cmsdk_apb_slave_mux.v
HDL-1007 : analyze verilog file ../rtl/apb_gpio/apb_sdcard.v
HDL-1007 : analyze verilog file ../rtl/apb_sdcard/apb_sdcard.v
HDL-1007 : analyze verilog file ../rtl/apb_sdcard/sd_reader.v
HDL-5007 WARNING: redeclaration of ANSI port 'done' is not allowed in ../rtl/apb_sdcard/sd_reader.v(66)
HDL-1007 : analyze verilog file ../rtl/apb_sdcard/sdcmd_ctrl.v
HDL-1007 : analyze verilog file ../rtl/apb_vga/apb_sdcard.v
HDL-1007 : analyze verilog file ../rtl/apb_vga/vga_ctrl.v
HDL-1007 : analyze verilog file ../rtl/cortexm0ds_logic.v
HDL-1007 : analyze verilog file ../rtl/sdram/ctrl/sdram_a_ref.v
HDL-1007 : analyze verilog file ../rtl/sdram/ctrl/sdram_arbit.v
HDL-1007 : analyze verilog file ../rtl/sdram/ctrl/sdram_ctrl.v
HDL-1007 : analyze verilog file ../rtl/sdram/ctrl/sdram_init.v
HDL-1007 : analyze verilog file ../rtl/sdram/ctrl/sdram_read.v
HDL-1007 : analyze verilog file ../rtl/sdram/ctrl/sdram_write.v
HDL-1007 : analyze verilog file ../rtl/sdram/fifo_ctrl.v
HDL-1007 : analyze verilog file ../rtl/sdram/sdram_top.v
RUN-1001 : reset_run syn_1 phy_1.
RUN-6001 WARNING: Failed to reset phy_1: some files can't be removed in C:/Users/W1030/Desktop/m0/td/m0soc_Runs/phy_1
RUN-1001 : launch_runs syn_1 phy_1  -jobs 6.
RUN-6001 WARNING: syn_1: run failed.
HDL-1007 : analyze verilog file ../rtl/CortexM0_SoC.v
HDL-1007 : undeclared symbol 'clk_150m', assumed default net type 'wire' in ../rtl/CortexM0_SoC.v(89)
HDL-1007 : undeclared symbol 'clk_200m', assumed default net type 'wire' in ../rtl/CortexM0_SoC.v(92)
HDL-1007 : undeclared symbol 'row', assumed default net type 'wire' in ../rtl/CortexM0_SoC.v(112)
GUI-6001 WARNING: File C:/Users/W1030/Desktop/m0/rtl/sd_vga.sdc does not exist!
RUN-1001 : reset_run syn_1 phy_1.
RUN-1001 : launch_runs syn_1 phy_1  -jobs 6.
RUN-6001 WARNING: syn_1: run failed.
RUN-1001 : Print Global Property
RUN-1001 : ---------------------------------------------------------------
RUN-1001 :        Parameters        |  Settings  |  Default Values  |  Note  
RUN-1001 : ---------------------------------------------------------------
RUN-1001 :          message         |  standard  |     standard     |        
RUN-1001 :   mixed_pack_place_flow  |     on     |        on        |        
RUN-1001 :        qor_monitor       |    off     |       off        |        
RUN-1001 :        syn_ip_flow       |    off     |       off        |        
RUN-1001 :          thread          |    auto    |       auto       |        
RUN-1001 : ---------------------------------------------------------------
RUN-1001 : Print Design Property
RUN-1001 : --------------------------------------------------------------
RUN-1001 :        Parameters       |  Settings  |  Default Values  |  Note  
RUN-1001 : --------------------------------------------------------------
RUN-1001 :   default_reg_initial   |    auto    |       auto       |        
RUN-1001 :        infer_add        |     on     |        on        |        
RUN-1001 :        infer_fsm        |    off     |       off        |        
RUN-1001 :        infer_mult       |     on     |        on        |        
RUN-1001 :        infer_ram        |     on     |        on        |        
RUN-1001 :        infer_reg        |     on     |        on        |        
RUN-1001 :   infer_reg_init_value  |     on     |        on        |        
RUN-1001 :        infer_rom        |     on     |        on        |        
RUN-1001 :      infer_shifter      |     on     |        on        |        
RUN-1001 : --------------------------------------------------------------
RUN-1001 : Print Rtl Property
RUN-1001 : --------------------------------------------------------------
RUN-1001 :        Parameters       |  Settings  |  Default Values  |  Note  
RUN-1001 : --------------------------------------------------------------
RUN-1001 :       compress_add      |   ripple   |      ripple      |        
RUN-1001 :        elf_sload        |    off     |       off        |        
RUN-1001 :       fix_undriven      |     0      |        0         |        
RUN-1001 :         flatten         |    off     |       off        |        
RUN-1001 :       gate_sharing      |     on     |        on        |        
RUN-1001 :    hdl_warning_level    |   normal   |      normal      |        
RUN-1001 :   impl_internal_tribuf  |     on     |        on        |        
RUN-1001 :      impl_set_reset     |     on     |        on        |        
RUN-1001 :        infer_gsr        |    off     |       off        |        
RUN-1001 :      keep_hierarchy     |    auto    |       auto       |        
RUN-1001 :        max_fanout       |    9999    |       9999       |        
RUN-1001 :      max_oh2bin_len     |     10     |        10        |        
RUN-1001 :       merge_equal       |     on     |        on        |        
RUN-1001 :       merge_equiv       |     on     |        on        |        
RUN-1001 :        merge_mux        |    off     |       off        |        
RUN-1001 :     min_control_set     |     8      |        8         |        
RUN-1001 :      min_ripple_len     |    auto    |       auto       |        
RUN-1001 :       oh2bin_ratio      |    0.08    |       0.08       |        
RUN-1001 :     opt_adder_fanout    |     on     |        on        |        
RUN-1001 :        opt_arith        |     on     |        on        |        
RUN-1001 :       opt_big_gate      |    off     |       off        |        
RUN-1001 :        opt_const        |     on     |        on        |        
RUN-1001 :      opt_const_mult     |     on     |        on        |        
RUN-1001 :       opt_lessthan      |     on     |        on        |        
RUN-1001 :         opt_mux         |    off     |       off        |        
RUN-1001 :         opt_ram         |    high    |       high       |        
RUN-1001 :      rtl_sim_model      |    off     |       off        |        
RUN-1001 :         seq_syn         |     on     |        on        |        
RUN-1001 : --------------------------------------------------------------
HDL-1007 : analyze verilog file ../rtl/AHBISPSYS/bypass.v
HDL-1007 : analyze verilog file ../rtl/AHBISPSYS/dual_port_ram_sync.v
RUN-1001 : reset_run syn_1 phy_1.
RUN-1001 : launch_runs syn_1 phy_1  -jobs 6.
RUN-1001 : syn_1: run complete.
RUN-6001 WARNING: phy_1: run failed.
RUN-1001 : open_run phy_1.
RUN-1002 : start command "import_db C:/Users/W1030/Desktop/m0/td/m0soc_Runs/phy_1/m0soc_place.db"
RUN-1001 : Importing database generated by Tang Dynasty, V5.6.71036.
RUN-1001 : Database version number 46146.
RUN-1001 : Import flow parameters
RUN-1001 : Import timing constraints
RUN-1001 : Import IO constraints
RUN-1001 : Import Inst constraints
RUN-1001 : Import design success TD_VERSION=5.6.71036 , DB_VERSION=46146
RUN-1003 : finish command "import_db C:/Users/W1030/Desktop/m0/td/m0soc_Runs/phy_1/m0soc_place.db" in  2.040441s wall, 0.562500s user + 0.140625s system = 0.703125s CPU (34.5%)

RUN-1004 : used memory is 609 MB, reserved memory is 561 MB, peak memory is 947 MB
HDL-1007 : analyze verilog file ../rtl/CortexM0_SoC.v
HDL-1007 : undeclared symbol 'clk_150m', assumed default net type 'wire' in ../rtl/CortexM0_SoC.v(89)
HDL-1007 : undeclared symbol 'clk_200m', assumed default net type 'wire' in ../rtl/CortexM0_SoC.v(92)
HDL-1007 : undeclared symbol 'row', assumed default net type 'wire' in ../rtl/CortexM0_SoC.v(112)
RUN-1001 : Print Global Property
RUN-1001 : ---------------------------------------------------------------
RUN-1001 :        Parameters        |  Settings  |  Default Values  |  Note  
RUN-1001 : ---------------------------------------------------------------
RUN-1001 :          message         |  standard  |     standard     |        
RUN-1001 :   mixed_pack_place_flow  |     on     |        on        |        
RUN-1001 :        qor_monitor       |    off     |       off        |        
RUN-1001 :        syn_ip_flow       |    off     |       off        |        
RUN-1001 :          thread          |    auto    |       auto       |        
RUN-1001 : ---------------------------------------------------------------
RUN-1001 : Print Design Property
RUN-1001 : --------------------------------------------------------------
RUN-1001 :        Parameters       |  Settings  |  Default Values  |  Note  
RUN-1001 : --------------------------------------------------------------
RUN-1001 :   default_reg_initial   |    auto    |       auto       |        
RUN-1001 :        infer_add        |     on     |        on        |        
RUN-1001 :        infer_fsm        |    off     |       off        |        
RUN-1001 :        infer_mult       |     on     |        on        |        
RUN-1001 :        infer_ram        |     on     |        on        |        
RUN-1001 :        infer_reg        |     on     |        on        |        
RUN-1001 :   infer_reg_init_value  |     on     |        on        |        
RUN-1001 :        infer_rom        |     on     |        on        |        
RUN-1001 :      infer_shifter      |     on     |        on        |        
RUN-1001 : --------------------------------------------------------------
RUN-1001 : Print Rtl Property
RUN-1001 : --------------------------------------------------------------
RUN-1001 :        Parameters       |  Settings  |  Default Values  |  Note  
RUN-1001 : --------------------------------------------------------------
RUN-1001 :       compress_add      |   ripple   |      ripple      |        
RUN-1001 :        elf_sload        |    off     |       off        |        
RUN-1001 :       fix_undriven      |     0      |        0         |        
RUN-1001 :         flatten         |    off     |       off        |        
RUN-1001 :       gate_sharing      |     on     |        on        |        
RUN-1001 :    hdl_warning_level    |   normal   |      normal      |        
RUN-1001 :   impl_internal_tribuf  |     on     |        on        |        
RUN-1001 :      impl_set_reset     |     on     |        on        |        
RUN-1001 :        infer_gsr        |    off     |       off        |        
RUN-1001 :      keep_hierarchy     |    auto    |       auto       |        
RUN-1001 :        max_fanout       |    9999    |       9999       |        
RUN-1001 :      max_oh2bin_len     |     10     |        10        |        
RUN-1001 :       merge_equal       |     on     |        on        |        
RUN-1001 :       merge_equiv       |     on     |        on        |        
RUN-1001 :        merge_mux        |    off     |       off        |        
RUN-1001 :     min_control_set     |     8      |        8         |        
RUN-1001 :      min_ripple_len     |    auto    |       auto       |        
RUN-1001 :       oh2bin_ratio      |    0.08    |       0.08       |        
RUN-1001 :     opt_adder_fanout    |     on     |        on        |        
RUN-1001 :        opt_arith        |     on     |        on        |        
RUN-1001 :       opt_big_gate      |    off     |       off        |        
RUN-1001 :        opt_const        |     on     |        on        |        
RUN-1001 :      opt_const_mult     |     on     |        on        |        
RUN-1001 :       opt_lessthan      |     on     |        on        |        
RUN-1001 :         opt_mux         |    off     |       off        |        
RUN-1001 :         opt_ram         |    high    |       high       |        
RUN-1001 :      rtl_sim_model      |    off     |       off        |        
RUN-1001 :         seq_syn         |     on     |        on        |        
RUN-1001 : --------------------------------------------------------------
HDL-1007 : analyze verilog file ../rtl/al_ip/SDRAM.v
HDL-1007 : analyze verilog file ../rtl/al_ip/clk_gen.v
HDL-1007 : undeclared symbol 'open', assumed default net type 'wire' in ../rtl/al_ip/clk_gen.v(93)
HDL-1007 : analyze verilog file ../rtl/al_ip/fifo_data.v
HDL-1007 : analyze verilog file ../rtl/AHBISPSYS/AHBISPSYS.v
HDL-1007 : analyze verilog file ../rtl/AHBISPSYS/conv_mask4.v
HDL-1007 : analyze verilog file ../rtl/AHBISPSYS/conv_mask5.v
HDL-1007 : analyze verilog file ../rtl/AHBISPSYS/conv_mask6.v
HDL-1007 : analyze verilog file ../rtl/AHBISPSYS/demosaic.v
HDL-1007 : analyze verilog file ../rtl/AHBISPSYS/fifo.v
HDL-1007 : analyze verilog file ../rtl/AHBISPSYS/gamma.v
HDL-1007 : analyze verilog file ../rtl/AHBISPSYS/gamma_rom.v
HDL-1007 : analyze verilog file ../rtl/AHBISPSYS/slidingWindow_5X5.v
HDL-1007 : analyze verilog file ../rtl/AHBlite_Block_RAM.v
HDL-1007 : analyze verilog file ../rtl/Block_RAM.v
HDL-1007 : analyze verilog file ../rtl/CortexM0_SoC.v
HDL-1007 : undeclared symbol 'clk_150m', assumed default net type 'wire' in ../rtl/CortexM0_SoC.v(89)
HDL-1007 : undeclared symbol 'clk_200m', assumed default net type 'wire' in ../rtl/CortexM0_SoC.v(92)
HDL-1007 : undeclared symbol 'row', assumed default net type 'wire' in ../rtl/CortexM0_SoC.v(112)
HDL-1007 : analyze verilog file ../rtl/ahb/AHBlite_Decoder.v
HDL-1007 : analyze verilog file ../rtl/ahb/AHBlite_Interconnect.v
HDL-1007 : analyze verilog file ../rtl/ahb/AHBlite_SlaveMUX.v
HDL-1007 : analyze verilog file ../rtl/apb/cmsdk_ahb_to_apb.v
HDL-1007 : analyze verilog file ../rtl/apb/cmsdk_apb_slave_mux.v
HDL-1007 : analyze verilog file ../rtl/apb_gpio/apb_sdcard.v
HDL-1007 : analyze verilog file ../rtl/apb_sdcard/apb_sdcard.v
HDL-1007 : analyze verilog file ../rtl/apb_sdcard/sd_reader.v
HDL-5007 WARNING: redeclaration of ANSI port 'done' is not allowed in ../rtl/apb_sdcard/sd_reader.v(66)
HDL-1007 : analyze verilog file ../rtl/apb_sdcard/sdcmd_ctrl.v
HDL-1007 : analyze verilog file ../rtl/apb_vga/apb_sdcard.v
HDL-1007 : analyze verilog file ../rtl/apb_vga/vga_ctrl.v
HDL-1007 : analyze verilog file ../rtl/cortexm0ds_logic.v
HDL-1007 : analyze verilog file ../rtl/sdram/ctrl/sdram_a_ref.v
HDL-1007 : analyze verilog file ../rtl/sdram/ctrl/sdram_arbit.v
HDL-1007 : analyze verilog file ../rtl/sdram/ctrl/sdram_ctrl.v
HDL-1007 : analyze verilog file ../rtl/sdram/ctrl/sdram_init.v
HDL-1007 : analyze verilog file ../rtl/sdram/ctrl/sdram_read.v
HDL-1007 : analyze verilog file ../rtl/sdram/ctrl/sdram_write.v
HDL-1007 : analyze verilog file ../rtl/sdram/fifo_ctrl.v
HDL-1007 : analyze verilog file ../rtl/sdram/sdram_top.v
HDL-1007 : analyze verilog file ../rtl/AHBISPSYS/bypass.v
HDL-1007 : analyze verilog file ../rtl/apb_sdcard/sd_reader.v
HDL-5007 WARNING: redeclaration of ANSI port 'done' is not allowed in ../rtl/apb_sdcard/sd_reader.v(66)
RUN-1001 : reset_run syn_1 phy_1.
RUN-1001 : launch_runs syn_1 phy_1  -jobs 6.
RUN-1001 : stop_run syn_1.
RUN-1001 : reset_run syn_1 -step opt_gate.
RUN-1001 : syn_1: run complete.
RUN-1001 : open_run syn_1.
RUN-1002 : start command "import_db C:/Users/W1030/Desktop/m0/td/m0soc_Runs/syn_1/m0soc_rtl.db"
RUN-1001 : Importing database generated by Tang Dynasty, V5.6.71036.
RUN-1001 : Database version number 46146.
RUN-1001 : Import flow parameters
RUN-1001 : Import IO constraints
RUN-1001 : Import Inst constraints
RUN-1001 : Import design success TD_VERSION=5.6.71036 , DB_VERSION=46146
RUN-1002 : start command "clean_project m0soc.al"
RUN-1001 : reset_run syn_1.
RUN-1001 : launch_runs syn_1 phy_1  -jobs 6.
RUN-1001 : syn_1: run complete.
RUN-1001 : phy_1: run complete.
RUN-1001 : open_run phy_1.
RUN-1002 : start command "import_db C:/Users/W1030/Desktop/m0/td/m0soc_Runs/phy_1/m0soc_pr.db"
RUN-1001 : Importing database generated by Tang Dynasty, V5.6.71036.
RUN-1001 : Database version number 46146.
RUN-1001 : Import flow parameters
PHY-1001 : Generate detailed routing grids ...
PHY-1001 : Generate nets ...
PHY-1001 : net SWCLK_dup_1 will be routed on clock mesh
PHY-1001 : net clk_dup_7 will be routed on clock mesh
PHY-1001 : net clk_148m_vga_dup_1 will be routed on clock mesh
PHY-1001 : net sd_reader/clk will be routed on clock mesh
PHY-1001 : net sdram_top_inst/fifo_ctrl_inst/sys_clk will be routed on clock mesh
PHY-1001 : eco open net = 0
PHY-5014 WARNING: Detail route doesn't find pib for clk_gen_inst/pll_inst.fbclk[0]
PHY-1001 : 864 feed throughs used by 461 nets
RUN-1001 : Import timing constraints
RUN-1001 : Import IO constraints
RUN-1001 : Import Inst constraints
RUN-1001 : Import design success TD_VERSION=5.6.71036 , DB_VERSION=46146
RUN-1003 : finish command "import_db C:/Users/W1030/Desktop/m0/td/m0soc_Runs/phy_1/m0soc_pr.db" in  7.206872s wall, 4.390625s user + 0.125000s system = 4.515625s CPU (62.7%)

RUN-1004 : used memory is 1100 MB, reserved memory is 1076 MB, peak memory is 1178 MB
RUN-1002 : start command "get_ports clk"
RUN-1001 : Print Global Property
RUN-1001 : ---------------------------------------------------------------
RUN-1001 :        Parameters        |  Settings  |  Default Values  |  Note  
RUN-1001 : ---------------------------------------------------------------
RUN-1001 :          message         |  standard  |     standard     |        
RUN-1001 :   mixed_pack_place_flow  |     on     |        on        |        
RUN-1001 :        qor_monitor       |    off     |       off        |        
RUN-1001 :        syn_ip_flow       |    off     |       off        |        
RUN-1001 :          thread          |    auto    |       auto       |        
RUN-1001 : ---------------------------------------------------------------
RUN-1001 : Print Design Property
RUN-1001 : --------------------------------------------------------------
RUN-1001 :        Parameters       |  Settings  |  Default Values  |  Note  
RUN-1001 : --------------------------------------------------------------
RUN-1001 :   default_reg_initial   |    auto    |       auto       |        
RUN-1001 :        infer_add        |     on     |        on        |        
RUN-1001 :        infer_fsm        |    off     |       off        |        
RUN-1001 :        infer_mult       |     on     |        on        |        
RUN-1001 :        infer_ram        |     on     |        on        |        
RUN-1001 :        infer_reg        |     on     |        on        |        
RUN-1001 :   infer_reg_init_value  |     on     |        on        |        
RUN-1001 :        infer_rom        |     on     |        on        |        
RUN-1001 :      infer_shifter      |     on     |        on        |        
RUN-1001 : --------------------------------------------------------------
RUN-1001 : Print Rtl Property
RUN-1001 : --------------------------------------------------------------
RUN-1001 :        Parameters       |  Settings  |  Default Values  |  Note  
RUN-1001 : --------------------------------------------------------------
RUN-1001 :       compress_add      |   ripple   |      ripple      |        
RUN-1001 :        elf_sload        |    off     |       off        |        
RUN-1001 :       fix_undriven      |     0      |        0         |        
RUN-1001 :         flatten         |    off     |       off        |        
RUN-1001 :       gate_sharing      |     on     |        on        |        
RUN-1001 :    hdl_warning_level    |   normal   |      normal      |        
RUN-1001 :   impl_internal_tribuf  |     on     |        on        |        
RUN-1001 :      impl_set_reset     |     on     |        on        |        
RUN-1001 :        infer_gsr        |    off     |       off        |        
RUN-1001 :      keep_hierarchy     |    auto    |       auto       |        
RUN-1001 :        max_fanout       |    9999    |       9999       |        
RUN-1001 :      max_oh2bin_len     |     10     |        10        |        
RUN-1001 :       merge_equal       |     on     |        on        |        
RUN-1001 :       merge_equiv       |     on     |        on        |        
RUN-1001 :        merge_mux        |    off     |       off        |        
RUN-1001 :     min_control_set     |     8      |        8         |        
RUN-1001 :      min_ripple_len     |    auto    |       auto       |        
RUN-1001 :       oh2bin_ratio      |    0.08    |       0.08       |        
RUN-1001 :     opt_adder_fanout    |     on     |        on        |        
RUN-1001 :        opt_arith        |     on     |        on        |        
RUN-1001 :       opt_big_gate      |    off     |       off        |        
RUN-1001 :        opt_const        |     on     |        on        |        
RUN-1001 :      opt_const_mult     |     on     |        on        |        
RUN-1001 :       opt_lessthan      |     on     |        on        |        
RUN-1001 :         opt_mux         |    off     |       off        |        
RUN-1001 :         opt_ram         |    high    |       high       |        
RUN-1001 :      rtl_sim_model      |    off     |       off        |        
RUN-1001 :         seq_syn         |     on     |        on        |        
RUN-1001 : --------------------------------------------------------------
HDL-1007 : analyze verilog file ../rtl/al_ip/SDRAM.v
HDL-1007 : analyze verilog file ../rtl/al_ip/clk_gen.v
HDL-1007 : undeclared symbol 'open', assumed default net type 'wire' in ../rtl/al_ip/clk_gen.v(93)
HDL-1007 : analyze verilog file ../rtl/al_ip/fifo_data.v
HDL-1007 : analyze verilog file al_ip/sd2isp_fifo.v
HDL-1007 : analyze verilog file ../rtl/AHBISPSYS/AHBISPSYS.v
HDL-1007 : analyze verilog file ../rtl/AHBISPSYS/conv_mask4.v
HDL-1007 : analyze verilog file ../rtl/AHBISPSYS/conv_mask5.v
HDL-1007 : analyze verilog file ../rtl/AHBISPSYS/conv_mask6.v
HDL-1007 : analyze verilog file ../rtl/AHBISPSYS/demosaic.v
HDL-1007 : analyze verilog file ../rtl/AHBISPSYS/fifo.v
HDL-1007 : analyze verilog file ../rtl/AHBISPSYS/gamma.v
HDL-1007 : analyze verilog file ../rtl/AHBISPSYS/gamma_rom.v
HDL-1007 : analyze verilog file ../rtl/AHBISPSYS/slidingWindow_5X5.v
HDL-1007 : analyze verilog file ../rtl/AHBlite_Block_RAM.v
HDL-1007 : analyze verilog file ../rtl/Block_RAM.v
HDL-1007 : analyze verilog file ../rtl/CortexM0_SoC.v
HDL-1007 : undeclared symbol 'clk_150m', assumed default net type 'wire' in ../rtl/CortexM0_SoC.v(89)
HDL-1007 : undeclared symbol 'clk_200m', assumed default net type 'wire' in ../rtl/CortexM0_SoC.v(92)
HDL-1007 : undeclared symbol 'row', assumed default net type 'wire' in ../rtl/CortexM0_SoC.v(112)
HDL-1007 : analyze verilog file ../rtl/ahb/AHBlite_Decoder.v
HDL-1007 : analyze verilog file ../rtl/ahb/AHBlite_Interconnect.v
HDL-1007 : analyze verilog file ../rtl/ahb/AHBlite_SlaveMUX.v
HDL-1007 : analyze verilog file ../rtl/apb/cmsdk_ahb_to_apb.v
HDL-1007 : analyze verilog file ../rtl/apb/cmsdk_apb_slave_mux.v
HDL-1007 : analyze verilog file ../rtl/apb_gpio/apb_sdcard.v
HDL-1007 : analyze verilog file ../rtl/apb_sdcard/apb_sdcard.v
HDL-1007 : analyze verilog file ../rtl/apb_sdcard/sd_reader.v
HDL-5007 WARNING: redeclaration of ANSI port 'done' is not allowed in ../rtl/apb_sdcard/sd_reader.v(66)
HDL-1007 : analyze verilog file ../rtl/apb_sdcard/sdcmd_ctrl.v
HDL-1007 : analyze verilog file ../rtl/apb_vga/apb_sdcard.v
HDL-1007 : analyze verilog file ../rtl/apb_vga/vga_ctrl.v
HDL-1007 : analyze verilog file ../rtl/cortexm0ds_logic.v
HDL-1007 : analyze verilog file ../rtl/sdram/ctrl/sdram_a_ref.v
HDL-1007 : analyze verilog file ../rtl/sdram/ctrl/sdram_arbit.v
HDL-1007 : analyze verilog file ../rtl/sdram/ctrl/sdram_ctrl.v
HDL-1007 : analyze verilog file ../rtl/sdram/ctrl/sdram_init.v
HDL-1007 : analyze verilog file ../rtl/sdram/ctrl/sdram_read.v
HDL-1007 : analyze verilog file ../rtl/sdram/ctrl/sdram_write.v
HDL-1007 : analyze verilog file ../rtl/sdram/fifo_ctrl.v
HDL-1007 : analyze verilog file ../rtl/sdram/sdram_top.v
HDL-1007 : analyze verilog file ../rtl/AHBISPSYS/bypass.v
HDL-1007 : analyze verilog file ../rtl/CortexM0_SoC.v
HDL-1007 : undeclared symbol 'clk_150m', assumed default net type 'wire' in ../rtl/CortexM0_SoC.v(89)
HDL-1007 : undeclared symbol 'clk_200m', assumed default net type 'wire' in ../rtl/CortexM0_SoC.v(92)
HDL-1007 : undeclared symbol 'row', assumed default net type 'wire' in ../rtl/CortexM0_SoC.v(112)
HDL-1007 : undeclared symbol 'isp_fifo_rd', assumed default net type 'wire' in ../rtl/CortexM0_SoC.v(481)
HDL-1007 : undeclared symbol 'isp_din', assumed default net type 'wire' in ../rtl/CortexM0_SoC.v(482)
HDL-1007 : undeclared symbol 'fifo_num', assumed default net type 'wire' in ../rtl/CortexM0_SoC.v(484)
HDL-1007 : undeclared symbol 'sys_rst_n', assumed default net type 'wire' in ../rtl/CortexM0_SoC.v(486)
HDL-1007 : analyze verilog file ../rtl/CortexM0_SoC.v
HDL-1007 : undeclared symbol 'clk_150m', assumed default net type 'wire' in ../rtl/CortexM0_SoC.v(89)
HDL-1007 : undeclared symbol 'clk_200m', assumed default net type 'wire' in ../rtl/CortexM0_SoC.v(92)
HDL-1007 : undeclared symbol 'row', assumed default net type 'wire' in ../rtl/CortexM0_SoC.v(112)
HDL-1007 : undeclared symbol 'isp_din', assumed default net type 'wire' in ../rtl/CortexM0_SoC.v(462)
HDL-1007 : undeclared symbol 'isp_fifo_rd', assumed default net type 'wire' in ../rtl/CortexM0_SoC.v(463)
HDL-1007 : undeclared symbol 'fifo_num', assumed default net type 'wire' in ../rtl/CortexM0_SoC.v(484)
HDL-1007 : analyze verilog file ../rtl/CortexM0_SoC.v
HDL-1007 : undeclared symbol 'clk_150m', assumed default net type 'wire' in ../rtl/CortexM0_SoC.v(89)
HDL-1007 : undeclared symbol 'clk_200m', assumed default net type 'wire' in ../rtl/CortexM0_SoC.v(92)
HDL-1007 : undeclared symbol 'row', assumed default net type 'wire' in ../rtl/CortexM0_SoC.v(112)
HDL-1007 : undeclared symbol 'isp_din', assumed default net type 'wire' in ../rtl/CortexM0_SoC.v(462)
HDL-1007 : undeclared symbol 'isp_fifo_rd', assumed default net type 'wire' in ../rtl/CortexM0_SoC.v(463)
HDL-1007 : undeclared symbol 'fifo_num', assumed default net type 'wire' in ../rtl/CortexM0_SoC.v(484)
RUN-1001 : reset_run syn_1 phy_1.
RUN-1001 : launch_runs syn_1 phy_1  -jobs 6.
RUN-1001 : syn_1: run complete.
RUN-6001 WARNING: phy_1: run failed.
RUN-1001 : open_run phy_1.
RUN-1002 : start command "import_db C:/Users/W1030/Desktop/m0/td/m0soc_Runs/phy_1/m0soc_place.db"
RUN-1001 : Importing database generated by Tang Dynasty, V5.6.71036.
RUN-1001 : Database version number 46146.
RUN-1001 : Import flow parameters
USR-8133 ERROR: No register match the pattern:  fifo/rd_to_wr_cross_inst/primary_addr_gray_reg[*].
RUN-1001 : Import timing constraints
RUN-1001 : Import IO constraints
RUN-1001 : Import Inst constraints
RUN-1001 : Import design success TD_VERSION=5.6.71036 , DB_VERSION=46146
RUN-1003 : finish command "import_db C:/Users/W1030/Desktop/m0/td/m0soc_Runs/phy_1/m0soc_place.db" in  2.612840s wall, 1.703125s user + 0.125000s system = 1.828125s CPU (70.0%)

RUN-1004 : used memory is 770 MB, reserved memory is 811 MB, peak memory is 1332 MB
HDL-1007 : analyze verilog file ../rtl/CortexM0_SoC.v
HDL-1007 : undeclared symbol 'row', assumed default net type 'wire' in ../rtl/CortexM0_SoC.v(111)
HDL-1007 : undeclared symbol 'isp_din', assumed default net type 'wire' in ../rtl/CortexM0_SoC.v(461)
HDL-1007 : undeclared symbol 'isp_fifo_rd', assumed default net type 'wire' in ../rtl/CortexM0_SoC.v(462)
HDL-1007 : undeclared symbol 'fifo_num', assumed default net type 'wire' in ../rtl/CortexM0_SoC.v(483)
HDL-1007 : analyze verilog file ../rtl/CortexM0_SoC.v
HDL-1007 : undeclared symbol 'row', assumed default net type 'wire' in ../rtl/CortexM0_SoC.v(108)
HDL-1007 : undeclared symbol 'isp_din', assumed default net type 'wire' in ../rtl/CortexM0_SoC.v(458)
HDL-1007 : undeclared symbol 'isp_fifo_rd', assumed default net type 'wire' in ../rtl/CortexM0_SoC.v(459)
HDL-1007 : undeclared symbol 'fifo_num', assumed default net type 'wire' in ../rtl/CortexM0_SoC.v(480)
RUN-1001 : reset_run syn_1 phy_1.
RUN-1001 : launch_runs syn_1 phy_1  -jobs 6.
RUN-1001 : stop_run syn_1.
RUN-1001 : reset_run syn_1 -step read_design.
RUN-1001 : syn_1: run complete.
RUN-1002 : start command "clean_project m0soc.al"
RUN-1001 : reset_run syn_1.
RUN-1001 : launch_runs syn_1 phy_1  -jobs 6.
RUN-1001 : syn_1: run complete.
RUN-6001 WARNING: phy_1: run failed.
RUN-1001 : open_run phy_1.
RUN-1002 : start command "import_db C:/Users/W1030/Desktop/m0/td/m0soc_Runs/phy_1/m0soc_place.db"
RUN-1001 : Importing database generated by Tang Dynasty, V5.6.71036.
RUN-1001 : Database version number 46146.
RUN-1001 : Import flow parameters
USR-8133 ERROR: No register match the pattern:  fifo/rd_to_wr_cross_inst/primary_addr_gray_reg[*].
RUN-1001 : Import timing constraints
RUN-1001 : Import IO constraints
RUN-1001 : Import Inst constraints
RUN-1001 : Import design success TD_VERSION=5.6.71036 , DB_VERSION=46146
RUN-1003 : finish command "import_db C:/Users/W1030/Desktop/m0/td/m0soc_Runs/phy_1/m0soc_place.db" in  1.977066s wall, 0.609375s user + 0.000000s system = 0.609375s CPU (30.8%)

RUN-1004 : used memory is 770 MB, reserved memory is 778 MB, peak memory is 1332 MB
