============================================================
   Tang Dynasty, V5.6.71036
      Copyright (c) 2012-2023 Anlogic Inc.
   Executable = D:/eg4s20/TD 5.6.2/bin/td.exe
   Built at =   20:34:38 Mar 21 2023
   Run by =     W1030
   Run Date =   Wed May 15 11:32:08 2024

   Run on =     LMZS
============================================================
RUN-1001 : open_run phy_1.
RUN-1002 : start command "import_db C:/Users/W1030/Desktop/m0/td/m0soc_Runs/phy_1/m0soc_pr.db"
RUN-1001 : Importing database generated by Tang Dynasty, V5.6.71036.
RUN-1001 : Database version number 46146.
RUN-1001 : Import flow parameters
PHY-1001 : Generate detailed routing grids ...
PHY-1001 : Generate nets ...
PHY-1001 : net SWCLK_dup_1 will be routed on clock mesh
PHY-1001 : net clk_dup_11 will be routed on clock mesh
PHY-1001 : net clk_148m_vga_dup_1 will be routed on clock mesh
PHY-1001 : net sd_reader/clk will be routed on clock mesh
PHY-1001 : net sdram_top_inst/fifo_ctrl_inst/sys_clk will be routed on clock mesh
PHY-1001 : eco open net = 0
PHY-5014 WARNING: Detail route doesn't find pib for clk_gen_inst/pll_inst.fbclk[0]
PHY-1001 : 277 feed throughs used by 152 nets
RUN-1001 : Import timing constraints
RUN-1001 : Import IO constraints
RUN-1001 : Import Inst constraints
RUN-1001 : Import design success TD_VERSION=5.6.71036 , DB_VERSION=46146
RUN-1003 : finish command "import_db C:/Users/W1030/Desktop/m0/td/m0soc_Runs/phy_1/m0soc_pr.db" in  6.732545s wall, 1.484375s user + 0.078125s system = 1.562500s CPU (23.2%)

RUN-1004 : used memory is 735 MB, reserved memory is 731 MB, peak memory is 782 MB
RUN-1002 : start command "download -bit m0soc_Runs\phy_1\m0soc.bit -mode jtag -spd 7 -sec 64 -cable 0"
PRG-2014 : Chip validation success: EAGLE_S20_BG256
RUN-1002 : start command "bit_to_vec -chip EAGLE_S20_BG256 -m jtag_burst -freq 4 -bit m0soc_Runs/phy_1/m0soc.bit"
RUN-1002 : start command "program -cable 0 -mode svf -spd 7 -p"
RUN-1003 : finish command "program -cable 0 -mode svf -spd 7 -p" in  7.400389s wall, 0.046875s user + 0.171875s system = 0.218750s CPU (3.0%)

RUN-1004 : used memory is 782 MB, reserved memory is 760 MB, peak memory is 799 MB
RUN-1003 : finish command "download -bit m0soc_Runs\phy_1\m0soc.bit -mode jtag -spd 7 -sec 64 -cable 0" in  7.620872s wall, 0.093750s user + 0.187500s system = 0.281250s CPU (3.7%)

RUN-1004 : used memory is 782 MB, reserved memory is 760 MB, peak memory is 799 MB
GUI-1001 : Downloading succeeded!
HDL-1007 : analyze verilog file ../rtl/apb_sdcard/sd_reader.v
HDL-8007 ERROR: */ is outside a comment in ../rtl/apb_sdcard/sd_reader.v(158)
HDL-8007 ERROR: ignore module module due to previous errors in ../rtl/apb_sdcard/sd_reader.v(10)
HDL-1007 : Verilog file '../rtl/apb_sdcard/sd_reader.v' ignored due to errors
RUN-1001 : reset_run syn_1 phy_1.
GUI-6001 WARNING: File C:/Users/W1030/Desktop/m0/td/m0soc_Runs/phy_1/m0soc.bit does not exist!
RUN-1001 : launch_runs syn_1 phy_1  -jobs 6.
RUN-6001 WARNING: syn_1: run failed.
GUI-5005 WARNING: Unknown file icon ...
HDL-1007 : analyze verilog file ../rtl/apb_sdcard/sd_reader.v
HDL-5007 WARNING: data object 'bcnt' is already declared in ../rtl/apb_sdcard/sd_reader.v(238)
HDL-1007 : previous declaration of 'bcnt' is from here in ../rtl/apb_sdcard/sd_reader.v(146)
HDL-5007 WARNING: second declaration of 'bcnt' is ignored in ../rtl/apb_sdcard/sd_reader.v(238)
HDL-1007 : analyze verilog file ../rtl/apb_sdcard/sd_reader.v
HDL-5007 WARNING: data object 'bcnt' is already declared in ../rtl/apb_sdcard/sd_reader.v(239)
HDL-1007 : previous declaration of 'bcnt' is from here in ../rtl/apb_sdcard/sd_reader.v(146)
HDL-5007 WARNING: second declaration of 'bcnt' is ignored in ../rtl/apb_sdcard/sd_reader.v(239)
HDL-1007 : analyze verilog file ../rtl/apb_sdcard/sd_reader.v
RUN-1001 : reset_run syn_1 phy_1.
RUN-1001 : launch_runs syn_1 phy_1  -jobs 6.
RUN-6001 WARNING: syn_1: run failed.
HDL-1007 : analyze verilog file ../rtl/apb_sdcard/sd_reader.v
RUN-1001 : reset_run syn_1 phy_1.
RUN-1001 : launch_runs syn_1 phy_1  -jobs 6.
RUN-6001 WARNING: syn_1: run failed.
HDL-1007 : analyze verilog file ../rtl/apb_sdcard/sd_reader.v
RUN-1001 : reset_run syn_1 phy_1.
RUN-1001 : launch_runs syn_1 phy_1  -jobs 6.
RUN-1001 : syn_1: run complete.
RUN-1001 : phy_1: run complete.
RUN-1001 : open_run phy_1.
RUN-1002 : start command "import_db C:/Users/W1030/Desktop/m0/td/m0soc_Runs/phy_1/m0soc_pr.db"
RUN-1001 : Importing database generated by Tang Dynasty, V5.6.71036.
RUN-1001 : Database version number 46146.
RUN-1001 : Import flow parameters
PHY-1001 : Generate detailed routing grids ...
PHY-1001 : Generate nets ...
PHY-1001 : net SWCLK_dup_1 will be routed on clock mesh
PHY-1001 : net clk_dup_11 will be routed on clock mesh
PHY-1001 : net clk_148m_vga_dup_1 will be routed on clock mesh
PHY-1001 : net sd_reader/clk will be routed on clock mesh
PHY-1001 : net sdram_top_inst/fifo_ctrl_inst/sys_clk will be routed on clock mesh
PHY-1001 : eco open net = 0
PHY-5014 WARNING: Detail route doesn't find pib for clk_gen_inst/pll_inst.fbclk[0]
PHY-1001 : 309 feed throughs used by 157 nets
RUN-1001 : Import timing constraints
RUN-1001 : Import IO constraints
RUN-1001 : Import Inst constraints
RUN-1001 : Import design success TD_VERSION=5.6.71036 , DB_VERSION=46146
RUN-1003 : finish command "import_db C:/Users/W1030/Desktop/m0/td/m0soc_Runs/phy_1/m0soc_pr.db" in  4.674924s wall, 1.812500s user + 0.265625s system = 2.078125s CPU (44.5%)

RUN-1004 : used memory is 877 MB, reserved memory is 854 MB, peak memory is 885 MB
RUN-1002 : start command "download -bit m0soc_Runs\phy_1\m0soc.bit -mode jtag -spd 7 -sec 64 -cable 0"
PRG-2014 : Chip validation success: EAGLE_S20_BG256
RUN-1002 : start command "bit_to_vec -chip EAGLE_S20_BG256 -m jtag_burst -freq 4 -bit m0soc_Runs/phy_1/m0soc.bit"
RUN-1002 : start command "program -cable 0 -mode svf -spd 7 -p"
RUN-1003 : finish command "program -cable 0 -mode svf -spd 7 -p" in  7.468485s wall, 0.109375s user + 0.328125s system = 0.437500s CPU (5.9%)

RUN-1004 : used memory is 902 MB, reserved memory is 879 MB, peak memory is 920 MB
RUN-1003 : finish command "download -bit m0soc_Runs\phy_1\m0soc.bit -mode jtag -spd 7 -sec 64 -cable 0" in  7.685465s wall, 0.187500s user + 0.343750s system = 0.531250s CPU (6.9%)

RUN-1004 : used memory is 902 MB, reserved memory is 879 MB, peak memory is 920 MB
GUI-1001 : Downloading succeeded!
RUN-1002 : start command "download -bit m0soc_Runs\phy_1\m0soc.bit -mode jtag -spd 7 -sec 64 -cable 0"
PRG-2014 : Chip validation success: EAGLE_S20_BG256
RUN-1002 : start command "bit_to_vec -chip EAGLE_S20_BG256 -m jtag_burst -freq 4 -bit m0soc_Runs/phy_1/m0soc.bit"
RUN-1002 : start command "program -cable 0 -mode svf -spd 7 -p"
RUN-1003 : finish command "program -cable 0 -mode svf -spd 7 -p" in  7.024416s wall, 0.015625s user + 0.125000s system = 0.140625s CPU (2.0%)

RUN-1004 : used memory is 904 MB, reserved memory is 881 MB, peak memory is 923 MB
RUN-1003 : finish command "download -bit m0soc_Runs\phy_1\m0soc.bit -mode jtag -spd 7 -sec 64 -cable 0" in  7.247395s wall, 0.078125s user + 0.156250s system = 0.234375s CPU (3.2%)

RUN-1004 : used memory is 904 MB, reserved memory is 881 MB, peak memory is 923 MB
GUI-1001 : Downloading succeeded!
RUN-1002 : start command "download -bit m0soc_Runs\phy_1\m0soc.bit -mode jtag -spd 7 -sec 64 -cable 0"
PRG-9505 ERROR: USB device open error, please re-connect the USB cable!
PRG-9505 ERROR: USB device open error, please re-connect the USB cable!
PRG-9525 ERROR: Chip validation failed! Please check the connection or type of chip!
GUI-8702 ERROR: Downloading failed!
RUN-1002 : start command "download -bit m0soc_Runs\phy_1\m0soc.bit -mode jtag -spd 7 -sec 64 -cable 0"
PRG-2014 : Chip validation success: EAGLE_S20_BG256
RUN-1002 : start command "bit_to_vec -chip EAGLE_S20_BG256 -m jtag_burst -freq 4 -bit m0soc_Runs/phy_1/m0soc.bit"
RUN-1002 : start command "program -cable 0 -mode svf -spd 7 -p"
RUN-1003 : finish command "program -cable 0 -mode svf -spd 7 -p" in  7.331009s wall, 0.109375s user + 0.078125s system = 0.187500s CPU (2.6%)

RUN-1004 : used memory is 845 MB, reserved memory is 875 MB, peak memory is 923 MB
RUN-1003 : finish command "download -bit m0soc_Runs\phy_1\m0soc.bit -mode jtag -spd 7 -sec 64 -cable 0" in  7.548742s wall, 0.203125s user + 0.078125s system = 0.281250s CPU (3.7%)

RUN-1004 : used memory is 845 MB, reserved memory is 875 MB, peak memory is 923 MB
GUI-1001 : Downloading succeeded!
HDL-1007 : analyze verilog file ../rtl/CortexM0_SoC.v
HDL-1007 : undeclared symbol 'row', assumed default net type 'wire' in ../rtl/CortexM0_SoC.v(105)
RUN-1001 : reset_run syn_1 phy_1.
GUI-6001 WARNING: File C:/Users/W1030/Desktop/m0/td/m0soc_Runs/phy_1/m0soc.bit does not exist!
RUN-1001 : launch_runs syn_1 phy_1  -jobs 6.
RUN-1001 : syn_1: run complete.
RUN-1001 : phy_1: run complete.
RUN-1001 : open_run phy_1.
RUN-1002 : start command "import_db C:/Users/W1030/Desktop/m0/td/m0soc_Runs/phy_1/m0soc_pr.db"
RUN-1001 : Importing database generated by Tang Dynasty, V5.6.71036.
RUN-1001 : Database version number 46146.
RUN-1001 : Import flow parameters
PHY-1001 : Generate detailed routing grids ...
PHY-1001 : Generate nets ...
PHY-1001 : net SWCLK_dup_1 will be routed on clock mesh
PHY-1001 : net clk_dup_11 will be routed on clock mesh
PHY-1001 : net clk_148m_vga_dup_1 will be routed on clock mesh
PHY-1001 : net sdram_top_inst/sys_clk will be routed on clock mesh
PHY-1001 : eco open net = 0
PHY-5014 WARNING: Detail route doesn't find pib for clk_gen_inst/pll_inst.fbclk[0]
PHY-1001 : 334 feed throughs used by 142 nets
RUN-1001 : Import timing constraints
RUN-1001 : Import IO constraints
RUN-1001 : Import Inst constraints
RUN-1001 : Import design success TD_VERSION=5.6.71036 , DB_VERSION=46146
RUN-1003 : finish command "import_db C:/Users/W1030/Desktop/m0/td/m0soc_Runs/phy_1/m0soc_pr.db" in  4.646416s wall, 2.312500s user + 0.156250s system = 2.468750s CPU (53.1%)

RUN-1004 : used memory is 876 MB, reserved memory is 894 MB, peak memory is 923 MB
RUN-1002 : start command "download -bit m0soc_Runs\phy_1\m0soc.bit -mode jtag -spd 7 -sec 64 -cable 0"
PRG-2014 : Chip validation success: EAGLE_S20_BG256
RUN-1002 : start command "bit_to_vec -chip EAGLE_S20_BG256 -m jtag_burst -freq 4 -bit m0soc_Runs/phy_1/m0soc.bit"
RUN-1002 : start command "program -cable 0 -mode svf -spd 7 -p"
RUN-1003 : finish command "program -cable 0 -mode svf -spd 7 -p" in  7.337580s wall, 0.015625s user + 0.140625s system = 0.156250s CPU (2.1%)

RUN-1004 : used memory is 904 MB, reserved memory is 921 MB, peak memory is 923 MB
RUN-1003 : finish command "download -bit m0soc_Runs\phy_1\m0soc.bit -mode jtag -spd 7 -sec 64 -cable 0" in  7.557647s wall, 0.093750s user + 0.140625s system = 0.234375s CPU (3.1%)

RUN-1004 : used memory is 904 MB, reserved memory is 921 MB, peak memory is 923 MB
GUI-1001 : Downloading succeeded!
HDL-1007 : analyze verilog file ../rtl/CortexM0_SoC.v
HDL-1007 : undeclared symbol 'row', assumed default net type 'wire' in ../rtl/CortexM0_SoC.v(105)
RUN-1001 : reset_run syn_1 phy_1.
GUI-6001 WARNING: File C:/Users/W1030/Desktop/m0/td/m0soc_Runs/phy_1/m0soc.bit does not exist!
RUN-1001 : launch_runs syn_1 phy_1  -jobs 6.
RUN-1001 : syn_1: run complete.
RUN-1001 : phy_1: run complete.
RUN-1001 : open_run phy_1.
RUN-1002 : start command "import_db C:/Users/W1030/Desktop/m0/td/m0soc_Runs/phy_1/m0soc_pr.db"
RUN-1001 : Importing database generated by Tang Dynasty, V5.6.71036.
RUN-1001 : Database version number 46146.
RUN-1001 : Import flow parameters
PHY-1001 : Generate detailed routing grids ...
PHY-1001 : Generate nets ...
PHY-1001 : net SWCLK_dup_1 will be routed on clock mesh
PHY-1001 : net clk_dup_11 will be routed on clock mesh
PHY-1001 : net clk_148m_vga_dup_1 will be routed on clock mesh
PHY-1001 : net sd_reader/clk will be routed on clock mesh
PHY-1001 : net sdram_top_inst/fifo_ctrl_inst/sys_clk will be routed on clock mesh
PHY-1001 : eco open net = 0
PHY-5014 WARNING: Detail route doesn't find pib for clk_gen_inst/pll_inst.fbclk[0]
PHY-1001 : 309 feed throughs used by 157 nets
RUN-1001 : Import timing constraints
RUN-1001 : Import IO constraints
RUN-1001 : Import Inst constraints
RUN-1001 : Import design success TD_VERSION=5.6.71036 , DB_VERSION=46146
RUN-1003 : finish command "import_db C:/Users/W1030/Desktop/m0/td/m0soc_Runs/phy_1/m0soc_pr.db" in  4.648188s wall, 2.859375s user + 0.171875s system = 3.031250s CPU (65.2%)

RUN-1004 : used memory is 891 MB, reserved memory is 907 MB, peak memory is 923 MB
RUN-1002 : start command "download -bit m0soc_Runs\phy_1\m0soc.bit -mode jtag -spd 7 -sec 64 -cable 0"
PRG-2014 : Chip validation success: EAGLE_S20_BG256
RUN-1002 : start command "bit_to_vec -chip EAGLE_S20_BG256 -m jtag_burst -freq 4 -bit m0soc_Runs/phy_1/m0soc.bit"
RUN-1002 : start command "program -cable 0 -mode svf -spd 7 -p"
RUN-1003 : finish command "program -cable 0 -mode svf -spd 7 -p" in  7.123776s wall, 0.078125s user + 0.046875s system = 0.125000s CPU (1.8%)

RUN-1004 : used memory is 918 MB, reserved memory is 935 MB, peak memory is 937 MB
RUN-1003 : finish command "download -bit m0soc_Runs\phy_1\m0soc.bit -mode jtag -spd 7 -sec 64 -cable 0" in  7.345422s wall, 0.140625s user + 0.046875s system = 0.187500s CPU (2.6%)

RUN-1004 : used memory is 918 MB, reserved memory is 935 MB, peak memory is 937 MB
GUI-1001 : Downloading succeeded!
