============================================================
   Tang Dynasty, V5.6.71036
      Copyright (c) 2012-2023 Anlogic Inc.
   Executable = D:/eg4s20/TD 5.6.2/bin/td.exe
   Built at =   20:34:38 Mar 21 2023
   Run by =     W1030
   Run Date =   Tue Apr 30 17:32:46 2024

   Run on =     LMZS
============================================================
RUN-1001 : open_run phy_1.
RUN-1002 : start command "import_db C:/Users/W1030/Desktop/m0/td/m0soc_Runs/phy_1/m0soc_pr.db"
RUN-1001 : Importing database generated by Tang Dynasty, V5.6.71036.
RUN-1001 : Database version number 46146.
RUN-1001 : Import flow parameters
PHY-1001 : Generate detailed routing grids ...
PHY-1001 : Generate nets ...
PHY-5010 WARNING: Net PADDR[11] is skipped due to 0 input or output
PHY-5010 WARNING: Net PADDR[10] is skipped due to 0 input or output
PHY-5010 WARNING: Net PADDR[9] is skipped due to 0 input or output
PHY-5010 WARNING: Net PADDR[8] is skipped due to 0 input or output
PHY-5010 WARNING: Net PADDR[7] is skipped due to 0 input or output
PHY-5010 WARNING: Net PADDR[6] is skipped due to 0 input or output
PHY-5010 WARNING: Net PADDR[5] is skipped due to 0 input or output
PHY-5010 WARNING: Net PADDR[4] is skipped due to 0 input or output
PHY-5010 WARNING: Net PADDR[3] is skipped due to 0 input or output
PHY-1001 : net SWCLK_dup_1 will be routed on clock mesh
PHY-1001 : net clk_dup_7 will be routed on clock mesh
PHY-1001 : net clk_148m_vga_dup_1 will be routed on clock mesh
PHY-5010 WARNING: Net isp_out_data[15] is skipped due to 0 input or output
PHY-5010 Similar messages will be suppressed.
PHY-1001 : clock net clk_gen_inst/clk0_out will be merged with clock clk_gen_inst/clk0_buf
PHY-1001 : net sdram_top_inst/fifo_ctrl_inst/wr_fifo_data/wr_to_rd_cross_inst/secondary_clk_i will be routed on clock mesh
PHY-1001 : eco open net = 0
PHY-1001 : 662 feed throughs used by 365 nets
RUN-1001 : Import timing constraints
RUN-1001 : Import IO constraints
RUN-1001 : Import Inst constraints
RUN-1001 : Import design success TD_VERSION=5.6.71036 , DB_VERSION=46146
RUN-1003 : finish command "import_db C:/Users/W1030/Desktop/m0/td/m0soc_Runs/phy_1/m0soc_pr.db" in  8.349166s wall, 4.703125s user + 0.140625s system = 4.843750s CPU (58.0%)

RUN-1004 : used memory is 842 MB, reserved memory is 837 MB, peak memory is 904 MB
RUN-1002 : start command "download -bit m0soc_Runs\phy_1\m0soc.bit -mode jtag -spd 7 -sec 64 -cable 0"
PRG-2014 : Chip validation success: EAGLE_S20_BG256
RUN-1002 : start command "bit_to_vec -chip EAGLE_S20_BG256 -m jtag_burst -freq 4 -bit m0soc_Runs/phy_1/m0soc.bit"
RUN-1002 : start command "program -cable 0 -mode svf -spd 7 -p"
RUN-1003 : finish command "program -cable 0 -mode svf -spd 7 -p" in  7.403561s wall, 0.031250s user + 0.156250s system = 0.187500s CPU (2.5%)

RUN-1004 : used memory is 919 MB, reserved memory is 897 MB, peak memory is 938 MB
RUN-1003 : finish command "download -bit m0soc_Runs\phy_1\m0soc.bit -mode jtag -spd 7 -sec 64 -cable 0" in  7.631706s wall, 0.125000s user + 0.171875s system = 0.296875s CPU (3.9%)

RUN-1004 : used memory is 919 MB, reserved memory is 897 MB, peak memory is 938 MB
GUI-1001 : Downloading succeeded!
HDL-1007 : analyze verilog file ../rtl/CortexM0_SoC.v
HDL-1007 : undeclared symbol 'clk_200m', assumed default net type 'wire' in ../rtl/CortexM0_SoC.v(94)
HDL-1007 : undeclared symbol 'row', assumed default net type 'wire' in ../rtl/CortexM0_SoC.v(115)
HDL-1007 : analyze verilog file ../rtl/CortexM0_SoC.v
HDL-1007 : undeclared symbol 'clk_200m', assumed default net type 'wire' in ../rtl/CortexM0_SoC.v(94)
HDL-1007 : undeclared symbol 'row', assumed default net type 'wire' in ../rtl/CortexM0_SoC.v(115)
HDL-1007 : analyze verilog file ../rtl/CortexM0_SoC.v
HDL-1007 : undeclared symbol 'clk_200m', assumed default net type 'wire' in ../rtl/CortexM0_SoC.v(94)
HDL-1007 : undeclared symbol 'row', assumed default net type 'wire' in ../rtl/CortexM0_SoC.v(115)
HDL-1007 : analyze verilog file ../rtl/apb_sdcard/sd_reader.v
HDL-5007 WARNING: redeclaration of ANSI port 'done' is not allowed in ../rtl/apb_sdcard/sd_reader.v(66)
RUN-1001 : reset_run syn_1 phy_1.
RUN-6001 WARNING: Failed to reset phy_1: some files can't be removed in C:/Users/W1030/Desktop/m0/td/m0soc_Runs/phy_1
GUI-6001 WARNING: File C:/Users/W1030/Desktop/m0/td/m0soc_Runs/phy_1/m0soc.bit does not exist!
RUN-1001 : launch_runs syn_1 phy_1  -jobs 6.
RUN-1001 : syn_1: run complete.
RUN-1001 : phy_1: run complete.
RUN-1001 : open_run phy_1.
RUN-1002 : start command "import_db C:/Users/W1030/Desktop/m0/td/m0soc_Runs/phy_1/m0soc_pr.db"
RUN-1001 : Importing database generated by Tang Dynasty, V5.6.71036.
RUN-1001 : Database version number 46146.
RUN-1001 : Import flow parameters
PHY-1001 : Generate detailed routing grids ...
PHY-1001 : Generate nets ...
PHY-5010 WARNING: Net PADDR[11] is skipped due to 0 input or output
PHY-5010 WARNING: Net PADDR[10] is skipped due to 0 input or output
PHY-5010 WARNING: Net PADDR[9] is skipped due to 0 input or output
PHY-5010 WARNING: Net PADDR[8] is skipped due to 0 input or output
PHY-5010 WARNING: Net PADDR[7] is skipped due to 0 input or output
PHY-5010 WARNING: Net PADDR[6] is skipped due to 0 input or output
PHY-5010 WARNING: Net PADDR[5] is skipped due to 0 input or output
PHY-5010 WARNING: Net PADDR[4] is skipped due to 0 input or output
PHY-5010 WARNING: Net PADDR[3] is skipped due to 0 input or output
PHY-1001 : net SWCLK_dup_1 will be routed on clock mesh
PHY-1001 : net clk_dup_7 will be routed on clock mesh
PHY-1001 : net clk_148m_vga_dup_1 will be routed on clock mesh
PHY-5010 WARNING: Net isp_out_data[15] is skipped due to 0 input or output
PHY-5010 Similar messages will be suppressed.
PHY-1001 : clock net clk_gen_inst/clk0_out will be merged with clock clk_gen_inst/clk0_buf
PHY-1001 : net sd_reader/clk will be routed on clock mesh
PHY-1001 : net sdram_top_inst/fifo_ctrl_inst/sys_clk will be routed on clock mesh
PHY-1001 : eco open net = 0
PHY-1001 : 677 feed throughs used by 361 nets
RUN-1001 : Import timing constraints
RUN-1001 : Import IO constraints
RUN-1001 : Import Inst constraints
RUN-1001 : Import design success TD_VERSION=5.6.71036 , DB_VERSION=46146
RUN-1003 : finish command "import_db C:/Users/W1030/Desktop/m0/td/m0soc_Runs/phy_1/m0soc_pr.db" in  6.401607s wall, 1.500000s user + 0.156250s system = 1.656250s CPU (25.9%)

RUN-1004 : used memory is 920 MB, reserved memory is 894 MB, peak memory is 981 MB
RUN-1002 : start command "download -bit m0soc_Runs\phy_1\m0soc.bit -mode jtag -spd 7 -sec 64 -cable 0"
PRG-2014 : Chip validation success: EAGLE_S20_BG256
RUN-1002 : start command "bit_to_vec -chip EAGLE_S20_BG256 -m jtag_burst -freq 4 -bit m0soc_Runs/phy_1/m0soc.bit"
RUN-1002 : start command "program -cable 0 -mode svf -spd 7 -p"
RUN-1003 : finish command "program -cable 0 -mode svf -spd 7 -p" in  7.522190s wall, 0.078125s user + 0.265625s system = 0.343750s CPU (4.6%)

RUN-1004 : used memory is 951 MB, reserved memory is 922 MB, peak memory is 981 MB
RUN-1003 : finish command "download -bit m0soc_Runs\phy_1\m0soc.bit -mode jtag -spd 7 -sec 64 -cable 0" in  7.758998s wall, 0.171875s user + 0.265625s system = 0.437500s CPU (5.6%)

RUN-1004 : used memory is 951 MB, reserved memory is 922 MB, peak memory is 981 MB
GUI-1001 : Downloading succeeded!
RUN-1002 : start command "download -bit m0soc_Runs\phy_1\m0soc.bit -mode jtag -spd 7 -sec 64 -cable 0"
PRG-2014 : Chip validation success: EAGLE_S20_BG256
RUN-1002 : start command "bit_to_vec -chip EAGLE_S20_BG256 -m jtag_burst -freq 4 -bit m0soc_Runs/phy_1/m0soc.bit"
RUN-1002 : start command "program -cable 0 -mode svf -spd 7 -p"
RUN-1003 : finish command "program -cable 0 -mode svf -spd 7 -p" in  7.408026s wall, 0.093750s user + 0.078125s system = 0.171875s CPU (2.3%)

RUN-1004 : used memory is 954 MB, reserved memory is 926 MB, peak memory is 981 MB
RUN-1003 : finish command "download -bit m0soc_Runs\phy_1\m0soc.bit -mode jtag -spd 7 -sec 64 -cable 0" in  7.633455s wall, 0.140625s user + 0.093750s system = 0.234375s CPU (3.1%)

RUN-1004 : used memory is 954 MB, reserved memory is 926 MB, peak memory is 981 MB
GUI-1001 : Downloading succeeded!
RUN-1002 : start command "config_chipwatcher -sp ahb.cwc -dir "
KIT-1004 : ChipWatcher: import watcher inst auto_chipwatcher_0 completed, there are 4 view nodes, 34 trigger nets, 34 data nets.
KIT-1004 : Chipwatcher code = 1011101000011111
GUI-1001 : Import ahb.cwc success!
GUI-1001 : User opens ChipWatcher ...
PRG-1000 : <!-- HMAC is: 9bb7d4ceb8e8b82c7ae3cc43dc50cb4b2f46009a5cc789c330b785e25425ddee -->
GUI-1001 : User closes ChipWatcher ...
RUN-1001 : reset_run syn_1 phy_1.
GUI-6001 WARNING: File C:/Users/W1030/Desktop/m0/td/m0soc_Runs/phy_1/m0soc.bit does not exist!
RUN-1001 : launch_runs syn_1 phy_1  -jobs 6.
RUN-1001 : syn_1: run complete.
RUN-1001 : phy_1: run complete.
RUN-1001 : open_run phy_1.
RUN-1002 : start command "import_db C:/Users/W1030/Desktop/m0/td/m0soc_Runs/phy_1/m0soc_pr.db"
RUN-1001 : Importing database generated by Tang Dynasty, V5.6.71036.
RUN-1001 : Database version number 46146.
RUN-1001 : Import flow parameters
PHY-1001 : Generate detailed routing grids ...
PHY-1001 : Generate nets ...
PHY-5010 WARNING: Net PADDR[11] is skipped due to 0 input or output
PHY-5010 WARNING: Net PADDR[10] is skipped due to 0 input or output
PHY-5010 WARNING: Net PADDR[9] is skipped due to 0 input or output
PHY-5010 WARNING: Net PADDR[8] is skipped due to 0 input or output
PHY-5010 WARNING: Net PADDR[7] is skipped due to 0 input or output
PHY-5010 WARNING: Net PADDR[6] is skipped due to 0 input or output
PHY-5010 WARNING: Net PADDR[5] is skipped due to 0 input or output
PHY-5010 WARNING: Net PADDR[4] is skipped due to 0 input or output
PHY-5010 WARNING: Net PADDR[3] is skipped due to 0 input or output
PHY-1001 : net SWCLK_dup_1 will be routed on clock mesh
PHY-1001 : net clk_dup_7 will be routed on clock mesh
PHY-1001 : net clk_148m_vga_dup_1 will be routed on clock mesh
PHY-5010 WARNING: Net sdcard_rd_addr[31] is skipped due to 0 input or output
PHY-5010 Similar messages will be suppressed.
PHY-1001 : clock net clk_gen_inst/clk0_out will be merged with clock clk_gen_inst/clk0_buf
PHY-1001 : net sd_reader/clk will be routed on clock mesh
PHY-1001 : net sdram_top_inst/fifo_ctrl_inst/sys_clk will be routed on clock mesh
PHY-1001 : clock net config_inst_syn_10 will be merged with clock config_inst_syn_9
PHY-1001 : eco open net = 0
PHY-1001 : 763 feed throughs used by 433 nets
RUN-1001 : Import timing constraints
RUN-1001 : Import IO constraints
RUN-1001 : Import Inst constraints
RUN-1001 : Import ChipWatcher
RUN-1001 : Import design success TD_VERSION=5.6.71036 , DB_VERSION=46146
RUN-1003 : finish command "import_db C:/Users/W1030/Desktop/m0/td/m0soc_Runs/phy_1/m0soc_pr.db" in  6.669865s wall, 4.171875s user + 0.093750s system = 4.265625s CPU (64.0%)

RUN-1004 : used memory is 1016 MB, reserved memory is 989 MB, peak memory is 1025 MB
RUN-1002 : start command "config_chipwatcher -sync ahb.cwc -dir "
KIT-1004 : ChipWatcher: import watcher inst auto_chipwatcher_0 completed, there are 4 view nodes, 34 trigger nets, 34 data nets.
GUI-1001 : Import ahb.cwc success!
GUI-8501 ERROR: Bit file code (1010110000110001) does not match with the ChipWatcher's (1011101000011111).
GUI-1001 : User opens ChipWatcher ...
RUN-1002 : start command "download -bit m0soc_Runs/phy_1/m0soc.bit -mode jtag_burst -spd 7 -cable 0 -total_dev 1 -cur_dev 1"
PRG-2014 : Chip validation success: EAGLE_S20_BG256
RUN-1002 : start command "bit_to_vec -chip EAGLE_S20_BG256 -m jtag_burst -freq 4 -bit m0soc_Runs/phy_1/m0soc.bit"
RUN-1002 : start command "program -cable 0 -mode svf -spd 7 -p"
RUN-1003 : finish command "program -cable 0 -mode svf -spd 7 -p" in  7.539217s wall, 0.156250s user + 0.187500s system = 0.343750s CPU (4.6%)

RUN-1004 : used memory is 1042 MB, reserved memory is 1013 MB, peak memory is 1074 MB
RUN-1003 : finish command "download -bit m0soc_Runs/phy_1/m0soc.bit -mode jtag_burst -spd 7 -cable 0 -total_dev 1 -cur_dev 1" in  7.766010s wall, 0.218750s user + 0.203125s system = 0.421875s CPU (5.4%)

RUN-1004 : used memory is 1042 MB, reserved memory is 1013 MB, peak memory is 1074 MB
GUI-1001 : Downloading succeeded!
KIT-1004 : ChipWatcher: write ctrl reg value: 0000000000000000000000000000000000000000000000000000000000000000000000000000000000000000000000000000000000000000
KIT-1004 : ChipWatcher: write ctrl reg value: 0110111111111111111100000000000000000000110110111111111111111100000000000000000101110000000100000000000001000000
KIT-1004 : ChipWatcher: the value of status register = 010000000001001100
KIT-1004 : ChipWatcher: the value of status register = 010000000010111101
KIT-1004 : ChipWatcher: the value of status register = 010000000011111110
KIT-1004 : ChipWatcher: the value of status register = 010000000001000100
KIT-1004 : ChipWatcher: the value of status register = 010000000001100000
KIT-1004 : ChipWatcher: the value of status register = 010000000011010110
KIT-1004 : ChipWatcher: the value of status register = 010000000001001011
KIT-1004 : ChipWatcher: the value of status register = 010000000000001000
KIT-1004 : ChipWatcher: the value of status register = 010000000000110000
KIT-1004 : ChipWatcher: the value of status register = 010000000011011100
KIT-1004 : ChipWatcher: the value of status register = 010000000001010010
KIT-1004 : ChipWatcher: the value of status register = 010000000011101110
KIT-1004 : ChipWatcher: the value of status register = 010000000010101111
KIT-1004 : ChipWatcher: the value of status register = 010000000001001001
KIT-1004 : ChipWatcher: the value of status register = 010000000010000000
KIT-1004 : ChipWatcher: the value of status register = 010000000000011110
KIT-1004 : ChipWatcher: the value of status register = 010000000010010000
KIT-1004 : ChipWatcher: the value of status register = 010000000000111101
KIT-1004 : ChipWatcher: the value of status register = 010000000001100101
KIT-1004 : ChipWatcher: write ctrl reg value: 0110111111111111111100000000000000000000110110111111111111111100000000000000000101110000000100000000000011000000
KIT-1004 : ChipWatcher: the value of status register = 010000000000000010
RUN-1002 : start command "rdbk_bram -bram 0X000B -cable 0 -total_dev 1 -cur_dev 1"
KIT-1001 : Read back data from BRAM 0X000B successfully.
RUN-1002 : start command "rdbk_bram -bram 0X002C -cable 0 -total_dev 1 -cur_dev 1"
KIT-1001 : Read back data from BRAM 0X002C successfully.
RUN-1002 : start command "rdbk_bram -bram 0X002D -cable 0 -total_dev 1 -cur_dev 1"
KIT-1001 : Read back data from BRAM 0X002D successfully.
RUN-1002 : start command "rdbk_bram -bram 0X002E -cable 0 -total_dev 1 -cur_dev 1"
KIT-1001 : Read back data from BRAM 0X002E successfully.
SYN-2541 : Attrs-to-init for 4 logic bram(s)
SYN-2541 : Reading sub[0] auto_chipwatcher_0_logicbram_syn_1
SYN-2541 : Reading sub[1] auto_chipwatcher_0_logicbram_syn_11
SYN-2541 : Reading sub[2] auto_chipwatcher_0_logicbram_syn_21
SYN-2541 : Reading sub[3] auto_chipwatcher_0_logicbram_syn_31
KIT-1004 : ChipWatcher: write ctrl reg value: 0110111111111111111100000000000000000000110110111111111111111100000000000000000101110000000100000000000000000000
KIT-1004 : ChipWatcher: write ctrl reg value: 0000000000000000000000000000000000000000000000000000000000000000000000000000000000000000000000000000000000000000
KIT-1004 : ChipWatcher: write ctrl reg value: 0110111111111111111100000000000000000101110110111111111111111100000000000000000000110000000100000000000001000000
KIT-1004 : ChipWatcher: the value of status register = 110000000000001011
RUN-1002 : start command "rdbk_bram -bram 0X000B -cable 0 -total_dev 1 -cur_dev 1"
KIT-1001 : Read back data from BRAM 0X000B successfully.
RUN-1002 : start command "rdbk_bram -bram 0X002C -cable 0 -total_dev 1 -cur_dev 1"
KIT-1001 : Read back data from BRAM 0X002C successfully.
RUN-1002 : start command "rdbk_bram -bram 0X002D -cable 0 -total_dev 1 -cur_dev 1"
KIT-1001 : Read back data from BRAM 0X002D successfully.
RUN-1002 : start command "rdbk_bram -bram 0X002E -cable 0 -total_dev 1 -cur_dev 1"
KIT-1001 : Read back data from BRAM 0X002E successfully.
SYN-2541 : Attrs-to-init for 4 logic bram(s)
SYN-2541 : Reading sub[0] auto_chipwatcher_0_logicbram_syn_1
SYN-2541 : Reading sub[1] auto_chipwatcher_0_logicbram_syn_11
SYN-2541 : Reading sub[2] auto_chipwatcher_0_logicbram_syn_21
SYN-2541 : Reading sub[3] auto_chipwatcher_0_logicbram_syn_31
KIT-1004 : ChipWatcher: write ctrl reg value: 0110111111111111111100000000000000000101110110111111111111111100000000000000000000110000000100000000000000000000
PRG-1000 : <!-- HMAC is: 85ce0b3284cb01d69db8bdf02ddd1316304a3c9f2a664e4e6f22b73e28d11204 -->
PRG-1000 : <!-- HMAC is: 85ce0b3284cb01d69db8bdf02ddd1316304a3c9f2a664e4e6f22b73e28d11204 -->
KIT-1004 : ChipWatcher: write ctrl reg value: 0000000000000000000000000000000000000000000000000000000000000000000000000000000000000000000000000000000000000000
KIT-1004 : ChipWatcher: write ctrl reg value: 0110111111111111111100000000000000000101110000111111111111111111111111111100000000110000000100000000000001000000
KIT-1004 : ChipWatcher: the value of status register = 110000000010110110
RUN-1002 : start command "rdbk_bram -bram 0X000B -cable 0 -total_dev 1 -cur_dev 1"
KIT-1001 : Read back data from BRAM 0X000B successfully.
RUN-1002 : start command "rdbk_bram -bram 0X002C -cable 0 -total_dev 1 -cur_dev 1"
KIT-1001 : Read back data from BRAM 0X002C successfully.
RUN-1002 : start command "rdbk_bram -bram 0X002D -cable 0 -total_dev 1 -cur_dev 1"
KIT-1001 : Read back data from BRAM 0X002D successfully.
RUN-1002 : start command "rdbk_bram -bram 0X002E -cable 0 -total_dev 1 -cur_dev 1"
KIT-1001 : Read back data from BRAM 0X002E successfully.
SYN-2541 : Attrs-to-init for 4 logic bram(s)
SYN-2541 : Reading sub[0] auto_chipwatcher_0_logicbram_syn_1
SYN-2541 : Reading sub[1] auto_chipwatcher_0_logicbram_syn_11
SYN-2541 : Reading sub[2] auto_chipwatcher_0_logicbram_syn_21
SYN-2541 : Reading sub[3] auto_chipwatcher_0_logicbram_syn_31
KIT-1004 : ChipWatcher: write ctrl reg value: 0110111111111111111100000000000000000101110000111111111111111111111111111100000000110000000100000000000000000000
GUI-1001 : User closes ChipWatcher ...
RUN-1002 : start command "config_chipwatcher -sync ahb.cwc -dir "
KIT-1004 : ChipWatcher: import watcher inst auto_chipwatcher_0 completed, there are 4 view nodes, 34 trigger nets, 34 data nets.
GUI-1001 : Import ahb.cwc success!
GUI-1001 : User opens ChipWatcher ...
RUN-1001 : Print Global Property
RUN-1001 : ---------------------------------------------------------------
RUN-1001 :        Parameters        |  Settings  |  Default Values  |  Note  
RUN-1001 : ---------------------------------------------------------------
RUN-1001 :          message         |  standard  |     standard     |        
RUN-1001 :   mixed_pack_place_flow  |     on     |        on        |        
RUN-1001 :        qor_monitor       |    off     |       off        |        
RUN-1001 :        syn_ip_flow       |    off     |       off        |        
RUN-1001 :          thread          |    auto    |       auto       |        
RUN-1001 : ---------------------------------------------------------------
RUN-1001 : Print Design Property
RUN-1001 : --------------------------------------------------------------
RUN-1001 :        Parameters       |  Settings  |  Default Values  |  Note  
RUN-1001 : --------------------------------------------------------------
RUN-1001 :   default_reg_initial   |    auto    |       auto       |        
RUN-1001 :        infer_add        |     on     |        on        |        
RUN-1001 :        infer_fsm        |    off     |       off        |        
RUN-1001 :        infer_mult       |     on     |        on        |        
RUN-1001 :        infer_ram        |     on     |        on        |        
RUN-1001 :        infer_reg        |     on     |        on        |        
RUN-1001 :   infer_reg_init_value  |     on     |        on        |        
RUN-1001 :        infer_rom        |     on     |        on        |        
RUN-1001 :      infer_shifter      |     on     |        on        |        
RUN-1001 : --------------------------------------------------------------
RUN-1001 : Print Rtl Property
RUN-1001 : --------------------------------------------------------------
RUN-1001 :        Parameters       |  Settings  |  Default Values  |  Note  
RUN-1001 : --------------------------------------------------------------
RUN-1001 :       compress_add      |   ripple   |      ripple      |        
RUN-1001 :        elf_sload        |    off     |       off        |        
RUN-1001 :       fix_undriven      |     0      |        0         |        
RUN-1001 :         flatten         |    off     |       off        |        
RUN-1001 :       gate_sharing      |     on     |        on        |        
RUN-1001 :    hdl_warning_level    |   normal   |      normal      |        
RUN-1001 :   impl_internal_tribuf  |     on     |        on        |        
RUN-1001 :      impl_set_reset     |     on     |        on        |        
RUN-1001 :        infer_gsr        |    off     |       off        |        
RUN-1001 :      keep_hierarchy     |    auto    |       auto       |        
RUN-1001 :        max_fanout       |    9999    |       9999       |        
RUN-1001 :      max_oh2bin_len     |     10     |        10        |        
RUN-1001 :       merge_equal       |     on     |        on        |        
RUN-1001 :       merge_equiv       |     on     |        on        |        
RUN-1001 :        merge_mux        |    off     |       off        |        
RUN-1001 :     min_control_set     |     8      |        8         |        
RUN-1001 :      min_ripple_len     |    auto    |       auto       |        
RUN-1001 :       oh2bin_ratio      |    0.08    |       0.08       |        
RUN-1001 :     opt_adder_fanout    |     on     |        on        |        
RUN-1001 :        opt_arith        |     on     |        on        |        
RUN-1001 :       opt_big_gate      |    off     |       off        |        
RUN-1001 :        opt_const        |     on     |        on        |        
RUN-1001 :      opt_const_mult     |     on     |        on        |        
RUN-1001 :       opt_lessthan      |     on     |        on        |        
RUN-1001 :         opt_mux         |    off     |       off        |        
RUN-1001 :         opt_ram         |    high    |       high       |        
RUN-1001 :      rtl_sim_model      |    off     |       off        |        
RUN-1001 :         seq_syn         |     on     |        on        |        
RUN-1001 : --------------------------------------------------------------
HDL-1007 : analyze verilog file ../rtl/al_ip/SDRAM.v
HDL-1007 : analyze verilog file ../rtl/al_ip/clk_gen.v
HDL-1007 : undeclared symbol 'open', assumed default net type 'wire' in ../rtl/al_ip/clk_gen.v(92)
HDL-1007 : analyze verilog file ../rtl/al_ip/fifo_data.v
HDL-1007 : analyze verilog file ../rtl/AHBISPSYS/AHBISPSYS.v
HDL-1007 : analyze verilog file ../rtl/AHBISPSYS/conv_mask4.v
HDL-1007 : analyze verilog file ../rtl/AHBISPSYS/conv_mask5.v
HDL-1007 : analyze verilog file ../rtl/AHBISPSYS/conv_mask6.v
HDL-1007 : analyze verilog file ../rtl/AHBISPSYS/demosaic.v
HDL-1007 : undeclared symbol 'out_en', assumed default net type 'wire' in ../rtl/AHBISPSYS/demosaic.v(160)
HDL-1007 : analyze verilog file ../rtl/AHBISPSYS/dual_port_ram_sync.v
HDL-1007 : analyze verilog file ../rtl/AHBISPSYS/fifo.v
HDL-1007 : analyze verilog file ../rtl/AHBISPSYS/gamma.v
HDL-1007 : analyze verilog file ../rtl/AHBISPSYS/gamma_rom.v
HDL-1007 : analyze verilog file ../rtl/AHBISPSYS/slidingWindow_5X5.v
HDL-1007 : analyze verilog file ../rtl/AHBlite_Block_RAM.v
HDL-1007 : analyze verilog file ../rtl/Block_RAM.v
HDL-1007 : analyze verilog file ../rtl/CortexM0_SoC.v
HDL-1007 : undeclared symbol 'clk_200m', assumed default net type 'wire' in ../rtl/CortexM0_SoC.v(94)
HDL-1007 : undeclared symbol 'row', assumed default net type 'wire' in ../rtl/CortexM0_SoC.v(115)
HDL-1007 : analyze verilog file ../rtl/ahb/AHBlite_Decoder.v
HDL-1007 : analyze verilog file ../rtl/ahb/AHBlite_Interconnect.v
HDL-1007 : analyze verilog file ../rtl/ahb/AHBlite_SlaveMUX.v
HDL-1007 : analyze verilog file ../rtl/apb/cmsdk_ahb_to_apb.v
HDL-1007 : analyze verilog file ../rtl/apb/cmsdk_apb_slave_mux.v
HDL-1007 : analyze verilog file ../rtl/apb_gpio/apb_sdcard.v
HDL-1007 : analyze verilog file ../rtl/apb_sdcard/apb_sdcard.v
HDL-1007 : analyze verilog file ../rtl/apb_sdcard/sd_reader.v
HDL-5007 WARNING: redeclaration of ANSI port 'done' is not allowed in ../rtl/apb_sdcard/sd_reader.v(66)
HDL-1007 : analyze verilog file ../rtl/apb_sdcard/sdcmd_ctrl.v
HDL-1007 : analyze verilog file ../rtl/apb_vga/apb_sdcard.v
HDL-1007 : analyze verilog file ../rtl/apb_vga/vga_ctrl.v
HDL-1007 : analyze verilog file ../rtl/cortexm0ds_logic.v
HDL-1007 : analyze verilog file ../rtl/sdram/ctrl/sdram_a_ref.v
HDL-1007 : analyze verilog file ../rtl/sdram/ctrl/sdram_arbit.v
HDL-1007 : analyze verilog file ../rtl/sdram/ctrl/sdram_ctrl.v
HDL-1007 : analyze verilog file ../rtl/sdram/ctrl/sdram_init.v
HDL-1007 : analyze verilog file ../rtl/sdram/ctrl/sdram_read.v
HDL-1007 : analyze verilog file ../rtl/sdram/ctrl/sdram_write.v
HDL-1007 : analyze verilog file ../rtl/sdram/fifo_ctrl.v
HDL-1007 : analyze verilog file ../rtl/sdram/sdram_top.v
RUN-1001 : Print Global Property
RUN-1001 : ---------------------------------------------------------------
RUN-1001 :        Parameters        |  Settings  |  Default Values  |  Note  
RUN-1001 : ---------------------------------------------------------------
RUN-1001 :          message         |  standard  |     standard     |        
RUN-1001 :   mixed_pack_place_flow  |     on     |        on        |        
RUN-1001 :        qor_monitor       |    off     |       off        |        
RUN-1001 :        syn_ip_flow       |    off     |       off        |        
RUN-1001 :          thread          |    auto    |       auto       |        
RUN-1001 : ---------------------------------------------------------------
RUN-1001 : Print Design Property
RUN-1001 : --------------------------------------------------------------
RUN-1001 :        Parameters       |  Settings  |  Default Values  |  Note  
RUN-1001 : --------------------------------------------------------------
RUN-1001 :   default_reg_initial   |    auto    |       auto       |        
RUN-1001 :        infer_add        |     on     |        on        |        
RUN-1001 :        infer_fsm        |    off     |       off        |        
RUN-1001 :        infer_mult       |     on     |        on        |        
RUN-1001 :        infer_ram        |     on     |        on        |        
RUN-1001 :        infer_reg        |     on     |        on        |        
RUN-1001 :   infer_reg_init_value  |     on     |        on        |        
RUN-1001 :        infer_rom        |     on     |        on        |        
RUN-1001 :      infer_shifter      |     on     |        on        |        
RUN-1001 : --------------------------------------------------------------
RUN-1001 : Print Rtl Property
RUN-1001 : --------------------------------------------------------------
RUN-1001 :        Parameters       |  Settings  |  Default Values  |  Note  
RUN-1001 : --------------------------------------------------------------
RUN-1001 :       compress_add      |   ripple   |      ripple      |        
RUN-1001 :        elf_sload        |    off     |       off        |        
RUN-1001 :       fix_undriven      |     0      |        0         |        
RUN-1001 :         flatten         |    off     |       off        |        
RUN-1001 :       gate_sharing      |     on     |        on        |        
RUN-1001 :    hdl_warning_level    |   normal   |      normal      |        
RUN-1001 :   impl_internal_tribuf  |     on     |        on        |        
RUN-1001 :      impl_set_reset     |     on     |        on        |        
RUN-1001 :        infer_gsr        |    off     |       off        |        
RUN-1001 :      keep_hierarchy     |    auto    |       auto       |        
RUN-1001 :        max_fanout       |    9999    |       9999       |        
RUN-1001 :      max_oh2bin_len     |     10     |        10        |        
RUN-1001 :       merge_equal       |     on     |        on        |        
RUN-1001 :       merge_equiv       |     on     |        on        |        
RUN-1001 :        merge_mux        |    off     |       off        |        
RUN-1001 :     min_control_set     |     8      |        8         |        
RUN-1001 :      min_ripple_len     |    auto    |       auto       |        
RUN-1001 :       oh2bin_ratio      |    0.08    |       0.08       |        
RUN-1001 :     opt_adder_fanout    |     on     |        on        |        
RUN-1001 :        opt_arith        |     on     |        on        |        
RUN-1001 :       opt_big_gate      |    off     |       off        |        
RUN-1001 :        opt_const        |     on     |        on        |        
RUN-1001 :      opt_const_mult     |     on     |        on        |        
RUN-1001 :       opt_lessthan      |     on     |        on        |        
RUN-1001 :         opt_mux         |    off     |       off        |        
RUN-1001 :         opt_ram         |    high    |       high       |        
RUN-1001 :      rtl_sim_model      |    off     |       off        |        
RUN-1001 :         seq_syn         |     on     |        on        |        
RUN-1001 : --------------------------------------------------------------
HDL-1007 : analyze verilog file ../rtl/al_ip/SDRAM.v
HDL-1007 : analyze verilog file ../rtl/al_ip/clk_gen.v
HDL-1007 : undeclared symbol 'open', assumed default net type 'wire' in ../rtl/al_ip/clk_gen.v(86)
HDL-1007 : analyze verilog file ../rtl/al_ip/fifo_data.v
HDL-1007 : analyze verilog file ../rtl/AHBISPSYS/AHBISPSYS.v
HDL-1007 : analyze verilog file ../rtl/AHBISPSYS/conv_mask4.v
HDL-1007 : analyze verilog file ../rtl/AHBISPSYS/conv_mask5.v
HDL-1007 : analyze verilog file ../rtl/AHBISPSYS/conv_mask6.v
HDL-1007 : analyze verilog file ../rtl/AHBISPSYS/demosaic.v
HDL-1007 : undeclared symbol 'out_en', assumed default net type 'wire' in ../rtl/AHBISPSYS/demosaic.v(160)
HDL-1007 : analyze verilog file ../rtl/AHBISPSYS/dual_port_ram_sync.v
HDL-1007 : analyze verilog file ../rtl/AHBISPSYS/fifo.v
HDL-1007 : analyze verilog file ../rtl/AHBISPSYS/gamma.v
HDL-1007 : analyze verilog file ../rtl/AHBISPSYS/gamma_rom.v
HDL-1007 : analyze verilog file ../rtl/AHBISPSYS/slidingWindow_5X5.v
HDL-1007 : analyze verilog file ../rtl/AHBlite_Block_RAM.v
HDL-1007 : analyze verilog file ../rtl/Block_RAM.v
HDL-1007 : analyze verilog file ../rtl/CortexM0_SoC.v
HDL-1007 : undeclared symbol 'clk_200m', assumed default net type 'wire' in ../rtl/CortexM0_SoC.v(94)
HDL-1007 : undeclared symbol 'row', assumed default net type 'wire' in ../rtl/CortexM0_SoC.v(115)
HDL-1007 : analyze verilog file ../rtl/ahb/AHBlite_Decoder.v
HDL-1007 : analyze verilog file ../rtl/ahb/AHBlite_Interconnect.v
HDL-1007 : analyze verilog file ../rtl/ahb/AHBlite_SlaveMUX.v
HDL-1007 : analyze verilog file ../rtl/apb/cmsdk_ahb_to_apb.v
HDL-1007 : analyze verilog file ../rtl/apb/cmsdk_apb_slave_mux.v
HDL-1007 : analyze verilog file ../rtl/apb_gpio/apb_sdcard.v
HDL-1007 : analyze verilog file ../rtl/apb_sdcard/apb_sdcard.v
HDL-1007 : analyze verilog file ../rtl/apb_sdcard/sd_reader.v
HDL-5007 WARNING: redeclaration of ANSI port 'done' is not allowed in ../rtl/apb_sdcard/sd_reader.v(66)
HDL-1007 : analyze verilog file ../rtl/apb_sdcard/sdcmd_ctrl.v
HDL-1007 : analyze verilog file ../rtl/apb_vga/apb_sdcard.v
HDL-1007 : analyze verilog file ../rtl/apb_vga/vga_ctrl.v
HDL-1007 : analyze verilog file ../rtl/cortexm0ds_logic.v
HDL-1007 : analyze verilog file ../rtl/sdram/ctrl/sdram_a_ref.v
HDL-1007 : analyze verilog file ../rtl/sdram/ctrl/sdram_arbit.v
HDL-1007 : analyze verilog file ../rtl/sdram/ctrl/sdram_ctrl.v
HDL-1007 : analyze verilog file ../rtl/sdram/ctrl/sdram_init.v
HDL-1007 : analyze verilog file ../rtl/sdram/ctrl/sdram_read.v
HDL-1007 : analyze verilog file ../rtl/sdram/ctrl/sdram_write.v
HDL-1007 : analyze verilog file ../rtl/sdram/fifo_ctrl.v
HDL-1007 : analyze verilog file ../rtl/sdram/sdram_top.v
RUN-1001 : reset_run syn_1 phy_1.
GUI-6001 WARNING: File C:/Users/W1030/Desktop/m0/td/m0soc_Runs/phy_1/m0soc.bit does not exist!
RUN-1001 : launch_runs syn_1 phy_1  -jobs 6.
RUN-1001 : syn_1: run complete.
RUN-1001 : phy_1: run complete.
RUN-1001 : open_run phy_1.
RUN-1002 : start command "import_db C:/Users/W1030/Desktop/m0/td/m0soc_Runs/phy_1/m0soc_pr.db"
RUN-1001 : Importing database generated by Tang Dynasty, V5.6.71036.
RUN-1001 : Database version number 46146.
RUN-1001 : Import flow parameters
PHY-1001 : Generate detailed routing grids ...
PHY-1001 : Generate nets ...
PHY-5010 WARNING: Net PADDR[11] is skipped due to 0 input or output
PHY-5010 WARNING: Net PADDR[10] is skipped due to 0 input or output
PHY-5010 WARNING: Net PADDR[9] is skipped due to 0 input or output
PHY-5010 WARNING: Net PADDR[8] is skipped due to 0 input or output
PHY-5010 WARNING: Net PADDR[7] is skipped due to 0 input or output
PHY-5010 WARNING: Net PADDR[6] is skipped due to 0 input or output
PHY-5010 WARNING: Net PADDR[5] is skipped due to 0 input or output
PHY-5010 WARNING: Net PADDR[4] is skipped due to 0 input or output
PHY-5010 WARNING: Net PADDR[3] is skipped due to 0 input or output
PHY-1001 : net SWCLK_dup_1 will be routed on clock mesh
PHY-1001 : net clk_dup_7 will be routed on clock mesh
PHY-1001 : net clk_148m_vga_dup_1 will be routed on clock mesh
PHY-5010 WARNING: Net sdcard_rd_addr[31] is skipped due to 0 input or output
PHY-5010 Similar messages will be suppressed.
PHY-1001 : net sd_reader/clk will be routed on clock mesh
PHY-1001 : net sdram_top_inst/fifo_ctrl_inst/sys_clk will be routed on clock mesh
PHY-1001 : clock net config_inst_syn_10 will be merged with clock config_inst_syn_9
PHY-1001 : eco open net = 0
PHY-5014 WARNING: Detail route doesn't find pib for clk_gen_inst/pll_inst.fbclk[0]
PHY-1001 : 723 feed throughs used by 422 nets
RUN-1001 : Import timing constraints
RUN-1001 : Import IO constraints
RUN-1001 : Import Inst constraints
RUN-1001 : Import ChipWatcher
RUN-1001 : Import design success TD_VERSION=5.6.71036 , DB_VERSION=46146
RUN-1003 : finish command "import_db C:/Users/W1030/Desktop/m0/td/m0soc_Runs/phy_1/m0soc_pr.db" in  6.818847s wall, 2.796875s user + 0.140625s system = 2.937500s CPU (43.1%)

RUN-1004 : used memory is 1036 MB, reserved memory is 1008 MB, peak memory is 1074 MB
RUN-1002 : start command "config_chipwatcher -sync ahb.cwc -dir "
KIT-1004 : ChipWatcher: import watcher inst auto_chipwatcher_0 completed, there are 4 view nodes, 34 trigger nets, 34 data nets.
GUI-1001 : Import ahb.cwc success!
RUN-1002 : start command "download -bit m0soc_Runs\phy_1\m0soc.bit -mode jtag -spd 7 -sec 64 -cable 0"
PRG-2014 : Chip validation success: EAGLE_S20_BG256
RUN-1002 : start command "bit_to_vec -chip EAGLE_S20_BG256 -m jtag_burst -freq 4 -bit m0soc_Runs/phy_1/m0soc.bit"
RUN-1002 : start command "program -cable 0 -mode svf -spd 7 -p"
RUN-1003 : finish command "program -cable 0 -mode svf -spd 7 -p" in  7.488823s wall, 0.109375s user + 0.203125s system = 0.312500s CPU (4.2%)

RUN-1004 : used memory is 1064 MB, reserved memory is 1035 MB, peak memory is 1082 MB
RUN-1003 : finish command "download -bit m0soc_Runs\phy_1\m0soc.bit -mode jtag -spd 7 -sec 64 -cable 0" in  7.712251s wall, 0.171875s user + 0.203125s system = 0.375000s CPU (4.9%)

RUN-1004 : used memory is 1064 MB, reserved memory is 1035 MB, peak memory is 1082 MB
GUI-1001 : Downloading succeeded!
RUN-1002 : start command "download -bit m0soc_Runs/phy_1/m0soc.bit -mode jtag_burst -spd 7 -cable 0 -total_dev 1 -cur_dev 1"
PRG-2014 : Chip validation success: EAGLE_S20_BG256
RUN-1002 : start command "bit_to_vec -chip EAGLE_S20_BG256 -m jtag_burst -freq 4 -bit m0soc_Runs/phy_1/m0soc.bit"
RUN-1002 : start command "program -cable 0 -mode svf -spd 7 -p"
RUN-1003 : finish command "program -cable 0 -mode svf -spd 7 -p" in  7.454653s wall, 0.187500s user + 0.281250s system = 0.468750s CPU (6.3%)

RUN-1004 : used memory is 1051 MB, reserved memory is 1022 MB, peak memory is 1085 MB
RUN-1003 : finish command "download -bit m0soc_Runs/phy_1/m0soc.bit -mode jtag_burst -spd 7 -cable 0 -total_dev 1 -cur_dev 1" in  7.681044s wall, 0.218750s user + 0.296875s system = 0.515625s CPU (6.7%)

RUN-1004 : used memory is 1051 MB, reserved memory is 1022 MB, peak memory is 1085 MB
GUI-1001 : Downloading succeeded!
KIT-1004 : ChipWatcher: write ctrl reg value: 0000000000000000000000000000000000000000000000000000000000000000000000000000000000000000000000000000000000000000
KIT-1004 : ChipWatcher: write ctrl reg value: 0110111111111111111100000000000000000101110110111111111111111111111111111100000000110000000100000000000001000000
KIT-1004 : ChipWatcher: the value of status register = 010000000011110000
KIT-1004 : ChipWatcher: the value of status register = 010000000001010100
KIT-1004 : ChipWatcher: the value of status register = 010000000010111010
KIT-1004 : ChipWatcher: the value of status register = 010000000000011110
KIT-1004 : ChipWatcher: the value of status register = 010000000001111110
KIT-1004 : ChipWatcher: the value of status register = 010000000001101000
KIT-1004 : ChipWatcher: the value of status register = 010000000000111100
KIT-1004 : ChipWatcher: the value of status register = 010000000001001010
KIT-1004 : ChipWatcher: the value of status register = 010000000010001011
KIT-1004 : ChipWatcher: the value of status register = 010000000000010101
KIT-1004 : ChipWatcher: the value of status register = 010000000011111110
KIT-1004 : ChipWatcher: the value of status register = 010000000010110000
KIT-1004 : ChipWatcher: the value of status register = 010000000000011000
KIT-1004 : ChipWatcher: the value of status register = 010000000000101110
KIT-1004 : ChipWatcher: the value of status register = 010000000000101100
KIT-1004 : ChipWatcher: the value of status register = 010000000010000100
KIT-1004 : ChipWatcher: the value of status register = 010000000010010010
KIT-1004 : ChipWatcher: the value of status register = 010000000001101010
KIT-1004 : ChipWatcher: the value of status register = 010000000011011101
KIT-1004 : ChipWatcher: the value of status register = 010000000000011010
KIT-1004 : ChipWatcher: the value of status register = 010000000000111000
KIT-1004 : ChipWatcher: the value of status register = 010000000001011110
KIT-1004 : ChipWatcher: the value of status register = 010000000010110100
KIT-1004 : ChipWatcher: the value of status register = 010000000001100100
KIT-1004 : ChipWatcher: the value of status register = 010000000011010011
KIT-1004 : ChipWatcher: write ctrl reg value: 0110111111111111111100000000000000000101110110111111111111111111111111111100000000110000000100000000000011000000
KIT-1004 : ChipWatcher: the value of status register = 010000000001011001
KIT-1004 : ChipWatcher: write ctrl reg value: 0000000000000000000000000000000000000000000000000000000000000000000000000000000000000000000000000000000000000000
KIT-1004 : ChipWatcher: write ctrl reg value: 0110111111111111111100000000000000000101110110111111111111111111111111111100000101110000000100000000000001000000
KIT-1004 : ChipWatcher: the value of status register = 110000000000001000
RUN-1002 : start command "rdbk_bram -bram 0X000B -cable 0 -total_dev 1 -cur_dev 1"
KIT-1001 : Read back data from BRAM 0X000B successfully.
RUN-1002 : start command "rdbk_bram -bram 0X002C -cable 0 -total_dev 1 -cur_dev 1"
KIT-1001 : Read back data from BRAM 0X002C successfully.
RUN-1002 : start command "rdbk_bram -bram 0X002D -cable 0 -total_dev 1 -cur_dev 1"
KIT-1001 : Read back data from BRAM 0X002D successfully.
RUN-1002 : start command "rdbk_bram -bram 0X002E -cable 0 -total_dev 1 -cur_dev 1"
KIT-1001 : Read back data from BRAM 0X002E successfully.
SYN-2541 : Attrs-to-init for 4 logic bram(s)
SYN-2541 : Reading sub[0] auto_chipwatcher_0_logicbram_syn_1
SYN-2541 : Reading sub[1] auto_chipwatcher_0_logicbram_syn_11
SYN-2541 : Reading sub[2] auto_chipwatcher_0_logicbram_syn_21
SYN-2541 : Reading sub[3] auto_chipwatcher_0_logicbram_syn_31
KIT-1004 : ChipWatcher: write ctrl reg value: 0110111111111111111100000000000000000101110110111111111111111111111111111100000101110000000100000000000000000000
KIT-1004 : ChipWatcher: write ctrl reg value: 0000000000000000000000000000000000000000000000000000000000000000000000000000000000000000000000000000000000000000
KIT-1004 : ChipWatcher: write ctrl reg value: 0110111111111111111100000000000000000101110110111111111111111111111111111100000101110000000100000000000001000000
KIT-1004 : ChipWatcher: the value of status register = 110000000000001000
RUN-1002 : start command "rdbk_bram -bram 0X000B -cable 0 -total_dev 1 -cur_dev 1"
KIT-1001 : Read back data from BRAM 0X000B successfully.
RUN-1002 : start command "rdbk_bram -bram 0X002C -cable 0 -total_dev 1 -cur_dev 1"
KIT-1001 : Read back data from BRAM 0X002C successfully.
RUN-1002 : start command "rdbk_bram -bram 0X002D -cable 0 -total_dev 1 -cur_dev 1"
KIT-1001 : Read back data from BRAM 0X002D successfully.
RUN-1002 : start command "rdbk_bram -bram 0X002E -cable 0 -total_dev 1 -cur_dev 1"
KIT-1001 : Read back data from BRAM 0X002E successfully.
SYN-2541 : Attrs-to-init for 4 logic bram(s)
SYN-2541 : Reading sub[0] auto_chipwatcher_0_logicbram_syn_1
SYN-2541 : Reading sub[1] auto_chipwatcher_0_logicbram_syn_11
SYN-2541 : Reading sub[2] auto_chipwatcher_0_logicbram_syn_21
SYN-2541 : Reading sub[3] auto_chipwatcher_0_logicbram_syn_31
KIT-1004 : ChipWatcher: write ctrl reg value: 0110111111111111111100000000000000000101110110111111111111111111111111111100000101110000000100000000000000000000
PRG-1000 : <!-- HMAC is: 1da356e3e36e97f36d0fd19b99e039718c8ffb6901a0f0fea6b495b4a08b97c2 -->
GUI-1001 : User closes ChipWatcher ...
