============================================================
   Tang Dynasty, V5.6.71036
      Copyright (c) 2012-2023 Anlogic Inc.
   Executable = D:/eg4s20/TD 5.6.2/bin/td.exe
   Built at =   20:34:38 Mar 21 2023
   Run by =     W1030
   Run Date =   Tue Apr 30 10:55:54 2024

   Run on =     LMZS
============================================================
RUN-1001 : open_run phy_1.
RUN-1002 : start command "import_db C:/Users/W1030/Desktop/m0/td/m0soc_Runs/phy_1/m0soc_pr.db"
RUN-1001 : Importing database generated by Tang Dynasty, V5.6.71036.
RUN-1001 : Database version number 46146.
RUN-1001 : Import flow parameters
PHY-1001 : Generate detailed routing grids ...
PHY-1001 : Generate nets ...
PHY-5010 WARNING: Net PADDR[11] is skipped due to 0 input or output
PHY-5010 WARNING: Net PADDR[10] is skipped due to 0 input or output
PHY-5010 WARNING: Net PADDR[9] is skipped due to 0 input or output
PHY-5010 WARNING: Net PADDR[8] is skipped due to 0 input or output
PHY-5010 WARNING: Net PADDR[7] is skipped due to 0 input or output
PHY-5010 WARNING: Net PADDR[6] is skipped due to 0 input or output
PHY-5010 WARNING: Net PADDR[5] is skipped due to 0 input or output
PHY-5010 WARNING: Net PADDR[4] is skipped due to 0 input or output
PHY-5010 WARNING: Net PADDR[3] is skipped due to 0 input or output
PHY-1001 : net SWCLK_dup_1 will be routed on clock mesh
PHY-1001 : net clk_dup_7 will be routed on clock mesh
PHY-1001 : net clk_148m_vga_dup_1 will be routed on clock mesh
PHY-5010 WARNING: Net sdcard_rd_addr[31] is skipped due to 0 input or output
PHY-5010 Similar messages will be suppressed.
PHY-1001 : clock net clk_gen_inst/clk0_out will be merged with clock clk_gen_inst/clk0_buf
PHY-1001 : net sd_reader/clk will be routed on clock mesh
PHY-1001 : net sdram_top_inst/fifo_ctrl_inst/sys_clk will be routed on clock mesh
PHY-1001 : clock net config_inst_syn_10 will be merged with clock config_inst_syn_9
PHY-1001 : eco open net = 0
PHY-1001 : 713 feed throughs used by 437 nets
RUN-1001 : Import timing constraints
RUN-1001 : Import IO constraints
RUN-1001 : Import Inst constraints
RUN-1001 : Import ChipWatcher
RUN-1001 : Import design success TD_VERSION=5.6.71036 , DB_VERSION=46146
RUN-1003 : finish command "import_db C:/Users/W1030/Desktop/m0/td/m0soc_Runs/phy_1/m0soc_pr.db" in  8.593283s wall, 4.687500s user + 0.187500s system = 4.875000s CPU (56.7%)

RUN-1004 : used memory is 860 MB, reserved memory is 853 MB, peak memory is 925 MB
HDL-1007 : analyze verilog file ../rtl/CortexM0_SoC.v
HDL-1007 : undeclared symbol 'clk_200m', assumed default net type 'wire' in ../rtl/CortexM0_SoC.v(94)
HDL-1007 : undeclared symbol 'row', assumed default net type 'wire' in ../rtl/CortexM0_SoC.v(115)
RUN-1001 : reset_run syn_1 phy_1.
RUN-6001 WARNING: Failed to reset phy_1: some files can't be removed in C:/Users/W1030/Desktop/m0/td/m0soc_Runs/phy_1
RUN-1001 : launch_runs syn_1 phy_1  -jobs 6.
RUN-1001 : syn_1: run complete.
RUN-6001 WARNING: phy_1: run failed.
RUN-1001 : open_run phy_1.
RUN-1002 : start command "import_db C:/Users/W1030/Desktop/m0/td/m0soc_Runs/phy_1/m0soc_place.db"
RUN-1001 : Importing database generated by Tang Dynasty, V5.6.71036.
RUN-1001 : Database version number 46146.
RUN-1001 : Import flow parameters
RUN-1001 : Import timing constraints
RUN-1001 : Import IO constraints
RUN-1001 : Import Inst constraints
RUN-1001 : Import ChipWatcher
RUN-1001 : Import design success TD_VERSION=5.6.71036 , DB_VERSION=46146
RUN-1003 : finish command "import_db C:/Users/W1030/Desktop/m0/td/m0soc_Runs/phy_1/m0soc_place.db" in  1.976546s wall, 0.937500s user + 0.109375s system = 1.046875s CPU (53.0%)

RUN-1004 : used memory is 566 MB, reserved memory is 516 MB, peak memory is 930 MB
RUN-1002 : start command "config_chipwatcher -sync ahb.cwc -dir "
KIT-1004 : ChipWatcher: import watcher inst auto_chipwatcher_0 completed, there are 4 view nodes, 34 trigger nets, 34 data nets.
GUI-1001 : Import ahb.cwc success!
GUI-8501 ERROR: The bit C:/Users/W1030/Desktop/m0/td/m0soc_Runs/phy_1/m0soc.bit does not match with the current hardware.
GUI-8501 ERROR: The bit C:/Users/W1030/Desktop/m0/td/m0soc_Runs/phy_1/m0soc.bit does not match with the current hardware.
GUI-1001 : User opens ChipWatcher ...
RUN-1001 : reset_run syn_1 phy_1.
RUN-1001 : launch_runs syn_1 phy_1  -jobs 6.
RUN-1001 : syn_1: run complete.
RUN-1001 : phy_1: run complete.
RUN-1001 : open_run phy_1.
RUN-1002 : start command "import_db C:/Users/W1030/Desktop/m0/td/m0soc_Runs/phy_1/m0soc_pr.db"
RUN-1001 : Importing database generated by Tang Dynasty, V5.6.71036.
RUN-1001 : Database version number 46146.
RUN-1001 : Import flow parameters
PHY-1001 : Generate detailed routing grids ...
PHY-1001 : Generate nets ...
PHY-5010 WARNING: Net PADDR[11] is skipped due to 0 input or output
PHY-5010 WARNING: Net PADDR[10] is skipped due to 0 input or output
PHY-5010 WARNING: Net PADDR[9] is skipped due to 0 input or output
PHY-5010 WARNING: Net PADDR[8] is skipped due to 0 input or output
PHY-5010 WARNING: Net PADDR[7] is skipped due to 0 input or output
PHY-5010 WARNING: Net PADDR[6] is skipped due to 0 input or output
PHY-5010 WARNING: Net PADDR[5] is skipped due to 0 input or output
PHY-5010 WARNING: Net PADDR[4] is skipped due to 0 input or output
PHY-5010 WARNING: Net PADDR[3] is skipped due to 0 input or output
PHY-1001 : net SWCLK_dup_1 will be routed on clock mesh
PHY-1001 : net clk_dup_7 will be routed on clock mesh
PHY-1001 : net clk_148m_vga_dup_1 will be routed on clock mesh
PHY-5010 WARNING: Net isp_out_data[15] is skipped due to 0 input or output
PHY-5010 Similar messages will be suppressed.
PHY-1001 : clock net clk_gen_inst/clk0_out will be merged with clock clk_gen_inst/clk0_buf
PHY-1001 : net sd_reader/clk will be routed on clock mesh
PHY-1001 : net sdram_top_inst/fifo_ctrl_inst/sys_clk will be routed on clock mesh
PHY-1001 : eco open net = 0
PHY-1001 : 615 feed throughs used by 348 nets
RUN-1001 : Import timing constraints
RUN-1001 : Import IO constraints
RUN-1001 : Import Inst constraints
RUN-1001 : Import design success TD_VERSION=5.6.71036 , DB_VERSION=46146
RUN-1003 : finish command "import_db C:/Users/W1030/Desktop/m0/td/m0soc_Runs/phy_1/m0soc_pr.db" in  6.224349s wall, 3.125000s user + 0.078125s system = 3.203125s CPU (51.5%)

RUN-1004 : used memory is 934 MB, reserved memory is 900 MB, peak memory is 996 MB
Oops! 'Signal Segmentation Violation' raised. The backtrace:
[bt] (4)_chkstk
[bt] (5)RtlFindCharInUnicodeString
[bt] (6)KiUserExceptionDispatcher
[bt] (9)QMetaObject::activate
[bt] (12)QObject::event
[bt] (13)QWidget::event
[bt] (14)QFrame::event
[bt] (15)QAbstractScrollArea::event
[bt] (16)QApplicationPrivate::notify_helper
[bt] (17)QApplication::notify
[bt] (18)QCoreApplication::notifyInternal2
[bt] (19)QCoreApplicationPrivate::sendPostedEvents
[bt] (20)qt_plugin_query_metadata
[bt] (21)QEventDispatcherWin32::processEvents
[bt] (22)DispatchMessageW
[bt] (23)DispatchMessageW
[bt] (24)QEventDispatcherWin32::processEvents
[bt] (25)qt_plugin_query_metadata
[bt] (26)QEventLoop::exec
[bt] (27)QCoreApplication::exec
[bt] (31)BaseThreadInitThunk
[bt] (32)RtlUserThreadStart

