============================================================
   Tang Dynasty, V5.6.71036
      Copyright (c) 2012-2023 Anlogic Inc.
   Executable = D:/eg4s20/TD 5.6.2/bin/td.exe
   Built at =   20:34:38 Mar 21 2023
   Run by =     W1030
   Run Date =   Tue Apr 30 11:45:10 2024

   Run on =     LMZS
============================================================
RUN-1001 : open_run phy_1.
RUN-1002 : start command "import_db C:/Users/W1030/Desktop/m0/td/m0soc_Runs/phy_1/m0soc_pr.db"
RUN-1001 : Importing database generated by Tang Dynasty, V5.6.71036.
RUN-1001 : Database version number 46146.
RUN-1001 : Import flow parameters
PHY-1001 : Generate detailed routing grids ...
PHY-1001 : Generate nets ...
PHY-5010 WARNING: Net PADDR[11] is skipped due to 0 input or output
PHY-5010 WARNING: Net PADDR[10] is skipped due to 0 input or output
PHY-5010 WARNING: Net PADDR[9] is skipped due to 0 input or output
PHY-5010 WARNING: Net PADDR[8] is skipped due to 0 input or output
PHY-5010 WARNING: Net PADDR[7] is skipped due to 0 input or output
PHY-5010 WARNING: Net PADDR[6] is skipped due to 0 input or output
PHY-5010 WARNING: Net PADDR[5] is skipped due to 0 input or output
PHY-5010 WARNING: Net PADDR[4] is skipped due to 0 input or output
PHY-5010 WARNING: Net PADDR[3] is skipped due to 0 input or output
PHY-1001 : net SWCLK_dup_1 will be routed on clock mesh
PHY-1001 : net clk_dup_7 will be routed on clock mesh
PHY-1001 : net clk_148m_vga_dup_1 will be routed on clock mesh
PHY-5010 WARNING: Net isp_out_data[15] is skipped due to 0 input or output
PHY-5010 Similar messages will be suppressed.
PHY-1001 : clock net clk_gen_inst/clk0_out will be merged with clock clk_gen_inst/clk0_buf
PHY-1001 : net sd_reader/clk will be routed on clock mesh
PHY-1001 : net sdram_top_inst/fifo_ctrl_inst/sys_clk will be routed on clock mesh
PHY-1001 : eco open net = 0
PHY-1001 : 615 feed throughs used by 348 nets
RUN-1001 : Import timing constraints
RUN-1001 : Import IO constraints
RUN-1001 : Import Inst constraints
RUN-1001 : Import design success TD_VERSION=5.6.71036 , DB_VERSION=46146
RUN-1003 : finish command "import_db C:/Users/W1030/Desktop/m0/td/m0soc_Runs/phy_1/m0soc_pr.db" in  8.303622s wall, 2.609375s user + 0.062500s system = 2.671875s CPU (32.2%)

RUN-1004 : used memory is 841 MB, reserved memory is 832 MB, peak memory is 903 MB
RUN-1002 : start command "download -bit m0soc_Runs\phy_1\m0soc.bit -mode jtag -spd 7 -sec 64 -cable 0"
PRG-2014 : Chip validation success: EAGLE_S20_BG256
RUN-1002 : start command "bit_to_vec -chip EAGLE_S20_BG256 -m jtag_burst -freq 4 -bit m0soc_Runs/phy_1/m0soc.bit"
RUN-1002 : start command "program -cable 0 -mode svf -spd 7 -p"
RUN-1003 : finish command "program -cable 0 -mode svf -spd 7 -p" in  7.413451s wall, 0.031250s user + 0.171875s system = 0.203125s CPU (2.7%)

RUN-1004 : used memory is 911 MB, reserved memory is 884 MB, peak memory is 929 MB
RUN-1003 : finish command "download -bit m0soc_Runs\phy_1\m0soc.bit -mode jtag -spd 7 -sec 64 -cable 0" in  7.633913s wall, 0.109375s user + 0.171875s system = 0.281250s CPU (3.7%)

RUN-1004 : used memory is 911 MB, reserved memory is 884 MB, peak memory is 929 MB
GUI-1001 : Downloading succeeded!
HDL-1007 : analyze verilog file ../rtl/CortexM0_SoC.v
HDL-1007 : undeclared symbol 'clk_200m', assumed default net type 'wire' in ../rtl/CortexM0_SoC.v(94)
HDL-1007 : undeclared symbol 'row', assumed default net type 'wire' in ../rtl/CortexM0_SoC.v(115)
RUN-1001 : reset_run syn_1 phy_1.
RUN-6001 WARNING: Failed to reset phy_1: some files can't be removed in C:/Users/W1030/Desktop/m0/td/m0soc_Runs/phy_1
GUI-6001 WARNING: File C:/Users/W1030/Desktop/m0/td/m0soc_Runs/phy_1/m0soc.bit does not exist!
RUN-1001 : launch_runs syn_1 phy_1  -jobs 6.
RUN-1001 : syn_1: run complete.
RUN-1001 : phy_1: run complete.
RUN-1001 : open_run phy_1.
RUN-1002 : start command "import_db C:/Users/W1030/Desktop/m0/td/m0soc_Runs/phy_1/m0soc_pr.db"
RUN-1001 : Importing database generated by Tang Dynasty, V5.6.71036.
RUN-1001 : Database version number 46146.
RUN-1001 : Import flow parameters
PHY-1001 : Generate detailed routing grids ...
PHY-1001 : Generate nets ...
PHY-5010 WARNING: Net PADDR[11] is skipped due to 0 input or output
PHY-5010 WARNING: Net PADDR[10] is skipped due to 0 input or output
PHY-5010 WARNING: Net PADDR[9] is skipped due to 0 input or output
PHY-5010 WARNING: Net PADDR[8] is skipped due to 0 input or output
PHY-5010 WARNING: Net PADDR[7] is skipped due to 0 input or output
PHY-5010 WARNING: Net PADDR[6] is skipped due to 0 input or output
PHY-5010 WARNING: Net PADDR[5] is skipped due to 0 input or output
PHY-5010 WARNING: Net PADDR[4] is skipped due to 0 input or output
PHY-5010 WARNING: Net PADDR[3] is skipped due to 0 input or output
PHY-1001 : net SWCLK_dup_1 will be routed on clock mesh
PHY-1001 : net clk_dup_7 will be routed on clock mesh
PHY-1001 : net clk_148m_vga_dup_1 will be routed on clock mesh
PHY-5010 WARNING: Net isp_out_data[15] is skipped due to 0 input or output
PHY-5010 Similar messages will be suppressed.
PHY-1001 : clock net clk_gen_inst/clk0_out will be merged with clock clk_gen_inst/clk0_buf
PHY-1001 : net sdram_top_inst/fifo_ctrl_inst/wr_fifo_data/wr_to_rd_cross_inst/secondary_clk_i will be routed on clock mesh
PHY-1001 : eco open net = 0
PHY-1001 : 662 feed throughs used by 365 nets
RUN-1001 : Import timing constraints
RUN-1001 : Import IO constraints
RUN-1001 : Import Inst constraints
RUN-1001 : Import design success TD_VERSION=5.6.71036 , DB_VERSION=46146
RUN-1003 : finish command "import_db C:/Users/W1030/Desktop/m0/td/m0soc_Runs/phy_1/m0soc_pr.db" in  6.452294s wall, 1.843750s user + 0.187500s system = 2.031250s CPU (31.5%)

RUN-1004 : used memory is 915 MB, reserved memory is 884 MB, peak memory is 976 MB
RUN-1002 : start command "download -bit m0soc_Runs\phy_1\m0soc.bit -mode jtag -spd 7 -sec 64 -cable 0"
PRG-2014 : Chip validation success: EAGLE_S20_BG256
RUN-1002 : start command "bit_to_vec -chip EAGLE_S20_BG256 -m jtag_burst -freq 4 -bit m0soc_Runs/phy_1/m0soc.bit"
RUN-1002 : start command "program -cable 0 -mode svf -spd 7 -p"
RUN-1003 : finish command "program -cable 0 -mode svf -spd 7 -p" in  7.403099s wall, 0.062500s user + 0.171875s system = 0.234375s CPU (3.2%)

RUN-1004 : used memory is 945 MB, reserved memory is 913 MB, peak memory is 976 MB
RUN-1003 : finish command "download -bit m0soc_Runs\phy_1\m0soc.bit -mode jtag -spd 7 -sec 64 -cable 0" in  7.626743s wall, 0.156250s user + 0.171875s system = 0.328125s CPU (4.3%)

RUN-1004 : used memory is 945 MB, reserved memory is 913 MB, peak memory is 976 MB
GUI-1001 : Downloading succeeded!
HDL-1007 : analyze verilog file ../rtl/CortexM0_SoC.v
HDL-1007 : undeclared symbol 'clk_200m', assumed default net type 'wire' in ../rtl/CortexM0_SoC.v(94)
HDL-1007 : undeclared symbol 'row', assumed default net type 'wire' in ../rtl/CortexM0_SoC.v(115)
RUN-1001 : reset_run syn_1 phy_1.
GUI-6001 WARNING: File C:/Users/W1030/Desktop/m0/td/m0soc_Runs/phy_1/m0soc.bit does not exist!
RUN-1001 : launch_runs syn_1 phy_1  -jobs 6.
RUN-1001 : syn_1: run complete.
RUN-1001 : phy_1: run complete.
RUN-1001 : open_run phy_1.
RUN-1002 : start command "import_db C:/Users/W1030/Desktop/m0/td/m0soc_Runs/phy_1/m0soc_pr.db"
RUN-1001 : Importing database generated by Tang Dynasty, V5.6.71036.
RUN-1001 : Database version number 46146.
RUN-1001 : Import flow parameters
PHY-1001 : Generate detailed routing grids ...
PHY-1001 : Generate nets ...
PHY-5010 WARNING: Net PADDR[11] is skipped due to 0 input or output
PHY-5010 WARNING: Net PADDR[10] is skipped due to 0 input or output
PHY-5010 WARNING: Net PADDR[9] is skipped due to 0 input or output
PHY-5010 WARNING: Net PADDR[8] is skipped due to 0 input or output
PHY-5010 WARNING: Net PADDR[7] is skipped due to 0 input or output
PHY-5010 WARNING: Net PADDR[6] is skipped due to 0 input or output
PHY-5010 WARNING: Net PADDR[5] is skipped due to 0 input or output
PHY-5010 WARNING: Net PADDR[4] is skipped due to 0 input or output
PHY-5010 WARNING: Net PADDR[3] is skipped due to 0 input or output
PHY-1001 : net SWCLK_dup_1 will be routed on clock mesh
PHY-1001 : net clk_dup_7 will be routed on clock mesh
PHY-1001 : net clk_148m_vga_dup_1 will be routed on clock mesh
PHY-5010 WARNING: Net isp_out_data[15] is skipped due to 0 input or output
PHY-5010 Similar messages will be suppressed.
PHY-1001 : clock net sd_reader/clk will be merged with clock clk_gen_inst/clk0_buf
PHY-1001 : net sdram_top_inst/fifo_ctrl_inst/sys_clk will be routed on clock mesh
PHY-1001 : eco open net = 0
PHY-1001 : 624 feed throughs used by 344 nets
RUN-1001 : Import timing constraints
RUN-1001 : Import IO constraints
RUN-1001 : Import Inst constraints
RUN-1001 : Import design success TD_VERSION=5.6.71036 , DB_VERSION=46146
RUN-1003 : finish command "import_db C:/Users/W1030/Desktop/m0/td/m0soc_Runs/phy_1/m0soc_pr.db" in  6.474224s wall, 3.500000s user + 0.140625s system = 3.640625s CPU (56.2%)

RUN-1004 : used memory is 931 MB, reserved memory is 891 MB, peak memory is 1005 MB
RUN-1002 : start command "download -bit m0soc_Runs\phy_1\m0soc.bit -mode jtag -spd 7 -sec 64 -cable 0"
PRG-2014 : Chip validation success: EAGLE_S20_BG256
RUN-1002 : start command "bit_to_vec -chip EAGLE_S20_BG256 -m jtag_burst -freq 4 -bit m0soc_Runs/phy_1/m0soc.bit"
RUN-1002 : start command "program -cable 0 -mode svf -spd 7 -p"
RUN-1003 : finish command "program -cable 0 -mode svf -spd 7 -p" in  7.515107s wall, 0.125000s user + 0.312500s system = 0.437500s CPU (5.8%)

RUN-1004 : used memory is 966 MB, reserved memory is 927 MB, peak memory is 1005 MB
RUN-1003 : finish command "download -bit m0soc_Runs\phy_1\m0soc.bit -mode jtag -spd 7 -sec 64 -cable 0" in  7.746385s wall, 0.203125s user + 0.328125s system = 0.531250s CPU (6.9%)

RUN-1004 : used memory is 966 MB, reserved memory is 927 MB, peak memory is 1005 MB
GUI-1001 : Downloading succeeded!
HDL-1007 : analyze verilog file ../rtl/CortexM0_SoC.v
HDL-1007 : undeclared symbol 'clk_200m', assumed default net type 'wire' in ../rtl/CortexM0_SoC.v(94)
HDL-1007 : undeclared symbol 'row', assumed default net type 'wire' in ../rtl/CortexM0_SoC.v(115)
RUN-1001 : reset_run syn_1 phy_1.
GUI-6001 WARNING: File C:/Users/W1030/Desktop/m0/td/m0soc_Runs/phy_1/m0soc.bit does not exist!
RUN-1001 : launch_runs syn_1 phy_1  -jobs 6.
RUN-1001 : syn_1: run complete.
RUN-1001 : phy_1: run complete.
RUN-1001 : open_run phy_1.
RUN-1002 : start command "import_db C:/Users/W1030/Desktop/m0/td/m0soc_Runs/phy_1/m0soc_pr.db"
RUN-1001 : Importing database generated by Tang Dynasty, V5.6.71036.
RUN-1001 : Database version number 46146.
RUN-1001 : Import flow parameters
PHY-1001 : Generate detailed routing grids ...
PHY-1001 : Generate nets ...
PHY-5010 WARNING: Net PADDR[11] is skipped due to 0 input or output
PHY-5010 WARNING: Net PADDR[10] is skipped due to 0 input or output
PHY-5010 WARNING: Net PADDR[9] is skipped due to 0 input or output
PHY-5010 WARNING: Net PADDR[8] is skipped due to 0 input or output
PHY-5010 WARNING: Net PADDR[7] is skipped due to 0 input or output
PHY-5010 WARNING: Net PADDR[6] is skipped due to 0 input or output
PHY-5010 WARNING: Net PADDR[5] is skipped due to 0 input or output
PHY-5010 WARNING: Net PADDR[4] is skipped due to 0 input or output
PHY-5010 WARNING: Net PADDR[3] is skipped due to 0 input or output
PHY-1001 : net SWCLK_dup_1 will be routed on clock mesh
PHY-1001 : net clk_dup_7 will be routed on clock mesh
PHY-1001 : net clk_148m_vga_dup_1 will be routed on clock mesh
PHY-5010 WARNING: Net isp_out_data[15] is skipped due to 0 input or output
PHY-5010 Similar messages will be suppressed.
PHY-1001 : clock net sd_reader/clk will be merged with clock clk_gen_inst/clk0_buf
PHY-1001 : net sdram_top_inst/fifo_ctrl_inst/sys_clk will be routed on clock mesh
PHY-1001 : eco open net = 0
PHY-1001 : 624 feed throughs used by 344 nets
RUN-1001 : Import timing constraints
RUN-1001 : Import IO constraints
RUN-1001 : Import Inst constraints
RUN-1001 : Import design success TD_VERSION=5.6.71036 , DB_VERSION=46146
RUN-1003 : finish command "import_db C:/Users/W1030/Desktop/m0/td/m0soc_Runs/phy_1/m0soc_pr.db" in  6.549193s wall, 1.640625s user + 0.109375s system = 1.750000s CPU (26.7%)

RUN-1004 : used memory is 991 MB, reserved memory is 960 MB, peak memory is 1005 MB
RUN-1002 : start command "download -bit m0soc_Runs\phy_1\m0soc.bit -mode jtag -spd 7 -sec 64 -cable 0"
PRG-2014 : Chip validation success: EAGLE_S20_BG256
RUN-1002 : start command "bit_to_vec -chip EAGLE_S20_BG256 -m jtag_burst -freq 4 -bit m0soc_Runs/phy_1/m0soc.bit"
RUN-1002 : start command "program -cable 0 -mode svf -spd 7 -p"
RUN-1003 : finish command "program -cable 0 -mode svf -spd 7 -p" in  7.527219s wall, 0.093750s user + 0.359375s system = 0.453125s CPU (6.0%)

RUN-1004 : used memory is 1019 MB, reserved memory is 987 MB, peak memory is 1037 MB
RUN-1003 : finish command "download -bit m0soc_Runs\phy_1\m0soc.bit -mode jtag -spd 7 -sec 64 -cable 0" in  7.755760s wall, 0.156250s user + 0.390625s system = 0.546875s CPU (7.1%)

RUN-1004 : used memory is 1019 MB, reserved memory is 987 MB, peak memory is 1037 MB
GUI-1001 : Downloading succeeded!
HDL-1007 : analyze verilog file ../rtl/CortexM0_SoC.v
HDL-1007 : undeclared symbol 'clk_200m', assumed default net type 'wire' in ../rtl/CortexM0_SoC.v(94)
HDL-1007 : undeclared symbol 'row', assumed default net type 'wire' in ../rtl/CortexM0_SoC.v(115)
RUN-1001 : reset_run syn_1 phy_1.
GUI-6001 WARNING: File C:/Users/W1030/Desktop/m0/td/m0soc_Runs/phy_1/m0soc.bit does not exist!
RUN-1001 : launch_runs syn_1 phy_1  -jobs 6.
RUN-1001 : syn_1: run complete.
RUN-1001 : phy_1: run complete.
RUN-1001 : open_run phy_1.
RUN-1002 : start command "import_db C:/Users/W1030/Desktop/m0/td/m0soc_Runs/phy_1/m0soc_pr.db"
RUN-1001 : Importing database generated by Tang Dynasty, V5.6.71036.
RUN-1001 : Database version number 46146.
RUN-1001 : Import flow parameters
PHY-1001 : Generate detailed routing grids ...
PHY-1001 : Generate nets ...
PHY-5010 WARNING: Net PADDR[11] is skipped due to 0 input or output
PHY-5010 WARNING: Net PADDR[10] is skipped due to 0 input or output
PHY-5010 WARNING: Net PADDR[9] is skipped due to 0 input or output
PHY-5010 WARNING: Net PADDR[8] is skipped due to 0 input or output
PHY-5010 WARNING: Net PADDR[7] is skipped due to 0 input or output
PHY-5010 WARNING: Net PADDR[6] is skipped due to 0 input or output
PHY-5010 WARNING: Net PADDR[5] is skipped due to 0 input or output
PHY-5010 WARNING: Net PADDR[4] is skipped due to 0 input or output
PHY-5010 WARNING: Net PADDR[3] is skipped due to 0 input or output
PHY-1001 : net SWCLK_dup_1 will be routed on clock mesh
PHY-1001 : net clk_dup_7 will be routed on clock mesh
PHY-1001 : net clk_148m_vga_dup_1 will be routed on clock mesh
PHY-5010 WARNING: Net isp_out_data[15] is skipped due to 0 input or output
PHY-5010 Similar messages will be suppressed.
PHY-1001 : clock net clk_gen_inst/clk0_out will be merged with clock clk_gen_inst/clk0_buf
PHY-1001 : net sd_reader/clk will be routed on clock mesh
PHY-1001 : net sdram_top_inst/fifo_ctrl_inst/sys_clk will be routed on clock mesh
PHY-1001 : eco open net = 0
PHY-1001 : 615 feed throughs used by 348 nets
RUN-1001 : Import timing constraints
RUN-1001 : Import IO constraints
RUN-1001 : Import Inst constraints
RUN-1001 : Import design success TD_VERSION=5.6.71036 , DB_VERSION=46146
RUN-1003 : finish command "import_db C:/Users/W1030/Desktop/m0/td/m0soc_Runs/phy_1/m0soc_pr.db" in  6.641192s wall, 1.156250s user + 0.218750s system = 1.375000s CPU (20.7%)

RUN-1004 : used memory is 1001 MB, reserved memory is 967 MB, peak memory is 1037 MB
RUN-1002 : start command "download -bit m0soc_Runs\phy_1\m0soc.bit -mode jtag -spd 7 -sec 64 -cable 0"
PRG-2014 : Chip validation success: EAGLE_S20_BG256
RUN-1002 : start command "bit_to_vec -chip EAGLE_S20_BG256 -m jtag_burst -freq 4 -bit m0soc_Runs/phy_1/m0soc.bit"
RUN-1002 : start command "program -cable 0 -mode svf -spd 7 -p"
RUN-1003 : finish command "program -cable 0 -mode svf -spd 7 -p" in  7.449445s wall, 0.140625s user + 0.234375s system = 0.375000s CPU (5.0%)

RUN-1004 : used memory is 1033 MB, reserved memory is 998 MB, peak memory is 1052 MB
RUN-1003 : finish command "download -bit m0soc_Runs\phy_1\m0soc.bit -mode jtag -spd 7 -sec 64 -cable 0" in  7.674254s wall, 0.203125s user + 0.250000s system = 0.453125s CPU (5.9%)

RUN-1004 : used memory is 1033 MB, reserved memory is 998 MB, peak memory is 1052 MB
GUI-1001 : Downloading succeeded!
HDL-1007 : analyze verilog file ../rtl/CortexM0_SoC.v
HDL-1007 : undeclared symbol 'clk_200m', assumed default net type 'wire' in ../rtl/CortexM0_SoC.v(94)
HDL-1007 : undeclared symbol 'row', assumed default net type 'wire' in ../rtl/CortexM0_SoC.v(115)
RUN-1001 : reset_run syn_1 phy_1.
GUI-6001 WARNING: File C:/Users/W1030/Desktop/m0/td/m0soc_Runs/phy_1/m0soc.bit does not exist!
RUN-1001 : launch_runs syn_1 phy_1  -jobs 6.
RUN-1001 : syn_1: run complete.
RUN-1001 : phy_1: run complete.
RUN-1001 : open_run phy_1.
RUN-1002 : start command "import_db C:/Users/W1030/Desktop/m0/td/m0soc_Runs/phy_1/m0soc_pr.db"
RUN-1001 : Importing database generated by Tang Dynasty, V5.6.71036.
RUN-1001 : Database version number 46146.
RUN-1001 : Import flow parameters
PHY-1001 : Generate detailed routing grids ...
PHY-1001 : Generate nets ...
PHY-5010 WARNING: Net PADDR[11] is skipped due to 0 input or output
PHY-5010 WARNING: Net PADDR[10] is skipped due to 0 input or output
PHY-5010 WARNING: Net PADDR[9] is skipped due to 0 input or output
PHY-5010 WARNING: Net PADDR[8] is skipped due to 0 input or output
PHY-5010 WARNING: Net PADDR[7] is skipped due to 0 input or output
PHY-5010 WARNING: Net PADDR[6] is skipped due to 0 input or output
PHY-5010 WARNING: Net PADDR[5] is skipped due to 0 input or output
PHY-5010 WARNING: Net PADDR[4] is skipped due to 0 input or output
PHY-5010 WARNING: Net PADDR[3] is skipped due to 0 input or output
PHY-1001 : net SWCLK_dup_1 will be routed on clock mesh
PHY-1001 : net clk_dup_7 will be routed on clock mesh
PHY-1001 : net clk_148m_vga_dup_1 will be routed on clock mesh
PHY-5010 WARNING: Net isp_out_data[15] is skipped due to 0 input or output
PHY-5010 Similar messages will be suppressed.
PHY-1001 : clock net clk_gen_inst/clk0_out will be merged with clock clk_gen_inst/clk0_buf
PHY-1001 : net sdram_top_inst/fifo_ctrl_inst/wr_fifo_data/wr_to_rd_cross_inst/secondary_clk_i will be routed on clock mesh
PHY-1001 : eco open net = 0
PHY-1001 : 662 feed throughs used by 365 nets
RUN-1001 : Import timing constraints
RUN-1001 : Import IO constraints
RUN-1001 : Import Inst constraints
RUN-1001 : Import design success TD_VERSION=5.6.71036 , DB_VERSION=46146
RUN-1003 : finish command "import_db C:/Users/W1030/Desktop/m0/td/m0soc_Runs/phy_1/m0soc_pr.db" in  6.458223s wall, 3.609375s user + 0.234375s system = 3.843750s CPU (59.5%)

RUN-1004 : used memory is 1015 MB, reserved memory is 985 MB, peak memory is 1052 MB
RUN-1002 : start command "download -bit m0soc_Runs\phy_1\m0soc.bit -mode jtag -spd 7 -sec 64 -cable 0"
PRG-2014 : Chip validation success: EAGLE_S20_BG256
RUN-1002 : start command "bit_to_vec -chip EAGLE_S20_BG256 -m jtag_burst -freq 4 -bit m0soc_Runs/phy_1/m0soc.bit"
RUN-1002 : start command "program -cable 0 -mode svf -spd 7 -p"
RUN-1003 : finish command "program -cable 0 -mode svf -spd 7 -p" in  7.439447s wall, 0.062500s user + 0.046875s system = 0.109375s CPU (1.5%)

RUN-1004 : used memory is 1043 MB, reserved memory is 1013 MB, peak memory is 1061 MB
RUN-1003 : finish command "download -bit m0soc_Runs\phy_1\m0soc.bit -mode jtag -spd 7 -sec 64 -cable 0" in  7.666920s wall, 0.125000s user + 0.046875s system = 0.171875s CPU (2.2%)

RUN-1004 : used memory is 1043 MB, reserved memory is 1013 MB, peak memory is 1061 MB
GUI-1001 : Downloading succeeded!
HDL-1007 : analyze verilog file ../rtl/CortexM0_SoC.v
HDL-1007 : undeclared symbol 'clk_200m', assumed default net type 'wire' in ../rtl/CortexM0_SoC.v(94)
HDL-1007 : undeclared symbol 'row', assumed default net type 'wire' in ../rtl/CortexM0_SoC.v(115)
RUN-1001 : reset_run syn_1 phy_1.
GUI-6001 WARNING: File C:/Users/W1030/Desktop/m0/td/m0soc_Runs/phy_1/m0soc.bit does not exist!
RUN-1001 : launch_runs syn_1 phy_1  -jobs 6.
RUN-1001 : syn_1: run complete.
RUN-1001 : phy_1: run complete.
RUN-1001 : open_run phy_1.
RUN-1002 : start command "import_db C:/Users/W1030/Desktop/m0/td/m0soc_Runs/phy_1/m0soc_pr.db"
RUN-1001 : Importing database generated by Tang Dynasty, V5.6.71036.
RUN-1001 : Database version number 46146.
RUN-1001 : Import flow parameters
PHY-1001 : Generate detailed routing grids ...
PHY-1001 : Generate nets ...
PHY-5010 WARNING: Net PADDR[11] is skipped due to 0 input or output
PHY-5010 WARNING: Net PADDR[10] is skipped due to 0 input or output
PHY-5010 WARNING: Net PADDR[9] is skipped due to 0 input or output
PHY-5010 WARNING: Net PADDR[8] is skipped due to 0 input or output
PHY-5010 WARNING: Net PADDR[7] is skipped due to 0 input or output
PHY-5010 WARNING: Net PADDR[6] is skipped due to 0 input or output
PHY-5010 WARNING: Net PADDR[5] is skipped due to 0 input or output
PHY-5010 WARNING: Net PADDR[4] is skipped due to 0 input or output
PHY-5010 WARNING: Net PADDR[3] is skipped due to 0 input or output
PHY-1001 : net SWCLK_dup_1 will be routed on clock mesh
PHY-1001 : net clk_dup_7 will be routed on clock mesh
PHY-1001 : net clk_148m_vga_dup_1 will be routed on clock mesh
PHY-5010 WARNING: Net isp_out_data[15] is skipped due to 0 input or output
PHY-5010 Similar messages will be suppressed.
PHY-1001 : clock net clk_gen_inst/clk0_out will be merged with clock clk_gen_inst/clk0_buf
PHY-1001 : net sdram_top_inst/sys_clk will be routed on clock mesh
PHY-1001 : net sdram_top_inst/fifo_ctrl_inst/wr_fifo_data/clkw will be routed on clock mesh
PHY-1001 : eco open net = 0
PHY-1001 : 632 feed throughs used by 359 nets
RUN-1001 : Import timing constraints
RUN-1001 : Import IO constraints
RUN-1001 : Import Inst constraints
RUN-1001 : Import design success TD_VERSION=5.6.71036 , DB_VERSION=46146
RUN-1003 : finish command "import_db C:/Users/W1030/Desktop/m0/td/m0soc_Runs/phy_1/m0soc_pr.db" in  7.674760s wall, 2.093750s user + 0.156250s system = 2.250000s CPU (29.3%)

RUN-1004 : used memory is 1025 MB, reserved memory is 997 MB, peak memory is 1061 MB
RUN-1002 : start command "download -bit m0soc_Runs\phy_1\m0soc.bit -mode jtag -spd 7 -sec 64 -cable 0"
PRG-2014 : Chip validation success: EAGLE_S20_BG256
RUN-1002 : start command "bit_to_vec -chip EAGLE_S20_BG256 -m jtag_burst -freq 4 -bit m0soc_Runs/phy_1/m0soc.bit"
RUN-1002 : start command "program -cable 0 -mode svf -spd 7 -p"
RUN-1003 : finish command "program -cable 0 -mode svf -spd 7 -p" in  7.448567s wall, 0.078125s user + 0.140625s system = 0.218750s CPU (2.9%)

RUN-1004 : used memory is 1053 MB, reserved memory is 1024 MB, peak memory is 1071 MB
RUN-1003 : finish command "download -bit m0soc_Runs\phy_1\m0soc.bit -mode jtag -spd 7 -sec 64 -cable 0" in  7.685190s wall, 0.156250s user + 0.156250s system = 0.312500s CPU (4.1%)

RUN-1004 : used memory is 1053 MB, reserved memory is 1024 MB, peak memory is 1071 MB
GUI-1001 : Downloading succeeded!
HDL-1007 : analyze verilog file ../rtl/CortexM0_SoC.v
HDL-1007 : undeclared symbol 'clk_200m', assumed default net type 'wire' in ../rtl/CortexM0_SoC.v(94)
HDL-1007 : undeclared symbol 'row', assumed default net type 'wire' in ../rtl/CortexM0_SoC.v(115)
RUN-1001 : reset_run syn_1 phy_1.
GUI-6001 WARNING: File C:/Users/W1030/Desktop/m0/td/m0soc_Runs/phy_1/m0soc.bit does not exist!
RUN-1001 : launch_runs syn_1 phy_1  -jobs 6.
RUN-1001 : syn_1: run complete.
RUN-1001 : phy_1: run complete.
RUN-1001 : open_run phy_1.
RUN-1002 : start command "import_db C:/Users/W1030/Desktop/m0/td/m0soc_Runs/phy_1/m0soc_pr.db"
RUN-1001 : Importing database generated by Tang Dynasty, V5.6.71036.
RUN-1001 : Database version number 46146.
RUN-1001 : Import flow parameters
PHY-1001 : Generate detailed routing grids ...
PHY-1001 : Generate nets ...
PHY-5010 WARNING: Net PADDR[11] is skipped due to 0 input or output
PHY-5010 WARNING: Net PADDR[10] is skipped due to 0 input or output
PHY-5010 WARNING: Net PADDR[9] is skipped due to 0 input or output
PHY-5010 WARNING: Net PADDR[8] is skipped due to 0 input or output
PHY-5010 WARNING: Net PADDR[7] is skipped due to 0 input or output
PHY-5010 WARNING: Net PADDR[6] is skipped due to 0 input or output
PHY-5010 WARNING: Net PADDR[5] is skipped due to 0 input or output
PHY-5010 WARNING: Net PADDR[4] is skipped due to 0 input or output
PHY-5010 WARNING: Net PADDR[3] is skipped due to 0 input or output
PHY-1001 : net SWCLK_dup_1 will be routed on clock mesh
PHY-1001 : net clk_dup_7 will be routed on clock mesh
PHY-1001 : net clk_148m_vga_dup_1 will be routed on clock mesh
PHY-5010 WARNING: Net isp_out_data[15] is skipped due to 0 input or output
PHY-5010 Similar messages will be suppressed.
PHY-1001 : clock net clk_gen_inst/clk0_out will be merged with clock clk_gen_inst/clk0_buf
PHY-1001 : net sdram_top_inst/fifo_ctrl_inst/wr_fifo_data/wr_to_rd_cross_inst/secondary_clk_i will be routed on clock mesh
PHY-1001 : eco open net = 0
PHY-1001 : 662 feed throughs used by 365 nets
RUN-1001 : Import timing constraints
RUN-1001 : Import IO constraints
RUN-1001 : Import Inst constraints
RUN-1001 : Import design success TD_VERSION=5.6.71036 , DB_VERSION=46146
RUN-1003 : finish command "import_db C:/Users/W1030/Desktop/m0/td/m0soc_Runs/phy_1/m0soc_pr.db" in  6.534330s wall, 2.828125s user + 0.234375s system = 3.062500s CPU (46.9%)

RUN-1004 : used memory is 1041 MB, reserved memory is 1016 MB, peak memory is 1071 MB
RUN-1002 : start command "download -bit m0soc_Runs\phy_1\m0soc.bit -mode jtag -spd 7 -sec 64 -cable 0"
PRG-2014 : Chip validation success: EAGLE_S20_BG256
RUN-1002 : start command "bit_to_vec -chip EAGLE_S20_BG256 -m jtag_burst -freq 4 -bit m0soc_Runs/phy_1/m0soc.bit"
RUN-1002 : start command "program -cable 0 -mode svf -spd 7 -p"
RUN-1003 : finish command "program -cable 0 -mode svf -spd 7 -p" in  7.513388s wall, 0.078125s user + 0.109375s system = 0.187500s CPU (2.5%)

RUN-1004 : used memory is 1070 MB, reserved memory is 1043 MB, peak memory is 1088 MB
RUN-1003 : finish command "download -bit m0soc_Runs\phy_1\m0soc.bit -mode jtag -spd 7 -sec 64 -cable 0" in  7.750359s wall, 0.187500s user + 0.109375s system = 0.296875s CPU (3.8%)

RUN-1004 : used memory is 1070 MB, reserved memory is 1043 MB, peak memory is 1088 MB
GUI-1001 : Downloading succeeded!
HDL-1007 : analyze verilog file ../rtl/CortexM0_SoC.v
HDL-1007 : undeclared symbol 'clk_200m', assumed default net type 'wire' in ../rtl/CortexM0_SoC.v(94)
HDL-1007 : undeclared symbol 'row', assumed default net type 'wire' in ../rtl/CortexM0_SoC.v(115)
RUN-1001 : reset_run syn_1 phy_1.
GUI-6001 WARNING: File C:/Users/W1030/Desktop/m0/td/m0soc_Runs/phy_1/m0soc.bit does not exist!
RUN-1001 : launch_runs syn_1 phy_1  -jobs 6.
RUN-1001 : syn_1: run complete.
RUN-6001 WARNING: phy_1: run failed.
RUN-1001 : open_run phy_1.
RUN-1002 : start command "import_db C:/Users/W1030/Desktop/m0/td/m0soc_Runs/phy_1/m0soc_place.db"
RUN-1001 : Importing database generated by Tang Dynasty, V5.6.71036.
RUN-1001 : Database version number 46146.
RUN-1001 : Import flow parameters
RUN-1001 : Import timing constraints
RUN-1001 : Import IO constraints
RUN-1001 : Import Inst constraints
RUN-1001 : Import design success TD_VERSION=5.6.71036 , DB_VERSION=46146
RUN-1003 : finish command "import_db C:/Users/W1030/Desktop/m0/td/m0soc_Runs/phy_1/m0soc_place.db" in  1.914197s wall, 0.562500s user + 0.078125s system = 0.640625s CPU (33.5%)

RUN-1004 : used memory is 705 MB, reserved memory is 717 MB, peak memory is 1088 MB
RUN-1002 : start command "clean_project m0soc.al"
RUN-1001 : reset_run syn_1.
RUN-1001 : launch_runs syn_1 phy_1  -jobs 6.
RUN-1001 : syn_1: run complete.
RUN-6001 WARNING: phy_1: run failed.
RUN-1001 : open_run phy_1.
RUN-1002 : start command "import_db C:/Users/W1030/Desktop/m0/td/m0soc_Runs/phy_1/m0soc_place.db"
RUN-1001 : Importing database generated by Tang Dynasty, V5.6.71036.
RUN-1001 : Database version number 46146.
RUN-1001 : Import flow parameters
RUN-1001 : Import timing constraints
RUN-1001 : Import IO constraints
RUN-1001 : Import Inst constraints
RUN-1001 : Import design success TD_VERSION=5.6.71036 , DB_VERSION=46146
RUN-1003 : finish command "import_db C:/Users/W1030/Desktop/m0/td/m0soc_Runs/phy_1/m0soc_place.db" in  1.640838s wall, 0.453125s user + 0.031250s system = 0.484375s CPU (29.5%)

RUN-1004 : used memory is 697 MB, reserved memory is 658 MB, peak memory is 1088 MB
HDL-1007 : analyze verilog file ../rtl/CortexM0_SoC.v
HDL-1007 : undeclared symbol 'clk_200m', assumed default net type 'wire' in ../rtl/CortexM0_SoC.v(94)
HDL-1007 : undeclared symbol 'row', assumed default net type 'wire' in ../rtl/CortexM0_SoC.v(115)
RUN-1001 : reset_run syn_1 phy_1.
RUN-1001 : launch_runs syn_1 phy_1  -jobs 6.
RUN-1001 : syn_1: run complete.
RUN-1001 : phy_1: run complete.
RUN-1001 : open_run phy_1.
RUN-1002 : start command "import_db C:/Users/W1030/Desktop/m0/td/m0soc_Runs/phy_1/m0soc_pr.db"
RUN-1001 : Importing database generated by Tang Dynasty, V5.6.71036.
RUN-1001 : Database version number 46146.
RUN-1001 : Import flow parameters
PHY-1001 : Generate detailed routing grids ...
PHY-1001 : Generate nets ...
PHY-5010 WARNING: Net PADDR[11] is skipped due to 0 input or output
PHY-5010 WARNING: Net PADDR[10] is skipped due to 0 input or output
PHY-5010 WARNING: Net PADDR[9] is skipped due to 0 input or output
PHY-5010 WARNING: Net PADDR[8] is skipped due to 0 input or output
PHY-5010 WARNING: Net PADDR[7] is skipped due to 0 input or output
PHY-5010 WARNING: Net PADDR[6] is skipped due to 0 input or output
PHY-5010 WARNING: Net PADDR[5] is skipped due to 0 input or output
PHY-5010 WARNING: Net PADDR[4] is skipped due to 0 input or output
PHY-5010 WARNING: Net PADDR[3] is skipped due to 0 input or output
PHY-1001 : net SWCLK_dup_1 will be routed on clock mesh
PHY-1001 : net clk_dup_7 will be routed on clock mesh
PHY-1001 : net clk_148m_vga_dup_1 will be routed on clock mesh
PHY-5010 WARNING: Net isp_out_data[15] is skipped due to 0 input or output
PHY-5010 Similar messages will be suppressed.
PHY-1001 : clock net clk_gen_inst/clk0_out will be merged with clock clk_gen_inst/clk0_buf
PHY-1001 : net sdram_top_inst/fifo_ctrl_inst/wr_fifo_data/wr_to_rd_cross_inst/secondary_clk_i will be routed on clock mesh
PHY-1001 : eco open net = 0
PHY-1001 : 662 feed throughs used by 365 nets
RUN-1001 : Import timing constraints
RUN-1001 : Import IO constraints
RUN-1001 : Import Inst constraints
RUN-1001 : Import design success TD_VERSION=5.6.71036 , DB_VERSION=46146
RUN-1003 : finish command "import_db C:/Users/W1030/Desktop/m0/td/m0soc_Runs/phy_1/m0soc_pr.db" in  6.236725s wall, 3.593750s user + 0.140625s system = 3.734375s CPU (59.9%)

RUN-1004 : used memory is 994 MB, reserved memory is 1028 MB, peak memory is 1088 MB
RUN-1002 : start command "download -bit m0soc_Runs\phy_1\m0soc.bit -mode jtag -spd 7 -sec 64 -cable 0"
PRG-2014 : Chip validation success: EAGLE_S20_BG256
RUN-1002 : start command "bit_to_vec -chip EAGLE_S20_BG256 -m jtag_burst -freq 4 -bit m0soc_Runs/phy_1/m0soc.bit"
RUN-1002 : start command "program -cable 0 -mode svf -spd 7 -p"
RUN-1003 : finish command "program -cable 0 -mode svf -spd 7 -p" in  7.523192s wall, 0.109375s user + 0.093750s system = 0.203125s CPU (2.7%)

RUN-1004 : used memory is 1023 MB, reserved memory is 1054 MB, peak memory is 1088 MB
RUN-1003 : finish command "download -bit m0soc_Runs\phy_1\m0soc.bit -mode jtag -spd 7 -sec 64 -cable 0" in  7.755743s wall, 0.156250s user + 0.109375s system = 0.265625s CPU (3.4%)

RUN-1004 : used memory is 1023 MB, reserved memory is 1054 MB, peak memory is 1088 MB
GUI-1001 : Downloading succeeded!
