============================================================
   Tang Dynasty, V5.6.71036
      Copyright (c) 2012-2023 Anlogic Inc.
   Executable = D:/eg4s20/TD 5.6.2/bin/td.exe
   Built at =   20:34:38 Mar 21 2023
   Run by =     W1030
   Run Date =   Thu Jul  4 20:12:55 2024

   Run on =     LMZS
============================================================
RUN-001 : GUI based run...
RUN-1002 : start command "open_project m0soc.al -update"
RUN-8001 ERROR: ../rtl/AHBISPSYS/cal_gain.v: Can't find this file.
RUN-8001 ERROR: ../rtl/AHBISPSYS/calculator.v: Can't find this file.
RUN-8001 ERROR: ../rtl/AHBISPSYS/successive.v: Can't find this file.
RUN-1001 : Print Global Property
RUN-1001 : ---------------------------------------------------------------
RUN-1001 :        Parameters        |  Settings  |  Default Values  |  Note  
RUN-1001 : ---------------------------------------------------------------
RUN-1001 :          message         |  standard  |     standard     |        
RUN-1001 :   mixed_pack_place_flow  |     on     |        on        |        
RUN-1001 :        qor_monitor       |    off     |       off        |        
RUN-1001 :        syn_ip_flow       |    off     |       off        |        
RUN-1001 :          thread          |    auto    |       auto       |        
RUN-1001 : ---------------------------------------------------------------
RUN-1001 : Print Design Property
RUN-1001 : --------------------------------------------------------------
RUN-1001 :        Parameters       |  Settings  |  Default Values  |  Note  
RUN-1001 : --------------------------------------------------------------
RUN-1001 :   default_reg_initial   |    auto    |       auto       |        
RUN-1001 :        infer_add        |     on     |        on        |        
RUN-1001 :        infer_fsm        |    off     |       off        |        
RUN-1001 :        infer_mult       |     on     |        on        |        
RUN-1001 :        infer_ram        |     on     |        on        |        
RUN-1001 :        infer_reg        |     on     |        on        |        
RUN-1001 :   infer_reg_init_value  |     on     |        on        |        
RUN-1001 :        infer_rom        |     on     |        on        |        
RUN-1001 :      infer_shifter      |     on     |        on        |        
RUN-1001 : --------------------------------------------------------------
RUN-1001 : Print Rtl Property
RUN-1001 : --------------------------------------------------------------
RUN-1001 :        Parameters       |  Settings  |  Default Values  |  Note  
RUN-1001 : --------------------------------------------------------------
RUN-1001 :       compress_add      |   ripple   |      ripple      |        
RUN-1001 :        elf_sload        |    off     |       off        |        
RUN-1001 :       fix_undriven      |     0      |        0         |        
RUN-1001 :         flatten         |    off     |       off        |        
RUN-1001 :       gate_sharing      |     on     |        on        |        
RUN-1001 :    hdl_warning_level    |   normal   |      normal      |        
RUN-1001 :   impl_internal_tribuf  |     on     |        on        |        
RUN-1001 :      impl_set_reset     |     on     |        on        |        
RUN-1001 :        infer_gsr        |    off     |       off        |        
RUN-1001 :      keep_hierarchy     |    auto    |       auto       |        
RUN-1001 :        max_fanout       |    9999    |       9999       |        
RUN-1001 :      max_oh2bin_len     |     10     |        10        |        
RUN-1001 :       merge_equal       |     on     |        on        |        
RUN-1001 :       merge_equiv       |     on     |        on        |        
RUN-1001 :        merge_mux        |    off     |       off        |        
RUN-1001 :     min_control_set     |     8      |        8         |        
RUN-1001 :      min_ripple_len     |    auto    |       auto       |        
RUN-1001 :       oh2bin_ratio      |    0.08    |       0.08       |        
RUN-1001 :     opt_adder_fanout    |     on     |        on        |        
RUN-1001 :        opt_arith        |     on     |        on        |        
RUN-1001 :       opt_big_gate      |    off     |       off        |        
RUN-1001 :        opt_const        |     on     |        on        |        
RUN-1001 :      opt_const_mult     |     on     |        on        |        
RUN-1001 :       opt_lessthan      |     on     |        on        |        
RUN-1001 :         opt_mux         |    off     |       off        |        
RUN-1001 :         opt_ram         |    high    |       high       |        
RUN-1001 :      rtl_sim_model      |    off     |       off        |        
RUN-1001 :         seq_syn         |     on     |        on        |        
RUN-1001 : --------------------------------------------------------------
HDL-1007 : analyze verilog file ../rtl/al_ip/SDRAM.v
HDL-1007 : analyze verilog file ../rtl/al_ip/clk_gen.v
HDL-1007 : undeclared symbol 'open', assumed default net type 'wire' in ../rtl/al_ip/clk_gen.v(79)
HDL-1007 : analyze verilog file ../rtl/al_ip/fifo_data.v
HDL-1007 : analyze verilog file al_ip/sd2isp_fifo.v
HDL-1007 : analyze verilog file al_ip/fifo_buf.v
HDL-1007 : analyze verilog file al_ip/fifo_data_out.v
HDL-1007 : analyze verilog file ../rtl/AHBISPSYS/AHBISPSYS.v
HDL-1007 : analyze verilog file ../rtl/AHBISPSYS/conv_mask4.v
HDL-1007 : analyze verilog file ../rtl/AHBISPSYS/conv_mask5.v
HDL-1007 : analyze verilog file ../rtl/AHBISPSYS/conv_mask6.v
HDL-1007 : analyze verilog file ../rtl/AHBISPSYS/demosaic.v
HDL-1007 : analyze verilog file ../rtl/AHBISPSYS/gamma.v
HDL-1007 : analyze verilog file ../rtl/AHBISPSYS/gamma_rom.v
HDL-1007 : analyze verilog file ../rtl/AHBISPSYS/slidingWindow_5X5.v
HDL-1007 : analyze verilog file ../rtl/AHBlite_Block_RAM.v
HDL-1007 : analyze verilog file ../rtl/Block_RAM.v
HDL-1007 : analyze verilog file ../rtl/ahb/AHBlite_Decoder.v
HDL-1007 : analyze verilog file ../rtl/ahb/AHBlite_Interconnect.v
HDL-1007 : analyze verilog file ../rtl/ahb/AHBlite_SlaveMUX.v
HDL-1007 : analyze verilog file ../rtl/apb/cmsdk_ahb_to_apb.v
HDL-1007 : analyze verilog file ../rtl/apb/cmsdk_apb_slave_mux.v
HDL-1007 : analyze verilog file ../rtl/apb_sdcard/apb_sdcard.v
HDL-1007 : analyze verilog file ../rtl/apb_sdcard/sd_reader.v
HDL-1007 : analyze verilog file ../rtl/apb_sdcard/sdcmd_ctrl.v
HDL-1007 : analyze verilog file ../rtl/apb_vga/vga_ctrl.v
HDL-1007 : analyze verilog file ../rtl/cortexm0ds_logic.v
HDL-1007 : analyze verilog file ../rtl/sdram/ctrl/sdram_a_ref.v
HDL-1007 : analyze verilog file ../rtl/sdram/ctrl/sdram_arbit.v
HDL-1007 : analyze verilog file ../rtl/sdram/ctrl/sdram_ctrl.v
HDL-1007 : analyze verilog file ../rtl/sdram/ctrl/sdram_init.v
HDL-1007 : analyze verilog file ../rtl/sdram/ctrl/sdram_read.v
HDL-1007 : analyze verilog file ../rtl/sdram/ctrl/sdram_write.v
HDL-1007 : analyze verilog file ../rtl/sdram/fifo_ctrl.v
HDL-1007 : analyze verilog file ../rtl/sdram/sdram_top.v
HDL-1007 : analyze verilog file ../rtl/AHBISPSYS/bypass.v
HDL-1007 : analyze verilog file ../rtl/keyboard.v
HDL-1007 : analyze verilog file ../rtl/CortexM0_SoC.v
HDL-1007 : undeclared symbol 'row', assumed default net type 'wire' in ../rtl/CortexM0_SoC.v(105)
HDL-1007 : analyze verilog file ../rtl/AHBISPSYS/colorcorrecction.v
HDL-1007 : analyze verilog file ../rtl/apb_gpio/apb_gpio.v
HDL-1007 : analyze verilog file ../rtl/apb_vga/apb_vga.v
HDL-1007 : analyze verilog file ../rtl/apb_uart/apb_uart.v
HDL-1007 : analyze verilog file ../rtl/apb_uart/rs232.v
HDL-1007 : analyze verilog file ../rtl/apb_uart/uart_rx.v
HDL-1007 : analyze verilog file ../rtl/apb_uart/uart_tx.v
HDL-1007 : analyze verilog file ../rtl/AHBISPSYS/dual_port_ram_sync.v
HDL-1007 : analyze verilog file ../rtl/AHBISPSYS/fifo.v
HDL-5007 WARNING: overwrite current module 'fifo_buf' in ../rtl/AHBISPSYS/fifo.v(1)
HDL-1007 : previous definition of design element 'fifo_buf' is here in al_ip/fifo_buf.v(26)
HDL-1007 : analyze verilog file al_ip/PLL_VGA.v
HDL-1007 : undeclared symbol 'open', assumed default net type 'wire' in al_ip/PLL_VGA.v(65)
HDL-8007 ERROR: cannot find port 'we' on this module in ../rtl/AHBISPSYS/slidingWindow_5X5.v(154)
HDL-8007 ERROR: cannot find port 'di' on this module in ../rtl/AHBISPSYS/slidingWindow_5X5.v(155)
HDL-8007 ERROR: cannot find port 're' on this module in ../rtl/AHBISPSYS/slidingWindow_5X5.v(157)
HDL-8007 ERROR: cannot find port 'dout' on this module in ../rtl/AHBISPSYS/slidingWindow_5X5.v(158)
HDL-8007 ERROR: cannot find port 'rdusedw' on this module in ../rtl/AHBISPSYS/slidingWindow_5X5.v(160)
HDL-8007 ERROR: cannot find port 'wrusedw' on this module in ../rtl/AHBISPSYS/slidingWindow_5X5.v(161)
HDL-8007 ERROR: cannot find port 'rst' on this module in ../rtl/AHBISPSYS/slidingWindow_5X5.v(162)
HDL-8007 ERROR: cannot find port 'we' on this module in ../rtl/AHBISPSYS/slidingWindow_5X5.v(167)
HDL-8007 ERROR: cannot find port 'di' on this module in ../rtl/AHBISPSYS/slidingWindow_5X5.v(168)
HDL-8007 ERROR: cannot find port 're' on this module in ../rtl/AHBISPSYS/slidingWindow_5X5.v(170)
HDL-8007 ERROR: cannot find port 'dout' on this module in ../rtl/AHBISPSYS/slidingWindow_5X5.v(171)
HDL-8007 ERROR: cannot find port 'rdusedw' on this module in ../rtl/AHBISPSYS/slidingWindow_5X5.v(173)
HDL-8007 ERROR: cannot find port 'wrusedw' on this module in ../rtl/AHBISPSYS/slidingWindow_5X5.v(174)
HDL-8007 ERROR: cannot find port 'rst' on this module in ../rtl/AHBISPSYS/slidingWindow_5X5.v(175)
HDL-8007 ERROR: cannot find port 'we' on this module in ../rtl/AHBISPSYS/slidingWindow_5X5.v(182)
HDL-8007 ERROR: cannot find port 'di' on this module in ../rtl/AHBISPSYS/slidingWindow_5X5.v(183)
HDL-8007 ERROR: cannot find port 're' on this module in ../rtl/AHBISPSYS/slidingWindow_5X5.v(185)
HDL-8007 ERROR: cannot find port 'dout' on this module in ../rtl/AHBISPSYS/slidingWindow_5X5.v(186)
HDL-8007 ERROR: cannot find port 'rdusedw' on this module in ../rtl/AHBISPSYS/slidingWindow_5X5.v(188)
HDL-1007 : Sorry, too many errors..
RUN-8019 ERROR: Project manager, failed to analyze source file.
RUN-1002 : start command "import_device eagle_s20.db -package EG4S20BG256"
ARC-1001 : Device Initialization.
ARC-1001 : ------------------------------------------------------------------
ARC-1001 :            OPTION            |          IO          |   SETTING   
ARC-1001 : ------------------------------------------------------------------
ARC-1001 :   cso_b/cclk/mosi/miso/dout  |  T3/R11/T10/P10/S11  |    gpio    
ARC-1001 :             done             |         P13          |    gpio    
ARC-1001 :           program_b          |          T2          |  dedicate  
ARC-1001 :        tdi/tms/tck/tdo       |   C12/A15/C14/E14    |  dedicate  
ARC-1001 : ------------------------------------------------------------------
ARC-1004 : Device setting, marked 5 dedicate IOs in total.
