============================================================
   Tang Dynasty, V5.6.71036
      Copyright (c) 2012-2023 Anlogic Inc.
   Executable = D:/eg4s20/TD 5.6.2/bin/td.exe
   Built at =   20:34:38 Mar 21 2023
   Run by =     W1030
   Run Date =   Thu May 16 19:01:21 2024

   Run on =     LMZS
============================================================
RUN-1001 : open_run phy_1.
RUN-1002 : start command "import_db C:/Users/W1030/Desktop/m0/td/m0soc_Runs/phy_1/m0soc_pr.db"
RUN-1001 : Importing database generated by Tang Dynasty, V5.6.71036.
RUN-1001 : Database version number 46146.
RUN-1001 : Import flow parameters
PHY-1001 : Generate detailed routing grids ...
PHY-1001 : Generate nets ...
PHY-1001 : net SWCLK_dup_1 will be routed on clock mesh
PHY-1001 : net clk_dup_11 will be routed on clock mesh
PHY-1001 : net clk_148m_vga_dup_1 will be routed on clock mesh
PHY-1001 : net sd_reader/clk will be routed on clock mesh
PHY-1001 : net sdram_top_inst/clk_out will be routed on clock mesh
PHY-1001 : net sdram_top_inst/fifo_ctrl_inst/sys_clk will be routed on clock mesh
PHY-1001 : eco open net = 0
PHY-5014 WARNING: Detail route doesn't find pib for clk_gen_inst/pll_inst.fbclk[0]
PHY-1001 : 286 feed throughs used by 143 nets
RUN-1001 : Import timing constraints
RUN-1001 : Import IO constraints
RUN-1001 : Import Inst constraints
RUN-1001 : Import design success TD_VERSION=5.6.71036 , DB_VERSION=46146
RUN-1003 : finish command "import_db C:/Users/W1030/Desktop/m0/td/m0soc_Runs/phy_1/m0soc_pr.db" in  6.702429s wall, 2.531250s user + 0.125000s system = 2.656250s CPU (39.6%)

RUN-1004 : used memory is 735 MB, reserved memory is 718 MB, peak memory is 785 MB
