============================================================
   Tang Dynasty, V5.6.71036
      Copyright (c) 2012-2023 Anlogic Inc.
   Executable = D:/eg4s20/TD 5.6.2/bin/td.exe
   Built at =   20:34:38 Mar 21 2023
   Run by =     W1030
   Run Date =   Fri Jul  5 14:37:52 2024

   Run on =     LMZS
============================================================
RUN-1001 : open_run phy_1.
RUN-1002 : start command "import_db C:/Users/W1030/Desktop/m0/m0/td/m0soc_Runs/phy_1/m0soc_pr.db"
RUN-1001 : Importing database generated by Tang Dynasty, V5.6.71036.
RUN-1001 : Database version number 46146.
RUN-1001 : Import flow parameters
PHY-1001 : Generate detailed routing grids ...
PHY-1001 : Generate nets ...
PHY-1001 : net SWCLK_dup_1 will be routed on clock mesh
PHY-1001 : net clk_dup_11 will be routed on clock mesh
PHY-1001 : net clk_148m_vga_dup_1 will be routed on clock mesh
PHY-1001 : net sd_reader/clk will be routed on clock mesh
PHY-1001 : net sdram_top_inst/fifo_ctrl_inst/sys_clk will be routed on clock mesh
PHY-5010 WARNING: Net sdram_top_inst/fifo_ctrl_inst/rd_fifo_data/rd_to_wr_cross_inst/sync_r1[0] is skipped due to 0 input or output
PHY-1001 : clock net config_inst_syn_10 will be merged with clock config_inst_syn_9
PHY-5010 WARNING: Net sdram_top_inst/fifo_ctrl_inst/rd_fifo_data/rd_to_wr_cross_inst/sync_r1[0] is skipped due to 0 input or output
PHY-1001 : eco open net = 0
PHY-5014 WARNING: Detail route doesn't find pib for clk_gen_inst/pll_inst.fbclk[0]
PHY-1001 : 580 feed throughs used by 401 nets
RUN-1001 : Import timing constraints
RUN-1001 : Import IO constraints
RUN-1001 : Import Inst constraints
RUN-1001 : Import ChipWatcher
RUN-1001 : Import design success TD_VERSION=5.6.71036 , DB_VERSION=46146
RUN-1003 : finish command "import_db C:/Users/W1030/Desktop/m0/m0/td/m0soc_Runs/phy_1/m0soc_pr.db" in  9.143082s wall, 5.000000s user + 1.015625s system = 6.015625s CPU (65.8%)

RUN-1004 : used memory is 832 MB, reserved memory is 819 MB, peak memory is 886 MB
RUN-1002 : start command "config_chipwatcher -sync ahb.cwc -dir "
KIT-1004 : ChipWatcher: import watcher inst auto_chipwatcher_0 completed, there are 7 view nodes, 49 trigger nets, 49 data nets.
GUI-1001 : Import ahb.cwc success!
GUI-8501 ERROR: Bit file code (1010110000110001) does not match with the ChipWatcher's (1100110010110011).
GUI-1001 : User opens ChipWatcher ...
GUI-1001 : User closes ChipWatcher ...
RUN-1002 : start command "download -bit m0soc_Runs\phy_1\m0soc.bit -mode jtag -spd 7 -sec 64 -cable 0"
PRG-2014 : Chip validation success: EAGLE_S20_BG256
RUN-1002 : start command "bit_to_vec -chip EAGLE_S20_BG256 -m jtag_burst -freq 4 -bit m0soc_Runs/phy_1/m0soc.bit"
RUN-1002 : start command "program -cable 0 -mode svf -spd 7 -p"
RUN-1003 : finish command "program -cable 0 -mode svf -spd 7 -p" in  7.818098s wall, 0.234375s user + 0.218750s system = 0.453125s CPU (5.8%)

RUN-1004 : used memory is 904 MB, reserved memory is 881 MB, peak memory is 921 MB
RUN-1003 : finish command "download -bit m0soc_Runs\phy_1\m0soc.bit -mode jtag -spd 7 -sec 64 -cable 0" in  8.052826s wall, 0.328125s user + 0.234375s system = 0.562500s CPU (7.0%)

RUN-1004 : used memory is 904 MB, reserved memory is 881 MB, peak memory is 921 MB
GUI-1001 : Downloading succeeded!
