============================================================
   Tang Dynasty, V5.6.71036
      Copyright (c) 2012-2023 Anlogic Inc.
   Executable = D:/eg4s20/TD 5.6.2/bin/td.exe
   Built at =   20:34:38 Mar 21 2023
   Run by =     W1030
   Run Date =   Mon Jul  1 10:42:15 2024

   Run on =     LMZS
============================================================
RUN-1001 : open_run phy_1.
RUN-1002 : start command "import_db C:/Users/W1030/Desktop/m0/m0/td/m0soc_Runs/phy_1/m0soc_pr.db"
RUN-1001 : Importing database generated by Tang Dynasty, V5.6.71036.
RUN-1001 : Database version number 46146.
RUN-1001 : Import flow parameters
PHY-1001 : Generate detailed routing grids ...
PHY-1001 : Generate nets ...
PHY-1001 : net SWCLK_dup_1 will be routed on clock mesh
PHY-1001 : net clk_dup_11 will be routed on clock mesh
PHY-1001 : net clk_148m_vga_dup_1 will be routed on clock mesh
PHY-1001 : net sd_reader/clk will be routed on clock mesh
PHY-1001 : net sdram_top_inst/fifo_ctrl_inst/sys_clk will be routed on clock mesh
PHY-5010 WARNING: Net sdram_top_inst/fifo_ctrl_inst/rd_fifo_data/rd_to_wr_cross_inst/sync_r1[0] is skipped due to 0 input or output
PHY-5010 WARNING: Net sdram_top_inst/fifo_ctrl_inst/rd_fifo_data/rd_to_wr_cross_inst/sync_r1[0] is skipped due to 0 input or output
PHY-1001 : eco open net = 0
PHY-5014 WARNING: Detail route doesn't find pib for clk_gen_inst/pll_inst.fbclk[0]
PHY-1001 : 304 feed throughs used by 175 nets
RUN-1001 : Import timing constraints
RUN-1001 : Import IO constraints
RUN-1001 : Import Inst constraints
RUN-1001 : Import design success TD_VERSION=5.6.71036 , DB_VERSION=46146
RUN-1003 : finish command "import_db C:/Users/W1030/Desktop/m0/m0/td/m0soc_Runs/phy_1/m0soc_pr.db" in  6.875108s wall, 1.234375s user + 0.078125s system = 1.312500s CPU (19.1%)

RUN-1004 : used memory is 750 MB, reserved memory is 743 MB, peak memory is 799 MB
RUN-1001 : reset_run syn_1 phy_1.
RUN-6001 WARNING: Failed to reset phy_1: some files can't be removed in C:/Users/W1030/Desktop/m0/m0/td/m0soc_Runs/phy_1
RUN-1001 : launch_runs syn_1 phy_1  -jobs 6.
RUN-1001 : syn_1: run complete.
RUN-1001 : phy_1: run complete.
RUN-1001 : open_run phy_1.
RUN-1002 : start command "import_db C:/Users/W1030/Desktop/m0/m0/td/m0soc_Runs/phy_1/m0soc_pr.db"
RUN-1001 : Importing database generated by Tang Dynasty, V5.6.71036.
RUN-1001 : Database version number 46146.
RUN-1001 : Import flow parameters
PHY-1001 : Generate detailed routing grids ...
PHY-1001 : Generate nets ...
PHY-1001 : net SWCLK_dup_1 will be routed on clock mesh
PHY-1001 : net clk_dup_11 will be routed on clock mesh
PHY-1001 : net clk_148m_vga_dup_1 will be routed on clock mesh
PHY-1001 : net sd_reader/clk will be routed on clock mesh
PHY-1001 : net sdram_top_inst/fifo_ctrl_inst/sys_clk will be routed on clock mesh
PHY-5010 WARNING: Net sdram_top_inst/fifo_ctrl_inst/rd_fifo_data/rd_to_wr_cross_inst/sync_r1[0] is skipped due to 0 input or output
PHY-5010 WARNING: Net sdram_top_inst/fifo_ctrl_inst/rd_fifo_data/rd_to_wr_cross_inst/sync_r1[0] is skipped due to 0 input or output
PHY-1001 : eco open net = 0
PHY-5014 WARNING: Detail route doesn't find pib for clk_gen_inst/pll_inst.fbclk[0]
PHY-1001 : 304 feed throughs used by 175 nets
RUN-1001 : Import timing constraints
RUN-1001 : Import IO constraints
RUN-1001 : Import Inst constraints
RUN-1001 : Import design success TD_VERSION=5.6.71036 , DB_VERSION=46146
RUN-1003 : finish command "import_db C:/Users/W1030/Desktop/m0/m0/td/m0soc_Runs/phy_1/m0soc_pr.db" in  4.834067s wall, 2.625000s user + 0.187500s system = 2.812500s CPU (58.2%)

RUN-1004 : used memory is 783 MB, reserved memory is 766 MB, peak memory is 841 MB
RUN-1002 : start command "download -bit m0soc_Runs\phy_1\m0soc.bit -mode jtag -spd 7 -sec 64 -cable 0"
PRG-2014 : Chip validation success: EAGLE_S20_BG256
RUN-1002 : start command "bit_to_vec -chip EAGLE_S20_BG256 -m jtag_burst -freq 4 -bit m0soc_Runs/phy_1/m0soc.bit"
RUN-1002 : start command "program -cable 0 -mode svf -spd 7 -p"
RUN-1003 : finish command "program -cable 0 -mode svf -spd 7 -p" in  7.021928s wall, 0.015625s user + 0.078125s system = 0.093750s CPU (1.3%)

RUN-1004 : used memory is 825 MB, reserved memory is 805 MB, peak memory is 843 MB
RUN-1003 : finish command "download -bit m0soc_Runs\phy_1\m0soc.bit -mode jtag -spd 7 -sec 64 -cable 0" in  7.244057s wall, 0.062500s user + 0.093750s system = 0.156250s CPU (2.2%)

RUN-1004 : used memory is 825 MB, reserved memory is 805 MB, peak memory is 843 MB
GUI-1001 : Downloading succeeded!
RUN-1002 : start command "config_chipwatcher -sp apb.cwc -dir "
KIT-1004 : ChipWatcher: import watcher inst auto_chipwatcher_0 completed, there are 10 view nodes, 86 trigger nets, 86 data nets.
KIT-1004 : Chipwatcher code = 1001101110110011
GUI-1001 : Import apb.cwc success!
GUI-1001 : User opens ChipWatcher ...
GUI-1001 : User closes ChipWatcher ...
RUN-1001 : reset_run phy_1.
RUN-1001 : launch_runs phy_1 -step bitgen.
GUI-6001 WARNING: File C:/Users/W1030/Desktop/m0/m0/td/m0soc_Runs/phy_1/m0soc.bit does not exist!
RUN-1001 : phy_1: run complete.
RUN-1001 : open_run phy_1.
RUN-1002 : start command "import_db C:/Users/W1030/Desktop/m0/m0/td/m0soc_Runs/phy_1/m0soc_pr.db"
RUN-1001 : Importing database generated by Tang Dynasty, V5.6.71036.
RUN-1001 : Database version number 46146.
RUN-1001 : Import flow parameters
PHY-1001 : Generate detailed routing grids ...
PHY-1001 : Generate nets ...
PHY-1001 : net SWCLK_dup_1 will be routed on clock mesh
PHY-1001 : net clk_dup_11 will be routed on clock mesh
PHY-1001 : net clk_148m_vga_dup_1 will be routed on clock mesh
PHY-1001 : net sd_reader/clk will be routed on clock mesh
PHY-1001 : net sdram_top_inst/fifo_ctrl_inst/sys_clk will be routed on clock mesh
PHY-5010 WARNING: Net sdram_top_inst/fifo_ctrl_inst/rd_fifo_data/rd_to_wr_cross_inst/sync_r1[0] is skipped due to 0 input or output
PHY-1001 : clock net config_inst_syn_10 will be merged with clock config_inst_syn_9
PHY-5010 WARNING: Net sdram_top_inst/fifo_ctrl_inst/rd_fifo_data/rd_to_wr_cross_inst/sync_r1[0] is skipped due to 0 input or output
PHY-1001 : eco open net = 0
PHY-5014 WARNING: Detail route doesn't find pib for clk_gen_inst/pll_inst.fbclk[0]
PHY-1001 : 330 feed throughs used by 196 nets
RUN-1001 : Import timing constraints
RUN-1001 : Import IO constraints
RUN-1001 : Import Inst constraints
RUN-1001 : Import ChipWatcher
RUN-1001 : Import design success TD_VERSION=5.6.71036 , DB_VERSION=46146
RUN-1003 : finish command "import_db C:/Users/W1030/Desktop/m0/m0/td/m0soc_Runs/phy_1/m0soc_pr.db" in  5.197380s wall, 3.562500s user + 0.265625s system = 3.828125s CPU (73.7%)

RUN-1004 : used memory is 850 MB, reserved memory is 868 MB, peak memory is 906 MB
RUN-1002 : start command "config_chipwatcher -sync apb.cwc -dir "
KIT-1004 : ChipWatcher: import watcher inst auto_chipwatcher_0 completed, there are 10 view nodes, 86 trigger nets, 86 data nets.
GUI-1001 : Import apb.cwc success!
GUI-8501 ERROR: Bit file code (1010110000110001) does not match with the ChipWatcher's (1001101110110011).
GUI-1001 : User opens ChipWatcher ...
RUN-1002 : start command "download -bit m0soc_Runs/phy_1/m0soc.bit -mode jtag_burst -spd 7 -cable 0 -total_dev 1 -cur_dev 1"
PRG-2014 : Chip validation success: EAGLE_S20_BG256
RUN-1002 : start command "bit_to_vec -chip EAGLE_S20_BG256 -m jtag_burst -freq 4 -bit m0soc_Runs/phy_1/m0soc.bit"
RUN-1002 : start command "program -cable 0 -mode svf -spd 7 -p"
RUN-1003 : finish command "program -cable 0 -mode svf -spd 7 -p" in  7.141890s wall, 0.125000s user + 0.187500s system = 0.312500s CPU (4.4%)

RUN-1004 : used memory is 877 MB, reserved memory is 895 MB, peak memory is 912 MB
RUN-1003 : finish command "download -bit m0soc_Runs/phy_1/m0soc.bit -mode jtag_burst -spd 7 -cable 0 -total_dev 1 -cur_dev 1" in  7.367459s wall, 0.203125s user + 0.187500s system = 0.390625s CPU (5.3%)

RUN-1004 : used memory is 877 MB, reserved memory is 895 MB, peak memory is 912 MB
GUI-1001 : Downloading succeeded!
KIT-1004 : ChipWatcher: write ctrl reg value: 000000000000000000000000000000000000000000000000000000000000000000000000000000000000000000000000000000000000000000000000000000000000000000000000000000000000000000000000000000000000000000000000000000000000000000000000000000000000000000000000
KIT-1004 : ChipWatcher: write ctrl reg value: 011011111111111111111111111111111111000000000000000000000000000000000101110110111111111111111111111111111111110000000000000000000000000000000001011101011101101111111100000000011011111111000000000101110101110000110000010000000000000001000000
KIT-1004 : ChipWatcher: the value of status register = 010000000000101111
KIT-1004 : ChipWatcher: the value of status register = 010000000001111100
KIT-1004 : ChipWatcher: the value of status register = 010000001101001010
KIT-1004 : ChipWatcher: the value of status register = 010000000100011101
KIT-1004 : ChipWatcher: the value of status register = 010000000010101001
KIT-1004 : ChipWatcher: the value of status register = 010000000100010001
KIT-1004 : ChipWatcher: the value of status register = 010000000010110000
KIT-1004 : ChipWatcher: the value of status register = 010000001011011010
KIT-1004 : ChipWatcher: the value of status register = 010000001011100001
KIT-1004 : ChipWatcher: the value of status register = 010000001101011011
KIT-1004 : ChipWatcher: the value of status register = 010000001111011110
KIT-1004 : ChipWatcher: the value of status register = 010000000011101100
KIT-1004 : ChipWatcher: the value of status register = 010000001011011011
KIT-1004 : ChipWatcher: the value of status register = 010000001000001011
KIT-1004 : ChipWatcher: the value of status register = 010000000010001000
KIT-1004 : ChipWatcher: the value of status register = 010000001001111110
KIT-1004 : ChipWatcher: the value of status register = 010000000111000001
KIT-1004 : ChipWatcher: the value of status register = 010000001101000011
KIT-1004 : ChipWatcher: the value of status register = 010000001011000000
KIT-1004 : ChipWatcher: the value of status register = 010000001001001000
KIT-1004 : ChipWatcher: the value of status register = 010000000011010000
KIT-1004 : ChipWatcher: the value of status register = 010000001100000011
KIT-1004 : ChipWatcher: the value of status register = 010000001011001110
KIT-1004 : ChipWatcher: the value of status register = 010000001111100000
KIT-1004 : ChipWatcher: the value of status register = 010000001101000101
KIT-1004 : ChipWatcher: the value of status register = 010000000100010000
KIT-1004 : ChipWatcher: the value of status register = 010000001011111101
KIT-1004 : ChipWatcher: the value of status register = 010000000010011000
KIT-1004 : ChipWatcher: the value of status register = 010000001010001011
KIT-1004 : ChipWatcher: the value of status register = 010000001000000001
KIT-1004 : ChipWatcher: the value of status register = 010000000100111110
KIT-1004 : ChipWatcher: the value of status register = 010000000100100100
KIT-1004 : ChipWatcher: the value of status register = 010000000110101111
KIT-1004 : ChipWatcher: the value of status register = 010000000001111011
KIT-1004 : ChipWatcher: the value of status register = 010000001110100110
KIT-1004 : ChipWatcher: the value of status register = 010000001101111000
KIT-1004 : ChipWatcher: the value of status register = 010000000111101011
KIT-1004 : ChipWatcher: the value of status register = 010000001011110110
KIT-1004 : ChipWatcher: the value of status register = 010000000111100100
KIT-1004 : ChipWatcher: the value of status register = 010000000000011011
KIT-1004 : ChipWatcher: the value of status register = 010000001000111001
KIT-1004 : ChipWatcher: the value of status register = 010000000111011110
KIT-1004 : ChipWatcher: the value of status register = 010000001110101011
KIT-1004 : ChipWatcher: the value of status register = 010000000100100110
KIT-1004 : ChipWatcher: the value of status register = 010000000000110010
KIT-1004 : ChipWatcher: the value of status register = 010000000111110110
KIT-1004 : ChipWatcher: the value of status register = 010000001000100110
KIT-1004 : ChipWatcher: the value of status register = 010000001011101100
KIT-1004 : ChipWatcher: the value of status register = 010000000101001001
KIT-1004 : ChipWatcher: the value of status register = 010000001101111111
KIT-1004 : ChipWatcher: the value of status register = 010000000000100100
KIT-1004 : ChipWatcher: the value of status register = 010000000100010101
KIT-1004 : ChipWatcher: the value of status register = 010000000000100001
KIT-1004 : ChipWatcher: the value of status register = 010000001100110000
KIT-1004 : ChipWatcher: the value of status register = 010000001111101011
KIT-1004 : ChipWatcher: the value of status register = 010000001000010110
KIT-1004 : ChipWatcher: the value of status register = 010000001101001101
KIT-1004 : ChipWatcher: the value of status register = 110000000110101100
RUN-1002 : start command "rdbk_bram -bram 0X0015 -cable 0 -total_dev 1 -cur_dev 1"
KIT-1001 : Read back data from BRAM 0X0015 successfully.
RUN-1002 : start command "rdbk_bram -bram 0X0016 -cable 0 -total_dev 1 -cur_dev 1"
KIT-1001 : Read back data from BRAM 0X0016 successfully.
RUN-1002 : start command "rdbk_bram -bram 0X0017 -cable 0 -total_dev 1 -cur_dev 1"
KIT-1001 : Read back data from BRAM 0X0017 successfully.
RUN-1002 : start command "rdbk_bram -bram 0X0038 -cable 0 -total_dev 1 -cur_dev 1"
KIT-1001 : Read back data from BRAM 0X0038 successfully.
RUN-1002 : start command "rdbk_bram -bram 0X0039 -cable 0 -total_dev 1 -cur_dev 1"
KIT-1001 : Read back data from BRAM 0X0039 successfully.
RUN-1002 : start command "rdbk_bram -bram 0X003A -cable 0 -total_dev 1 -cur_dev 1"
KIT-1001 : Read back data from BRAM 0X003A successfully.
RUN-1002 : start command "rdbk_bram -bram 0X003B -cable 0 -total_dev 1 -cur_dev 1"
KIT-1001 : Read back data from BRAM 0X003B successfully.
RUN-1002 : start command "rdbk_bram -bram 0X003C -cable 0 -total_dev 1 -cur_dev 1"
KIT-1001 : Read back data from BRAM 0X003C successfully.
RUN-1002 : start command "rdbk_bram -bram 0X003D -cable 0 -total_dev 1 -cur_dev 1"
KIT-1001 : Read back data from BRAM 0X003D successfully.
RUN-1002 : start command "rdbk_bram -bram 0X003E -cable 0 -total_dev 1 -cur_dev 1"
KIT-1001 : Read back data from BRAM 0X003E successfully.
SYN-2541 : Attrs-to-init for 10 logic bram(s)
SYN-2541 : Reading sub[0] auto_chipwatcher_0_logicbram_syn_1
SYN-2541 : Reading sub[1] auto_chipwatcher_0_logicbram_syn_11
SYN-2541 : Reading sub[2] auto_chipwatcher_0_logicbram_syn_21
SYN-2541 : Reading sub[3] auto_chipwatcher_0_logicbram_syn_31
SYN-2541 : Reading sub[4] auto_chipwatcher_0_logicbram_syn_41
SYN-2541 : Reading sub[5] auto_chipwatcher_0_logicbram_syn_51
SYN-2541 : Reading sub[6] auto_chipwatcher_0_logicbram_syn_61
SYN-2541 : Reading sub[7] auto_chipwatcher_0_logicbram_syn_71
SYN-2541 : Reading sub[8] auto_chipwatcher_0_logicbram_syn_81
SYN-2541 : Reading sub[9] auto_chipwatcher_0_logicbram_syn_91
KIT-1004 : ChipWatcher: write ctrl reg value: 011011111111111111111111111111111111000000000000000000000000000000000101110110111111111111111111111111111111110000000000000000000000000000000001011101011101101111111100000000011011111111000000000101110101110000110000010000000000000000000000
HDL-1007 : analyze verilog file ../rtl/CortexM0_SoC.v
HDL-1007 : undeclared symbol 'row', assumed default net type 'wire' in ../rtl/CortexM0_SoC.v(105)
RUN-1001 : reset_run syn_1.
RUN-1001 : launch_runs syn_1 -step opt_gate.
RUN-1001 : reset_run phy_1.
RUN-1001 : syn_1: run complete.
RUN-1001 : open_run syn_1.
RUN-1002 : start command "import_db C:/Users/W1030/Desktop/m0/m0/td/m0soc_Runs/syn_1/m0soc_gate.db"
RUN-1001 : Importing database generated by Tang Dynasty, V5.6.71036.
RUN-1001 : Database version number 46146.
RUN-1001 : Import flow parameters
RUN-1001 : Import timing constraints
RUN-1001 : Import IO constraints
RUN-1001 : Import Inst constraints
RUN-1001 : Import design success TD_VERSION=5.6.71036 , DB_VERSION=46146
RUN-1003 : finish command "import_db C:/Users/W1030/Desktop/m0/m0/td/m0soc_Runs/syn_1/m0soc_gate.db" in  1.647134s wall, 0.703125s user + 0.109375s system = 0.812500s CPU (49.3%)

RUN-1004 : used memory is 593 MB, reserved memory is 620 MB, peak memory is 925 MB
GUI-1001 : User closes ChipWatcher ...
RUN-1002 : start command "config_chipwatcher apb.cwc -dir "
KIT-1004 : ChipWatcher: import watcher inst auto_chipwatcher_0 completed, there are 10 view nodes, 86 trigger nets, 86 data nets.
KIT-1004 : Chipwatcher code = 1001101110110011
GUI-1001 : Import apb.cwc success!
GUI-1001 : User opens ChipWatcher ...
PRG-1000 : <!-- HMAC is: 8c45e31513dd07ba49add051fee39b39fe9a9700da09c616f9e7c0de2c2f15f1 -->
GUI-1001 : User closes ChipWatcher ...
RUN-1001 : launch_runs phy_1 -step bitgen.
RUN-1001 : phy_1: run complete.
RUN-1001 : open_run phy_1.
RUN-1002 : start command "import_db C:/Users/W1030/Desktop/m0/m0/td/m0soc_Runs/phy_1/m0soc_pr.db"
RUN-1001 : Importing database generated by Tang Dynasty, V5.6.71036.
RUN-1001 : Database version number 46146.
RUN-1001 : Import flow parameters
PHY-1001 : Generate detailed routing grids ...
PHY-1001 : Generate nets ...
PHY-1001 : net SWCLK_dup_1 will be routed on clock mesh
PHY-1001 : net clk_dup_11 will be routed on clock mesh
PHY-1001 : net clk_148m_vga_dup_1 will be routed on clock mesh
PHY-1001 : net sd_reader/clk will be routed on clock mesh
PHY-1001 : net sdram_top_inst/fifo_ctrl_inst/sys_clk will be routed on clock mesh
PHY-5010 WARNING: Net sdram_top_inst/fifo_ctrl_inst/rd_fifo_data/rd_to_wr_cross_inst/sync_r1[0] is skipped due to 0 input or output
PHY-1001 : clock net config_inst_syn_10 will be merged with clock config_inst_syn_9
PHY-5010 WARNING: Net sdram_top_inst/fifo_ctrl_inst/rd_fifo_data/rd_to_wr_cross_inst/sync_r1[0] is skipped due to 0 input or output
PHY-1001 : eco open net = 0
PHY-5014 WARNING: Detail route doesn't find pib for clk_gen_inst/pll_inst.fbclk[0]
PHY-1001 : 335 feed throughs used by 213 nets
RUN-1001 : Import timing constraints
RUN-1001 : Import IO constraints
RUN-1001 : Import Inst constraints
RUN-1001 : Import ChipWatcher
RUN-1001 : Import design success TD_VERSION=5.6.71036 , DB_VERSION=46146
RUN-1003 : finish command "import_db C:/Users/W1030/Desktop/m0/m0/td/m0soc_Runs/phy_1/m0soc_pr.db" in  5.036300s wall, 3.593750s user + 0.078125s system = 3.671875s CPU (72.9%)

RUN-1004 : used memory is 920 MB, reserved memory is 935 MB, peak memory is 929 MB
RUN-1002 : start command "config_chipwatcher -sync apb.cwc -dir "
KIT-1004 : ChipWatcher: import watcher inst auto_chipwatcher_0 completed, there are 11 view nodes, 118 trigger nets, 118 data nets.
GUI-1001 : Import apb.cwc success!
GUI-8501 ERROR: Bit file code (1010110000110001) does not match with the ChipWatcher's (0110001001110011).
GUI-1001 : User opens ChipWatcher ...
RUN-1002 : start command "download -bit m0soc_Runs/phy_1/m0soc.bit -mode jtag_burst -spd 7 -cable 0 -total_dev 1 -cur_dev 1"
PRG-2014 : Chip validation success: EAGLE_S20_BG256
RUN-1002 : start command "bit_to_vec -chip EAGLE_S20_BG256 -m jtag_burst -freq 4 -bit m0soc_Runs/phy_1/m0soc.bit"
RUN-1002 : start command "program -cable 0 -mode svf -spd 7 -p"
RUN-1003 : finish command "program -cable 0 -mode svf -spd 7 -p" in  7.216031s wall, 0.015625s user + 0.046875s system = 0.062500s CPU (0.9%)

RUN-1004 : used memory is 929 MB, reserved memory is 944 MB, peak memory is 948 MB
RUN-1003 : finish command "download -bit m0soc_Runs/phy_1/m0soc.bit -mode jtag_burst -spd 7 -cable 0 -total_dev 1 -cur_dev 1" in  7.436243s wall, 0.078125s user + 0.046875s system = 0.125000s CPU (1.7%)

RUN-1004 : used memory is 929 MB, reserved memory is 944 MB, peak memory is 948 MB
GUI-1001 : Downloading succeeded!
KIT-1004 : ChipWatcher: write ctrl reg value: 0000000000000000000000000000000000000000000000000000000000000000000000000000000000000000000000000000000000000000000000000000000000000000000000000000000000000000000000000000000000000000000000000000000000000000000000000000000000000000000000000000000000000000000000000000000000000000000000000000000000000000
KIT-1004 : ChipWatcher: write ctrl reg value: 0110111111111111111111111111111111110000000000000000000000000000000001101111111111111111111111111111111100000000000000000000000000000000010111011011111111111111111111111111111111000000000000000000000000000000000101110101110110111111110000000001101111111100000000010111010111000011000001000000000000000100
KIT-1004 : ChipWatcher: the value of status register = 010000000110000100
KIT-1004 : ChipWatcher: the value of status register = 010000000011101000
KIT-1004 : ChipWatcher: the value of status register = 010000000111001110
KIT-1004 : ChipWatcher: the value of status register = 010000000101011001
KIT-1004 : ChipWatcher: the value of status register = 010000000011110011
KIT-1004 : ChipWatcher: the value of status register = 010000000110011010
KIT-1004 : ChipWatcher: the value of status register = 010000000000011001
KIT-1004 : ChipWatcher: the value of status register = 010000001110111111
KIT-1004 : ChipWatcher: the value of status register = 010000000101101101
KIT-1004 : ChipWatcher: the value of status register = 010000000101010000
KIT-1004 : ChipWatcher: the value of status register = 010000000011001000
KIT-1004 : ChipWatcher: the value of status register = 010000001000100111
KIT-1004 : ChipWatcher: the value of status register = 010000000010110111
KIT-1004 : ChipWatcher: the value of status register = 010000001111111000
KIT-1004 : ChipWatcher: the value of status register = 010000001001000110
KIT-1004 : ChipWatcher: the value of status register = 010000000000111011
KIT-1004 : ChipWatcher: the value of status register = 010000000111110011
KIT-1004 : ChipWatcher: the value of status register = 010000001000110110
KIT-1004 : ChipWatcher: the value of status register = 010000000011011111
KIT-1004 : ChipWatcher: the value of status register = 010000001010100011
KIT-1004 : ChipWatcher: the value of status register = 010000001101110100
KIT-1004 : ChipWatcher: the value of status register = 010000000001110110
KIT-1004 : ChipWatcher: the value of status register = 010000000111100101
KIT-1004 : ChipWatcher: the value of status register = 010000000110101010
KIT-1004 : ChipWatcher: the value of status register = 010000000000000000
KIT-1004 : ChipWatcher: the value of status register = 110000001100110010
RUN-1002 : start command "rdbk_bram -bram 0X0015 -cable 0 -total_dev 1 -cur_dev 1"
KIT-1001 : Read back data from BRAM 0X0015 successfully.
RUN-1002 : start command "rdbk_bram -bram 0X0016 -cable 0 -total_dev 1 -cur_dev 1"
KIT-1001 : Read back data from BRAM 0X0016 successfully.
RUN-1002 : start command "rdbk_bram -bram 0X0017 -cable 0 -total_dev 1 -cur_dev 1"
KIT-1001 : Read back data from BRAM 0X0017 successfully.
RUN-1002 : start command "rdbk_bram -bram 0X0038 -cable 0 -total_dev 1 -cur_dev 1"
KIT-1001 : Read back data from BRAM 0X0038 successfully.
RUN-1002 : start command "rdbk_bram -bram 0X0039 -cable 0 -total_dev 1 -cur_dev 1"
KIT-1001 : Read back data from BRAM 0X0039 successfully.
RUN-1002 : start command "rdbk_bram -bram 0X003A -cable 0 -total_dev 1 -cur_dev 1"
KIT-1001 : Read back data from BRAM 0X003A successfully.
RUN-1002 : start command "rdbk_bram -bram 0X003B -cable 0 -total_dev 1 -cur_dev 1"
KIT-1001 : Read back data from BRAM 0X003B successfully.
RUN-1002 : start command "rdbk_bram -bram 0X003C -cable 0 -total_dev 1 -cur_dev 1"
KIT-1001 : Read back data from BRAM 0X003C successfully.
RUN-1002 : start command "rdbk_bram -bram 0X003D -cable 0 -total_dev 1 -cur_dev 1"
KIT-1001 : Read back data from BRAM 0X003D successfully.
RUN-1002 : start command "rdbk_bram -bram 0X003E -cable 0 -total_dev 1 -cur_dev 1"
KIT-1001 : Read back data from BRAM 0X003E successfully.
RUN-1002 : start command "rdbk_bram -bram 0X003F -cable 0 -total_dev 1 -cur_dev 1"
KIT-1001 : Read back data from BRAM 0X003F successfully.
RUN-1002 : start command "rdbk_bram -bram 0X0040 -cable 0 -total_dev 1 -cur_dev 1"
KIT-1001 : Read back data from BRAM 0X0040 successfully.
RUN-1002 : start command "rdbk_bram -bram 0X0041 -cable 0 -total_dev 1 -cur_dev 1"
KIT-1001 : Read back data from BRAM 0X0041 successfully.
RUN-1002 : start command "rdbk_bram -bram 0X0042 -cable 0 -total_dev 1 -cur_dev 1"
KIT-1001 : Read back data from BRAM 0X0042 successfully.
SYN-2541 : Attrs-to-init for 14 logic bram(s)
SYN-2541 : Reading sub[0] auto_chipwatcher_0_logicbram_syn_1
SYN-2541 : Reading sub[1] auto_chipwatcher_0_logicbram_syn_11
SYN-2541 : Reading sub[2] auto_chipwatcher_0_logicbram_syn_21
SYN-2541 : Reading sub[3] auto_chipwatcher_0_logicbram_syn_31
SYN-2541 : Reading sub[4] auto_chipwatcher_0_logicbram_syn_41
SYN-2541 : Reading sub[5] auto_chipwatcher_0_logicbram_syn_51
SYN-2541 : Reading sub[6] auto_chipwatcher_0_logicbram_syn_61
SYN-2541 : Reading sub[7] auto_chipwatcher_0_logicbram_syn_71
SYN-2541 : Reading sub[8] auto_chipwatcher_0_logicbram_syn_81
SYN-2541 : Reading sub[9] auto_chipwatcher_0_logicbram_syn_91
SYN-2541 : Reading sub[10] auto_chipwatcher_0_logicbram_syn_101
SYN-2541 : Reading sub[11] auto_chipwatcher_0_logicbram_syn_111
SYN-2541 : Reading sub[12] auto_chipwatcher_0_logicbram_syn_121
SYN-2541 : Reading sub[13] auto_chipwatcher_0_logicbram_syn_131
KIT-1004 : ChipWatcher: write ctrl reg value: 0110111111111111111111111111111111110000000000000000000000000000000001101111111111111111111111111111111100000000000000000000000000000000010111011011111111111111111111111111111111000000000000000000000000000000000101110101110110111111110000000001101111111100000000010111010111000011000001000000000000000000
KIT-1004 : ChipWatcher: write ctrl reg value: 0000000000000000000000000000000000000000000000000000000000000000000000000000000000000000000000000000000000000000000000000000000000000000000000000000000000000000000000000000000000000000000000000000000000000000000000000000000000000000000000000000000000000000000000000000000000000000000000000000000000000000
KIT-1004 : ChipWatcher: write ctrl reg value: 0001111111111111111111111111111111110000000000000000000000000000000001101111111111111111111111111111111100000000000000000000000000000000010111011011111111111111111111111111111111000000000000000000000000000000000101110101110110111111110000000001101111111100000000010111010111010111000001000000000000000100
KIT-1004 : ChipWatcher: the value of status register = 010000001101110101
KIT-1004 : ChipWatcher: the value of status register = 010000001001101000
KIT-1004 : ChipWatcher: the value of status register = 010000001010011001
KIT-1004 : ChipWatcher: the value of status register = 010000001000010001
KIT-1004 : ChipWatcher: the value of status register = 110000001010101000
RUN-1002 : start command "rdbk_bram -bram 0X0015 -cable 0 -total_dev 1 -cur_dev 1"
KIT-1001 : Read back data from BRAM 0X0015 successfully.
RUN-1002 : start command "rdbk_bram -bram 0X0016 -cable 0 -total_dev 1 -cur_dev 1"
KIT-1001 : Read back data from BRAM 0X0016 successfully.
RUN-1002 : start command "rdbk_bram -bram 0X0017 -cable 0 -total_dev 1 -cur_dev 1"
KIT-1001 : Read back data from BRAM 0X0017 successfully.
RUN-1002 : start command "rdbk_bram -bram 0X0038 -cable 0 -total_dev 1 -cur_dev 1"
KIT-1001 : Read back data from BRAM 0X0038 successfully.
RUN-1002 : start command "rdbk_bram -bram 0X0039 -cable 0 -total_dev 1 -cur_dev 1"
KIT-1001 : Read back data from BRAM 0X0039 successfully.
RUN-1002 : start command "rdbk_bram -bram 0X003A -cable 0 -total_dev 1 -cur_dev 1"
KIT-1001 : Read back data from BRAM 0X003A successfully.
RUN-1002 : start command "rdbk_bram -bram 0X003B -cable 0 -total_dev 1 -cur_dev 1"
KIT-1001 : Read back data from BRAM 0X003B successfully.
RUN-1002 : start command "rdbk_bram -bram 0X003C -cable 0 -total_dev 1 -cur_dev 1"
KIT-1001 : Read back data from BRAM 0X003C successfully.
RUN-1002 : start command "rdbk_bram -bram 0X003D -cable 0 -total_dev 1 -cur_dev 1"
KIT-1001 : Read back data from BRAM 0X003D successfully.
RUN-1002 : start command "rdbk_bram -bram 0X003E -cable 0 -total_dev 1 -cur_dev 1"
KIT-1001 : Read back data from BRAM 0X003E successfully.
RUN-1002 : start command "rdbk_bram -bram 0X003F -cable 0 -total_dev 1 -cur_dev 1"
KIT-1001 : Read back data from BRAM 0X003F successfully.
RUN-1002 : start command "rdbk_bram -bram 0X0040 -cable 0 -total_dev 1 -cur_dev 1"
KIT-1001 : Read back data from BRAM 0X0040 successfully.
RUN-1002 : start command "rdbk_bram -bram 0X0041 -cable 0 -total_dev 1 -cur_dev 1"
KIT-1001 : Read back data from BRAM 0X0041 successfully.
RUN-1002 : start command "rdbk_bram -bram 0X0042 -cable 0 -total_dev 1 -cur_dev 1"
KIT-1001 : Read back data from BRAM 0X0042 successfully.
SYN-2541 : Attrs-to-init for 14 logic bram(s)
SYN-2541 : Reading sub[0] auto_chipwatcher_0_logicbram_syn_1
SYN-2541 : Reading sub[1] auto_chipwatcher_0_logicbram_syn_11
SYN-2541 : Reading sub[2] auto_chipwatcher_0_logicbram_syn_21
SYN-2541 : Reading sub[3] auto_chipwatcher_0_logicbram_syn_31
SYN-2541 : Reading sub[4] auto_chipwatcher_0_logicbram_syn_41
SYN-2541 : Reading sub[5] auto_chipwatcher_0_logicbram_syn_51
SYN-2541 : Reading sub[6] auto_chipwatcher_0_logicbram_syn_61
SYN-2541 : Reading sub[7] auto_chipwatcher_0_logicbram_syn_71
SYN-2541 : Reading sub[8] auto_chipwatcher_0_logicbram_syn_81
SYN-2541 : Reading sub[9] auto_chipwatcher_0_logicbram_syn_91
SYN-2541 : Reading sub[10] auto_chipwatcher_0_logicbram_syn_101
SYN-2541 : Reading sub[11] auto_chipwatcher_0_logicbram_syn_111
SYN-2541 : Reading sub[12] auto_chipwatcher_0_logicbram_syn_121
SYN-2541 : Reading sub[13] auto_chipwatcher_0_logicbram_syn_131
KIT-1004 : ChipWatcher: write ctrl reg value: 0001111111111111111111111111111111110000000000000000000000000000000001101111111111111111111111111111111100000000000000000000000000000000010111011011111111111111111111111111111111000000000000000000000000000000000101110101110110111111110000000001101111111100000000010111010111010111000001000000000000000000
KIT-1004 : ChipWatcher: write ctrl reg value: 0000000000000000000000000000000000000000000000000000000000000000000000000000000000000000000000000000000000000000000000000000000000000000000000000000000000000000000000000000000000000000000000000000000000000000000000000000000000000000000000000000000000000000000000000000000000000000000000000000000000000000
KIT-1004 : ChipWatcher: write ctrl reg value: 0001111111111111111111111111111111110000000000000000000000000000000001101111111111111111111111111111111100000000000000000000000000000000010111011011111111111111111111111111111111000000000000000000000000000000000101110101110110111111110000000001101111111100000000010111010111010111000001000000000000000100
KIT-1004 : ChipWatcher: the value of status register = 010000000111101001
KIT-1004 : ChipWatcher: the value of status register = 010000001000001111
KIT-1004 : ChipWatcher: the value of status register = 010000001001000000
KIT-1004 : ChipWatcher: the value of status register = 010000000010000100
KIT-1004 : ChipWatcher: the value of status register = 010000000101001011
KIT-1004 : ChipWatcher: the value of status register = 010000000100001100
KIT-1004 : ChipWatcher: the value of status register = 010000001000000010
KIT-1004 : ChipWatcher: the value of status register = 010000001011111101
KIT-1004 : ChipWatcher: the value of status register = 010000000101101011
KIT-1004 : ChipWatcher: the value of status register = 010000000001000011
KIT-1004 : ChipWatcher: the value of status register = 010000001010110001
KIT-1004 : ChipWatcher: the value of status register = 010000000111000010
KIT-1004 : ChipWatcher: the value of status register = 010000000100100100
KIT-1004 : ChipWatcher: the value of status register = 010000000100100110
KIT-1004 : ChipWatcher: the value of status register = 010000001001011100
KIT-1004 : ChipWatcher: the value of status register = 010000001110101001
KIT-1004 : ChipWatcher: the value of status register = 010000001000111000
KIT-1004 : ChipWatcher: the value of status register = 010000001001101101
KIT-1004 : ChipWatcher: the value of status register = 010000000010010100
KIT-1004 : ChipWatcher: the value of status register = 010000000000111011
KIT-1004 : ChipWatcher: the value of status register = 010000001001110110
KIT-1004 : ChipWatcher: the value of status register = 010000000010000101
KIT-1004 : ChipWatcher: the value of status register = 010000000111001010
KIT-1004 : ChipWatcher: the value of status register = 010000000111000100
KIT-1004 : ChipWatcher: the value of status register = 010000001001110011
KIT-1004 : ChipWatcher: the value of status register = 110000001110010101
RUN-1002 : start command "rdbk_bram -bram 0X0015 -cable 0 -total_dev 1 -cur_dev 1"
KIT-1001 : Read back data from BRAM 0X0015 successfully.
RUN-1002 : start command "rdbk_bram -bram 0X0016 -cable 0 -total_dev 1 -cur_dev 1"
KIT-1001 : Read back data from BRAM 0X0016 successfully.
RUN-1002 : start command "rdbk_bram -bram 0X0017 -cable 0 -total_dev 1 -cur_dev 1"
KIT-1001 : Read back data from BRAM 0X0017 successfully.
RUN-1002 : start command "rdbk_bram -bram 0X0038 -cable 0 -total_dev 1 -cur_dev 1"
KIT-1001 : Read back data from BRAM 0X0038 successfully.
RUN-1002 : start command "rdbk_bram -bram 0X0039 -cable 0 -total_dev 1 -cur_dev 1"
KIT-1001 : Read back data from BRAM 0X0039 successfully.
RUN-1002 : start command "rdbk_bram -bram 0X003A -cable 0 -total_dev 1 -cur_dev 1"
KIT-1001 : Read back data from BRAM 0X003A successfully.
RUN-1002 : start command "rdbk_bram -bram 0X003B -cable 0 -total_dev 1 -cur_dev 1"
KIT-1001 : Read back data from BRAM 0X003B successfully.
RUN-1002 : start command "rdbk_bram -bram 0X003C -cable 0 -total_dev 1 -cur_dev 1"
KIT-1001 : Read back data from BRAM 0X003C successfully.
RUN-1002 : start command "rdbk_bram -bram 0X003D -cable 0 -total_dev 1 -cur_dev 1"
KIT-1001 : Read back data from BRAM 0X003D successfully.
RUN-1002 : start command "rdbk_bram -bram 0X003E -cable 0 -total_dev 1 -cur_dev 1"
KIT-1001 : Read back data from BRAM 0X003E successfully.
RUN-1002 : start command "rdbk_bram -bram 0X003F -cable 0 -total_dev 1 -cur_dev 1"
KIT-1001 : Read back data from BRAM 0X003F successfully.
RUN-1002 : start command "rdbk_bram -bram 0X0040 -cable 0 -total_dev 1 -cur_dev 1"
KIT-1001 : Read back data from BRAM 0X0040 successfully.
RUN-1002 : start command "rdbk_bram -bram 0X0041 -cable 0 -total_dev 1 -cur_dev 1"
KIT-1001 : Read back data from BRAM 0X0041 successfully.
RUN-1002 : start command "rdbk_bram -bram 0X0042 -cable 0 -total_dev 1 -cur_dev 1"
KIT-1001 : Read back data from BRAM 0X0042 successfully.
SYN-2541 : Attrs-to-init for 14 logic bram(s)
SYN-2541 : Reading sub[0] auto_chipwatcher_0_logicbram_syn_1
SYN-2541 : Reading sub[1] auto_chipwatcher_0_logicbram_syn_11
SYN-2541 : Reading sub[2] auto_chipwatcher_0_logicbram_syn_21
SYN-2541 : Reading sub[3] auto_chipwatcher_0_logicbram_syn_31
SYN-2541 : Reading sub[4] auto_chipwatcher_0_logicbram_syn_41
SYN-2541 : Reading sub[5] auto_chipwatcher_0_logicbram_syn_51
SYN-2541 : Reading sub[6] auto_chipwatcher_0_logicbram_syn_61
SYN-2541 : Reading sub[7] auto_chipwatcher_0_logicbram_syn_71
SYN-2541 : Reading sub[8] auto_chipwatcher_0_logicbram_syn_81
SYN-2541 : Reading sub[9] auto_chipwatcher_0_logicbram_syn_91
SYN-2541 : Reading sub[10] auto_chipwatcher_0_logicbram_syn_101
SYN-2541 : Reading sub[11] auto_chipwatcher_0_logicbram_syn_111
SYN-2541 : Reading sub[12] auto_chipwatcher_0_logicbram_syn_121
SYN-2541 : Reading sub[13] auto_chipwatcher_0_logicbram_syn_131
KIT-1004 : ChipWatcher: write ctrl reg value: 0001111111111111111111111111111111110000000000000000000000000000000001101111111111111111111111111111111100000000000000000000000000000000010111011011111111111111111111111111111111000000000000000000000000000000000101110101110110111111110000000001101111111100000000010111010111010111000001000000000000000000
KIT-1004 : ChipWatcher: write ctrl reg value: 0000000000000000000000000000000000000000000000000000000000000000000000000000000000000000000000000000000000000000000000000000000000000000000000000000000000000000000000000000000000000000000000000000000000000000000000000000000000000000000000000000000000000000000000000000000000000000000000000000000000000000
KIT-1004 : ChipWatcher: write ctrl reg value: 0001111111111111111111111111111111110000000000000000000000000000000001101111111111111111111111111111111100000000000000000000000000000000010111011011111111111111111111111111111111000000000000000000000000000000000101110101110110111111110000000001101111111100000000010111010111010111000001000000000000000100
KIT-1004 : ChipWatcher: the value of status register = 010000000011001101
KIT-1004 : ChipWatcher: the value of status register = 010000000110000011
KIT-1004 : ChipWatcher: the value of status register = 010000000010100011
KIT-1004 : ChipWatcher: the value of status register = 010000000011011101
KIT-1004 : ChipWatcher: the value of status register = 010000001101001011
KIT-1004 : ChipWatcher: the value of status register = 010000000000000010
KIT-1004 : ChipWatcher: the value of status register = 010000001100011010
KIT-1004 : ChipWatcher: the value of status register = 010000000000010111
KIT-1004 : ChipWatcher: the value of status register = 010000001101001010
KIT-1004 : ChipWatcher: the value of status register = 010000000110111010
KIT-1004 : ChipWatcher: the value of status register = 010000001011110110
KIT-1004 : ChipWatcher: the value of status register = 010000001010000010
KIT-1004 : ChipWatcher: the value of status register = 010000001011011000
KIT-1004 : ChipWatcher: the value of status register = 010000001010001011
KIT-1004 : ChipWatcher: the value of status register = 110000000000010000
RUN-1002 : start command "rdbk_bram -bram 0X0015 -cable 0 -total_dev 1 -cur_dev 1"
KIT-1001 : Read back data from BRAM 0X0015 successfully.
RUN-1002 : start command "rdbk_bram -bram 0X0016 -cable 0 -total_dev 1 -cur_dev 1"
KIT-1001 : Read back data from BRAM 0X0016 successfully.
RUN-1002 : start command "rdbk_bram -bram 0X0017 -cable 0 -total_dev 1 -cur_dev 1"
KIT-1001 : Read back data from BRAM 0X0017 successfully.
RUN-1002 : start command "rdbk_bram -bram 0X0038 -cable 0 -total_dev 1 -cur_dev 1"
KIT-1001 : Read back data from BRAM 0X0038 successfully.
RUN-1002 : start command "rdbk_bram -bram 0X0039 -cable 0 -total_dev 1 -cur_dev 1"
KIT-1001 : Read back data from BRAM 0X0039 successfully.
RUN-1002 : start command "rdbk_bram -bram 0X003A -cable 0 -total_dev 1 -cur_dev 1"
KIT-1001 : Read back data from BRAM 0X003A successfully.
RUN-1002 : start command "rdbk_bram -bram 0X003B -cable 0 -total_dev 1 -cur_dev 1"
KIT-1001 : Read back data from BRAM 0X003B successfully.
RUN-1002 : start command "rdbk_bram -bram 0X003C -cable 0 -total_dev 1 -cur_dev 1"
KIT-1001 : Read back data from BRAM 0X003C successfully.
RUN-1002 : start command "rdbk_bram -bram 0X003D -cable 0 -total_dev 1 -cur_dev 1"
KIT-1001 : Read back data from BRAM 0X003D successfully.
RUN-1002 : start command "rdbk_bram -bram 0X003E -cable 0 -total_dev 1 -cur_dev 1"
KIT-1001 : Read back data from BRAM 0X003E successfully.
RUN-1002 : start command "rdbk_bram -bram 0X003F -cable 0 -total_dev 1 -cur_dev 1"
KIT-1001 : Read back data from BRAM 0X003F successfully.
RUN-1002 : start command "rdbk_bram -bram 0X0040 -cable 0 -total_dev 1 -cur_dev 1"
KIT-1001 : Read back data from BRAM 0X0040 successfully.
RUN-1002 : start command "rdbk_bram -bram 0X0041 -cable 0 -total_dev 1 -cur_dev 1"
KIT-1001 : Read back data from BRAM 0X0041 successfully.
RUN-1002 : start command "rdbk_bram -bram 0X0042 -cable 0 -total_dev 1 -cur_dev 1"
KIT-1001 : Read back data from BRAM 0X0042 successfully.
SYN-2541 : Attrs-to-init for 14 logic bram(s)
SYN-2541 : Reading sub[0] auto_chipwatcher_0_logicbram_syn_1
SYN-2541 : Reading sub[1] auto_chipwatcher_0_logicbram_syn_11
SYN-2541 : Reading sub[2] auto_chipwatcher_0_logicbram_syn_21
SYN-2541 : Reading sub[3] auto_chipwatcher_0_logicbram_syn_31
SYN-2541 : Reading sub[4] auto_chipwatcher_0_logicbram_syn_41
SYN-2541 : Reading sub[5] auto_chipwatcher_0_logicbram_syn_51
SYN-2541 : Reading sub[6] auto_chipwatcher_0_logicbram_syn_61
SYN-2541 : Reading sub[7] auto_chipwatcher_0_logicbram_syn_71
SYN-2541 : Reading sub[8] auto_chipwatcher_0_logicbram_syn_81
SYN-2541 : Reading sub[9] auto_chipwatcher_0_logicbram_syn_91
SYN-2541 : Reading sub[10] auto_chipwatcher_0_logicbram_syn_101
SYN-2541 : Reading sub[11] auto_chipwatcher_0_logicbram_syn_111
SYN-2541 : Reading sub[12] auto_chipwatcher_0_logicbram_syn_121
SYN-2541 : Reading sub[13] auto_chipwatcher_0_logicbram_syn_131
KIT-1004 : ChipWatcher: write ctrl reg value: 0001111111111111111111111111111111110000000000000000000000000000000001101111111111111111111111111111111100000000000000000000000000000000010111011011111111111111111111111111111111000000000000000000000000000000000101110101110110111111110000000001101111111100000000010111010111010111000001000000000000000000
KIT-1004 : ChipWatcher: write ctrl reg value: 0000000000000000000000000000000000000000000000000000000000000000000000000000000000000000000000000000000000000000000000000000000000000000000000000000000000000000000000000000000000000000000000000000000000000000000000000000000000000000000000000000000000000000000000000000000000000000000000000000000000000000
KIT-1004 : ChipWatcher: write ctrl reg value: 0001111111111111111111111111111111110000000000000000000000000000000001101111111111111111111111111111111100000000000000000000000000000000010111011011111111111111111111111111111111000000000000000000000000000000000101110101110110111111110000000001101111111100000000010111010111010111000001000000000000000100
KIT-1004 : ChipWatcher: the value of status register = 010000000011010110
KIT-1004 : ChipWatcher: the value of status register = 010000001100001101
KIT-1004 : ChipWatcher: the value of status register = 010000000010101100
KIT-1004 : ChipWatcher: the value of status register = 010000001101000111
KIT-1004 : ChipWatcher: the value of status register = 110000001000110010
RUN-1002 : start command "rdbk_bram -bram 0X0015 -cable 0 -total_dev 1 -cur_dev 1"
KIT-1001 : Read back data from BRAM 0X0015 successfully.
RUN-1002 : start command "rdbk_bram -bram 0X0016 -cable 0 -total_dev 1 -cur_dev 1"
KIT-1001 : Read back data from BRAM 0X0016 successfully.
RUN-1002 : start command "rdbk_bram -bram 0X0017 -cable 0 -total_dev 1 -cur_dev 1"
KIT-1001 : Read back data from BRAM 0X0017 successfully.
RUN-1002 : start command "rdbk_bram -bram 0X0038 -cable 0 -total_dev 1 -cur_dev 1"
KIT-1001 : Read back data from BRAM 0X0038 successfully.
RUN-1002 : start command "rdbk_bram -bram 0X0039 -cable 0 -total_dev 1 -cur_dev 1"
KIT-1001 : Read back data from BRAM 0X0039 successfully.
RUN-1002 : start command "rdbk_bram -bram 0X003A -cable 0 -total_dev 1 -cur_dev 1"
KIT-1001 : Read back data from BRAM 0X003A successfully.
RUN-1002 : start command "rdbk_bram -bram 0X003B -cable 0 -total_dev 1 -cur_dev 1"
KIT-1001 : Read back data from BRAM 0X003B successfully.
RUN-1002 : start command "rdbk_bram -bram 0X003C -cable 0 -total_dev 1 -cur_dev 1"
KIT-1001 : Read back data from BRAM 0X003C successfully.
RUN-1002 : start command "rdbk_bram -bram 0X003D -cable 0 -total_dev 1 -cur_dev 1"
KIT-1001 : Read back data from BRAM 0X003D successfully.
RUN-1002 : start command "rdbk_bram -bram 0X003E -cable 0 -total_dev 1 -cur_dev 1"
KIT-1001 : Read back data from BRAM 0X003E successfully.
RUN-1002 : start command "rdbk_bram -bram 0X003F -cable 0 -total_dev 1 -cur_dev 1"
KIT-1001 : Read back data from BRAM 0X003F successfully.
RUN-1002 : start command "rdbk_bram -bram 0X0040 -cable 0 -total_dev 1 -cur_dev 1"
KIT-1001 : Read back data from BRAM 0X0040 successfully.
RUN-1002 : start command "rdbk_bram -bram 0X0041 -cable 0 -total_dev 1 -cur_dev 1"
KIT-1001 : Read back data from BRAM 0X0041 successfully.
RUN-1002 : start command "rdbk_bram -bram 0X0042 -cable 0 -total_dev 1 -cur_dev 1"
KIT-1001 : Read back data from BRAM 0X0042 successfully.
SYN-2541 : Attrs-to-init for 14 logic bram(s)
SYN-2541 : Reading sub[0] auto_chipwatcher_0_logicbram_syn_1
SYN-2541 : Reading sub[1] auto_chipwatcher_0_logicbram_syn_11
SYN-2541 : Reading sub[2] auto_chipwatcher_0_logicbram_syn_21
SYN-2541 : Reading sub[3] auto_chipwatcher_0_logicbram_syn_31
SYN-2541 : Reading sub[4] auto_chipwatcher_0_logicbram_syn_41
SYN-2541 : Reading sub[5] auto_chipwatcher_0_logicbram_syn_51
SYN-2541 : Reading sub[6] auto_chipwatcher_0_logicbram_syn_61
SYN-2541 : Reading sub[7] auto_chipwatcher_0_logicbram_syn_71
SYN-2541 : Reading sub[8] auto_chipwatcher_0_logicbram_syn_81
SYN-2541 : Reading sub[9] auto_chipwatcher_0_logicbram_syn_91
SYN-2541 : Reading sub[10] auto_chipwatcher_0_logicbram_syn_101
SYN-2541 : Reading sub[11] auto_chipwatcher_0_logicbram_syn_111
SYN-2541 : Reading sub[12] auto_chipwatcher_0_logicbram_syn_121
SYN-2541 : Reading sub[13] auto_chipwatcher_0_logicbram_syn_131
KIT-1004 : ChipWatcher: write ctrl reg value: 0001111111111111111111111111111111110000000000000000000000000000000001101111111111111111111111111111111100000000000000000000000000000000010111011011111111111111111111111111111111000000000000000000000000000000000101110101110110111111110000000001101111111100000000010111010111010111000001000000000000000000
RUN-1001 : reset_run syn_1 phy_1.
RUN-1001 : launch_runs syn_1 phy_1  -jobs 6.
PRG-1000 : <!-- HMAC is: adb525df5562acda35b8ddfd801d8d7599598229e98c6b3da5195dde012cb64e -->
GUI-1001 : User closes ChipWatcher ...
RUN-1001 : syn_1: run complete.
RUN-1001 : phy_1: run complete.
RUN-1001 : open_run phy_1.
RUN-1002 : start command "import_db C:/Users/W1030/Desktop/m0/m0/td/m0soc_Runs/phy_1/m0soc_pr.db"
RUN-1001 : Importing database generated by Tang Dynasty, V5.6.71036.
RUN-1001 : Database version number 46146.
RUN-1001 : Import flow parameters
PHY-1001 : Generate detailed routing grids ...
PHY-1001 : Generate nets ...
PHY-1001 : net SWCLK_dup_1 will be routed on clock mesh
PHY-1001 : net clk_dup_11 will be routed on clock mesh
PHY-1001 : net clk_148m_vga_dup_1 will be routed on clock mesh
PHY-1001 : net sd_reader/clk will be routed on clock mesh
PHY-1001 : net sdram_top_inst/fifo_ctrl_inst/sys_clk will be routed on clock mesh
PHY-5010 WARNING: Net sdram_top_inst/fifo_ctrl_inst/rd_fifo_data/rd_to_wr_cross_inst/sync_r1[0] is skipped due to 0 input or output
PHY-1001 : clock net config_inst_syn_10 will be merged with clock config_inst_syn_9
PHY-5010 WARNING: Net sdram_top_inst/fifo_ctrl_inst/rd_fifo_data/rd_to_wr_cross_inst/sync_r1[0] is skipped due to 0 input or output
PHY-1001 : eco open net = 0
PHY-5014 WARNING: Detail route doesn't find pib for clk_gen_inst/pll_inst.fbclk[0]
PHY-1001 : 335 feed throughs used by 213 nets
RUN-1001 : Import timing constraints
RUN-1001 : Import IO constraints
RUN-1001 : Import Inst constraints
RUN-1001 : Import ChipWatcher
RUN-1001 : Import design success TD_VERSION=5.6.71036 , DB_VERSION=46146
RUN-1003 : finish command "import_db C:/Users/W1030/Desktop/m0/m0/td/m0soc_Runs/phy_1/m0soc_pr.db" in  5.299596s wall, 2.218750s user + 0.156250s system = 2.375000s CPU (44.8%)

RUN-1004 : used memory is 936 MB, reserved memory is 952 MB, peak memory is 970 MB
RUN-1002 : start command "config_chipwatcher -sync apb.cwc -dir "
KIT-1004 : ChipWatcher: import watcher inst auto_chipwatcher_0 completed, there are 11 view nodes, 118 trigger nets, 118 data nets.
GUI-1001 : Import apb.cwc success!
GUI-8501 ERROR: Bit file code (1010110000110001) does not match with the ChipWatcher's (0110001001110011).
GUI-1001 : User opens ChipWatcher ...
RUN-1002 : start command "download -bit m0soc_Runs/phy_1/m0soc.bit -mode jtag_burst -spd 7 -cable 0 -total_dev 1 -cur_dev 1"
PRG-2014 : Chip validation success: EAGLE_S20_BG256
RUN-1002 : start command "bit_to_vec -chip EAGLE_S20_BG256 -m jtag_burst -freq 4 -bit m0soc_Runs/phy_1/m0soc.bit"
RUN-1002 : start command "program -cable 0 -mode svf -spd 7 -p"
RUN-1003 : finish command "program -cable 0 -mode svf -spd 7 -p" in  7.362376s wall, 0.078125s user + 0.250000s system = 0.328125s CPU (4.5%)

RUN-1004 : used memory is 987 MB, reserved memory is 1002 MB, peak memory is 1019 MB
RUN-1003 : finish command "download -bit m0soc_Runs/phy_1/m0soc.bit -mode jtag_burst -spd 7 -cable 0 -total_dev 1 -cur_dev 1" in  7.585521s wall, 0.109375s user + 0.265625s system = 0.375000s CPU (4.9%)

RUN-1004 : used memory is 987 MB, reserved memory is 1002 MB, peak memory is 1019 MB
GUI-1001 : Downloading succeeded!
KIT-1004 : ChipWatcher: write ctrl reg value: 0000000000000000000000000000000000000000000000000000000000000000000000000000000000000000000000000000000000000000000000000000000000000000000000000000000000000000000000000000000000000000000000000000000000000000000000000000000000000000000000000000000000000000000000000000000000000000000000000000000000000000
KIT-1004 : ChipWatcher: write ctrl reg value: 0001111111111111111111111111111111110000000000000000000000000000000001101111111111111111111111111111111100000000000000000000000000000000010111011011111111111111111111111111111111000000000000000000000000000000000101110101110110111111110000000001101111111100000000010111010111010111000001000000000000000100
KIT-1004 : ChipWatcher: the value of status register = 010000000000100010
KIT-1004 : ChipWatcher: the value of status register = 010000001001001101
KIT-1004 : ChipWatcher: the value of status register = 010000001111001011
KIT-1004 : ChipWatcher: the value of status register = 010000000010111011
KIT-1004 : ChipWatcher: the value of status register = 010000000111001011
KIT-1004 : ChipWatcher: the value of status register = 010000001110011001
KIT-1004 : ChipWatcher: the value of status register = 010000001110011110
KIT-1004 : ChipWatcher: the value of status register = 010000001100000010
KIT-1004 : ChipWatcher: the value of status register = 110000000001101001
RUN-1002 : start command "rdbk_bram -bram 0X0015 -cable 0 -total_dev 1 -cur_dev 1"
KIT-1001 : Read back data from BRAM 0X0015 successfully.
RUN-1002 : start command "rdbk_bram -bram 0X0016 -cable 0 -total_dev 1 -cur_dev 1"
KIT-1001 : Read back data from BRAM 0X0016 successfully.
RUN-1002 : start command "rdbk_bram -bram 0X0017 -cable 0 -total_dev 1 -cur_dev 1"
KIT-1001 : Read back data from BRAM 0X0017 successfully.
RUN-1002 : start command "rdbk_bram -bram 0X0038 -cable 0 -total_dev 1 -cur_dev 1"
KIT-1001 : Read back data from BRAM 0X0038 successfully.
RUN-1002 : start command "rdbk_bram -bram 0X0039 -cable 0 -total_dev 1 -cur_dev 1"
KIT-1001 : Read back data from BRAM 0X0039 successfully.
RUN-1002 : start command "rdbk_bram -bram 0X003A -cable 0 -total_dev 1 -cur_dev 1"
KIT-1001 : Read back data from BRAM 0X003A successfully.
RUN-1002 : start command "rdbk_bram -bram 0X003B -cable 0 -total_dev 1 -cur_dev 1"
KIT-1001 : Read back data from BRAM 0X003B successfully.
RUN-1002 : start command "rdbk_bram -bram 0X003C -cable 0 -total_dev 1 -cur_dev 1"
KIT-1001 : Read back data from BRAM 0X003C successfully.
RUN-1002 : start command "rdbk_bram -bram 0X003D -cable 0 -total_dev 1 -cur_dev 1"
KIT-1001 : Read back data from BRAM 0X003D successfully.
RUN-1002 : start command "rdbk_bram -bram 0X003E -cable 0 -total_dev 1 -cur_dev 1"
KIT-1001 : Read back data from BRAM 0X003E successfully.
RUN-1002 : start command "rdbk_bram -bram 0X003F -cable 0 -total_dev 1 -cur_dev 1"
KIT-1001 : Read back data from BRAM 0X003F successfully.
RUN-1002 : start command "rdbk_bram -bram 0X0040 -cable 0 -total_dev 1 -cur_dev 1"
KIT-1001 : Read back data from BRAM 0X0040 successfully.
RUN-1002 : start command "rdbk_bram -bram 0X0041 -cable 0 -total_dev 1 -cur_dev 1"
KIT-1001 : Read back data from BRAM 0X0041 successfully.
RUN-1002 : start command "rdbk_bram -bram 0X0042 -cable 0 -total_dev 1 -cur_dev 1"
KIT-1001 : Read back data from BRAM 0X0042 successfully.
SYN-2541 : Attrs-to-init for 14 logic bram(s)
SYN-2541 : Reading sub[0] auto_chipwatcher_0_logicbram_syn_1
SYN-2541 : Reading sub[1] auto_chipwatcher_0_logicbram_syn_11
SYN-2541 : Reading sub[2] auto_chipwatcher_0_logicbram_syn_21
SYN-2541 : Reading sub[3] auto_chipwatcher_0_logicbram_syn_31
SYN-2541 : Reading sub[4] auto_chipwatcher_0_logicbram_syn_41
SYN-2541 : Reading sub[5] auto_chipwatcher_0_logicbram_syn_51
SYN-2541 : Reading sub[6] auto_chipwatcher_0_logicbram_syn_61
SYN-2541 : Reading sub[7] auto_chipwatcher_0_logicbram_syn_71
SYN-2541 : Reading sub[8] auto_chipwatcher_0_logicbram_syn_81
SYN-2541 : Reading sub[9] auto_chipwatcher_0_logicbram_syn_91
SYN-2541 : Reading sub[10] auto_chipwatcher_0_logicbram_syn_101
SYN-2541 : Reading sub[11] auto_chipwatcher_0_logicbram_syn_111
SYN-2541 : Reading sub[12] auto_chipwatcher_0_logicbram_syn_121
SYN-2541 : Reading sub[13] auto_chipwatcher_0_logicbram_syn_131
KIT-1004 : ChipWatcher: write ctrl reg value: 0001111111111111111111111111111111110000000000000000000000000000000001101111111111111111111111111111111100000000000000000000000000000000010111011011111111111111111111111111111111000000000000000000000000000000000101110101110110111111110000000001101111111100000000010111010111010111000001000000000000000000
KIT-1004 : ChipWatcher: write ctrl reg value: 0000000000000000000000000000000000000000000000000000000000000000000000000000000000000000000000000000000000000000000000000000000000000000000000000000000000000000000000000000000000000000000000000000000000000000000000000000000000000000000000000000000000000000000000000000000000000000000000000000000000000000
KIT-1004 : ChipWatcher: write ctrl reg value: 0001111111111111111111111111111111110000000000000000000000000000000001101111111111111111111111111111111100000000000000000000000000000000010111011011111111111111111111111111111111000000000000000000000000000000000101110101110110111111110000000001101111111100000000010111010111010111000001000000000000000100
KIT-1004 : ChipWatcher: the value of status register = 010000000010001111
KIT-1004 : ChipWatcher: the value of status register = 010000000000000000
KIT-1004 : ChipWatcher: the value of status register = 010000001001001110
KIT-1004 : ChipWatcher: the value of status register = 010000001100000001
KIT-1004 : ChipWatcher: the value of status register = 010000001111010011
KIT-1004 : ChipWatcher: the value of status register = 010000000010011011
KIT-1004 : ChipWatcher: the value of status register = 010000001010100100
KIT-1004 : ChipWatcher: the value of status register = 010000001101100001
KIT-1004 : ChipWatcher: the value of status register = 010000000110011000
KIT-1004 : ChipWatcher: the value of status register = 010000001010011111
KIT-1004 : ChipWatcher: the value of status register = 010000001010000001
KIT-1004 : ChipWatcher: the value of status register = 110000000101101110
RUN-1002 : start command "rdbk_bram -bram 0X0015 -cable 0 -total_dev 1 -cur_dev 1"
KIT-1001 : Read back data from BRAM 0X0015 successfully.
RUN-1002 : start command "rdbk_bram -bram 0X0016 -cable 0 -total_dev 1 -cur_dev 1"
KIT-1001 : Read back data from BRAM 0X0016 successfully.
RUN-1002 : start command "rdbk_bram -bram 0X0017 -cable 0 -total_dev 1 -cur_dev 1"
KIT-1001 : Read back data from BRAM 0X0017 successfully.
RUN-1002 : start command "rdbk_bram -bram 0X0038 -cable 0 -total_dev 1 -cur_dev 1"
KIT-1001 : Read back data from BRAM 0X0038 successfully.
RUN-1002 : start command "rdbk_bram -bram 0X0039 -cable 0 -total_dev 1 -cur_dev 1"
KIT-1001 : Read back data from BRAM 0X0039 successfully.
RUN-1002 : start command "rdbk_bram -bram 0X003A -cable 0 -total_dev 1 -cur_dev 1"
KIT-1001 : Read back data from BRAM 0X003A successfully.
RUN-1002 : start command "rdbk_bram -bram 0X003B -cable 0 -total_dev 1 -cur_dev 1"
KIT-1001 : Read back data from BRAM 0X003B successfully.
RUN-1002 : start command "rdbk_bram -bram 0X003C -cable 0 -total_dev 1 -cur_dev 1"
KIT-1001 : Read back data from BRAM 0X003C successfully.
RUN-1002 : start command "rdbk_bram -bram 0X003D -cable 0 -total_dev 1 -cur_dev 1"
KIT-1001 : Read back data from BRAM 0X003D successfully.
RUN-1002 : start command "rdbk_bram -bram 0X003E -cable 0 -total_dev 1 -cur_dev 1"
KIT-1001 : Read back data from BRAM 0X003E successfully.
RUN-1002 : start command "rdbk_bram -bram 0X003F -cable 0 -total_dev 1 -cur_dev 1"
KIT-1001 : Read back data from BRAM 0X003F successfully.
RUN-1002 : start command "rdbk_bram -bram 0X0040 -cable 0 -total_dev 1 -cur_dev 1"
KIT-1001 : Read back data from BRAM 0X0040 successfully.
RUN-1002 : start command "rdbk_bram -bram 0X0041 -cable 0 -total_dev 1 -cur_dev 1"
KIT-1001 : Read back data from BRAM 0X0041 successfully.
RUN-1002 : start command "rdbk_bram -bram 0X0042 -cable 0 -total_dev 1 -cur_dev 1"
KIT-1001 : Read back data from BRAM 0X0042 successfully.
SYN-2541 : Attrs-to-init for 14 logic bram(s)
SYN-2541 : Reading sub[0] auto_chipwatcher_0_logicbram_syn_1
SYN-2541 : Reading sub[1] auto_chipwatcher_0_logicbram_syn_11
SYN-2541 : Reading sub[2] auto_chipwatcher_0_logicbram_syn_21
SYN-2541 : Reading sub[3] auto_chipwatcher_0_logicbram_syn_31
SYN-2541 : Reading sub[4] auto_chipwatcher_0_logicbram_syn_41
SYN-2541 : Reading sub[5] auto_chipwatcher_0_logicbram_syn_51
SYN-2541 : Reading sub[6] auto_chipwatcher_0_logicbram_syn_61
SYN-2541 : Reading sub[7] auto_chipwatcher_0_logicbram_syn_71
SYN-2541 : Reading sub[8] auto_chipwatcher_0_logicbram_syn_81
SYN-2541 : Reading sub[9] auto_chipwatcher_0_logicbram_syn_91
SYN-2541 : Reading sub[10] auto_chipwatcher_0_logicbram_syn_101
SYN-2541 : Reading sub[11] auto_chipwatcher_0_logicbram_syn_111
SYN-2541 : Reading sub[12] auto_chipwatcher_0_logicbram_syn_121
SYN-2541 : Reading sub[13] auto_chipwatcher_0_logicbram_syn_131
KIT-1004 : ChipWatcher: write ctrl reg value: 0001111111111111111111111111111111110000000000000000000000000000000001101111111111111111111111111111111100000000000000000000000000000000010111011011111111111111111111111111111111000000000000000000000000000000000101110101110110111111110000000001101111111100000000010111010111010111000001000000000000000000
HDL-1007 : analyze verilog file ../rtl/CortexM0_SoC.v
HDL-1007 : undeclared symbol 'row', assumed default net type 'wire' in ../rtl/CortexM0_SoC.v(105)
HDL-8007 ERROR: syntax error near 'non-printable character with the hex value '0xef'' in ../rtl/CortexM0_SoC.v(117)
HDL-8007 ERROR: ignore module module due to previous errors in ../rtl/CortexM0_SoC.v(2)
HDL-1007 : Verilog file '../rtl/CortexM0_SoC.v' ignored due to errors
RUN-1001 : reset_run syn_1 phy_1.
RUN-1001 : launch_runs syn_1 phy_1  -jobs 6.
RUN-6001 WARNING: syn_1: run failed.
HDL-1007 : analyze verilog file ../rtl/CortexM0_SoC.v
HDL-1007 : undeclared symbol 'row', assumed default net type 'wire' in ../rtl/CortexM0_SoC.v(105)
RUN-1001 : reset_run syn_1 phy_1.
RUN-1001 : launch_runs syn_1 phy_1  -jobs 6.
RUN-1001 : syn_1: run complete.
RUN-1001 : phy_1: run complete.
RUN-1001 : open_run phy_1.
RUN-1002 : start command "import_db C:/Users/W1030/Desktop/m0/m0/td/m0soc_Runs/phy_1/m0soc_pr.db"
RUN-1001 : Importing database generated by Tang Dynasty, V5.6.71036.
RUN-1001 : Database version number 46146.
RUN-1001 : Import flow parameters
PHY-1001 : Generate detailed routing grids ...
PHY-1001 : Generate nets ...
PHY-1001 : net SWCLK_dup_1 will be routed on clock mesh
PHY-1001 : net clk_dup_11 will be routed on clock mesh
PHY-1001 : net clk_148m_vga_dup_1 will be routed on clock mesh
PHY-1001 : net sd_reader/clk will be routed on clock mesh
PHY-1001 : net sdram_top_inst/fifo_ctrl_inst/sys_clk will be routed on clock mesh
PHY-5010 WARNING: Net sdram_top_inst/fifo_ctrl_inst/rd_fifo_data/rd_to_wr_cross_inst/sync_r1[0] is skipped due to 0 input or output
PHY-1001 : clock net config_inst_syn_10 will be merged with clock config_inst_syn_9
PHY-5010 WARNING: Net sdram_top_inst/fifo_ctrl_inst/rd_fifo_data/rd_to_wr_cross_inst/sync_r1[0] is skipped due to 0 input or output
PHY-1001 : eco open net = 0
PHY-5014 WARNING: Detail route doesn't find pib for clk_gen_inst/pll_inst.fbclk[0]
PHY-1001 : 321 feed throughs used by 214 nets
RUN-1001 : Import timing constraints
RUN-1001 : Import IO constraints
RUN-1001 : Import Inst constraints
RUN-1001 : Import ChipWatcher
RUN-1001 : Import design success TD_VERSION=5.6.71036 , DB_VERSION=46146
RUN-1003 : finish command "import_db C:/Users/W1030/Desktop/m0/m0/td/m0soc_Runs/phy_1/m0soc_pr.db" in  5.269976s wall, 1.312500s user + 0.140625s system = 1.453125s CPU (27.6%)

RUN-1004 : used memory is 976 MB, reserved memory is 992 MB, peak memory is 1019 MB
RUN-1002 : start command "config_chipwatcher -sync apb.cwc -dir "
KIT-1004 : ChipWatcher: import watcher inst auto_chipwatcher_0 completed, there are 11 view nodes, 118 trigger nets, 118 data nets.
GUI-1001 : Import apb.cwc success!
RUN-1002 : start command "download -bit m0soc_Runs\phy_1\m0soc.bit -mode jtag -spd 7 -sec 64 -cable 0"
PRG-2014 : Chip validation success: EAGLE_S20_BG256
RUN-1002 : start command "bit_to_vec -chip EAGLE_S20_BG256 -m jtag_burst -freq 4 -bit m0soc_Runs/phy_1/m0soc.bit"
RUN-1002 : start command "program -cable 0 -mode svf -spd 7 -p"
RUN-1003 : finish command "program -cable 0 -mode svf -spd 7 -p" in  7.390679s wall, 0.031250s user + 0.171875s system = 0.203125s CPU (2.7%)

RUN-1004 : used memory is 1032 MB, reserved memory is 1023 MB, peak memory is 1051 MB
RUN-1003 : finish command "download -bit m0soc_Runs\phy_1\m0soc.bit -mode jtag -spd 7 -sec 64 -cable 0" in  7.612232s wall, 0.140625s user + 0.171875s system = 0.312500s CPU (4.1%)

RUN-1004 : used memory is 1032 MB, reserved memory is 1023 MB, peak memory is 1051 MB
GUI-1001 : Downloading succeeded!
GUI-1001 : User closes ChipWatcher ...
RUN-1001 : reset_run syn_1 phy_1.
GUI-6001 WARNING: File C:/Users/W1030/Desktop/m0/m0/td/m0soc_Runs/phy_1/m0soc.bit does not exist!
RUN-1001 : launch_runs syn_1 phy_1  -jobs 6.
RUN-1001 : stop_run syn_1.
RUN-1001 : reset_run syn_1 -step opt_gate.
RUN-1001 : syn_1: run complete.
RUN-1001 : open_run syn_1.
RUN-1002 : start command "import_db C:/Users/W1030/Desktop/m0/m0/td/m0soc_Runs/syn_1/m0soc_rtl.db"
RUN-1001 : Importing database generated by Tang Dynasty, V5.6.71036.
RUN-1001 : Database version number 46146.
RUN-1001 : Import flow parameters
RUN-1001 : Import IO constraints
RUN-1001 : Import Inst constraints
RUN-1001 : Import design success TD_VERSION=5.6.71036 , DB_VERSION=46146
RUN-1003 : finish command "import_db C:/Users/W1030/Desktop/m0/m0/td/m0soc_Runs/syn_1/m0soc_rtl.db" in  2.086475s wall, 1.203125s user + 0.093750s system = 1.296875s CPU (62.2%)

RUN-1004 : used memory is 654 MB, reserved memory is 676 MB, peak memory is 1051 MB
RUN-1001 : reset_run syn_1 phy_1.
RUN-1001 : launch_runs syn_1 phy_1  -jobs 6.
RUN-1001 : syn_1: run complete.
RUN-1001 : phy_1: run complete.
RUN-1001 : open_run phy_1.
RUN-1002 : start command "import_db C:/Users/W1030/Desktop/m0/m0/td/m0soc_Runs/phy_1/m0soc_pr.db"
RUN-1001 : Importing database generated by Tang Dynasty, V5.6.71036.
RUN-1001 : Database version number 46146.
RUN-1001 : Import flow parameters
PHY-1001 : Generate detailed routing grids ...
PHY-1001 : Generate nets ...
PHY-1001 : net SWCLK_dup_1 will be routed on clock mesh
PHY-1001 : net clk_dup_11 will be routed on clock mesh
PHY-1001 : net clk_148m_vga_dup_1 will be routed on clock mesh
PHY-1001 : net sd_reader/clk will be routed on clock mesh
PHY-1001 : net sdram_top_inst/fifo_ctrl_inst/sys_clk will be routed on clock mesh
PHY-5010 WARNING: Net sdram_top_inst/fifo_ctrl_inst/rd_fifo_data/rd_to_wr_cross_inst/sync_r1[0] is skipped due to 0 input or output
PHY-1001 : clock net config_inst_syn_10 will be merged with clock config_inst_syn_9
PHY-5010 WARNING: Net sdram_top_inst/fifo_ctrl_inst/rd_fifo_data/rd_to_wr_cross_inst/sync_r1[0] is skipped due to 0 input or output
PHY-1001 : eco open net = 0
PHY-5014 WARNING: Detail route doesn't find pib for clk_gen_inst/pll_inst.fbclk[0]
PHY-1001 : 321 feed throughs used by 214 nets
RUN-1001 : Import timing constraints
RUN-1001 : Import IO constraints
RUN-1001 : Import Inst constraints
RUN-1001 : Import ChipWatcher
RUN-1001 : Import design success TD_VERSION=5.6.71036 , DB_VERSION=46146
RUN-1003 : finish command "import_db C:/Users/W1030/Desktop/m0/m0/td/m0soc_Runs/phy_1/m0soc_pr.db" in  4.955946s wall, 2.765625s user + 0.078125s system = 2.843750s CPU (57.4%)

RUN-1004 : used memory is 1008 MB, reserved memory is 1000 MB, peak memory is 1051 MB
RUN-1001 : reset_run syn_1 phy_1.
GUI-6001 WARNING: File C:/Users/W1030/Desktop/m0/m0/td/m0soc_Runs/phy_1/m0soc.bit does not exist!
RUN-1001 : launch_runs syn_1 phy_1  -jobs 6.
RUN-1001 : syn_1: run complete.
RUN-1001 : phy_1: run complete.
RUN-1001 : open_run phy_1.
RUN-1002 : start command "import_db C:/Users/W1030/Desktop/m0/m0/td/m0soc_Runs/phy_1/m0soc_pr.db"
RUN-1001 : Importing database generated by Tang Dynasty, V5.6.71036.
RUN-1001 : Database version number 46146.
RUN-1001 : Import flow parameters
PHY-1001 : Generate detailed routing grids ...
PHY-1001 : Generate nets ...
PHY-1001 : net SWCLK_dup_1 will be routed on clock mesh
PHY-1001 : net clk_dup_11 will be routed on clock mesh
PHY-1001 : net clk_148m_vga_dup_1 will be routed on clock mesh
PHY-1001 : net sd_reader/clk will be routed on clock mesh
PHY-1001 : net sdram_top_inst/fifo_ctrl_inst/sys_clk will be routed on clock mesh
PHY-5010 WARNING: Net sdram_top_inst/fifo_ctrl_inst/rd_fifo_data/rd_to_wr_cross_inst/sync_r1[0] is skipped due to 0 input or output
PHY-1001 : clock net config_inst_syn_10 will be merged with clock config_inst_syn_9
PHY-5010 WARNING: Net sdram_top_inst/fifo_ctrl_inst/rd_fifo_data/rd_to_wr_cross_inst/sync_r1[0] is skipped due to 0 input or output
PHY-1001 : eco open net = 0
PHY-5014 WARNING: Detail route doesn't find pib for clk_gen_inst/pll_inst.fbclk[0]
PHY-1001 : 321 feed throughs used by 214 nets
RUN-1001 : Import timing constraints
RUN-1001 : Import IO constraints
RUN-1001 : Import Inst constraints
RUN-1001 : Import ChipWatcher
RUN-1001 : Import design success TD_VERSION=5.6.71036 , DB_VERSION=46146
RUN-1003 : finish command "import_db C:/Users/W1030/Desktop/m0/m0/td/m0soc_Runs/phy_1/m0soc_pr.db" in  5.259018s wall, 3.921875s user + 0.109375s system = 4.031250s CPU (76.7%)

RUN-1004 : used memory is 1013 MB, reserved memory is 1008 MB, peak memory is 1051 MB
RUN-1002 : start command "download -bit m0soc_Runs\phy_1\m0soc.bit -mode jtag -spd 7 -sec 64 -cable 0"
PRG-2014 : Chip validation success: EAGLE_S20_BG256
RUN-1002 : start command "bit_to_vec -chip EAGLE_S20_BG256 -m jtag_burst -freq 4 -bit m0soc_Runs/phy_1/m0soc.bit"
RUN-1002 : start command "program -cable 0 -mode svf -spd 7 -p"
RUN-1003 : finish command "program -cable 0 -mode svf -spd 7 -p" in  7.219491s wall, 0.062500s user + 0.078125s system = 0.140625s CPU (1.9%)

RUN-1004 : used memory is 1041 MB, reserved memory is 1035 MB, peak memory is 1060 MB
RUN-1003 : finish command "download -bit m0soc_Runs\phy_1\m0soc.bit -mode jtag -spd 7 -sec 64 -cable 0" in  7.435824s wall, 0.140625s user + 0.078125s system = 0.218750s CPU (2.9%)

RUN-1004 : used memory is 1041 MB, reserved memory is 1035 MB, peak memory is 1060 MB
GUI-1001 : Downloading succeeded!
RUN-1002 : start command "config_chipwatcher -sync apb.cwc -dir "
KIT-1004 : ChipWatcher: import watcher inst auto_chipwatcher_0 completed, there are 11 view nodes, 118 trigger nets, 118 data nets.
GUI-1001 : Import apb.cwc success!
GUI-1001 : User opens ChipWatcher ...
KIT-1004 : ChipWatcher: write ctrl reg value: 0000000000000000000000000000000000000000000000000000000000000000000000000000000000000000000000000000000000000000000000000000000000000000000000000000000000000000000000000000000000000000000000000000000000000000000000000000000000000000000000000000000000000000000000000000000000000000000000000000000000000000
KIT-1004 : ChipWatcher: write ctrl reg value: 0001111111111111111111111111111111110000000000000000000000000000000001101111111111111111111111111111111100000000000000000000000000000000010111011011111111111111111111111111111111000000000000000000000000000000000101110101110110111111110000000001101111111100000000010111010111010111000001000000000000000100
KIT-1004 : ChipWatcher: the value of status register = 010000001010110011
KIT-1004 : ChipWatcher: the value of status register = 010000000001011110
KIT-1004 : ChipWatcher: the value of status register = 110000000000100010
RUN-1002 : start command "rdbk_bram -bram 0X0015 -cable 0 -total_dev 1 -cur_dev 1"
KIT-1001 : Read back data from BRAM 0X0015 successfully.
RUN-1002 : start command "rdbk_bram -bram 0X0016 -cable 0 -total_dev 1 -cur_dev 1"
KIT-1001 : Read back data from BRAM 0X0016 successfully.
RUN-1002 : start command "rdbk_bram -bram 0X0017 -cable 0 -total_dev 1 -cur_dev 1"
KIT-1001 : Read back data from BRAM 0X0017 successfully.
RUN-1002 : start command "rdbk_bram -bram 0X0038 -cable 0 -total_dev 1 -cur_dev 1"
KIT-1001 : Read back data from BRAM 0X0038 successfully.
RUN-1002 : start command "rdbk_bram -bram 0X0039 -cable 0 -total_dev 1 -cur_dev 1"
KIT-1001 : Read back data from BRAM 0X0039 successfully.
RUN-1002 : start command "rdbk_bram -bram 0X003A -cable 0 -total_dev 1 -cur_dev 1"
KIT-1001 : Read back data from BRAM 0X003A successfully.
RUN-1002 : start command "rdbk_bram -bram 0X003B -cable 0 -total_dev 1 -cur_dev 1"
KIT-1001 : Read back data from BRAM 0X003B successfully.
RUN-1002 : start command "rdbk_bram -bram 0X003C -cable 0 -total_dev 1 -cur_dev 1"
KIT-1001 : Read back data from BRAM 0X003C successfully.
RUN-1002 : start command "rdbk_bram -bram 0X003D -cable 0 -total_dev 1 -cur_dev 1"
KIT-1001 : Read back data from BRAM 0X003D successfully.
RUN-1002 : start command "rdbk_bram -bram 0X003E -cable 0 -total_dev 1 -cur_dev 1"
KIT-1001 : Read back data from BRAM 0X003E successfully.
RUN-1002 : start command "rdbk_bram -bram 0X003F -cable 0 -total_dev 1 -cur_dev 1"
KIT-1001 : Read back data from BRAM 0X003F successfully.
RUN-1002 : start command "rdbk_bram -bram 0X0040 -cable 0 -total_dev 1 -cur_dev 1"
KIT-1001 : Read back data from BRAM 0X0040 successfully.
RUN-1002 : start command "rdbk_bram -bram 0X0041 -cable 0 -total_dev 1 -cur_dev 1"
KIT-1001 : Read back data from BRAM 0X0041 successfully.
RUN-1002 : start command "rdbk_bram -bram 0X0042 -cable 0 -total_dev 1 -cur_dev 1"
KIT-1001 : Read back data from BRAM 0X0042 successfully.
SYN-2541 : Attrs-to-init for 14 logic bram(s)
SYN-2541 : Reading sub[0] auto_chipwatcher_0_logicbram_syn_1
SYN-2541 : Reading sub[1] auto_chipwatcher_0_logicbram_syn_11
SYN-2541 : Reading sub[2] auto_chipwatcher_0_logicbram_syn_21
SYN-2541 : Reading sub[3] auto_chipwatcher_0_logicbram_syn_31
SYN-2541 : Reading sub[4] auto_chipwatcher_0_logicbram_syn_41
SYN-2541 : Reading sub[5] auto_chipwatcher_0_logicbram_syn_51
SYN-2541 : Reading sub[6] auto_chipwatcher_0_logicbram_syn_61
SYN-2541 : Reading sub[7] auto_chipwatcher_0_logicbram_syn_71
SYN-2541 : Reading sub[8] auto_chipwatcher_0_logicbram_syn_81
SYN-2541 : Reading sub[9] auto_chipwatcher_0_logicbram_syn_91
SYN-2541 : Reading sub[10] auto_chipwatcher_0_logicbram_syn_101
SYN-2541 : Reading sub[11] auto_chipwatcher_0_logicbram_syn_111
SYN-2541 : Reading sub[12] auto_chipwatcher_0_logicbram_syn_121
SYN-2541 : Reading sub[13] auto_chipwatcher_0_logicbram_syn_131
KIT-1004 : ChipWatcher: write ctrl reg value: 0001111111111111111111111111111111110000000000000000000000000000000001101111111111111111111111111111111100000000000000000000000000000000010111011011111111111111111111111111111111000000000000000000000000000000000101110101110110111111110000000001101111111100000000010111010111010111000001000000000000000000
KIT-1004 : ChipWatcher: write ctrl reg value: 0000000000000000000000000000000000000000000000000000000000000000000000000000000000000000000000000000000000000000000000000000000000000000000000000000000000000000000000000000000000000000000000000000000000000000000000000000000000000000000000000000000000000000000000000000000000000000000000000000000000000000
KIT-1004 : ChipWatcher: write ctrl reg value: 0001111111111111111111111111111111110000000000000000000000000000000001101111111111111111111111111111111100000000000000000000000000000000010111011011111111111111111111111111111111000000000000000000000000000000000101110101110110111111110000000001101111111100000000010111010111010111000001000000000000000100
KIT-1004 : ChipWatcher: the value of status register = 010000000100010010
KIT-1004 : ChipWatcher: the value of status register = 010000000111000111
KIT-1004 : ChipWatcher: the value of status register = 010000001011111100
KIT-1004 : ChipWatcher: the value of status register = 110000001000111011
RUN-1002 : start command "rdbk_bram -bram 0X0015 -cable 0 -total_dev 1 -cur_dev 1"
KIT-1001 : Read back data from BRAM 0X0015 successfully.
RUN-1002 : start command "rdbk_bram -bram 0X0016 -cable 0 -total_dev 1 -cur_dev 1"
KIT-1001 : Read back data from BRAM 0X0016 successfully.
RUN-1002 : start command "rdbk_bram -bram 0X0017 -cable 0 -total_dev 1 -cur_dev 1"
KIT-1001 : Read back data from BRAM 0X0017 successfully.
RUN-1002 : start command "rdbk_bram -bram 0X0038 -cable 0 -total_dev 1 -cur_dev 1"
KIT-1001 : Read back data from BRAM 0X0038 successfully.
RUN-1002 : start command "rdbk_bram -bram 0X0039 -cable 0 -total_dev 1 -cur_dev 1"
KIT-1001 : Read back data from BRAM 0X0039 successfully.
RUN-1002 : start command "rdbk_bram -bram 0X003A -cable 0 -total_dev 1 -cur_dev 1"
KIT-1001 : Read back data from BRAM 0X003A successfully.
RUN-1002 : start command "rdbk_bram -bram 0X003B -cable 0 -total_dev 1 -cur_dev 1"
KIT-1001 : Read back data from BRAM 0X003B successfully.
RUN-1002 : start command "rdbk_bram -bram 0X003C -cable 0 -total_dev 1 -cur_dev 1"
KIT-1001 : Read back data from BRAM 0X003C successfully.
RUN-1002 : start command "rdbk_bram -bram 0X003D -cable 0 -total_dev 1 -cur_dev 1"
KIT-1001 : Read back data from BRAM 0X003D successfully.
RUN-1002 : start command "rdbk_bram -bram 0X003E -cable 0 -total_dev 1 -cur_dev 1"
KIT-1001 : Read back data from BRAM 0X003E successfully.
RUN-1002 : start command "rdbk_bram -bram 0X003F -cable 0 -total_dev 1 -cur_dev 1"
KIT-1001 : Read back data from BRAM 0X003F successfully.
RUN-1002 : start command "rdbk_bram -bram 0X0040 -cable 0 -total_dev 1 -cur_dev 1"
KIT-1001 : Read back data from BRAM 0X0040 successfully.
RUN-1002 : start command "rdbk_bram -bram 0X0041 -cable 0 -total_dev 1 -cur_dev 1"
KIT-1001 : Read back data from BRAM 0X0041 successfully.
RUN-1002 : start command "rdbk_bram -bram 0X0042 -cable 0 -total_dev 1 -cur_dev 1"
KIT-1001 : Read back data from BRAM 0X0042 successfully.
SYN-2541 : Attrs-to-init for 14 logic bram(s)
SYN-2541 : Reading sub[0] auto_chipwatcher_0_logicbram_syn_1
SYN-2541 : Reading sub[1] auto_chipwatcher_0_logicbram_syn_11
SYN-2541 : Reading sub[2] auto_chipwatcher_0_logicbram_syn_21
SYN-2541 : Reading sub[3] auto_chipwatcher_0_logicbram_syn_31
SYN-2541 : Reading sub[4] auto_chipwatcher_0_logicbram_syn_41
SYN-2541 : Reading sub[5] auto_chipwatcher_0_logicbram_syn_51
SYN-2541 : Reading sub[6] auto_chipwatcher_0_logicbram_syn_61
SYN-2541 : Reading sub[7] auto_chipwatcher_0_logicbram_syn_71
SYN-2541 : Reading sub[8] auto_chipwatcher_0_logicbram_syn_81
SYN-2541 : Reading sub[9] auto_chipwatcher_0_logicbram_syn_91
SYN-2541 : Reading sub[10] auto_chipwatcher_0_logicbram_syn_101
SYN-2541 : Reading sub[11] auto_chipwatcher_0_logicbram_syn_111
SYN-2541 : Reading sub[12] auto_chipwatcher_0_logicbram_syn_121
SYN-2541 : Reading sub[13] auto_chipwatcher_0_logicbram_syn_131
KIT-1004 : ChipWatcher: write ctrl reg value: 0001111111111111111111111111111111110000000000000000000000000000000001101111111111111111111111111111111100000000000000000000000000000000010111011011111111111111111111111111111111000000000000000000000000000000000101110101110110111111110000000001101111111100000000010111010111010111000001000000000000000000
RUN-1001 : reset_run syn_1 phy_1.
GUI-6001 WARNING: File C:/Users/W1030/Desktop/m0/m0/td/m0soc_Runs/phy_1/m0soc.bit does not exist!
RUN-1001 : launch_runs syn_1 phy_1  -jobs 6.
RUN-1001 : syn_1: run complete.
RUN-1001 : phy_1: run complete.
RUN-1001 : open_run phy_1.
RUN-1002 : start command "import_db C:/Users/W1030/Desktop/m0/m0/td/m0soc_Runs/phy_1/m0soc_pr.db"
RUN-1001 : Importing database generated by Tang Dynasty, V5.6.71036.
RUN-1001 : Database version number 46146.
RUN-1001 : Import flow parameters
PHY-1001 : Generate detailed routing grids ...
PHY-1001 : Generate nets ...
PHY-1001 : net SWCLK_dup_1 will be routed on clock mesh
PHY-1001 : net clk_dup_11 will be routed on clock mesh
PHY-1001 : net clk_148m_vga_dup_1 will be routed on clock mesh
PHY-1001 : net sd_reader/clk will be routed on clock mesh
PHY-1001 : net sdram_top_inst/fifo_ctrl_inst/sys_clk will be routed on clock mesh
PHY-5010 WARNING: Net sdram_top_inst/fifo_ctrl_inst/rd_fifo_data/rd_to_wr_cross_inst/sync_r1[0] is skipped due to 0 input or output
PHY-1001 : clock net config_inst_syn_10 will be merged with clock config_inst_syn_9
PHY-5010 WARNING: Net sdram_top_inst/fifo_ctrl_inst/rd_fifo_data/rd_to_wr_cross_inst/sync_r1[0] is skipped due to 0 input or output
PHY-1001 : eco open net = 0
PHY-5014 WARNING: Detail route doesn't find pib for clk_gen_inst/pll_inst.fbclk[0]
PHY-1001 : 321 feed throughs used by 214 nets
RUN-1001 : Import timing constraints
RUN-1001 : Import IO constraints
RUN-1001 : Import Inst constraints
RUN-1001 : Import ChipWatcher
RUN-1001 : Import design success TD_VERSION=5.6.71036 , DB_VERSION=46146
RUN-1003 : finish command "import_db C:/Users/W1030/Desktop/m0/m0/td/m0soc_Runs/phy_1/m0soc_pr.db" in  5.350302s wall, 3.546875s user + 0.109375s system = 3.656250s CPU (68.3%)

RUN-1004 : used memory is 1035 MB, reserved memory is 1033 MB, peak memory is 1067 MB
RUN-1002 : start command "config_chipwatcher -sync apb.cwc -dir "
KIT-1004 : ChipWatcher: import watcher inst auto_chipwatcher_0 completed, there are 11 view nodes, 118 trigger nets, 118 data nets.
GUI-1001 : Import apb.cwc success!
RUN-1002 : start command "download -bit m0soc_Runs\phy_1\m0soc.bit -mode jtag -spd 7 -sec 64 -cable 0"
PRG-2014 : Chip validation success: EAGLE_S20_BG256
RUN-1002 : start command "bit_to_vec -chip EAGLE_S20_BG256 -m jtag_burst -freq 4 -bit m0soc_Runs/phy_1/m0soc.bit"
RUN-1002 : start command "program -cable 0 -mode svf -spd 7 -p"
RUN-1003 : finish command "program -cable 0 -mode svf -spd 7 -p" in  7.413927s wall, 0.062500s user + 0.046875s system = 0.109375s CPU (1.5%)

RUN-1004 : used memory is 1064 MB, reserved memory is 1060 MB, peak memory is 1083 MB
RUN-1003 : finish command "download -bit m0soc_Runs\phy_1\m0soc.bit -mode jtag -spd 7 -sec 64 -cable 0" in  7.638939s wall, 0.140625s user + 0.046875s system = 0.187500s CPU (2.5%)

RUN-1004 : used memory is 1064 MB, reserved memory is 1060 MB, peak memory is 1083 MB
GUI-1001 : Downloading succeeded!
RUN-1001 : reset_run syn_1 phy_1.
GUI-6001 WARNING: File C:/Users/W1030/Desktop/m0/m0/td/m0soc_Runs/phy_1/m0soc.bit does not exist!
RUN-1001 : launch_runs syn_1 phy_1  -jobs 6.
RUN-1001 : syn_1: run complete.
RUN-1001 : phy_1: run complete.
RUN-1001 : open_run phy_1.
RUN-1002 : start command "import_db C:/Users/W1030/Desktop/m0/m0/td/m0soc_Runs/phy_1/m0soc_pr.db"
RUN-1001 : Importing database generated by Tang Dynasty, V5.6.71036.
RUN-1001 : Database version number 46146.
RUN-1001 : Import flow parameters
PHY-1001 : Generate detailed routing grids ...
PHY-1001 : Generate nets ...
PHY-1001 : net SWCLK_dup_1 will be routed on clock mesh
PHY-1001 : net clk_dup_11 will be routed on clock mesh
PHY-1001 : net clk_148m_vga_dup_1 will be routed on clock mesh
PHY-1001 : net sd_reader/clk will be routed on clock mesh
PHY-1001 : net sdram_top_inst/fifo_ctrl_inst/sys_clk will be routed on clock mesh
PHY-5010 WARNING: Net sdram_top_inst/fifo_ctrl_inst/rd_fifo_data/rd_to_wr_cross_inst/sync_r1[0] is skipped due to 0 input or output
PHY-1001 : clock net config_inst_syn_10 will be merged with clock config_inst_syn_9
PHY-5010 WARNING: Net sdram_top_inst/fifo_ctrl_inst/rd_fifo_data/rd_to_wr_cross_inst/sync_r1[0] is skipped due to 0 input or output
PHY-1001 : eco open net = 0
PHY-5014 WARNING: Detail route doesn't find pib for clk_gen_inst/pll_inst.fbclk[0]
PHY-1001 : 321 feed throughs used by 214 nets
RUN-1001 : Import timing constraints
RUN-1001 : Import IO constraints
RUN-1001 : Import Inst constraints
RUN-1001 : Import ChipWatcher
RUN-1001 : Import design success TD_VERSION=5.6.71036 , DB_VERSION=46146
RUN-1003 : finish command "import_db C:/Users/W1030/Desktop/m0/m0/td/m0soc_Runs/phy_1/m0soc_pr.db" in  5.283334s wall, 1.968750s user + 0.093750s system = 2.062500s CPU (39.0%)

RUN-1004 : used memory is 1048 MB, reserved memory is 1047 MB, peak memory is 1083 MB
RUN-1002 : start command "config_chipwatcher -sync apb.cwc -dir "
KIT-1004 : ChipWatcher: import watcher inst auto_chipwatcher_0 completed, there are 11 view nodes, 118 trigger nets, 118 data nets.
GUI-1001 : Import apb.cwc success!
RUN-1002 : start command "download -bit m0soc_Runs\phy_1\m0soc.bit -mode jtag -spd 7 -sec 64 -cable 0"
PRG-2014 : Chip validation success: EAGLE_S20_BG256
RUN-1002 : start command "bit_to_vec -chip EAGLE_S20_BG256 -m jtag_burst -freq 4 -bit m0soc_Runs/phy_1/m0soc.bit"
RUN-1002 : start command "program -cable 0 -mode svf -spd 7 -p"
RUN-1003 : finish command "program -cable 0 -mode svf -spd 7 -p" in  7.543722s wall, 0.109375s user + 0.140625s system = 0.250000s CPU (3.3%)

RUN-1004 : used memory is 1077 MB, reserved memory is 1075 MB, peak memory is 1096 MB
RUN-1003 : finish command "download -bit m0soc_Runs\phy_1\m0soc.bit -mode jtag -spd 7 -sec 64 -cable 0" in  7.764361s wall, 0.156250s user + 0.140625s system = 0.296875s CPU (3.8%)

RUN-1004 : used memory is 1077 MB, reserved memory is 1075 MB, peak memory is 1096 MB
GUI-1001 : Downloading succeeded!
HDL-1007 : analyze verilog file ../rtl/CortexM0_SoC.v
HDL-1007 : undeclared symbol 'row', assumed default net type 'wire' in ../rtl/CortexM0_SoC.v(105)
RUN-1001 : reset_run syn_1.
RUN-1001 : launch_runs syn_1 -step opt_gate.
RUN-1001 : reset_run phy_1.
GUI-6001 WARNING: File C:/Users/W1030/Desktop/m0/m0/td/m0soc_Runs/phy_1/m0soc.bit does not exist!
RUN-1001 : syn_1: run complete.
RUN-1001 : open_run syn_1.
RUN-1002 : start command "import_db C:/Users/W1030/Desktop/m0/m0/td/m0soc_Runs/syn_1/m0soc_gate.db"
RUN-1001 : Importing database generated by Tang Dynasty, V5.6.71036.
RUN-1001 : Database version number 46146.
RUN-1001 : Import flow parameters
RUN-1001 : Import timing constraints
RUN-1001 : Import IO constraints
RUN-1001 : Import Inst constraints
RUN-1001 : Import design success TD_VERSION=5.6.71036 , DB_VERSION=46146
RUN-1003 : finish command "import_db C:/Users/W1030/Desktop/m0/m0/td/m0soc_Runs/syn_1/m0soc_gate.db" in  1.608163s wall, 0.578125s user + 0.109375s system = 0.687500s CPU (42.8%)

RUN-1004 : used memory is 770 MB, reserved memory is 792 MB, peak memory is 1096 MB
RUN-1001 : launch_runs phy_1 -step bitgen.
RUN-1001 : stop_run phy_1.
RUN-1001 : reset_run phy_1 -step opt_place.
RUN-1001 : phy_1: run complete.
RUN-1001 : reset_run syn_1 phy_1.
RUN-1001 : launch_runs syn_1 phy_1  -jobs 6.
RUN-1001 : syn_1: run complete.
RUN-1001 : phy_1: run complete.
RUN-1001 : open_run phy_1.
RUN-1002 : start command "import_db C:/Users/W1030/Desktop/m0/m0/td/m0soc_Runs/phy_1/m0soc_pr.db"
RUN-1001 : Importing database generated by Tang Dynasty, V5.6.71036.
RUN-1001 : Database version number 46146.
RUN-1001 : Import flow parameters
PHY-1001 : Generate detailed routing grids ...
PHY-1001 : Generate nets ...
PHY-1001 : net SWCLK_dup_1 will be routed on clock mesh
PHY-1001 : net clk_dup_11 will be routed on clock mesh
PHY-1001 : net clk_148m_vga_dup_1 will be routed on clock mesh
PHY-1001 : net sd_reader/clk will be routed on clock mesh
PHY-1001 : net sdram_top_inst/fifo_ctrl_inst/sys_clk will be routed on clock mesh
PHY-5010 WARNING: Net sdram_top_inst/fifo_ctrl_inst/rd_fifo_data/rd_to_wr_cross_inst/sync_r1[0] is skipped due to 0 input or output
PHY-1001 : clock net config_inst_syn_10 will be merged with clock config_inst_syn_9
PHY-5010 WARNING: Net sdram_top_inst/fifo_ctrl_inst/rd_fifo_data/rd_to_wr_cross_inst/sync_r1[0] is skipped due to 0 input or output
PHY-1001 : eco open net = 0
PHY-5014 WARNING: Detail route doesn't find pib for clk_gen_inst/pll_inst.fbclk[0]
PHY-1001 : 335 feed throughs used by 213 nets
RUN-1001 : Import timing constraints
RUN-1001 : Import IO constraints
RUN-1001 : Import Inst constraints
RUN-1001 : Import ChipWatcher
RUN-1001 : Import design success TD_VERSION=5.6.71036 , DB_VERSION=46146
RUN-1003 : finish command "import_db C:/Users/W1030/Desktop/m0/m0/td/m0soc_Runs/phy_1/m0soc_pr.db" in  4.966846s wall, 2.718750s user + 0.234375s system = 2.953125s CPU (59.5%)

RUN-1004 : used memory is 1060 MB, reserved memory is 1060 MB, peak memory is 1096 MB
RUN-1002 : start command "config_chipwatcher -sync apb.cwc -dir "
KIT-1004 : ChipWatcher: import watcher inst auto_chipwatcher_0 completed, there are 11 view nodes, 118 trigger nets, 118 data nets.
GUI-1001 : Import apb.cwc success!
RUN-1002 : start command "download -bit m0soc_Runs\phy_1\m0soc.bit -mode jtag -spd 7 -sec 64 -cable 0"
PRG-2014 : Chip validation success: EAGLE_S20_BG256
RUN-1002 : start command "bit_to_vec -chip EAGLE_S20_BG256 -m jtag_burst -freq 4 -bit m0soc_Runs/phy_1/m0soc.bit"
RUN-1002 : start command "program -cable 0 -mode svf -spd 7 -p"
RUN-1003 : finish command "program -cable 0 -mode svf -spd 7 -p" in  7.303535s wall, 0.031250s user + 0.093750s system = 0.125000s CPU (1.7%)

RUN-1004 : used memory is 1067 MB, reserved memory is 1086 MB, peak memory is 1096 MB
RUN-1003 : finish command "download -bit m0soc_Runs\phy_1\m0soc.bit -mode jtag -spd 7 -sec 64 -cable 0" in  7.521107s wall, 0.125000s user + 0.093750s system = 0.218750s CPU (2.9%)

RUN-1004 : used memory is 1067 MB, reserved memory is 1086 MB, peak memory is 1096 MB
GUI-1001 : Downloading succeeded!
RUN-1002 : start command "download -bit m0soc_Runs\phy_1\m0soc.bit -mode jtag -spd 7 -sec 64 -cable 0"
PRG-2014 : Chip validation success: EAGLE_S20_BG256
RUN-1002 : start command "bit_to_vec -chip EAGLE_S20_BG256 -m jtag_burst -freq 4 -bit m0soc_Runs/phy_1/m0soc.bit"
RUN-1002 : start command "program -cable 0 -mode svf -spd 7 -p"
RUN-1003 : finish command "program -cable 0 -mode svf -spd 7 -p" in  7.370233s wall, 0.046875s user + 0.156250s system = 0.203125s CPU (2.8%)

RUN-1004 : used memory is 1068 MB, reserved memory is 1086 MB, peak memory is 1096 MB
RUN-1003 : finish command "download -bit m0soc_Runs\phy_1\m0soc.bit -mode jtag -spd 7 -sec 64 -cable 0" in  7.589658s wall, 0.140625s user + 0.156250s system = 0.296875s CPU (3.9%)

RUN-1004 : used memory is 1068 MB, reserved memory is 1086 MB, peak memory is 1096 MB
GUI-1001 : Downloading succeeded!
RUN-1001 : reset_run syn_1 phy_1.
GUI-6001 WARNING: File C:/Users/W1030/Desktop/m0/m0/td/m0soc_Runs/phy_1/m0soc.bit does not exist!
RUN-1001 : launch_runs syn_1 phy_1  -jobs 6.
RUN-1001 : syn_1: run complete.
RUN-1001 : phy_1: run complete.
RUN-1001 : open_run phy_1.
RUN-1002 : start command "import_db C:/Users/W1030/Desktop/m0/m0/td/m0soc_Runs/phy_1/m0soc_pr.db"
RUN-1001 : Importing database generated by Tang Dynasty, V5.6.71036.
RUN-1001 : Database version number 46146.
RUN-1001 : Import flow parameters
PHY-1001 : Generate detailed routing grids ...
PHY-1001 : Generate nets ...
PHY-1001 : net SWCLK_dup_1 will be routed on clock mesh
PHY-1001 : net clk_dup_11 will be routed on clock mesh
PHY-1001 : net clk_148m_vga_dup_1 will be routed on clock mesh
PHY-1001 : net sd_reader/clk will be routed on clock mesh
PHY-1001 : net sdram_top_inst/fifo_ctrl_inst/sys_clk will be routed on clock mesh
PHY-5010 WARNING: Net sdram_top_inst/fifo_ctrl_inst/rd_fifo_data/rd_to_wr_cross_inst/sync_r1[0] is skipped due to 0 input or output
PHY-1001 : clock net config_inst_syn_10 will be merged with clock config_inst_syn_9
PHY-5010 WARNING: Net sdram_top_inst/fifo_ctrl_inst/rd_fifo_data/rd_to_wr_cross_inst/sync_r1[0] is skipped due to 0 input or output
PHY-1001 : eco open net = 0
PHY-5014 WARNING: Detail route doesn't find pib for clk_gen_inst/pll_inst.fbclk[0]
PHY-1001 : 335 feed throughs used by 213 nets
RUN-1001 : Import timing constraints
RUN-1001 : Import IO constraints
RUN-1001 : Import Inst constraints
RUN-1001 : Import ChipWatcher
RUN-1001 : Import design success TD_VERSION=5.6.71036 , DB_VERSION=46146
RUN-1003 : finish command "import_db C:/Users/W1030/Desktop/m0/m0/td/m0soc_Runs/phy_1/m0soc_pr.db" in  5.325366s wall, 0.671875s user + 0.093750s system = 0.765625s CPU (14.4%)

RUN-1004 : used memory is 1067 MB, reserved memory is 1072 MB, peak memory is 1096 MB
RUN-1002 : start command "config_chipwatcher -sync apb.cwc -dir "
KIT-1004 : ChipWatcher: import watcher inst auto_chipwatcher_0 completed, there are 11 view nodes, 118 trigger nets, 118 data nets.
GUI-1001 : Import apb.cwc success!
RUN-1002 : start command "download -bit m0soc_Runs\phy_1\m0soc.bit -mode jtag -spd 7 -sec 64 -cable 0"
PRG-2014 : Chip validation success: EAGLE_S20_BG256
RUN-1002 : start command "bit_to_vec -chip EAGLE_S20_BG256 -m jtag_burst -freq 4 -bit m0soc_Runs/phy_1/m0soc.bit"
RUN-1002 : start command "program -cable 0 -mode svf -spd 7 -p"
RUN-1003 : finish command "program -cable 0 -mode svf -spd 7 -p" in  7.214274s wall, 0.000000s user + 0.046875s system = 0.046875s CPU (0.6%)

RUN-1004 : used memory is 1100 MB, reserved memory is 1104 MB, peak memory is 1119 MB
RUN-1003 : finish command "download -bit m0soc_Runs\phy_1\m0soc.bit -mode jtag -spd 7 -sec 64 -cable 0" in  7.433057s wall, 0.062500s user + 0.062500s system = 0.125000s CPU (1.7%)

RUN-1004 : used memory is 1100 MB, reserved memory is 1104 MB, peak memory is 1119 MB
GUI-1001 : Downloading succeeded!
RUN-1001 : reset_run syn_1 phy_1.
GUI-6001 WARNING: File C:/Users/W1030/Desktop/m0/m0/td/m0soc_Runs/phy_1/m0soc.bit does not exist!
RUN-1001 : launch_runs syn_1 phy_1  -jobs 6.
RUN-1001 : syn_1: run complete.
RUN-1001 : phy_1: run complete.
RUN-1001 : open_run phy_1.
RUN-1002 : start command "import_db C:/Users/W1030/Desktop/m0/m0/td/m0soc_Runs/phy_1/m0soc_pr.db"
RUN-1001 : Importing database generated by Tang Dynasty, V5.6.71036.
RUN-1001 : Database version number 46146.
RUN-1001 : Import flow parameters
PHY-1001 : Generate detailed routing grids ...
PHY-1001 : Generate nets ...
PHY-1001 : net SWCLK_dup_1 will be routed on clock mesh
PHY-1001 : net clk_dup_11 will be routed on clock mesh
PHY-1001 : net clk_148m_vga_dup_1 will be routed on clock mesh
PHY-1001 : net sd_reader/clk will be routed on clock mesh
PHY-1001 : net sdram_top_inst/fifo_ctrl_inst/sys_clk will be routed on clock mesh
PHY-5010 WARNING: Net sdram_top_inst/fifo_ctrl_inst/rd_fifo_data/rd_to_wr_cross_inst/sync_r1[0] is skipped due to 0 input or output
PHY-1001 : clock net config_inst_syn_10 will be merged with clock config_inst_syn_9
PHY-5010 WARNING: Net sdram_top_inst/fifo_ctrl_inst/rd_fifo_data/rd_to_wr_cross_inst/sync_r1[0] is skipped due to 0 input or output
PHY-1001 : eco open net = 0
PHY-5014 WARNING: Detail route doesn't find pib for clk_gen_inst/pll_inst.fbclk[0]
PHY-1001 : 335 feed throughs used by 213 nets
RUN-1001 : Import timing constraints
RUN-1001 : Import IO constraints
RUN-1001 : Import Inst constraints
RUN-1001 : Import ChipWatcher
RUN-1001 : Import design success TD_VERSION=5.6.71036 , DB_VERSION=46146
RUN-1003 : finish command "import_db C:/Users/W1030/Desktop/m0/m0/td/m0soc_Runs/phy_1/m0soc_pr.db" in  5.370488s wall, 2.828125s user + 0.156250s system = 2.984375s CPU (55.6%)

RUN-1004 : used memory is 1073 MB, reserved memory is 1078 MB, peak memory is 1119 MB
RUN-1002 : start command "config_chipwatcher -sync apb.cwc -dir "
KIT-1004 : ChipWatcher: import watcher inst auto_chipwatcher_0 completed, there are 11 view nodes, 118 trigger nets, 118 data nets.
GUI-1001 : Import apb.cwc success!
GUI-1001 : User closes ChipWatcher ...
RUN-1001 : reset_run syn_1 phy_1.
GUI-6001 WARNING: File C:/Users/W1030/Desktop/m0/m0/td/m0soc_Runs/phy_1/m0soc.bit does not exist!
RUN-1001 : launch_runs syn_1 phy_1  -jobs 6.
RUN-1001 : syn_1: run complete.
RUN-1001 : phy_1: run complete.
RUN-1001 : open_run phy_1.
RUN-1002 : start command "import_db C:/Users/W1030/Desktop/m0/m0/td/m0soc_Runs/phy_1/m0soc_pr.db"
RUN-1001 : Importing database generated by Tang Dynasty, V5.6.71036.
RUN-1001 : Database version number 46146.
RUN-1001 : Import flow parameters
PHY-1001 : Generate detailed routing grids ...
PHY-1001 : Generate nets ...
PHY-1001 : net SWCLK_dup_1 will be routed on clock mesh
PHY-1001 : net clk_dup_11 will be routed on clock mesh
PHY-1001 : net clk_148m_vga_dup_1 will be routed on clock mesh
PHY-1001 : net sd_reader/clk will be routed on clock mesh
PHY-1001 : net sdram_top_inst/fifo_ctrl_inst/sys_clk will be routed on clock mesh
PHY-5010 WARNING: Net sdram_top_inst/fifo_ctrl_inst/rd_fifo_data/rd_to_wr_cross_inst/sync_r1[0] is skipped due to 0 input or output
PHY-1001 : clock net config_inst_syn_10 will be merged with clock config_inst_syn_9
PHY-5010 WARNING: Net sdram_top_inst/fifo_ctrl_inst/rd_fifo_data/rd_to_wr_cross_inst/sync_r1[0] is skipped due to 0 input or output
PHY-1001 : eco open net = 0
PHY-5014 WARNING: Detail route doesn't find pib for clk_gen_inst/pll_inst.fbclk[0]
PHY-1001 : 335 feed throughs used by 213 nets
RUN-1001 : Import timing constraints
RUN-1001 : Import IO constraints
RUN-1001 : Import Inst constraints
RUN-1001 : Import ChipWatcher
RUN-1001 : Import design success TD_VERSION=5.6.71036 , DB_VERSION=46146
RUN-1003 : finish command "import_db C:/Users/W1030/Desktop/m0/m0/td/m0soc_Runs/phy_1/m0soc_pr.db" in  5.275753s wall, 2.921875s user + 0.140625s system = 3.062500s CPU (58.0%)

RUN-1004 : used memory is 1045 MB, reserved memory is 1072 MB, peak memory is 1119 MB
RUN-1002 : start command "download -bit m0soc_Runs\phy_1\m0soc.bit -mode jtag -spd 7 -sec 64 -cable 0"
PRG-2014 : Chip validation success: EAGLE_S20_BG256
RUN-1002 : start command "bit_to_vec -chip EAGLE_S20_BG256 -m jtag_burst -freq 4 -bit m0soc_Runs/phy_1/m0soc.bit"
RUN-1002 : start command "program -cable 0 -mode svf -spd 7 -p"
RUN-1003 : finish command "program -cable 0 -mode svf -spd 7 -p" in  7.095301s wall, 0.078125s user + 0.156250s system = 0.234375s CPU (3.3%)

RUN-1004 : used memory is 1074 MB, reserved memory is 1099 MB, peak memory is 1119 MB
RUN-1003 : finish command "download -bit m0soc_Runs\phy_1\m0soc.bit -mode jtag -spd 7 -sec 64 -cable 0" in  7.310354s wall, 0.140625s user + 0.156250s system = 0.296875s CPU (4.1%)

RUN-1004 : used memory is 1074 MB, reserved memory is 1099 MB, peak memory is 1119 MB
GUI-1001 : Downloading succeeded!
RUN-1001 : reset_run syn_1 phy_1.
GUI-6001 WARNING: File C:/Users/W1030/Desktop/m0/m0/td/m0soc_Runs/phy_1/m0soc.bit does not exist!
RUN-1001 : launch_runs syn_1 phy_1  -jobs 6.
RUN-1001 : syn_1: run complete.
RUN-1001 : phy_1: run complete.
RUN-1001 : open_run phy_1.
RUN-1002 : start command "import_db C:/Users/W1030/Desktop/m0/m0/td/m0soc_Runs/phy_1/m0soc_pr.db"
RUN-1001 : Importing database generated by Tang Dynasty, V5.6.71036.
RUN-1001 : Database version number 46146.
RUN-1001 : Import flow parameters
PHY-1001 : Generate detailed routing grids ...
PHY-1001 : Generate nets ...
PHY-1001 : net SWCLK_dup_1 will be routed on clock mesh
PHY-1001 : net clk_dup_11 will be routed on clock mesh
PHY-1001 : net clk_148m_vga_dup_1 will be routed on clock mesh
PHY-1001 : net sd_reader/clk will be routed on clock mesh
PHY-1001 : net sdram_top_inst/fifo_ctrl_inst/sys_clk will be routed on clock mesh
PHY-5010 WARNING: Net sdram_top_inst/fifo_ctrl_inst/rd_fifo_data/rd_to_wr_cross_inst/sync_r1[0] is skipped due to 0 input or output
PHY-1001 : clock net config_inst_syn_10 will be merged with clock config_inst_syn_9
PHY-5010 WARNING: Net sdram_top_inst/fifo_ctrl_inst/rd_fifo_data/rd_to_wr_cross_inst/sync_r1[0] is skipped due to 0 input or output
PHY-1001 : eco open net = 0
PHY-5014 WARNING: Detail route doesn't find pib for clk_gen_inst/pll_inst.fbclk[0]
PHY-1001 : 335 feed throughs used by 213 nets
RUN-1001 : Import timing constraints
RUN-1001 : Import IO constraints
RUN-1001 : Import Inst constraints
RUN-1001 : Import ChipWatcher
RUN-1001 : Import design success TD_VERSION=5.6.71036 , DB_VERSION=46146
RUN-1003 : finish command "import_db C:/Users/W1030/Desktop/m0/m0/td/m0soc_Runs/phy_1/m0soc_pr.db" in  5.192480s wall, 0.625000s user + 0.062500s system = 0.687500s CPU (13.2%)

RUN-1004 : used memory is 1048 MB, reserved memory is 1076 MB, peak memory is 1119 MB
RUN-1002 : start command "download -bit m0soc_Runs\phy_1\m0soc.bit -mode jtag -spd 7 -sec 64 -cable 0"
PRG-2014 : Chip validation success: EAGLE_S20_BG256
RUN-1002 : start command "bit_to_vec -chip EAGLE_S20_BG256 -m jtag_burst -freq 4 -bit m0soc_Runs/phy_1/m0soc.bit"
RUN-1002 : start command "program -cable 0 -mode svf -spd 7 -p"
RUN-1003 : finish command "program -cable 0 -mode svf -spd 7 -p" in  7.421488s wall, 0.109375s user + 0.140625s system = 0.250000s CPU (3.4%)

RUN-1004 : used memory is 1063 MB, reserved memory is 1103 MB, peak memory is 1119 MB
RUN-1003 : finish command "download -bit m0soc_Runs\phy_1\m0soc.bit -mode jtag -spd 7 -sec 64 -cable 0" in  7.648459s wall, 0.125000s user + 0.140625s system = 0.265625s CPU (3.5%)

RUN-1004 : used memory is 1063 MB, reserved memory is 1103 MB, peak memory is 1119 MB
GUI-1001 : Downloading succeeded!
