============================================================
   Tang Dynasty, V5.6.71036
      Copyright (c) 2012-2023 Anlogic Inc.
   Executable = D:/eg4s20/TD 5.6.2/bin/td.exe
   Built at =   20:34:38 Mar 21 2023
   Run by =     W1030
   Run Date =   Thu Jul  4 20:51:31 2024

   Run on =     LMZS
============================================================
RUN-1001 : open_run syn_1.
RUN-1002 : start command "import_db C:/Users/W1030/Desktop/m0/m0/td/m0soc_Runs/syn_1/m0soc_elaborate.db"
RUN-1001 : Importing database generated by Tang Dynasty, V5.6.71036.
RUN-1001 : Database version number 46146.
RUN-1001 : Import flow parameters
RUN-1001 : Import IO constraints
RUN-1001 : Import Inst constraints
RUN-1001 : Import design success TD_VERSION=5.6.71036 , DB_VERSION=46146
HDL-1007 : analyze verilog file ../rtl/AHBISPSYS/cal_gain.v
RUN-1001 : reset_run syn_1 phy_1.
RUN-1001 : launch_runs syn_1 phy_1  -jobs 6.
RUN-1001 : syn_1: run complete.
RUN-1001 : phy_1: run complete.
RUN-1001 : open_run phy_1.
RUN-1002 : start command "import_db C:/Users/W1030/Desktop/m0/m0/td/m0soc_Runs/phy_1/m0soc_pr.db"
RUN-1001 : Importing database generated by Tang Dynasty, V5.6.71036.
RUN-1001 : Database version number 46146.
RUN-1001 : Import flow parameters
PHY-1001 : Generate detailed routing grids ...
PHY-1001 : Generate nets ...
PHY-1001 : net SWCLK_dup_1 will be routed on clock mesh
PHY-1001 : net clk_dup_11 will be routed on clock mesh
PHY-1001 : net clk_148m_vga_dup_1 will be routed on clock mesh
PHY-1001 : net sd_reader/clk will be routed on clock mesh
PHY-1001 : net sdram_top_inst/fifo_ctrl_inst/sys_clk will be routed on clock mesh
PHY-5010 WARNING: Net sdram_top_inst/fifo_ctrl_inst/rd_fifo_data/rd_to_wr_cross_inst/sync_r1[0] is skipped due to 0 input or output
PHY-5010 WARNING: Net sdram_top_inst/fifo_ctrl_inst/rd_fifo_data/rd_to_wr_cross_inst/sync_r1[0] is skipped due to 0 input or output
PHY-1001 : eco open net = 0
PHY-5014 WARNING: Detail route doesn't find pib for clk_gen_inst/pll_inst.fbclk[0]
PHY-1001 : 431 feed throughs used by 299 nets
RUN-1001 : Import timing constraints
RUN-1001 : Import IO constraints
RUN-1001 : Import Inst constraints
RUN-1001 : Import design success TD_VERSION=5.6.71036 , DB_VERSION=46146
RUN-1003 : finish command "import_db C:/Users/W1030/Desktop/m0/m0/td/m0soc_Runs/phy_1/m0soc_pr.db" in  7.906939s wall, 5.718750s user + 0.593750s system = 6.312500s CPU (79.8%)

RUN-1004 : used memory is 845 MB, reserved memory is 827 MB, peak memory is 899 MB
RUN-1002 : start command "download -bit m0soc_Runs\phy_1\m0soc.bit -mode jtag -spd 7 -sec 64 -cable 0"
PRG-2014 : Chip validation success: EAGLE_S20_BG256
RUN-1002 : start command "bit_to_vec -chip EAGLE_S20_BG256 -m jtag_burst -freq 4 -bit m0soc_Runs/phy_1/m0soc.bit"
RUN-1002 : start command "program -cable 0 -mode svf -spd 7 -p"
RUN-1003 : finish command "program -cable 0 -mode svf -spd 7 -p" in  8.350397s wall, 0.250000s user + 0.625000s system = 0.875000s CPU (10.5%)

RUN-1004 : used memory is 917 MB, reserved memory is 875 MB, peak memory is 936 MB
RUN-1003 : finish command "download -bit m0soc_Runs\phy_1\m0soc.bit -mode jtag -spd 7 -sec 64 -cable 0" in  8.592886s wall, 0.343750s user + 0.625000s system = 0.968750s CPU (11.3%)

RUN-1004 : used memory is 917 MB, reserved memory is 875 MB, peak memory is 936 MB
GUI-1001 : Downloading succeeded!
RUN-1001 : reset_run syn_1 phy_1.
GUI-6001 WARNING: File C:/Users/W1030/Desktop/m0/m0/td/m0soc_Runs/phy_1/m0soc.bit does not exist!
RUN-1001 : launch_runs syn_1 phy_1  -jobs 6.
RUN-1001 : syn_1: run complete.
RUN-1001 : phy_1: run complete.
RUN-1001 : open_run phy_1.
RUN-1002 : start command "import_db C:/Users/W1030/Desktop/m0/m0/td/m0soc_Runs/phy_1/m0soc_pr.db"
RUN-1001 : Importing database generated by Tang Dynasty, V5.6.71036.
RUN-1001 : Database version number 46146.
RUN-1001 : Import flow parameters
PHY-1001 : Generate detailed routing grids ...
PHY-1001 : Generate nets ...
PHY-1001 : net SWCLK_dup_1 will be routed on clock mesh
PHY-1001 : net clk_dup_11 will be routed on clock mesh
PHY-1001 : net clk_148m_vga_dup_1 will be routed on clock mesh
PHY-1001 : net sd_reader/clk will be routed on clock mesh
PHY-1001 : net sdram_top_inst/fifo_ctrl_inst/sys_clk will be routed on clock mesh
PHY-5010 WARNING: Net sdram_top_inst/fifo_ctrl_inst/rd_fifo_data/rd_to_wr_cross_inst/sync_r1[0] is skipped due to 0 input or output
PHY-5010 WARNING: Net sdram_top_inst/fifo_ctrl_inst/rd_fifo_data/rd_to_wr_cross_inst/sync_r1[0] is skipped due to 0 input or output
PHY-1001 : eco open net = 0
PHY-5014 WARNING: Detail route doesn't find pib for clk_gen_inst/pll_inst.fbclk[0]
PHY-1001 : 431 feed throughs used by 299 nets
RUN-1001 : Import timing constraints
RUN-1001 : Import IO constraints
RUN-1001 : Import Inst constraints
RUN-1001 : Import design success TD_VERSION=5.6.71036 , DB_VERSION=46146
RUN-1003 : finish command "import_db C:/Users/W1030/Desktop/m0/m0/td/m0soc_Runs/phy_1/m0soc_pr.db" in  5.616292s wall, 3.921875s user + 0.453125s system = 4.375000s CPU (77.9%)

RUN-1004 : used memory is 906 MB, reserved memory is 870 MB, peak memory is 969 MB
RUN-1002 : start command "download -bit m0soc_Runs\phy_1\m0soc.bit -mode jtag -spd 7 -sec 64 -cable 0"
PRG-2014 : Chip validation success: EAGLE_S20_BG256
RUN-1002 : start command "bit_to_vec -chip EAGLE_S20_BG256 -m jtag_burst -freq 4 -bit m0soc_Runs/phy_1/m0soc.bit"
RUN-1002 : start command "program -cable 0 -mode svf -spd 7 -p"
RUN-1003 : finish command "program -cable 0 -mode svf -spd 7 -p" in  8.473435s wall, 0.281250s user + 0.703125s system = 0.984375s CPU (11.6%)

RUN-1004 : used memory is 937 MB, reserved memory is 900 MB, peak memory is 969 MB
RUN-1003 : finish command "download -bit m0soc_Runs\phy_1\m0soc.bit -mode jtag -spd 7 -sec 64 -cable 0" in  8.731151s wall, 0.375000s user + 0.718750s system = 1.093750s CPU (12.5%)

RUN-1004 : used memory is 937 MB, reserved memory is 900 MB, peak memory is 969 MB
GUI-1001 : Downloading succeeded!
RUN-1001 : reset_run syn_1 phy_1.
GUI-6001 WARNING: File C:/Users/W1030/Desktop/m0/m0/td/m0soc_Runs/phy_1/m0soc.bit does not exist!
RUN-1001 : launch_runs syn_1 phy_1  -jobs 6.
RUN-1001 : syn_1: run complete.
RUN-1001 : phy_1: run complete.
RUN-1001 : open_run phy_1.
RUN-1002 : start command "import_db C:/Users/W1030/Desktop/m0/m0/td/m0soc_Runs/phy_1/m0soc_pr.db"
RUN-1001 : Importing database generated by Tang Dynasty, V5.6.71036.
RUN-1001 : Database version number 46146.
RUN-1001 : Import flow parameters
PHY-1001 : Generate detailed routing grids ...
PHY-1001 : Generate nets ...
PHY-1001 : net SWCLK_dup_1 will be routed on clock mesh
PHY-1001 : net clk_dup_11 will be routed on clock mesh
PHY-1001 : net clk_148m_vga_dup_1 will be routed on clock mesh
PHY-1001 : net sd_reader/clk will be routed on clock mesh
PHY-1001 : net sdram_top_inst/fifo_ctrl_inst/sys_clk will be routed on clock mesh
PHY-5010 WARNING: Net sdram_top_inst/fifo_ctrl_inst/rd_fifo_data/rd_to_wr_cross_inst/sync_r1[0] is skipped due to 0 input or output
PHY-5010 WARNING: Net sdram_top_inst/fifo_ctrl_inst/rd_fifo_data/rd_to_wr_cross_inst/sync_r1[0] is skipped due to 0 input or output
PHY-1001 : eco open net = 0
PHY-5014 WARNING: Detail route doesn't find pib for clk_gen_inst/pll_inst.fbclk[0]
PHY-1001 : 431 feed throughs used by 299 nets
RUN-1001 : Import timing constraints
RUN-1001 : Import IO constraints
RUN-1001 : Import Inst constraints
RUN-1001 : Import design success TD_VERSION=5.6.71036 , DB_VERSION=46146
RUN-1003 : finish command "import_db C:/Users/W1030/Desktop/m0/m0/td/m0soc_Runs/phy_1/m0soc_pr.db" in  6.040655s wall, 1.484375s user + 0.359375s system = 1.843750s CPU (30.5%)

RUN-1004 : used memory is 965 MB, reserved memory is 928 MB, peak memory is 973 MB
RUN-1002 : start command "download -bit m0soc_Runs\phy_1\m0soc.bit -mode jtag -spd 7 -sec 64 -cable 0"
PRG-2014 : Chip validation success: EAGLE_S20_BG256
RUN-1002 : start command "bit_to_vec -chip EAGLE_S20_BG256 -m jtag_burst -freq 4 -bit m0soc_Runs/phy_1/m0soc.bit"
RUN-1002 : start command "program -cable 0 -mode svf -spd 7 -p"
RUN-1003 : finish command "program -cable 0 -mode svf -spd 7 -p" in  8.484422s wall, 0.250000s user + 0.640625s system = 0.890625s CPU (10.5%)

RUN-1004 : used memory is 993 MB, reserved memory is 955 MB, peak memory is 1011 MB
RUN-1003 : finish command "download -bit m0soc_Runs\phy_1\m0soc.bit -mode jtag -spd 7 -sec 64 -cable 0" in  8.756942s wall, 0.343750s user + 0.656250s system = 1.000000s CPU (11.4%)

RUN-1004 : used memory is 993 MB, reserved memory is 955 MB, peak memory is 1011 MB
GUI-1001 : Downloading succeeded!
HDL-1007 : analyze verilog file ../rtl/AHBISPSYS/AHBISPSYS.v
RUN-1001 : reset_run syn_1 phy_1.
GUI-6001 WARNING: File C:/Users/W1030/Desktop/m0/m0/td/m0soc_Runs/phy_1/m0soc.bit does not exist!
RUN-1001 : launch_runs syn_1 phy_1  -jobs 6.
RUN-1001 : syn_1: run complete.
RUN-1001 : phy_1: run complete.
RUN-1001 : open_run phy_1.
RUN-1002 : start command "import_db C:/Users/W1030/Desktop/m0/m0/td/m0soc_Runs/phy_1/m0soc_pr.db"
RUN-1001 : Importing database generated by Tang Dynasty, V5.6.71036.
RUN-1001 : Database version number 46146.
RUN-1001 : Import flow parameters
PHY-1001 : Generate detailed routing grids ...
PHY-1001 : Generate nets ...
PHY-1001 : net SWCLK_dup_1 will be routed on clock mesh
PHY-1001 : net clk_dup_11 will be routed on clock mesh
PHY-1001 : net clk_148m_vga_dup_1 will be routed on clock mesh
PHY-1001 : net sd_reader/clk will be routed on clock mesh
PHY-1001 : net sdram_top_inst/fifo_ctrl_inst/sys_clk will be routed on clock mesh
PHY-5010 WARNING: Net sdram_top_inst/fifo_ctrl_inst/rd_fifo_data/rd_to_wr_cross_inst/sync_r1[0] is skipped due to 0 input or output
PHY-5010 WARNING: Net sdram_top_inst/fifo_ctrl_inst/rd_fifo_data/rd_to_wr_cross_inst/sync_r1[0] is skipped due to 0 input or output
PHY-1001 : eco open net = 0
PHY-5014 WARNING: Detail route doesn't find pib for clk_gen_inst/pll_inst.fbclk[0]
PHY-1001 : 387 feed throughs used by 263 nets
RUN-1001 : Import timing constraints
RUN-1001 : Import IO constraints
RUN-1001 : Import Inst constraints
RUN-1001 : Import design success TD_VERSION=5.6.71036 , DB_VERSION=46146
RUN-1003 : finish command "import_db C:/Users/W1030/Desktop/m0/m0/td/m0soc_Runs/phy_1/m0soc_pr.db" in  5.679788s wall, 1.515625s user + 0.171875s system = 1.687500s CPU (29.7%)

RUN-1004 : used memory is 975 MB, reserved memory is 939 MB, peak memory is 1011 MB
RUN-1002 : start command "download -bit m0soc_Runs\phy_1\m0soc.bit -mode jtag -spd 7 -sec 64 -cable 0"
PRG-2014 : Chip validation success: EAGLE_S20_BG256
RUN-1002 : start command "bit_to_vec -chip EAGLE_S20_BG256 -m jtag_burst -freq 4 -bit m0soc_Runs/phy_1/m0soc.bit"
RUN-1002 : start command "program -cable 0 -mode svf -spd 7 -p"
RUN-1003 : finish command "program -cable 0 -mode svf -spd 7 -p" in  7.626105s wall, 0.125000s user + 0.265625s system = 0.390625s CPU (5.1%)

RUN-1004 : used memory is 1002 MB, reserved memory is 966 MB, peak memory is 1021 MB
RUN-1003 : finish command "download -bit m0soc_Runs\phy_1\m0soc.bit -mode jtag -spd 7 -sec 64 -cable 0" in  7.860363s wall, 0.203125s user + 0.265625s system = 0.468750s CPU (6.0%)

RUN-1004 : used memory is 1002 MB, reserved memory is 966 MB, peak memory is 1021 MB
GUI-1001 : Downloading succeeded!
HDL-1007 : analyze verilog file ../rtl/AHBISPSYS/AHBISPSYS.v
RUN-1001 : reset_run syn_1 phy_1.
GUI-6001 WARNING: File C:/Users/W1030/Desktop/m0/m0/td/m0soc_Runs/phy_1/m0soc.bit does not exist!
RUN-1001 : launch_runs syn_1 phy_1  -jobs 6.
RUN-1001 : syn_1: run complete.
RUN-1001 : phy_1: run complete.
RUN-1001 : open_run phy_1.
RUN-1002 : start command "import_db C:/Users/W1030/Desktop/m0/m0/td/m0soc_Runs/phy_1/m0soc_pr.db"
RUN-1001 : Importing database generated by Tang Dynasty, V5.6.71036.
RUN-1001 : Database version number 46146.
RUN-1001 : Import flow parameters
PHY-1001 : Generate detailed routing grids ...
PHY-1001 : Generate nets ...
PHY-1001 : net SWCLK_dup_1 will be routed on clock mesh
PHY-1001 : net clk_dup_11 will be routed on clock mesh
PHY-1001 : net clk_148m_vga_dup_1 will be routed on clock mesh
PHY-1001 : net sd_reader/clk will be routed on clock mesh
PHY-1001 : net sdram_top_inst/fifo_ctrl_inst/sys_clk will be routed on clock mesh
PHY-5010 WARNING: Net sdram_top_inst/fifo_ctrl_inst/rd_fifo_data/rd_to_wr_cross_inst/sync_r1[0] is skipped due to 0 input or output
PHY-5010 WARNING: Net sdram_top_inst/fifo_ctrl_inst/rd_fifo_data/rd_to_wr_cross_inst/sync_r1[0] is skipped due to 0 input or output
PHY-1001 : eco open net = 0
PHY-5014 WARNING: Detail route doesn't find pib for clk_gen_inst/pll_inst.fbclk[0]
PHY-1001 : 431 feed throughs used by 299 nets
RUN-1001 : Import timing constraints
RUN-1001 : Import IO constraints
RUN-1001 : Import Inst constraints
RUN-1001 : Import design success TD_VERSION=5.6.71036 , DB_VERSION=46146
RUN-1003 : finish command "import_db C:/Users/W1030/Desktop/m0/m0/td/m0soc_Runs/phy_1/m0soc_pr.db" in  5.554303s wall, 1.593750s user + 0.171875s system = 1.765625s CPU (31.8%)

RUN-1004 : used memory is 1002 MB, reserved memory is 970 MB, peak memory is 1021 MB
RUN-1002 : start command "download -bit m0soc_Runs\phy_1\m0soc.bit -mode jtag -spd 7 -sec 64 -cable 0"
PRG-2014 : Chip validation success: EAGLE_S20_BG256
RUN-1002 : start command "bit_to_vec -chip EAGLE_S20_BG256 -m jtag_burst -freq 4 -bit m0soc_Runs/phy_1/m0soc.bit"
RUN-1002 : start command "program -cable 0 -mode svf -spd 7 -p"
RUN-1003 : finish command "program -cable 0 -mode svf -spd 7 -p" in  7.581615s wall, 0.093750s user + 0.171875s system = 0.265625s CPU (3.5%)

RUN-1004 : used memory is 1030 MB, reserved memory is 996 MB, peak memory is 1049 MB
RUN-1003 : finish command "download -bit m0soc_Runs\phy_1\m0soc.bit -mode jtag -spd 7 -sec 64 -cable 0" in  7.818298s wall, 0.171875s user + 0.171875s system = 0.343750s CPU (4.4%)

RUN-1004 : used memory is 1030 MB, reserved memory is 996 MB, peak memory is 1049 MB
GUI-1001 : Downloading succeeded!
RUN-1001 : reset_run syn_1 phy_1.
GUI-6001 WARNING: File C:/Users/W1030/Desktop/m0/m0/td/m0soc_Runs/phy_1/m0soc.bit does not exist!
RUN-1001 : launch_runs syn_1 phy_1  -jobs 6.
RUN-1001 : syn_1: run complete.
RUN-1001 : phy_1: run complete.
RUN-1001 : open_run phy_1.
RUN-1002 : start command "import_db C:/Users/W1030/Desktop/m0/m0/td/m0soc_Runs/phy_1/m0soc_pr.db"
RUN-1001 : Importing database generated by Tang Dynasty, V5.6.71036.
RUN-1001 : Database version number 46146.
RUN-1001 : Import flow parameters
PHY-1001 : Generate detailed routing grids ...
PHY-1001 : Generate nets ...
PHY-1001 : net SWCLK_dup_1 will be routed on clock mesh
PHY-1001 : net clk_dup_11 will be routed on clock mesh
PHY-1001 : net clk_148m_vga_dup_1 will be routed on clock mesh
PHY-1001 : net sd_reader/clk will be routed on clock mesh
PHY-1001 : net sdram_top_inst/fifo_ctrl_inst/sys_clk will be routed on clock mesh
PHY-5010 WARNING: Net sdram_top_inst/fifo_ctrl_inst/rd_fifo_data/rd_to_wr_cross_inst/sync_r1[0] is skipped due to 0 input or output
PHY-5010 WARNING: Net sdram_top_inst/fifo_ctrl_inst/rd_fifo_data/rd_to_wr_cross_inst/sync_r1[0] is skipped due to 0 input or output
PHY-1001 : eco open net = 0
PHY-5014 WARNING: Detail route doesn't find pib for clk_gen_inst/pll_inst.fbclk[0]
PHY-1001 : 431 feed throughs used by 299 nets
RUN-1001 : Import timing constraints
RUN-1001 : Import IO constraints
RUN-1001 : Import Inst constraints
RUN-1001 : Import design success TD_VERSION=5.6.71036 , DB_VERSION=46146
RUN-1003 : finish command "import_db C:/Users/W1030/Desktop/m0/m0/td/m0soc_Runs/phy_1/m0soc_pr.db" in  5.614393s wall, 1.796875s user + 0.156250s system = 1.953125s CPU (34.8%)

RUN-1004 : used memory is 1012 MB, reserved memory is 981 MB, peak memory is 1049 MB
RUN-1002 : start command "download -bit m0soc_Runs\phy_1\m0soc.bit -mode jtag -spd 7 -sec 64 -cable 0"
PRG-2014 : Chip validation success: EAGLE_S20_BG256
RUN-1002 : start command "bit_to_vec -chip EAGLE_S20_BG256 -m jtag_burst -freq 4 -bit m0soc_Runs/phy_1/m0soc.bit"
RUN-1002 : start command "program -cable 0 -mode svf -spd 7 -p"
RUN-1003 : finish command "program -cable 0 -mode svf -spd 7 -p" in  7.601672s wall, 0.125000s user + 0.140625s system = 0.265625s CPU (3.5%)

RUN-1004 : used memory is 1041 MB, reserved memory is 1009 MB, peak memory is 1060 MB
RUN-1003 : finish command "download -bit m0soc_Runs\phy_1\m0soc.bit -mode jtag -spd 7 -sec 64 -cable 0" in  7.829524s wall, 0.171875s user + 0.140625s system = 0.312500s CPU (4.0%)

RUN-1004 : used memory is 1041 MB, reserved memory is 1009 MB, peak memory is 1060 MB
GUI-1001 : Downloading succeeded!
HDL-1007 : analyze verilog file ../rtl/AHBISPSYS/AHBISPSYS.v
RUN-1001 : reset_run syn_1 phy_1.
GUI-6001 WARNING: File C:/Users/W1030/Desktop/m0/m0/td/m0soc_Runs/phy_1/m0soc.bit does not exist!
RUN-1001 : launch_runs syn_1 phy_1  -jobs 6.
RUN-1001 : syn_1: run complete.
RUN-1001 : phy_1: run complete.
RUN-1001 : open_run phy_1.
RUN-1002 : start command "import_db C:/Users/W1030/Desktop/m0/m0/td/m0soc_Runs/phy_1/m0soc_pr.db"
RUN-1001 : Importing database generated by Tang Dynasty, V5.6.71036.
RUN-1001 : Database version number 46146.
RUN-1001 : Import flow parameters
PHY-1001 : Generate detailed routing grids ...
PHY-1001 : Generate nets ...
PHY-1001 : net SWCLK_dup_1 will be routed on clock mesh
PHY-1001 : net clk_dup_11 will be routed on clock mesh
PHY-1001 : net clk_148m_vga_dup_1 will be routed on clock mesh
PHY-1001 : net sd_reader/clk will be routed on clock mesh
PHY-1001 : net sdram_top_inst/fifo_ctrl_inst/sys_clk will be routed on clock mesh
PHY-5010 WARNING: Net sdram_top_inst/fifo_ctrl_inst/rd_fifo_data/rd_to_wr_cross_inst/sync_r1[0] is skipped due to 0 input or output
PHY-5010 WARNING: Net sdram_top_inst/fifo_ctrl_inst/rd_fifo_data/rd_to_wr_cross_inst/sync_r1[0] is skipped due to 0 input or output
PHY-1001 : eco open net = 0
PHY-5014 WARNING: Detail route doesn't find pib for clk_gen_inst/pll_inst.fbclk[0]
PHY-1001 : 525 feed throughs used by 340 nets
RUN-1001 : Import timing constraints
RUN-1001 : Import IO constraints
RUN-1001 : Import Inst constraints
RUN-1001 : Import design success TD_VERSION=5.6.71036 , DB_VERSION=46146
RUN-1003 : finish command "import_db C:/Users/W1030/Desktop/m0/m0/td/m0soc_Runs/phy_1/m0soc_pr.db" in  5.625097s wall, 3.093750s user + 0.187500s system = 3.281250s CPU (58.3%)

RUN-1004 : used memory is 1012 MB, reserved memory is 982 MB, peak memory is 1060 MB
RUN-1002 : start command "download -bit m0soc_Runs\phy_1\m0soc.bit -mode jtag -spd 7 -sec 64 -cable 0"
PRG-2014 : Chip validation success: EAGLE_S20_BG256
RUN-1002 : start command "bit_to_vec -chip EAGLE_S20_BG256 -m jtag_burst -freq 4 -bit m0soc_Runs/phy_1/m0soc.bit"
RUN-1002 : start command "program -cable 0 -mode svf -spd 7 -p"
RUN-1003 : finish command "program -cable 0 -mode svf -spd 7 -p" in  7.515431s wall, 0.046875s user + 0.218750s system = 0.265625s CPU (3.5%)

RUN-1004 : used memory is 1041 MB, reserved memory is 1009 MB, peak memory is 1060 MB
RUN-1003 : finish command "download -bit m0soc_Runs\phy_1\m0soc.bit -mode jtag -spd 7 -sec 64 -cable 0" in  7.748033s wall, 0.109375s user + 0.250000s system = 0.359375s CPU (4.6%)

RUN-1004 : used memory is 1041 MB, reserved memory is 1009 MB, peak memory is 1060 MB
GUI-1001 : Downloading succeeded!
HDL-1007 : analyze verilog file ../rtl/AHBISPSYS/AHBISPSYS.v
HDL-1007 : analyze verilog file ../rtl/AHBISPSYS/AHBISPSYS.v
RUN-1001 : reset_run syn_1 phy_1.
GUI-6001 WARNING: File C:/Users/W1030/Desktop/m0/m0/td/m0soc_Runs/phy_1/m0soc.bit does not exist!
RUN-1001 : launch_runs syn_1 phy_1  -jobs 6.
RUN-1001 : syn_1: run complete.
RUN-1001 : phy_1: run complete.
RUN-1001 : open_run phy_1.
RUN-1002 : start command "import_db C:/Users/W1030/Desktop/m0/m0/td/m0soc_Runs/phy_1/m0soc_pr.db"
RUN-1001 : Importing database generated by Tang Dynasty, V5.6.71036.
RUN-1001 : Database version number 46146.
RUN-1001 : Import flow parameters
PHY-1001 : Generate detailed routing grids ...
PHY-1001 : Generate nets ...
PHY-1001 : net SWCLK_dup_1 will be routed on clock mesh
PHY-1001 : net clk_dup_11 will be routed on clock mesh
PHY-1001 : net clk_148m_vga_dup_1 will be routed on clock mesh
PHY-1001 : net sd_reader/clk will be routed on clock mesh
PHY-1001 : net sdram_top_inst/fifo_ctrl_inst/sys_clk will be routed on clock mesh
PHY-5010 WARNING: Net sdram_top_inst/fifo_ctrl_inst/rd_fifo_data/rd_to_wr_cross_inst/sync_r1[0] is skipped due to 0 input or output
PHY-5010 WARNING: Net sdram_top_inst/fifo_ctrl_inst/rd_fifo_data/rd_to_wr_cross_inst/sync_r1[0] is skipped due to 0 input or output
PHY-1001 : eco open net = 0
PHY-5014 WARNING: Detail route doesn't find pib for clk_gen_inst/pll_inst.fbclk[0]
PHY-1001 : 508 feed throughs used by 330 nets
RUN-1001 : Import timing constraints
RUN-1001 : Import IO constraints
RUN-1001 : Import Inst constraints
RUN-1001 : Import design success TD_VERSION=5.6.71036 , DB_VERSION=46146
RUN-1003 : finish command "import_db C:/Users/W1030/Desktop/m0/m0/td/m0soc_Runs/phy_1/m0soc_pr.db" in  5.686431s wall, 3.578125s user + 0.062500s system = 3.640625s CPU (64.0%)

RUN-1004 : used memory is 1029 MB, reserved memory is 1006 MB, peak memory is 1060 MB
RUN-1002 : start command "download -bit m0soc_Runs\phy_1\m0soc.bit -mode jtag -spd 7 -sec 64 -cable 0"
PRG-2014 : Chip validation success: EAGLE_S20_BG256
RUN-1002 : start command "bit_to_vec -chip EAGLE_S20_BG256 -m jtag_burst -freq 4 -bit m0soc_Runs/phy_1/m0soc.bit"
RUN-1002 : start command "program -cable 0 -mode svf -spd 7 -p"
RUN-1003 : finish command "program -cable 0 -mode svf -spd 7 -p" in  7.506246s wall, 0.062500s user + 0.125000s system = 0.187500s CPU (2.5%)

RUN-1004 : used memory is 1057 MB, reserved memory is 1033 MB, peak memory is 1075 MB
RUN-1003 : finish command "download -bit m0soc_Runs\phy_1\m0soc.bit -mode jtag -spd 7 -sec 64 -cable 0" in  7.726335s wall, 0.140625s user + 0.125000s system = 0.265625s CPU (3.4%)

RUN-1004 : used memory is 1057 MB, reserved memory is 1033 MB, peak memory is 1075 MB
GUI-1001 : Downloading succeeded!
RUN-1002 : start command "config_chipwatcher -sp apb.cwc -dir "
KIT-1004 : ChipWatcher: import watcher inst auto_chipwatcher_0 completed, there are 11 view nodes, 118 trigger nets, 118 data nets.
KIT-1004 : Chipwatcher code = 0110001001110011
GUI-1001 : Import apb.cwc success!
GUI-1001 : User opens ChipWatcher ...
GUI-1001 : User closes ChipWatcher ...
RUN-1002 : start command "config_chipwatcher -sp ahb.cwc -dir "
KIT-1004 : ChipWatcher: import watcher inst auto_chipwatcher_0 completed, there are 12 view nodes, 141 trigger nets, 141 data nets.
KIT-1004 : Chipwatcher code = 0101000111101001
GUI-1001 : Import ahb.cwc success!
GUI-1001 : User opens ChipWatcher ...
GUI-1001 : User closes ChipWatcher ...
HDL-1007 : analyze verilog file ../rtl/AHBISPSYS/AHBISPSYS.v
RUN-1001 : reset_run syn_1.
RUN-1001 : launch_runs syn_1 -step opt_gate.
RUN-1001 : reset_run phy_1.
GUI-6001 WARNING: File C:/Users/W1030/Desktop/m0/m0/td/m0soc_Runs/phy_1/m0soc.bit does not exist!
RUN-1001 : syn_1: run complete.
RUN-1001 : open_run syn_1.
RUN-1002 : start command "import_db C:/Users/W1030/Desktop/m0/m0/td/m0soc_Runs/syn_1/m0soc_gate.db"
RUN-1001 : Importing database generated by Tang Dynasty, V5.6.71036.
RUN-1001 : Database version number 46146.
RUN-1001 : Import flow parameters
RUN-1001 : Import timing constraints
RUN-1001 : Import IO constraints
RUN-1001 : Import Inst constraints
RUN-1001 : Import design success TD_VERSION=5.6.71036 , DB_VERSION=46146
RUN-1003 : finish command "import_db C:/Users/W1030/Desktop/m0/m0/td/m0soc_Runs/syn_1/m0soc_gate.db" in  1.830601s wall, 0.921875s user + 0.109375s system = 1.031250s CPU (56.3%)

RUN-1004 : used memory is 734 MB, reserved memory is 732 MB, peak memory is 1091 MB
RUN-1002 : start command "config_chipwatcher ahb.cwc -dir "
KIT-1004 : ChipWatcher: import watcher inst auto_chipwatcher_0 completed, there are 12 view nodes, 141 trigger nets, 141 data nets.
KIT-1004 : Chipwatcher code = 0101000111101001
KIT-5603 CRITICAL-WARNING: ChipWatcher: data view net ISP/bypas_mod is invalid.
KIT-5602 CRITICAL-WARNING: ChipWatcher: data view net ISP/rgb_data_bypas[15] of bus ISP/rgb_data_bypas is invalid.
KIT-5602 CRITICAL-WARNING: ChipWatcher: data view net ISP/rgb_data_bypas[14] of bus ISP/rgb_data_bypas is invalid.
KIT-5602 CRITICAL-WARNING: ChipWatcher: data view net ISP/rgb_data_bypas[13] of bus ISP/rgb_data_bypas is invalid.
KIT-5602 CRITICAL-WARNING: ChipWatcher: data view net ISP/rgb_data_bypas[12] of bus ISP/rgb_data_bypas is invalid.
KIT-5602 CRITICAL-WARNING: ChipWatcher: data view net ISP/rgb_data_bypas[11] of bus ISP/rgb_data_bypas is invalid.
KIT-5602 CRITICAL-WARNING: ChipWatcher: data view net ISP/rgb_data_bypas[10] of bus ISP/rgb_data_bypas is invalid.
KIT-5602 CRITICAL-WARNING: ChipWatcher: data view net ISP/rgb_data_bypas[9] of bus ISP/rgb_data_bypas is invalid.
KIT-5602 CRITICAL-WARNING: ChipWatcher: data view net ISP/rgb_data_bypas[8] of bus ISP/rgb_data_bypas is invalid.
KIT-5602 CRITICAL-WARNING: ChipWatcher: data view net ISP/rgb_data_bypas[7] of bus ISP/rgb_data_bypas is invalid.
KIT-5602 CRITICAL-WARNING: ChipWatcher: data view net ISP/rgb_data_bypas[6] of bus ISP/rgb_data_bypas is invalid.
KIT-5602 Similar messages will be suppressed.
KIT-5603 CRITICAL-WARNING: ChipWatcher: data view net isp_fifo_rd is invalid.
KIT-5602 CRITICAL-WARNING: ChipWatcher: data view net HADDR_P2[31] of bus HADDR_P2 is invalid.
KIT-5602 CRITICAL-WARNING: ChipWatcher: data view net HADDR_P2[30] of bus HADDR_P2 is invalid.
KIT-5602 CRITICAL-WARNING: ChipWatcher: data view net HADDR_P2[29] of bus HADDR_P2 is invalid.
KIT-5602 CRITICAL-WARNING: ChipWatcher: data view net HADDR_P2[28] of bus HADDR_P2 is invalid.
KIT-5602 CRITICAL-WARNING: ChipWatcher: data view net HADDR_P2[27] of bus HADDR_P2 is invalid.
KIT-5602 CRITICAL-WARNING: ChipWatcher: data view net HADDR_P2[26] of bus HADDR_P2 is invalid.
KIT-5602 CRITICAL-WARNING: ChipWatcher: data view net HADDR_P2[25] of bus HADDR_P2 is invalid.
KIT-5602 CRITICAL-WARNING: ChipWatcher: data view net HADDR_P2[24] of bus HADDR_P2 is invalid.
KIT-5602 CRITICAL-WARNING: ChipWatcher: data view net HADDR_P2[23] of bus HADDR_P2 is invalid.
KIT-5602 CRITICAL-WARNING: ChipWatcher: data view net HADDR_P2[22] of bus HADDR_P2 is invalid.
KIT-5602 Similar messages will be suppressed.
KIT-5603 CRITICAL-WARNING: ChipWatcher: data view net HSEL_P2 is invalid.
KIT-8447 ERROR: ConfigChipWatcher: Fail to Sync with database ChipWatcher: data view net HSEL_P2 is invalid! #22.
GUI-1001 : Import ahb.cwc success!
GUI-1001 : User opens ChipWatcher ...
GUI-1001 : Delete isp_out_data[15:0] successfully
GUI-001 : Delete isp_out_en successfully
GUI-001 : Delete ISP/bypas_clken successfully
GUI-001 : Delete ISP/bypas_mod successfully
GUI-1001 : Delete ISP/rgb_data_bypas[15:0] successfully
GUI-1001 : Delete isp_din[15:0] successfully
GUI-001 : Delete isp_fifo_rd successfully
GUI-1001 : Delete ISP/h_active[11:0] successfully
GUI-1001 : Delete ISP/v_active[11:0] successfully
GUI-1001 : Delete HADDR_P2[31:0] successfully
GUI-001 : Delete HSEL_P2 successfully
GUI-1001 : Delete ISP/HWDATA[31:0] successfully
PRG-1000 : <!-- HMAC is: 806fe9f79aadfbf23c9c66b03b2e3a2d29106a84ef48a046ecfa529e9dd1d2fe -->
GUI-1001 : User closes ChipWatcher ...
RUN-1001 : launch_runs phy_1 -step bitgen.
RUN-1001 : phy_1: run complete.
RUN-1001 : open_run phy_1.
RUN-1002 : start command "import_db C:/Users/W1030/Desktop/m0/m0/td/m0soc_Runs/phy_1/m0soc_pr.db"
RUN-1001 : Importing database generated by Tang Dynasty, V5.6.71036.
RUN-1001 : Database version number 46146.
RUN-1001 : Import flow parameters
PHY-1001 : Generate detailed routing grids ...
PHY-1001 : Generate nets ...
PHY-1001 : net SWCLK_dup_1 will be routed on clock mesh
PHY-1001 : net clk_dup_11 will be routed on clock mesh
PHY-1001 : net clk_148m_vga_dup_1 will be routed on clock mesh
PHY-1001 : net sd_reader/clk will be routed on clock mesh
PHY-1001 : net sdram_top_inst/fifo_ctrl_inst/sys_clk will be routed on clock mesh
PHY-5010 WARNING: Net sdram_top_inst/fifo_ctrl_inst/rd_fifo_data/rd_to_wr_cross_inst/sync_r1[0] is skipped due to 0 input or output
PHY-1001 : clock net config_inst_syn_10 will be merged with clock config_inst_syn_9
PHY-5010 WARNING: Net sdram_top_inst/fifo_ctrl_inst/rd_fifo_data/rd_to_wr_cross_inst/sync_r1[0] is skipped due to 0 input or output
PHY-1001 : eco open net = 0
PHY-5014 WARNING: Detail route doesn't find pib for clk_gen_inst/pll_inst.fbclk[0]
PHY-1001 : 448 feed throughs used by 344 nets
RUN-1001 : Import timing constraints
RUN-1001 : Import IO constraints
RUN-1001 : Import Inst constraints
RUN-1001 : Import ChipWatcher
RUN-1001 : Import design success TD_VERSION=5.6.71036 , DB_VERSION=46146
RUN-1003 : finish command "import_db C:/Users/W1030/Desktop/m0/m0/td/m0soc_Runs/phy_1/m0soc_pr.db" in  5.649317s wall, 2.312500s user + 0.046875s system = 2.359375s CPU (41.8%)

RUN-1004 : used memory is 1079 MB, reserved memory is 1053 MB, peak memory is 1091 MB
RUN-1002 : start command "config_chipwatcher -sync ahb.cwc -dir "
KIT-1004 : ChipWatcher: import watcher inst auto_chipwatcher_0 completed, there are 7 view nodes, 49 trigger nets, 49 data nets.
GUI-1001 : Import ahb.cwc success!
GUI-8501 ERROR: Bit file code (1010110000110001) does not match with the ChipWatcher's (1100110010110011).
GUI-1001 : User opens ChipWatcher ...
RUN-1002 : start command "download -bit m0soc_Runs/phy_1/m0soc.bit -mode jtag_burst -spd 7 -cable 0 -total_dev 1 -cur_dev 1"
PRG-2014 : Chip validation success: EAGLE_S20_BG256
RUN-1002 : start command "bit_to_vec -chip EAGLE_S20_BG256 -m jtag_burst -freq 4 -bit m0soc_Runs/phy_1/m0soc.bit"
RUN-1002 : start command "program -cable 0 -mode svf -spd 7 -p"
RUN-1003 : finish command "program -cable 0 -mode svf -spd 7 -p" in  7.568605s wall, 0.062500s user + 0.265625s system = 0.328125s CPU (4.3%)

RUN-1004 : used memory is 1085 MB, reserved memory is 1058 MB, peak memory is 1105 MB
RUN-1003 : finish command "download -bit m0soc_Runs/phy_1/m0soc.bit -mode jtag_burst -spd 7 -cable 0 -total_dev 1 -cur_dev 1" in  7.796319s wall, 0.140625s user + 0.281250s system = 0.421875s CPU (5.4%)

RUN-1004 : used memory is 1085 MB, reserved memory is 1058 MB, peak memory is 1105 MB
GUI-1001 : Downloading succeeded!
RUN-1002 : start command "download -bit m0soc_Runs/phy_1/m0soc.bit -mode jtag_burst -spd 7 -cable 0 -total_dev 1 -cur_dev 1"
PRG-2014 : Chip validation success: EAGLE_S20_BG256
RUN-1002 : start command "bit_to_vec -chip EAGLE_S20_BG256 -m jtag_burst -freq 4 -bit m0soc_Runs/phy_1/m0soc.bit"
RUN-1002 : start command "program -cable 0 -mode svf -spd 7 -p"
RUN-1003 : finish command "program -cable 0 -mode svf -spd 7 -p" in  7.412483s wall, 0.593750s user + 0.640625s system = 1.234375s CPU (16.7%)

RUN-1004 : used memory is 1099 MB, reserved memory is 1072 MB, peak memory is 1132 MB
RUN-1003 : finish command "download -bit m0soc_Runs/phy_1/m0soc.bit -mode jtag_burst -spd 7 -cable 0 -total_dev 1 -cur_dev 1" in  7.637394s wall, 0.687500s user + 0.640625s system = 1.328125s CPU (17.4%)

RUN-1004 : used memory is 1099 MB, reserved memory is 1072 MB, peak memory is 1132 MB
GUI-1001 : Downloading succeeded!
KIT-1004 : ChipWatcher: write ctrl reg value: 00000000000000000000000000000000000000000000000000000000000000000000000000000000000000000000000000000000000000000000000000000000000000000000000000000000
KIT-1004 : ChipWatcher: write ctrl reg value: 01101111111100000000000011011011111111000000000110111111110000000001101111111100000000011011111111000000000110111111110000000000000100000000000000010000
KIT-1004 : ChipWatcher: the value of status register = 010000000101000100
KIT-1004 : ChipWatcher: the value of status register = 010000001100000101
KIT-1004 : ChipWatcher: the value of status register = 010000000101110000
KIT-1004 : ChipWatcher: the value of status register = 010000000110011011
KIT-1004 : ChipWatcher: the value of status register = 010000001100001100
KIT-1004 : ChipWatcher: the value of status register = 010000001111101001
KIT-1004 : ChipWatcher: the value of status register = 010000000011110100
KIT-1004 : ChipWatcher: the value of status register = 010000001000110100
KIT-1004 : ChipWatcher: the value of status register = 010000000011111001
KIT-1004 : ChipWatcher: the value of status register = 010000001100111010
KIT-1004 : ChipWatcher: the value of status register = 010000001010111100
KIT-1004 : ChipWatcher: the value of status register = 110000001100110100
RUN-1002 : start command "rdbk_bram -bram 0X0015 -cable 0 -total_dev 1 -cur_dev 1"
KIT-1001 : Read back data from BRAM 0X0015 successfully.
RUN-1002 : start command "rdbk_bram -bram 0X0016 -cable 0 -total_dev 1 -cur_dev 1"
KIT-1001 : Read back data from BRAM 0X0016 successfully.
RUN-1002 : start command "rdbk_bram -bram 0X0017 -cable 0 -total_dev 1 -cur_dev 1"
KIT-1001 : Read back data from BRAM 0X0017 successfully.
RUN-1002 : start command "rdbk_bram -bram 0X0038 -cable 0 -total_dev 1 -cur_dev 1"
KIT-1001 : Read back data from BRAM 0X0038 successfully.
RUN-1002 : start command "rdbk_bram -bram 0X0039 -cable 0 -total_dev 1 -cur_dev 1"
KIT-1001 : Read back data from BRAM 0X0039 successfully.
RUN-1002 : start command "rdbk_bram -bram 0X003A -cable 0 -total_dev 1 -cur_dev 1"
KIT-1001 : Read back data from BRAM 0X003A successfully.
SYN-2541 : Attrs-to-init for 6 logic bram(s)
SYN-2541 : Reading sub[0] auto_chipwatcher_0_logicbram_syn_1
SYN-2541 : Reading sub[1] auto_chipwatcher_0_logicbram_syn_11
SYN-2541 : Reading sub[2] auto_chipwatcher_0_logicbram_syn_21
SYN-2541 : Reading sub[3] auto_chipwatcher_0_logicbram_syn_31
SYN-2541 : Reading sub[4] auto_chipwatcher_0_logicbram_syn_41
SYN-2541 : Reading sub[5] auto_chipwatcher_0_logicbram_syn_51
KIT-1004 : ChipWatcher: write ctrl reg value: 01101111111100000000000011011011111111000000000110111111110000000001101111111100000000011011111111000000000110111111110000000000000100000000000000000000
HDL-1007 : analyze verilog file ../rtl/AHBISPSYS/AHBISPSYS.v
RUN-1001 : reset_run syn_1 phy_1.
GUI-6001 WARNING: File C:/Users/W1030/Desktop/m0/m0/td/m0soc_Runs/phy_1/m0soc.bit does not exist!
RUN-1001 : launch_runs syn_1 phy_1  -jobs 6.
RUN-1001 : syn_1: run complete.
RUN-1001 : phy_1: run complete.
RUN-1001 : open_run phy_1.
RUN-1002 : start command "import_db C:/Users/W1030/Desktop/m0/m0/td/m0soc_Runs/phy_1/m0soc_pr.db"
RUN-1001 : Importing database generated by Tang Dynasty, V5.6.71036.
RUN-1001 : Database version number 46146.
RUN-1001 : Import flow parameters
PHY-1001 : Generate detailed routing grids ...
PHY-1001 : Generate nets ...
PHY-1001 : net SWCLK_dup_1 will be routed on clock mesh
PHY-1001 : net clk_dup_11 will be routed on clock mesh
PHY-1001 : net clk_148m_vga_dup_1 will be routed on clock mesh
PHY-1001 : net sd_reader/clk will be routed on clock mesh
PHY-1001 : net sdram_top_inst/fifo_ctrl_inst/sys_clk will be routed on clock mesh
PHY-5010 WARNING: Net sdram_top_inst/fifo_ctrl_inst/rd_fifo_data/rd_to_wr_cross_inst/sync_r1[0] is skipped due to 0 input or output
PHY-1001 : clock net config_inst_syn_10 will be merged with clock config_inst_syn_9
PHY-5010 WARNING: Net sdram_top_inst/fifo_ctrl_inst/rd_fifo_data/rd_to_wr_cross_inst/sync_r1[0] is skipped due to 0 input or output
PHY-1001 : eco open net = 0
PHY-5014 WARNING: Detail route doesn't find pib for clk_gen_inst/pll_inst.fbclk[0]
PHY-1001 : 580 feed throughs used by 401 nets
RUN-1001 : Import timing constraints
RUN-1001 : Import IO constraints
RUN-1001 : Import Inst constraints
RUN-1001 : Import ChipWatcher
RUN-1001 : Import design success TD_VERSION=5.6.71036 , DB_VERSION=46146
RUN-1003 : finish command "import_db C:/Users/W1030/Desktop/m0/m0/td/m0soc_Runs/phy_1/m0soc_pr.db" in  6.023519s wall, 2.828125s user + 0.140625s system = 2.968750s CPU (49.3%)

RUN-1004 : used memory is 1128 MB, reserved memory is 1105 MB, peak memory is 1136 MB
RUN-1002 : start command "config_chipwatcher -sync ahb.cwc -dir "
KIT-1004 : ChipWatcher: import watcher inst auto_chipwatcher_0 completed, there are 7 view nodes, 49 trigger nets, 49 data nets.
GUI-1001 : Import ahb.cwc success!
RUN-1002 : start command "download -bit m0soc_Runs\phy_1\m0soc.bit -mode jtag -spd 7 -sec 64 -cable 0"
PRG-2014 : Chip validation success: EAGLE_S20_BG256
RUN-1002 : start command "bit_to_vec -chip EAGLE_S20_BG256 -m jtag_burst -freq 4 -bit m0soc_Runs/phy_1/m0soc.bit"
RUN-1002 : start command "program -cable 0 -mode svf -spd 7 -p"
RUN-1003 : finish command "program -cable 0 -mode svf -spd 7 -p" in  7.575553s wall, 0.078125s user + 0.328125s system = 0.406250s CPU (5.4%)

RUN-1004 : used memory is 1156 MB, reserved memory is 1132 MB, peak memory is 1175 MB
RUN-1003 : finish command "download -bit m0soc_Runs\phy_1\m0soc.bit -mode jtag -spd 7 -sec 64 -cable 0" in  7.808606s wall, 0.156250s user + 0.343750s system = 0.500000s CPU (6.4%)

RUN-1004 : used memory is 1156 MB, reserved memory is 1132 MB, peak memory is 1175 MB
GUI-1001 : Downloading succeeded!
KIT-1004 : ChipWatcher: write ctrl reg value: 00000000000000000000000000000000000000000000000000000000000000000000000000000000000000000000000000000000000000000000000000000000000000000000000000000000
KIT-1004 : ChipWatcher: write ctrl reg value: 01101111111100000000010111011011111111000000000110111111110000000001101111111100000000011011111111000000000110111111110000000000000100000000000000010000
KIT-1004 : ChipWatcher: the value of status register = 110000000000001000
RUN-1002 : start command "rdbk_bram -bram 0X0015 -cable 0 -total_dev 1 -cur_dev 1"
KIT-1001 : Read back data from BRAM 0X0015 successfully.
RUN-1002 : start command "rdbk_bram -bram 0X0016 -cable 0 -total_dev 1 -cur_dev 1"
KIT-1001 : Read back data from BRAM 0X0016 successfully.
RUN-1002 : start command "rdbk_bram -bram 0X0017 -cable 0 -total_dev 1 -cur_dev 1"
KIT-1001 : Read back data from BRAM 0X0017 successfully.
RUN-1002 : start command "rdbk_bram -bram 0X0038 -cable 0 -total_dev 1 -cur_dev 1"
KIT-1001 : Read back data from BRAM 0X0038 successfully.
RUN-1002 : start command "rdbk_bram -bram 0X0039 -cable 0 -total_dev 1 -cur_dev 1"
KIT-1001 : Read back data from BRAM 0X0039 successfully.
RUN-1002 : start command "rdbk_bram -bram 0X003A -cable 0 -total_dev 1 -cur_dev 1"
KIT-1001 : Read back data from BRAM 0X003A successfully.
SYN-2541 : Attrs-to-init for 6 logic bram(s)
SYN-2541 : Reading sub[0] auto_chipwatcher_0_logicbram_syn_1
SYN-2541 : Reading sub[1] auto_chipwatcher_0_logicbram_syn_11
SYN-2541 : Reading sub[2] auto_chipwatcher_0_logicbram_syn_21
SYN-2541 : Reading sub[3] auto_chipwatcher_0_logicbram_syn_31
SYN-2541 : Reading sub[4] auto_chipwatcher_0_logicbram_syn_41
SYN-2541 : Reading sub[5] auto_chipwatcher_0_logicbram_syn_51
KIT-1004 : ChipWatcher: write ctrl reg value: 01101111111100000000010111011011111111000000000110111111110000000001101111111100000000011011111111000000000110111111110000000000000100000000000000000000
KIT-1004 : ChipWatcher: write ctrl reg value: 00000000000000000000000000000000000000000000000000000000000000000000000000000000000000000000000000000000000000000000000000000000000000000000000000000000
KIT-1004 : ChipWatcher: write ctrl reg value: 01101111111100000000010111011011111111000000000110111111110000000001101111111100000000011011111111000000000110111111110000000000000100000000000000010000
KIT-1004 : ChipWatcher: the value of status register = 110000000000001000
RUN-1002 : start command "rdbk_bram -bram 0X0015 -cable 0 -total_dev 1 -cur_dev 1"
KIT-1001 : Read back data from BRAM 0X0015 successfully.
RUN-1002 : start command "rdbk_bram -bram 0X0016 -cable 0 -total_dev 1 -cur_dev 1"
KIT-1001 : Read back data from BRAM 0X0016 successfully.
RUN-1002 : start command "rdbk_bram -bram 0X0017 -cable 0 -total_dev 1 -cur_dev 1"
KIT-1001 : Read back data from BRAM 0X0017 successfully.
RUN-1002 : start command "rdbk_bram -bram 0X0038 -cable 0 -total_dev 1 -cur_dev 1"
KIT-1001 : Read back data from BRAM 0X0038 successfully.
RUN-1002 : start command "rdbk_bram -bram 0X0039 -cable 0 -total_dev 1 -cur_dev 1"
KIT-1001 : Read back data from BRAM 0X0039 successfully.
RUN-1002 : start command "rdbk_bram -bram 0X003A -cable 0 -total_dev 1 -cur_dev 1"
KIT-1001 : Read back data from BRAM 0X003A successfully.
SYN-2541 : Attrs-to-init for 6 logic bram(s)
SYN-2541 : Reading sub[0] auto_chipwatcher_0_logicbram_syn_1
SYN-2541 : Reading sub[1] auto_chipwatcher_0_logicbram_syn_11
SYN-2541 : Reading sub[2] auto_chipwatcher_0_logicbram_syn_21
SYN-2541 : Reading sub[3] auto_chipwatcher_0_logicbram_syn_31
SYN-2541 : Reading sub[4] auto_chipwatcher_0_logicbram_syn_41
SYN-2541 : Reading sub[5] auto_chipwatcher_0_logicbram_syn_51
KIT-1004 : ChipWatcher: write ctrl reg value: 01101111111100000000010111011011111111000000000110111111110000000001101111111100000000011011111111000000000110111111110000000000000100000000000000000000
PRG-1000 : <!-- HMAC is: aeebcf487fe8e4ddd9c26704a03f619b8c25505dae75b9e979e855cb44e0586c -->
KIT-1004 : ChipWatcher: write ctrl reg value: 00000000000000000000000000000000000000000000000000000000000000000000000000000000000000000000000000000000000000000000000000000000000000000000000000000000
KIT-1004 : ChipWatcher: write ctrl reg value: 01101111111100000000000011011011111111000000000110111111110000000001101111111100000000011011111111000000000110111111110000000000000100000000000000010000
KIT-1004 : ChipWatcher: the value of status register = 010000001101111110
KIT-1004 : ChipWatcher: the value of status register = 010000001101011111
KIT-1004 : ChipWatcher: the value of status register = 110000001101101111
RUN-1002 : start command "rdbk_bram -bram 0X0015 -cable 0 -total_dev 1 -cur_dev 1"
KIT-1001 : Read back data from BRAM 0X0015 successfully.
RUN-1002 : start command "rdbk_bram -bram 0X0016 -cable 0 -total_dev 1 -cur_dev 1"
KIT-1001 : Read back data from BRAM 0X0016 successfully.
RUN-1002 : start command "rdbk_bram -bram 0X0017 -cable 0 -total_dev 1 -cur_dev 1"
KIT-1001 : Read back data from BRAM 0X0017 successfully.
RUN-1002 : start command "rdbk_bram -bram 0X0038 -cable 0 -total_dev 1 -cur_dev 1"
KIT-1001 : Read back data from BRAM 0X0038 successfully.
RUN-1002 : start command "rdbk_bram -bram 0X0039 -cable 0 -total_dev 1 -cur_dev 1"
KIT-1001 : Read back data from BRAM 0X0039 successfully.
RUN-1002 : start command "rdbk_bram -bram 0X003A -cable 0 -total_dev 1 -cur_dev 1"
KIT-1001 : Read back data from BRAM 0X003A successfully.
SYN-2541 : Attrs-to-init for 6 logic bram(s)
SYN-2541 : Reading sub[0] auto_chipwatcher_0_logicbram_syn_1
SYN-2541 : Reading sub[1] auto_chipwatcher_0_logicbram_syn_11
SYN-2541 : Reading sub[2] auto_chipwatcher_0_logicbram_syn_21
SYN-2541 : Reading sub[3] auto_chipwatcher_0_logicbram_syn_31
SYN-2541 : Reading sub[4] auto_chipwatcher_0_logicbram_syn_41
SYN-2541 : Reading sub[5] auto_chipwatcher_0_logicbram_syn_51
KIT-1004 : ChipWatcher: write ctrl reg value: 01101111111100000000000011011011111111000000000110111111110000000001101111111100000000011011111111000000000110111111110000000000000100000000000000000000
KIT-1004 : ChipWatcher: write ctrl reg value: 00000000000000000000000000000000000000000000000000000000000000000000000000000000000000000000000000000000000000000000000000000000000000000000000000000000
KIT-1004 : ChipWatcher: write ctrl reg value: 01101111111100000000000011011011111111000000000110111111110000000001101111111100000000011011111111000000000110111111110000000000000100000000000000010000
KIT-1004 : ChipWatcher: the value of status register = 010000000110111001
KIT-1004 : ChipWatcher: the value of status register = 010000001100110010
KIT-1004 : ChipWatcher: the value of status register = 110000001001001111
RUN-1002 : start command "rdbk_bram -bram 0X0015 -cable 0 -total_dev 1 -cur_dev 1"
KIT-1001 : Read back data from BRAM 0X0015 successfully.
RUN-1002 : start command "rdbk_bram -bram 0X0016 -cable 0 -total_dev 1 -cur_dev 1"
KIT-1001 : Read back data from BRAM 0X0016 successfully.
RUN-1002 : start command "rdbk_bram -bram 0X0017 -cable 0 -total_dev 1 -cur_dev 1"
KIT-1001 : Read back data from BRAM 0X0017 successfully.
RUN-1002 : start command "rdbk_bram -bram 0X0038 -cable 0 -total_dev 1 -cur_dev 1"
KIT-1001 : Read back data from BRAM 0X0038 successfully.
RUN-1002 : start command "rdbk_bram -bram 0X0039 -cable 0 -total_dev 1 -cur_dev 1"
KIT-1001 : Read back data from BRAM 0X0039 successfully.
RUN-1002 : start command "rdbk_bram -bram 0X003A -cable 0 -total_dev 1 -cur_dev 1"
KIT-1001 : Read back data from BRAM 0X003A successfully.
SYN-2541 : Attrs-to-init for 6 logic bram(s)
SYN-2541 : Reading sub[0] auto_chipwatcher_0_logicbram_syn_1
SYN-2541 : Reading sub[1] auto_chipwatcher_0_logicbram_syn_11
SYN-2541 : Reading sub[2] auto_chipwatcher_0_logicbram_syn_21
SYN-2541 : Reading sub[3] auto_chipwatcher_0_logicbram_syn_31
SYN-2541 : Reading sub[4] auto_chipwatcher_0_logicbram_syn_41
SYN-2541 : Reading sub[5] auto_chipwatcher_0_logicbram_syn_51
KIT-1004 : ChipWatcher: write ctrl reg value: 01101111111100000000000011011011111111000000000110111111110000000001101111111100000000011011111111000000000110111111110000000000000100000000000000000000
KIT-1004 : ChipWatcher: write ctrl reg value: 00000000000000000000000000000000000000000000000000000000000000000000000000000000000000000000000000000000000000000000000000000000000000000000000000000000
KIT-1004 : ChipWatcher: write ctrl reg value: 01101111111100000000000011011011111111000000000110111111110000000001101111111100000000011011111111000000000110111111110000000000000100000000000000010000
KIT-1004 : ChipWatcher: the value of status register = 010000000011011110
KIT-1004 : ChipWatcher: the value of status register = 010000000010110011
KIT-1004 : ChipWatcher: the value of status register = 010000001001010111
KIT-1004 : ChipWatcher: the value of status register = 110000001011001111
RUN-1002 : start command "rdbk_bram -bram 0X0015 -cable 0 -total_dev 1 -cur_dev 1"
KIT-1001 : Read back data from BRAM 0X0015 successfully.
RUN-1002 : start command "rdbk_bram -bram 0X0016 -cable 0 -total_dev 1 -cur_dev 1"
KIT-1001 : Read back data from BRAM 0X0016 successfully.
RUN-1002 : start command "rdbk_bram -bram 0X0017 -cable 0 -total_dev 1 -cur_dev 1"
KIT-1001 : Read back data from BRAM 0X0017 successfully.
RUN-1002 : start command "rdbk_bram -bram 0X0038 -cable 0 -total_dev 1 -cur_dev 1"
KIT-1001 : Read back data from BRAM 0X0038 successfully.
RUN-1002 : start command "rdbk_bram -bram 0X0039 -cable 0 -total_dev 1 -cur_dev 1"
KIT-1001 : Read back data from BRAM 0X0039 successfully.
RUN-1002 : start command "rdbk_bram -bram 0X003A -cable 0 -total_dev 1 -cur_dev 1"
KIT-1001 : Read back data from BRAM 0X003A successfully.
SYN-2541 : Attrs-to-init for 6 logic bram(s)
SYN-2541 : Reading sub[0] auto_chipwatcher_0_logicbram_syn_1
SYN-2541 : Reading sub[1] auto_chipwatcher_0_logicbram_syn_11
SYN-2541 : Reading sub[2] auto_chipwatcher_0_logicbram_syn_21
SYN-2541 : Reading sub[3] auto_chipwatcher_0_logicbram_syn_31
SYN-2541 : Reading sub[4] auto_chipwatcher_0_logicbram_syn_41
SYN-2541 : Reading sub[5] auto_chipwatcher_0_logicbram_syn_51
KIT-1004 : ChipWatcher: write ctrl reg value: 01101111111100000000000011011011111111000000000110111111110000000001101111111100000000011011111111000000000110111111110000000000000100000000000000000000
PRG-1000 : <!-- HMAC is: 5a56e668ef610d0c0474b0db1da09d9410615d7c1ad9db69892dccd6a437a559 -->
GUI-1001 : User closes ChipWatcher ...
