============================================================
   Tang Dynasty, V5.6.71036
      Copyright (c) 2012-2023 Anlogic Inc.
   Executable = D:/eg4s20/TD 5.6.2/bin/td.exe
   Built at =   20:34:38 Mar 21 2023
   Run by =     W1030
   Run Date =   Fri Jul  5 15:24:13 2024

   Run on =     LMZS
============================================================
RUN-1001 : open_run phy_1.
RUN-1002 : start command "import_db C:/Users/W1030/Desktop/m0/m0/td/m0soc_Runs/phy_1/m0soc_pr.db"
RUN-1001 : Importing database generated by Tang Dynasty, V5.6.71036.
RUN-1001 : Database version number 46146.
RUN-1001 : Import flow parameters
PHY-1001 : Generate detailed routing grids ...
PHY-1001 : Generate nets ...
PHY-1001 : net SWCLK_dup_1 will be routed on clock mesh
PHY-1001 : net clk_dup_11 will be routed on clock mesh
PHY-1001 : net clk_148m_vga_dup_1 will be routed on clock mesh
PHY-1001 : net sd_reader/clk will be routed on clock mesh
PHY-1001 : net sdram_top_inst/fifo_ctrl_inst/sys_clk will be routed on clock mesh
PHY-5010 WARNING: Net sdram_top_inst/fifo_ctrl_inst/rd_fifo_data/rd_to_wr_cross_inst/sync_r1[0] is skipped due to 0 input or output
PHY-1001 : clock net config_inst_syn_10 will be merged with clock config_inst_syn_9
PHY-5010 WARNING: Net sdram_top_inst/fifo_ctrl_inst/rd_fifo_data/rd_to_wr_cross_inst/sync_r1[0] is skipped due to 0 input or output
PHY-1001 : eco open net = 0
PHY-5014 WARNING: Detail route doesn't find pib for clk_gen_inst/pll_inst.fbclk[0]
PHY-1001 : 580 feed throughs used by 401 nets
RUN-1001 : Import timing constraints
RUN-1001 : Import IO constraints
RUN-1001 : Import Inst constraints
RUN-1001 : Import ChipWatcher
RUN-1001 : Import design success TD_VERSION=5.6.71036 , DB_VERSION=46146
RUN-1003 : finish command "import_db C:/Users/W1030/Desktop/m0/m0/td/m0soc_Runs/phy_1/m0soc_pr.db" in  8.905286s wall, 3.984375s user + 0.796875s system = 4.781250s CPU (53.7%)

RUN-1004 : used memory is 831 MB, reserved memory is 818 MB, peak memory is 885 MB
RUN-1002 : start command "config_chipwatcher -sync ahb.cwc -dir "
KIT-1004 : ChipWatcher: import watcher inst auto_chipwatcher_0 completed, there are 7 view nodes, 49 trigger nets, 49 data nets.
GUI-1001 : Import ahb.cwc success!
GUI-8501 ERROR: Bit file code (0111001101010111) does not match with the ChipWatcher's (1100110010110011).
GUI-1001 : User opens ChipWatcher ...
RUN-1002 : start command "download -bit m0soc_Runs/phy_1/m0soc.bit -mode jtag_burst -spd 7 -cable 0 -total_dev 1 -cur_dev 1"
PRG-2014 : Chip validation success: EAGLE_S20_BG256
RUN-1002 : start command "bit_to_vec -chip EAGLE_S20_BG256 -m jtag_burst -freq 4 -bit m0soc_Runs/phy_1/m0soc.bit"
RUN-1002 : start command "program -cable 0 -mode svf -spd 7 -p"
RUN-1003 : finish command "program -cable 0 -mode svf -spd 7 -p" in  7.709113s wall, 0.062500s user + 0.281250s system = 0.343750s CPU (4.5%)

RUN-1004 : used memory is 896 MB, reserved memory is 873 MB, peak memory is 928 MB
RUN-1003 : finish command "download -bit m0soc_Runs/phy_1/m0soc.bit -mode jtag_burst -spd 7 -cable 0 -total_dev 1 -cur_dev 1" in  7.943175s wall, 0.109375s user + 0.296875s system = 0.406250s CPU (5.1%)

RUN-1004 : used memory is 896 MB, reserved memory is 873 MB, peak memory is 928 MB
GUI-1001 : Downloading succeeded!
KIT-1004 : ChipWatcher: write ctrl reg value: 00000000000000000000000000000000000000000000000000000000000000000000000000000000000000000000000000000000000000000000000000000000000000000000000000000000
KIT-1004 : ChipWatcher: write ctrl reg value: 01101111111100000000000011011011111111000000000110111111110000000001101111111100000000011011111111000000000110111111110000000000000100000000000000010000
KIT-1004 : ChipWatcher: the value of status register = 010000000000100100
KIT-1004 : ChipWatcher: the value of status register = 010000001100000011
KIT-1004 : ChipWatcher: the value of status register = 010000001101111111
KIT-1004 : ChipWatcher: the value of status register = 010000000011111000
KIT-1004 : ChipWatcher: the value of status register = 010000001100111111
KIT-1004 : ChipWatcher: the value of status register = 010000000011010110
KIT-1004 : ChipWatcher: the value of status register = 110000000010101101
RUN-1002 : start command "rdbk_bram -bram 0X0015 -cable 0 -total_dev 1 -cur_dev 1"
KIT-1001 : Read back data from BRAM 0X0015 successfully.
RUN-1002 : start command "rdbk_bram -bram 0X0016 -cable 0 -total_dev 1 -cur_dev 1"
KIT-1001 : Read back data from BRAM 0X0016 successfully.
RUN-1002 : start command "rdbk_bram -bram 0X0017 -cable 0 -total_dev 1 -cur_dev 1"
KIT-1001 : Read back data from BRAM 0X0017 successfully.
RUN-1002 : start command "rdbk_bram -bram 0X0038 -cable 0 -total_dev 1 -cur_dev 1"
KIT-1001 : Read back data from BRAM 0X0038 successfully.
RUN-1002 : start command "rdbk_bram -bram 0X0039 -cable 0 -total_dev 1 -cur_dev 1"
KIT-1001 : Read back data from BRAM 0X0039 successfully.
RUN-1002 : start command "rdbk_bram -bram 0X003A -cable 0 -total_dev 1 -cur_dev 1"
KIT-1001 : Read back data from BRAM 0X003A successfully.
SYN-2541 : Attrs-to-init for 6 logic bram(s)
SYN-2541 : Reading sub[0] auto_chipwatcher_0_logicbram_syn_1
SYN-2541 : Reading sub[1] auto_chipwatcher_0_logicbram_syn_11
SYN-2541 : Reading sub[2] auto_chipwatcher_0_logicbram_syn_21
SYN-2541 : Reading sub[3] auto_chipwatcher_0_logicbram_syn_31
SYN-2541 : Reading sub[4] auto_chipwatcher_0_logicbram_syn_41
SYN-2541 : Reading sub[5] auto_chipwatcher_0_logicbram_syn_51
KIT-1004 : ChipWatcher: write ctrl reg value: 01101111111100000000000011011011111111000000000110111111110000000001101111111100000000011011111111000000000110111111110000000000000100000000000000000000
KIT-1004 : ChipWatcher: write ctrl reg value: 00000000000000000000000000000000000000000000000000000000000000000000000000000000000000000000000000000000000000000000000000000000000000000000000000000000
KIT-1004 : ChipWatcher: write ctrl reg value: 01101111111100000000000011011011111111000000000110111111110000000001101111111100000000011011111111000000000110111111110000000000000100000000000000010000
KIT-1004 : ChipWatcher: the value of status register = 010000001000011111
KIT-1004 : ChipWatcher: the value of status register = 010000001110011000
KIT-1004 : ChipWatcher: the value of status register = 010000000011010010
KIT-1004 : ChipWatcher: the value of status register = 010000001011001101
KIT-1004 : ChipWatcher: the value of status register = 010000000110100010
KIT-1004 : ChipWatcher: the value of status register = 010000000111000101
KIT-1004 : ChipWatcher: the value of status register = 110000001011111110
RUN-1002 : start command "rdbk_bram -bram 0X0015 -cable 0 -total_dev 1 -cur_dev 1"
KIT-1001 : Read back data from BRAM 0X0015 successfully.
RUN-1002 : start command "rdbk_bram -bram 0X0016 -cable 0 -total_dev 1 -cur_dev 1"
KIT-1001 : Read back data from BRAM 0X0016 successfully.
RUN-1002 : start command "rdbk_bram -bram 0X0017 -cable 0 -total_dev 1 -cur_dev 1"
KIT-1001 : Read back data from BRAM 0X0017 successfully.
RUN-1002 : start command "rdbk_bram -bram 0X0038 -cable 0 -total_dev 1 -cur_dev 1"
KIT-1001 : Read back data from BRAM 0X0038 successfully.
RUN-1002 : start command "rdbk_bram -bram 0X0039 -cable 0 -total_dev 1 -cur_dev 1"
KIT-1001 : Read back data from BRAM 0X0039 successfully.
RUN-1002 : start command "rdbk_bram -bram 0X003A -cable 0 -total_dev 1 -cur_dev 1"
KIT-1001 : Read back data from BRAM 0X003A successfully.
SYN-2541 : Attrs-to-init for 6 logic bram(s)
SYN-2541 : Reading sub[0] auto_chipwatcher_0_logicbram_syn_1
SYN-2541 : Reading sub[1] auto_chipwatcher_0_logicbram_syn_11
SYN-2541 : Reading sub[2] auto_chipwatcher_0_logicbram_syn_21
SYN-2541 : Reading sub[3] auto_chipwatcher_0_logicbram_syn_31
SYN-2541 : Reading sub[4] auto_chipwatcher_0_logicbram_syn_41
SYN-2541 : Reading sub[5] auto_chipwatcher_0_logicbram_syn_51
KIT-1004 : ChipWatcher: write ctrl reg value: 01101111111100000000000011011011111111000000000110111111110000000001101111111100000000011011111111000000000110111111110000000000000100000000000000000000
GUI-1001 : User closes ChipWatcher ...
