============================================================
   Tang Dynasty, V5.6.71036
      Copyright (c) 2012-2023 Anlogic Inc.
   Executable = D:/eg4s20/TD 5.6.2/bin/td.exe
   Built at =   20:34:38 Mar 21 2023
   Run by =     W1030
   Run Date =   Fri May 17 15:15:13 2024

   Run on =     LMZS
============================================================
RUN-1002 : start command "open_project m0soc.prj"
RUN-1001 : Print Global Property
RUN-1001 : ---------------------------------------------------------------
RUN-1001 :        Parameters        |  Settings  |  Default Values  |  Note  
RUN-1001 : ---------------------------------------------------------------
RUN-1001 :          message         |  standard  |     standard     |        
RUN-1001 :   mixed_pack_place_flow  |     on     |        on        |        
RUN-1001 :        qor_monitor       |    off     |       off        |        
RUN-1001 :        syn_ip_flow       |    off     |       off        |        
RUN-1001 :          thread          |    auto    |       auto       |        
RUN-1001 : ---------------------------------------------------------------
RUN-1001 : Print Design Property
RUN-1001 : --------------------------------------------------------------
RUN-1001 :        Parameters       |  Settings  |  Default Values  |  Note  
RUN-1001 : --------------------------------------------------------------
RUN-1001 :   default_reg_initial   |    auto    |       auto       |        
RUN-1001 :        infer_add        |     on     |        on        |        
RUN-1001 :        infer_fsm        |    off     |       off        |        
RUN-1001 :        infer_mult       |     on     |        on        |        
RUN-1001 :        infer_ram        |     on     |        on        |        
RUN-1001 :        infer_reg        |     on     |        on        |        
RUN-1001 :   infer_reg_init_value  |     on     |        on        |        
RUN-1001 :        infer_rom        |     on     |        on        |        
RUN-1001 :      infer_shifter      |     on     |        on        |        
RUN-1001 : --------------------------------------------------------------
RUN-1001 : Print Rtl Property
RUN-1001 : --------------------------------------------------------------
RUN-1001 :        Parameters       |  Settings  |  Default Values  |  Note  
RUN-1001 : --------------------------------------------------------------
RUN-1001 :       compress_add      |   ripple   |      ripple      |        
RUN-1001 :        elf_sload        |    off     |       off        |        
RUN-1001 :       fix_undriven      |     0      |        0         |        
RUN-1001 :         flatten         |    off     |       off        |        
RUN-1001 :       gate_sharing      |     on     |        on        |        
RUN-1001 :    hdl_warning_level    |   normal   |      normal      |        
RUN-1001 :   impl_internal_tribuf  |     on     |        on        |        
RUN-1001 :      impl_set_reset     |     on     |        on        |        
RUN-1001 :        infer_gsr        |    off     |       off        |        
RUN-1001 :      keep_hierarchy     |    auto    |       auto       |        
RUN-1001 :        max_fanout       |    9999    |       9999       |        
RUN-1001 :      max_oh2bin_len     |     10     |        10        |        
RUN-1001 :       merge_equal       |     on     |        on        |        
RUN-1001 :       merge_equiv       |     on     |        on        |        
RUN-1001 :        merge_mux        |    off     |       off        |        
RUN-1001 :     min_control_set     |     8      |        8         |        
RUN-1001 :      min_ripple_len     |    auto    |       auto       |        
RUN-1001 :       oh2bin_ratio      |    0.08    |       0.08       |        
RUN-1001 :     opt_adder_fanout    |     on     |        on        |        
RUN-1001 :        opt_arith        |     on     |        on        |        
RUN-1001 :       opt_big_gate      |    off     |       off        |        
RUN-1001 :        opt_const        |     on     |        on        |        
RUN-1001 :      opt_const_mult     |     on     |        on        |        
RUN-1001 :       opt_lessthan      |     on     |        on        |        
RUN-1001 :         opt_mux         |    off     |       off        |        
RUN-1001 :         opt_ram         |    high    |       high       |        
RUN-1001 :      rtl_sim_model      |    off     |       off        |        
RUN-1001 :         seq_syn         |     on     |        on        |        
RUN-1001 : --------------------------------------------------------------
HDL-1007 : analyze verilog file ../../../rtl/al_ip/SDRAM.v
HDL-1007 : analyze verilog file ../../../rtl/al_ip/clk_gen.v
HDL-1007 : undeclared symbol 'open', assumed default net type 'wire' in ../../../rtl/al_ip/clk_gen.v(93)
HDL-1007 : analyze verilog file ../../../rtl/al_ip/fifo_data.v
HDL-1007 : analyze verilog file ../../al_ip/sd2isp_fifo.v
HDL-1007 : analyze verilog file ../../al_ip/fifo_buf.v
HDL-1007 : analyze verilog file ../../al_ip/fifo_data_out.v
HDL-1007 : analyze verilog file ../../../rtl/AHBISPSYS/AHBISPSYS.v
HDL-1007 : analyze verilog file ../../../rtl/AHBISPSYS/conv_mask4.v
HDL-1007 : analyze verilog file ../../../rtl/AHBISPSYS/conv_mask5.v
HDL-1007 : analyze verilog file ../../../rtl/AHBISPSYS/conv_mask6.v
HDL-1007 : analyze verilog file ../../../rtl/AHBISPSYS/demosaic.v
HDL-1007 : analyze verilog file ../../../rtl/AHBISPSYS/gamma.v
HDL-1007 : analyze verilog file ../../../rtl/AHBISPSYS/gamma_rom.v
HDL-1007 : analyze verilog file ../../../rtl/AHBISPSYS/slidingWindow_5X5.v
HDL-1007 : analyze verilog file ../../../rtl/AHBlite_Block_RAM.v
HDL-1007 : analyze verilog file ../../../rtl/Block_RAM.v
HDL-1007 : analyze verilog file ../../../rtl/ahb/AHBlite_Decoder.v
HDL-1007 : analyze verilog file ../../../rtl/ahb/AHBlite_Interconnect.v
HDL-1007 : analyze verilog file ../../../rtl/ahb/AHBlite_SlaveMUX.v
HDL-1007 : analyze verilog file ../../../rtl/apb/cmsdk_ahb_to_apb.v
HDL-1007 : analyze verilog file ../../../rtl/apb/cmsdk_apb_slave_mux.v
HDL-1007 : analyze verilog file ../../../rtl/apb_gpio/apb_sdcard.v
HDL-1007 : analyze verilog file ../../../rtl/apb_sdcard/apb_sdcard.v
HDL-1007 : analyze verilog file ../../../rtl/apb_sdcard/sd_reader.v
HDL-1007 : analyze verilog file ../../../rtl/apb_sdcard/sdcmd_ctrl.v
HDL-1007 : analyze verilog file ../../../rtl/apb_vga/apb_sdcard.v
HDL-1007 : analyze verilog file ../../../rtl/apb_vga/vga_ctrl.v
HDL-1007 : analyze verilog file ../../../rtl/cortexm0ds_logic.v
HDL-1007 : analyze verilog file ../../../rtl/sdram/ctrl/sdram_a_ref.v
HDL-1007 : analyze verilog file ../../../rtl/sdram/ctrl/sdram_arbit.v
HDL-1007 : analyze verilog file ../../../rtl/sdram/ctrl/sdram_ctrl.v
HDL-1007 : analyze verilog file ../../../rtl/sdram/ctrl/sdram_init.v
HDL-1007 : analyze verilog file ../../../rtl/sdram/ctrl/sdram_read.v
HDL-1007 : analyze verilog file ../../../rtl/sdram/ctrl/sdram_write.v
HDL-1007 : analyze verilog file ../../../rtl/sdram/fifo_ctrl.v
HDL-1007 : analyze verilog file ../../../rtl/sdram/sdram_top.v
HDL-1007 : analyze verilog file ../../../rtl/AHBISPSYS/bypass.v
HDL-1007 : analyze verilog file ../../../rtl/keyboard.v
HDL-1007 : analyze verilog file ../../../rtl/CortexM0_SoC.v
HDL-1007 : undeclared symbol 'row', assumed default net type 'wire' in ../../../rtl/CortexM0_SoC.v(105)
RUN-1001 : Project manager successfully analyzed 39 source files.
RUN-1002 : start command "import_device eagle_s20.db -package EG4S20BG256"
ARC-1001 : Device Initialization.
ARC-1001 : ------------------------------------------------------------------
ARC-1001 :            OPTION            |          IO          |   SETTING   
ARC-1001 : ------------------------------------------------------------------
ARC-1001 :   cso_b/cclk/mosi/miso/dout  |  T3/R11/T10/P10/S11  |    gpio    
ARC-1001 :             done             |         P13          |    gpio    
ARC-1001 :           program_b          |          T2          |  dedicate  
ARC-1001 :        tdi/tms/tck/tdo       |   C12/A15/C14/E14    |  dedicate  
ARC-1001 : ------------------------------------------------------------------
ARC-1004 : Device setting, marked 5 dedicate IOs in total.
RUN-1002 : start command "import_db ../syn_1/m0soc_gate.db"
RUN-1001 : Importing database generated by Tang Dynasty, V5.6.71036.
RUN-1001 : Database version number 46146.
RUN-1001 : Import flow parameters
RUN-1001 : Import timing constraints
RUN-1001 : Import IO constraints
RUN-1001 : Import Inst constraints
RUN-1001 : Import design success TD_VERSION=5.6.71036 , DB_VERSION=46146
RUN-1003 : finish command "import_db ../syn_1/m0soc_gate.db" in  1.350661s wall, 0.890625s user + 0.031250s system = 0.921875s CPU (68.3%)

RUN-1004 : used memory is 276 MB, reserved memory is 254 MB, peak memory is 282 MB
RUN-1002 : start command "read_sdc ../../m0soc.sdc"
RUN-1002 : start command "get_ports clk"
RUN-1002 : start command "create_clock -name clk -period 41.6 -waveform 20.8 41.6  -add"
RUN-1102 : create_clock: clock name: clk, type: 0, period: 41600, rise: 20800, fall: 0.
RUN-1002 : start command "derive_pll_clocks"
USR-1002 : Gen clock cmd:  create_generated_clock -name {clk_gen_inst/pll_inst.clkc[0]} -source [get_ports {clk}] -master_clock {clk} -multiply_by 5.0000 [get_pins {clk_gen_inst/pll_inst.clkc[0]}]
RUN-1002 : start command "get_ports clk"
RUN-1002 : start command "get_pins clk_gen_inst/pll_inst.clkc[0]"
RUN-1002 : start command "create_generated_clock -name clk_gen_inst/pll_inst.clkc[0] -source  -master_clock clk -multiply_by 5.0000 "
USR-1002 : Gen clock cmd:  create_generated_clock -name {clk_gen_inst/pll_inst.clkc[1]} -source [get_ports {clk}] -master_clock {clk} -multiply_by 6.2500 [get_pins {clk_gen_inst/pll_inst.clkc[1]}]
RUN-1002 : start command "get_ports clk"
RUN-1002 : start command "get_pins clk_gen_inst/pll_inst.clkc[1]"
RUN-1002 : start command "create_generated_clock -name clk_gen_inst/pll_inst.clkc[1] -source  -master_clock clk -multiply_by 6.2500 "
USR-1002 : Gen clock cmd:  create_generated_clock -name {clk_gen_inst/pll_inst.clkc[3]} -source [get_ports {clk}] -master_clock {clk} -multiply_by 6.2500 [get_pins {clk_gen_inst/pll_inst.clkc[3]}]
RUN-1002 : start command "get_ports clk"
RUN-1002 : start command "get_pins clk_gen_inst/pll_inst.clkc[3]"
RUN-1002 : start command "create_generated_clock -name clk_gen_inst/pll_inst.clkc[3] -source  -master_clock clk -multiply_by 6.2500 "
USR-1002 : Gen clock cmd:  create_generated_clock -name {clk_gen_inst/pll_inst.clkc[4]} -source [get_ports {clk}] -master_clock {clk} -multiply_by 5.0000 [get_pins {clk_gen_inst/pll_inst.clkc[4]}]
RUN-1002 : start command "get_ports clk"
RUN-1002 : start command "get_pins clk_gen_inst/pll_inst.clkc[4]"
RUN-1002 : start command "create_generated_clock -name clk_gen_inst/pll_inst.clkc[4] -source  -master_clock clk -multiply_by 5.0000 "
RUN-1002 : start command "read_sdc -ip fifo_data ../../../rtl/al_ip/fifo_data.tcl"
RUN-1002 : start command "get_ports clkw"
RUN-1002 : start command "get_nets  clkw  "
RUN-1002 : start command "get_clocks -nowarn -of nets 4256312590336"
RUN-1002 : start command "get_ports clkr"
RUN-1002 : start command "get_nets  clkr  "
RUN-1002 : start command "get_clocks -nowarn -of nets 96443490631680"
RUN-1002 : start command "get_property -nowarn -max PERIOD "
RUN-1002 : start command "get_property -nowarn -max PERIOD "
RUN-1002 : start command "get_regs rd_to_wr_cross_inst/primary_addr_gray_reg[*]"
RUN-1002 : start command "get_regs rd_to_wr_cross_inst/sync_r1[*]"
RUN-1002 : start command "set_max_delay -from  -to  8.0199999999999996 -datapath_only"
RUN-1002 : start command "get_regs rd_to_wr_cross_inst/primary_addr_gray_reg[*]"
RUN-1002 : start command "get_regs rd_to_wr_cross_inst/sync_r1[*]"
RUN-1002 : start command "set_false_path -from  -to  -hold 8.0199999999999996"
USR-1002 : set_false_path -help -setup -hold -from <list> -rise_from <list> -fall_from <list> -to <list> -rise_to <list> -fall_to <list> -through <list>
RUN-1002 : start command "get_regs wr_to_rd_cross_inst/primary_addr_gray_reg[*]"
RUN-1002 : start command "get_regs wr_to_rd_cross_inst/sync_r1[*]"
RUN-1002 : start command "set_max_delay -from  -to  8.0199999999999996 -datapath_only"
RUN-1002 : start command "get_regs wr_to_rd_cross_inst/primary_addr_gray_reg[*]"
RUN-1002 : start command "get_regs wr_to_rd_cross_inst/sync_r1[*]"
RUN-1002 : start command "set_false_path -from  -to  -hold 8.0199999999999996"
USR-1002 : set_false_path -help -setup -hold -from <list> -rise_from <list> -fall_from <list> -to <list> -rise_to <list> -fall_to <list> -through <list>
RUN-1002 : start command "read_sdc -ip fifo_data_out ../../al_ip/fifo_data_out.tcl"
RUN-1002 : start command "get_ports clkw"
RUN-1002 : start command "get_nets  clkw  "
RUN-1002 : start command "get_clocks -nowarn -of nets 96443490631680"
RUN-1002 : start command "get_ports clkr"
RUN-1002 : start command "get_nets  clkr  "
RUN-1002 : start command "get_clocks -nowarn -of nets 4269197492224"
RUN-1002 : start command "get_property -nowarn -max PERIOD "
RUN-1002 : start command "get_property -nowarn -max PERIOD "
RUN-1002 : start command "get_regs rd_to_wr_cross_inst/primary_addr_gray_reg[*]"
RUN-1002 : start command "get_regs rd_to_wr_cross_inst/sync_r1[*]"
RUN-1002 : start command "set_max_delay -from  -to  6.3559999999999999 -datapath_only"
RUN-1002 : start command "get_regs rd_to_wr_cross_inst/primary_addr_gray_reg[*]"
RUN-1002 : start command "get_regs rd_to_wr_cross_inst/sync_r1[*]"
RUN-1002 : start command "set_false_path -from  -to  -hold 6.3559999999999999"
USR-1002 : set_false_path -help -setup -hold -from <list> -rise_from <list> -fall_from <list> -to <list> -rise_to <list> -fall_to <list> -through <list>
RUN-1002 : start command "get_regs wr_to_rd_cross_inst/primary_addr_gray_reg[*]"
RUN-1002 : start command "get_regs wr_to_rd_cross_inst/sync_r1[*]"
RUN-1002 : start command "set_max_delay -from  -to  6.3559999999999999 -datapath_only"
RUN-1002 : start command "get_regs wr_to_rd_cross_inst/primary_addr_gray_reg[*]"
RUN-1002 : start command "get_regs wr_to_rd_cross_inst/sync_r1[*]"
RUN-1002 : start command "set_false_path -from  -to  -hold 6.3559999999999999"
USR-1002 : set_false_path -help -setup -hold -from <list> -rise_from <list> -fall_from <list> -to <list> -rise_to <list> -fall_to <list> -through <list>
RUN-1002 : start command "read_sdc -ip sd2isp_fifo ../../al_ip/sd2isp_fifo.tcl"
RUN-1002 : start command "get_ports clkw"
RUN-1002 : start command "get_nets  clkw  "
RUN-1002 : start command "get_clocks -nowarn -of nets 85749022064640"
RUN-1002 : start command "get_ports clkr"
RUN-1002 : start command "get_nets  clkr  "
RUN-1002 : start command "get_clocks -nowarn -of nets 4256312590336"
RUN-1002 : start command "get_property -nowarn -max PERIOD "
RUN-1002 : start command "get_property -nowarn -max PERIOD "
RUN-1002 : start command "get_regs rd_to_wr_cross_inst/primary_addr_gray_reg[*]"
RUN-1002 : start command "get_regs rd_to_wr_cross_inst/sync_r1[*]"
RUN-1002 : start command "set_max_delay -from  -to  6.3559999999999999 -datapath_only"
RUN-1002 : start command "get_regs rd_to_wr_cross_inst/primary_addr_gray_reg[*]"
RUN-1002 : start command "get_regs rd_to_wr_cross_inst/sync_r1[*]"
RUN-1002 : start command "set_false_path -from  -to  -hold 6.3559999999999999"
USR-1002 : set_false_path -help -setup -hold -from <list> -rise_from <list> -fall_from <list> -to <list> -rise_to <list> -fall_to <list> -through <list>
RUN-1002 : start command "get_regs wr_to_rd_cross_inst/primary_addr_gray_reg[*]"
RUN-1002 : start command "get_regs wr_to_rd_cross_inst/sync_r1[*]"
RUN-1002 : start command "set_max_delay -from  -to  6.3559999999999999 -datapath_only"
RUN-1002 : start command "get_regs wr_to_rd_cross_inst/primary_addr_gray_reg[*]"
RUN-1002 : start command "get_regs wr_to_rd_cross_inst/sync_r1[*]"
RUN-1002 : start command "set_false_path -from  -to  -hold 6.3559999999999999"
USR-1002 : set_false_path -help -setup -hold -from <list> -rise_from <list> -fall_from <list> -to <list> -rise_to <list> -fall_to <list> -through <list>
RUN-1002 : start command "place"
RUN-1001 : Open license file D:/eg4s20/TD 5.6.2/license/Anlogic.lic
RUN-1001 : Print Global Property
RUN-1001 : ---------------------------------------------------------------
RUN-1001 :        Parameters        |  Settings  |  Default Values  |  Note  
RUN-1001 : ---------------------------------------------------------------
RUN-1001 :          message         |  standard  |     standard     |        
RUN-1001 :   mixed_pack_place_flow  |     on     |        on        |        
RUN-1001 :        qor_monitor       |    off     |       off        |        
RUN-1001 :        syn_ip_flow       |    off     |       off        |        
RUN-1001 :          thread          |    auto    |       auto       |        
RUN-1001 : ---------------------------------------------------------------
RUN-1001 : Print Place Property
RUN-1001 : --------------------------------------------------------------
RUN-1001 :        Parameters       |  Settings  |  Default Values  |  Note  
RUN-1001 : --------------------------------------------------------------
RUN-1001 :      detailed_place     |     on     |        on        |        
RUN-1001 :          effort         |   medium   |      medium      |        
RUN-1001 :         fix_hold        |    off     |       off        |        
RUN-1001 :       legalization      |    ori     |       ori        |        
RUN-1001 :      new_spreading      |     on     |        on        |        
RUN-1001 :        opt_timing       |   medium   |      medium      |        
RUN-1001 :   post_clock_route_opt  |    off     |       off        |        
RUN-1001 :       pr_strategy       |     1      |        1         |        
RUN-1001 :        relaxation       |    1.00    |       1.00       |        
RUN-1001 :         retiming        |    off     |       off        |        
RUN-1001 : --------------------------------------------------------------
PHY-3001 : Placer runs in 18 thread(s).
RUN-1002 : start command "legalize_phy_inst"
SYN-1011 : Flatten model CortexM0_SoC
RUN-1002 : start command "phys_opt -simplify_lut"
SYN-4027 : Net sdram_top_inst/clk_out is clkc0 of pll clk_gen_inst/pll_inst.
SYN-4027 : Net sd_reader/clk is clkc1 of pll clk_gen_inst/pll_inst.
SYN-4027 : Net clk_148m_vga_dup_1 is clkc3 of pll clk_gen_inst/pll_inst.
SYN-4027 : Net sdram_top_inst/fifo_ctrl_inst/sys_clk is clkc4 of pll clk_gen_inst/pll_inst.
SYN-4019 : Net clk_dup_11 is refclk of pll clk_gen_inst/pll_inst.
SYN-4024 : Net "SWCLK_dup_1" drives clk pins.
SYN-4025 : Tag rtl::Net SWCLK_dup_1 as clock net
SYN-4025 : Tag rtl::Net clk_148m_vga_dup_1 as clock net
SYN-4025 : Tag rtl::Net clk_dup_11 as clock net
SYN-4025 : Tag rtl::Net sd_reader/clk as clock net
SYN-4025 : Tag rtl::Net sdram_top_inst/clk_out as clock net
SYN-4025 : Tag rtl::Net sdram_top_inst/fifo_ctrl_inst/sys_clk as clock net
SYN-4026 : Tagged 6 rtl::Net as clock net
PHY-1001 : Populate physical database on model CortexM0_SoC.
RUN-1001 : There are total 10048 instances
RUN-0007 : 6209 luts, 2986 seqs, 471 mslices, 250 lslices, 100 pads, 25 brams, 3 dsps
RUN-1001 : There are total 11246 nets
RUN-6004 WARNING: There are 1 nets with only 1 pin.
RUN-1001 : 6660 nets have 2 pins
RUN-1001 : 3317 nets have [3 - 5] pins
RUN-1001 : 755 nets have [6 - 10] pins
RUN-1001 : 292 nets have [11 - 20] pins
RUN-1001 : 206 nets have [21 - 99] pins
RUN-1001 : 15 nets have 100+ pins
RUN-1001 : Report Control nets information:
RUN-1001 : DFF Distribution
RUN-1001 : ----------------------------------
RUN-1001 :   CE   |  SSR  |  ASR  |  DFF Count  
RUN-1001 : ----------------------------------
RUN-1001 :   No   |  No   |  No   |     228     
RUN-1001 :   No   |  No   |  Yes  |    1285     
RUN-1001 :   No   |  Yes  |  No   |      0      
RUN-1001 :   Yes  |  No   |  No   |     771     
RUN-1001 :   Yes  |  No   |  Yes  |     670     
RUN-1001 :   Yes  |  Yes  |  No   |     32      
RUN-1001 : ----------------------------------
RUN-0007 : Control Group Statistic
RUN-0007 : ---------------------------
RUN-0007 :   #CLK  |  #CE  |  #SSR/ASR  
RUN-0007 : ---------------------------
RUN-0007 :    5    |  61   |     15     
RUN-0007 : ---------------------------
RUN-0007 : Control Set = 80
PHY-3001 : Initial placement ...
PHY-3001 : design contains 10046 instances, 6209 luts, 2986 seqs, 721 slices, 139 macros(721 instances: 471 mslices 250 lslices)
PHY-0007 : Cell area utilization is 39%
PHY-3001 : Start timing update ...
RUN-1002 : start command "start_timer -report"
TMR-2505 : Start building timing graph for model CortexM0_SoC.
TMR-2506 : Build timing graph completely. Port num: 18, tpin num: 47518, tnet num: 11244, tinst num: 10046, tnode num: 57490, tedge num: 77659.
TMR-2508 : Levelizing timing graph completed, there are 71 levels in total.
TMR-2501 : Timing graph initialized successfully.
TMR-2503 : Start to update net delay, extr mode = 2.
TMR-2504 : Update delay of 11244 nets completely.
TMR-2502 : Annotate delay completely, extr mode = 2.
TMR-3001 : Initiate 5 clocks from SDC.
TMR-3004 : Map sdc constraints, there are 12 constraints in total.
TMR-3003 : Constraints initiated successfully.
TMR-3501 : Forward propagation: start to calculate arrival time...
TMR-3502 : Backward propagation: start to calculate required time...
TMR-3503 : Timing propagation completes.
PHY-3001 : End timing update;  0.978725s wall, 0.687500s user + 0.015625s system = 0.703125s CPU (71.8%)

PHY-3001 : Global placement ...
PHY-3001 : Initial: Len = 2.76427e+06
PHY-3001 : Clustering ...
PHY-3001 : Level 0 #clusters 10046.
PHY-3001 : Level 1 #clusters 1481.
PHY-3001 : End clustering;  0.081484s wall, 0.046875s user + 0.015625s system = 0.062500s CPU (76.7%)

PHY-3001 : Run with size of 4
PHY-3001 : Cell area utilization is 39%
PHY-3001 : :::0::: Try harder cell spreading with beta_ = 0
PHY-3002 : Step(1): len = 757672, overlap = 296.656
PHY-3002 : Step(2): len = 672488, overlap = 325.469
PHY-3002 : Step(3): len = 473332, overlap = 449.406
PHY-3002 : Step(4): len = 416818, overlap = 494.969
PHY-3002 : Step(5): len = 334594, overlap = 566.625
PHY-3002 : Step(6): len = 300549, overlap = 594.344
PHY-3002 : Step(7): len = 243195, overlap = 667.875
PHY-3002 : Step(8): len = 208903, overlap = 701.281
PHY-3002 : Step(9): len = 181827, overlap = 748.375
PHY-3002 : Step(10): len = 161460, overlap = 769.812
PHY-3002 : Step(11): len = 146589, overlap = 787.781
PHY-3002 : Step(12): len = 131958, overlap = 804.312
PHY-3002 : Step(13): len = 124316, overlap = 832.156
PHY-3001 : :::1::: Try harder cell spreading with beta_ = 2.56348e-06
PHY-3002 : Step(14): len = 137062, overlap = 785.812
PHY-3002 : Step(15): len = 195064, overlap = 637.062
PHY-3002 : Step(16): len = 209734, overlap = 580.375
PHY-3002 : Step(17): len = 214223, overlap = 542.312
PHY-3002 : Step(18): len = 208132, overlap = 550.406
PHY-3002 : Step(19): len = 208420, overlap = 523.656
PHY-3002 : Step(20): len = 203954, overlap = 537.25
PHY-3002 : Step(21): len = 200832, overlap = 545.375
PHY-3002 : Step(22): len = 195777, overlap = 540.312
PHY-3002 : Step(23): len = 192702, overlap = 559.438
PHY-3002 : Step(24): len = 189120, overlap = 554.188
PHY-3002 : Step(25): len = 187286, overlap = 565.438
PHY-3002 : Step(26): len = 185545, overlap = 559.625
PHY-3002 : Step(27): len = 183871, overlap = 563.625
PHY-3002 : Step(28): len = 182129, overlap = 560.719
PHY-3002 : Step(29): len = 180486, overlap = 557.094
PHY-3002 : Step(30): len = 179458, overlap = 549.969
PHY-3002 : Step(31): len = 178717, overlap = 542.844
PHY-3001 : :::2::: Try harder cell spreading with beta_ = 5.12697e-06
PHY-3002 : Step(32): len = 186332, overlap = 532.406
PHY-3002 : Step(33): len = 201816, overlap = 509.875
PHY-3002 : Step(34): len = 208137, overlap = 449.188
PHY-3002 : Step(35): len = 210239, overlap = 449.188
PHY-3002 : Step(36): len = 209414, overlap = 438.531
PHY-3002 : Step(37): len = 208716, overlap = 448.312
PHY-3002 : Step(38): len = 206620, overlap = 464.094
PHY-3001 : :::3::: Try harder cell spreading with beta_ = 1.02539e-05
PHY-3002 : Step(39): len = 217999, overlap = 419.219
PHY-3002 : Step(40): len = 235918, overlap = 395
PHY-3002 : Step(41): len = 247062, overlap = 385.125
PHY-3002 : Step(42): len = 251112, overlap = 381.219
PHY-3002 : Step(43): len = 250346, overlap = 383.812
PHY-3002 : Step(44): len = 249216, overlap = 378.25
PHY-3002 : Step(45): len = 247715, overlap = 395.219
PHY-3001 : :::4::: Try harder cell spreading with beta_ = 2.05079e-05
PHY-3002 : Step(46): len = 261627, overlap = 342.531
PHY-3002 : Step(47): len = 278923, overlap = 303.125
PHY-3002 : Step(48): len = 289339, overlap = 296.312
PHY-3002 : Step(49): len = 294630, overlap = 286.656
PHY-3002 : Step(50): len = 296866, overlap = 294.969
PHY-3002 : Step(51): len = 297624, overlap = 280.781
PHY-3002 : Step(52): len = 296342, overlap = 281.906
PHY-3001 : :::5::: Try harder cell spreading with beta_ = 4.10158e-05
PHY-3002 : Step(53): len = 311718, overlap = 261.562
PHY-3002 : Step(54): len = 326480, overlap = 222.562
PHY-3002 : Step(55): len = 332457, overlap = 222.188
PHY-3002 : Step(56): len = 337492, overlap = 215.969
PHY-3002 : Step(57): len = 339926, overlap = 204.75
PHY-3002 : Step(58): len = 341411, overlap = 204.75
PHY-3002 : Step(59): len = 339030, overlap = 209.156
PHY-3002 : Step(60): len = 338574, overlap = 208.906
PHY-3002 : Step(61): len = 338675, overlap = 207.625
PHY-3002 : Step(62): len = 339075, overlap = 204.25
PHY-3002 : Step(63): len = 337601, overlap = 206.375
PHY-3001 : :::6::: Try harder cell spreading with beta_ = 8.20315e-05
PHY-3002 : Step(64): len = 351685, overlap = 189.625
PHY-3002 : Step(65): len = 363494, overlap = 171.406
PHY-3002 : Step(66): len = 365292, overlap = 154.75
PHY-3002 : Step(67): len = 369692, overlap = 145.469
PHY-3002 : Step(68): len = 376289, overlap = 130.906
PHY-3002 : Step(69): len = 380303, overlap = 133.344
PHY-3002 : Step(70): len = 377067, overlap = 133.812
PHY-3002 : Step(71): len = 376507, overlap = 142.625
PHY-3002 : Step(72): len = 377354, overlap = 150.812
PHY-3002 : Step(73): len = 377702, overlap = 155.469
PHY-3002 : Step(74): len = 374462, overlap = 155.312
PHY-3002 : Step(75): len = 373743, overlap = 146.062
PHY-3002 : Step(76): len = 374730, overlap = 157.875
PHY-3001 : :::7::: Try harder cell spreading with beta_ = 0.000164063
PHY-3002 : Step(77): len = 387724, overlap = 139.688
PHY-3002 : Step(78): len = 396856, overlap = 139.594
PHY-3002 : Step(79): len = 397759, overlap = 135.125
PHY-3002 : Step(80): len = 400455, overlap = 133.156
PHY-3002 : Step(81): len = 404758, overlap = 119.094
PHY-3002 : Step(82): len = 406953, overlap = 114.719
PHY-3002 : Step(83): len = 406254, overlap = 109.906
PHY-3002 : Step(84): len = 406536, overlap = 110.719
PHY-3002 : Step(85): len = 407214, overlap = 113
PHY-3001 : :::8::: Try harder cell spreading with beta_ = 0.000328126
PHY-3002 : Step(86): len = 415104, overlap = 104.531
PHY-3002 : Step(87): len = 420889, overlap = 101.531
PHY-3002 : Step(88): len = 422144, overlap = 96.5938
PHY-3002 : Step(89): len = 423998, overlap = 92.375
PHY-3002 : Step(90): len = 426581, overlap = 90.5625
PHY-3002 : Step(91): len = 428254, overlap = 91.625
PHY-3002 : Step(92): len = 427907, overlap = 88.7188
PHY-3002 : Step(93): len = 429082, overlap = 87.375
PHY-3002 : Step(94): len = 430948, overlap = 86.75
PHY-3001 : :::9::: Try harder cell spreading with beta_ = 0.000656252
PHY-3002 : Step(95): len = 436599, overlap = 73.6875
PHY-3002 : Step(96): len = 442927, overlap = 73.0312
PHY-3002 : Step(97): len = 445235, overlap = 75.875
PHY-3002 : Step(98): len = 447114, overlap = 87.2188
PHY-3002 : Step(99): len = 448888, overlap = 86.5312
PHY-3002 : Step(100): len = 450398, overlap = 84.2188
PHY-3002 : Step(101): len = 450067, overlap = 84.7812
PHY-3002 : Step(102): len = 450588, overlap = 82.6562
PHY-3002 : Step(103): len = 452197, overlap = 79.4375
PHY-3001 : :::10::: Try harder cell spreading with beta_ = 0.0012349
PHY-3002 : Step(104): len = 455360, overlap = 73.1562
PHY-3002 : Step(105): len = 460149, overlap = 71.25
PHY-3002 : Step(106): len = 462660, overlap = 71.9062
PHY-3002 : Step(107): len = 464765, overlap = 63.9062
PHY-3002 : Step(108): len = 466208, overlap = 62.2188
PHY-3002 : Step(109): len = 467208, overlap = 65.375
PHY-3002 : Step(110): len = 466893, overlap = 64.8125
PHY-3001 : Legalization ...
PHY-3001 : End legalization;  0.013066s wall, 0.000000s user + 0.000000s system = 0.000000s CPU (n/a%)

PHY-3001 : Run with size of 4
PHY-3001 : Cell area utilization is 46%
PHY-3001 : Analyzing congestion ...
RUN-1001 : Generating global routing grids ...
RUN-1001 : Building simple global routing graph ...
PHY-1001 : Generate routing nets ...
PHY-1001 : Reuse net number 0/11246.
PHY-1001 : Global iterations in 18 thread ...
PHY-1002 : len = 612344, over cnt = 1299(3%), over = 6716, worst = 29
PHY-1001 : End global iterations;  0.286627s wall, 0.031250s user + 0.000000s system = 0.031250s CPU (10.9%)

PHY-1001 : Congestion index: top1 = 80.30, top5 = 60.60, top10 = 51.51, top15 = 45.51.
PHY-3001 : End congestion estimation;  0.404047s wall, 0.140625s user + 0.000000s system = 0.140625s CPU (34.8%)

PHY-3001 : Update density targets...
PHY-3001 : Update congestion history...
PHY-3001 : Update timing in global mode ...
TMR-2503 : Start to update net delay, extr mode = 5.
TMR-2504 : Update delay of 11244 nets completely.
TMR-2502 : Annotate delay completely, extr mode = 5.
TMR-3501 : Forward propagation: start to calculate arrival time...
TMR-3502 : Backward propagation: start to calculate required time...
TMR-3503 : Timing propagation completes.
PHY-3001 : End timing update;  0.393127s wall, 0.281250s user + 0.000000s system = 0.281250s CPU (71.5%)

PHY-3001 : :::0::: Try harder cell spreading with beta_ = 0.000178621
PHY-3002 : Step(111): len = 511380, overlap = 28.125
PHY-3002 : Step(112): len = 514109, overlap = 23
PHY-3002 : Step(113): len = 512449, overlap = 21.8125
PHY-3002 : Step(114): len = 510411, overlap = 20.5625
PHY-3002 : Step(115): len = 509643, overlap = 18.7812
PHY-3002 : Step(116): len = 509728, overlap = 18.5938
PHY-3002 : Step(117): len = 509229, overlap = 17.5625
PHY-3002 : Step(118): len = 508262, overlap = 20.4375
PHY-3002 : Step(119): len = 506531, overlap = 22.375
PHY-3002 : Step(120): len = 504532, overlap = 21.125
PHY-3002 : Step(121): len = 502727, overlap = 19.6562
PHY-3002 : Step(122): len = 500244, overlap = 19.375
PHY-3002 : Step(123): len = 497125, overlap = 18.9688
PHY-3002 : Step(124): len = 494098, overlap = 18.9062
PHY-3002 : Step(125): len = 491980, overlap = 18.6562
PHY-3002 : Step(126): len = 489386, overlap = 18.4062
PHY-3002 : Step(127): len = 487759, overlap = 18.0938
PHY-3002 : Step(128): len = 486254, overlap = 18.2812
PHY-3001 : :::1::: Try harder cell spreading with beta_ = 0.000357243
PHY-3002 : Step(129): len = 487374, overlap = 18.25
PHY-3002 : Step(130): len = 489082, overlap = 18.0312
PHY-3001 : Run with size of 2
PHY-3001 : Cell area utilization is 46%
PHY-3001 : Analyzing congestion ...
RUN-1001 : Generating global routing grids ...
PHY-1001 : Generate routing nets ...
PHY-1001 : Reuse net number 123/11246.
PHY-1001 : Global iterations in 18 thread ...
PHY-1002 : len = 593672, over cnt = 1723(4%), over = 6705, worst = 56
PHY-1001 : End global iterations;  0.412359s wall, 0.140625s user + 0.000000s system = 0.140625s CPU (34.1%)

PHY-1001 : Congestion index: top1 = 74.22, top5 = 55.10, top10 = 47.59, top15 = 43.31.
PHY-3001 : End congestion estimation;  0.532991s wall, 0.203125s user + 0.015625s system = 0.218750s CPU (41.0%)

PHY-3001 : Update density targets...
PHY-3001 : Update congestion history...
PHY-3001 : Update timing in global mode ...
TMR-2503 : Start to update net delay, extr mode = 5.
TMR-2504 : Update delay of 11244 nets completely.
TMR-2502 : Annotate delay completely, extr mode = 5.
TMR-3501 : Forward propagation: start to calculate arrival time...
TMR-3502 : Backward propagation: start to calculate required time...
TMR-3503 : Timing propagation completes.
PHY-3001 : End timing update;  0.438485s wall, 0.281250s user + 0.000000s system = 0.281250s CPU (64.1%)

PHY-3001 : :::0::: Try harder cell spreading with beta_ = 0.000128857
PHY-3002 : Step(131): len = 488424, overlap = 128.469
PHY-3002 : Step(132): len = 491838, overlap = 110
PHY-3002 : Step(133): len = 491446, overlap = 94.1875
PHY-3002 : Step(134): len = 489058, overlap = 78.8125
PHY-3002 : Step(135): len = 488327, overlap = 76.75
PHY-3002 : Step(136): len = 485904, overlap = 74.2812
PHY-3002 : Step(137): len = 484204, overlap = 65.875
PHY-3002 : Step(138): len = 481855, overlap = 60.875
PHY-3002 : Step(139): len = 478695, overlap = 57.8438
PHY-3002 : Step(140): len = 474814, overlap = 58.25
PHY-3002 : Step(141): len = 472560, overlap = 60
PHY-3002 : Step(142): len = 470117, overlap = 58.2812
PHY-3002 : Step(143): len = 467883, overlap = 58.1562
PHY-3001 : :::1::: Try harder cell spreading with beta_ = 0.000257715
PHY-3002 : Step(144): len = 468582, overlap = 58.9062
PHY-3002 : Step(145): len = 470288, overlap = 59.7188
PHY-3002 : Step(146): len = 471649, overlap = 54.8125
PHY-3002 : Step(147): len = 473014, overlap = 42.2812
PHY-3002 : Step(148): len = 473935, overlap = 38.25
PHY-3001 : :::2::: Try harder cell spreading with beta_ = 0.00051543
PHY-3002 : Step(149): len = 477093, overlap = 39.9688
PHY-3002 : Step(150): len = 480295, overlap = 39.6562
PHY-3002 : Step(151): len = 482649, overlap = 34.2812
PHY-3002 : Step(152): len = 484796, overlap = 31.4688
PHY-3002 : Step(153): len = 487564, overlap = 28.5312
OPT-1001 : Start physical optimization ...
RUN-1002 : start command "start_timer -report"
TMR-2505 : Start building timing graph for model CortexM0_SoC.
TMR-2506 : Build timing graph completely. Port num: 18, tpin num: 47518, tnet num: 11244, tinst num: 10046, tnode num: 57490, tedge num: 77659.
TMR-2508 : Levelizing timing graph completed, there are 71 levels in total.
TMR-2501 : Timing graph initialized successfully.
OPT-1001 : Total overflow 214.78 peak overflow 2.94
OPT-1001 : Start high-fanout net optimization ...
OPT-1001 : Update timing in global mode
PHY-1001 : Start incremental global routing, caller is place ...
RUN-1001 : Generating global routing grids ...
PHY-1001 : Generate routing nets ...
PHY-1001 : Reuse net number 495/11246.
PHY-1001 : Global iterations in 18 thread ...
PHY-1002 : len = 596920, over cnt = 1886(5%), over = 6332, worst = 30
PHY-1001 : End global iterations;  0.456149s wall, 0.281250s user + 0.000000s system = 0.281250s CPU (61.7%)

PHY-1001 : Congestion index: top1 = 61.88, top5 = 49.86, top10 = 44.45, top15 = 41.04.
PHY-1001 : End incremental global routing;  0.591415s wall, 0.343750s user + 0.000000s system = 0.343750s CPU (58.1%)

TMR-2503 : Start to update net delay, extr mode = 5.
TMR-2504 : Update delay of 11244 nets completely.
TMR-2502 : Annotate delay completely, extr mode = 5.
TMR-3001 : Initiate 5 clocks from SDC.
TMR-3004 : Map sdc constraints, there are 12 constraints in total.
TMR-3003 : Constraints initiated successfully.
TMR-3501 : Forward propagation: start to calculate arrival time...
TMR-3502 : Backward propagation: start to calculate required time...
TMR-3503 : Timing propagation completes.
OPT-1001 : End timing update;  0.445574s wall, 0.281250s user + 0.000000s system = 0.281250s CPU (63.1%)

OPT-1001 : 8 high-fanout net processed.
PHY-3001 : Start incremental placement ...
PHY-1001 : Populate physical database on model CortexM0_SoC.
PHY-3001 : Initial placement ...
PHY-3001 : eco special cells: 1 has valid locations, 0 needs to be replaced
PHY-3001 : eco pad cells: 100 has valid locations, 0 needs to be replaced
PHY-3001 : eco cells: 9936 has valid locations, 77 needs to be replaced
PHY-3001 : design contains 10115 instances, 6250 luts, 3014 seqs, 721 slices, 139 macros(721 instances: 471 mslices 250 lslices)
PHY-3001 : Global placement ...
PHY-3001 : Initial: Len = 493187
PHY-3001 : Run with size of 4
PHY-3001 : Cell area utilization is 46%
PHY-3001 : Analyzing congestion ...
RUN-1001 : Generating global routing grids ...
PHY-1001 : Generate routing nets ...
PHY-1001 : Reuse net number 9464/11315.
PHY-1001 : Global iterations in 18 thread ...
PHY-1002 : len = 602120, over cnt = 1903(5%), over = 6381, worst = 30
PHY-1001 : End global iterations;  0.079847s wall, 0.062500s user + 0.015625s system = 0.078125s CPU (97.8%)

PHY-1001 : Congestion index: top1 = 62.16, top5 = 50.00, top10 = 44.53, top15 = 41.12.
PHY-3001 : End congestion estimation;  0.225434s wall, 0.187500s user + 0.015625s system = 0.203125s CPU (90.1%)

PHY-3001 : Update density targets...
PHY-3001 : Update congestion history...
PHY-3001 : Update timing in global mode ...
RUN-1002 : start command "start_timer -report"
TMR-2505 : Start building timing graph for model CortexM0_SoC.
TMR-2506 : Build timing graph completely. Port num: 18, tpin num: 47758, tnet num: 11313, tinst num: 10115, tnode num: 57814, tedge num: 78001.
TMR-2508 : Levelizing timing graph completed, there are 71 levels in total.
TMR-2501 : Timing graph initialized successfully.
TMR-2503 : Start to update net delay, extr mode = 5.
TMR-2504 : Update delay of 11313 nets completely.
TMR-2502 : Annotate delay completely, extr mode = 5.
TMR-3001 : Initiate 5 clocks from SDC.
TMR-3004 : Map sdc constraints, there are 12 constraints in total.
TMR-3003 : Constraints initiated successfully.
TMR-3501 : Forward propagation: start to calculate arrival time...
TMR-3502 : Backward propagation: start to calculate required time...
TMR-3503 : Timing propagation completes.
PHY-3001 : End timing update;  1.180389s wall, 0.562500s user + 0.015625s system = 0.578125s CPU (49.0%)

PHY-3001 : :::0::: Try harder cell spreading with beta_ = 0
PHY-3002 : Step(154): len = 492854, overlap = 0
PHY-3002 : Step(155): len = 492750, overlap = 0
PHY-3002 : Step(156): len = 492894, overlap = 0
PHY-3001 : Run with size of 2
PHY-3001 : Cell area utilization is 46%
PHY-3001 : Analyzing congestion ...
PHY-1001 : Generate routing nets ...
PHY-1001 : Incremental mode ON
PHY-1001 : Reuse net number 9471/11315.
PHY-1001 : Global iterations in 18 thread ...
PHY-1002 : len = 601136, over cnt = 1898(5%), over = 6373, worst = 30
PHY-1001 : End global iterations;  0.072117s wall, 0.046875s user + 0.000000s system = 0.046875s CPU (65.0%)

PHY-1001 : Congestion index: top1 = 62.28, top5 = 50.00, top10 = 44.52, top15 = 41.16.
PHY-3001 : End congestion estimation;  0.223796s wall, 0.171875s user + 0.000000s system = 0.171875s CPU (76.8%)

PHY-3001 : Update density targets...
PHY-3001 : Update congestion history...
PHY-3001 : Update timing in global mode ...
TMR-2503 : Start to update net delay, extr mode = 5.
TMR-2504 : Update delay of 11313 nets completely.
TMR-2502 : Annotate delay completely, extr mode = 5.
TMR-3501 : Forward propagation: start to calculate arrival time...
TMR-3502 : Backward propagation: start to calculate required time...
TMR-3503 : Timing propagation completes.
PHY-3001 : End timing update;  0.427789s wall, 0.265625s user + 0.000000s system = 0.265625s CPU (62.1%)

PHY-3001 : :::0::: Try harder cell spreading with beta_ = 0.000566714
PHY-3002 : Step(157): len = 492819, overlap = 29.0625
PHY-3002 : Step(158): len = 492908, overlap = 29.1562
PHY-3001 : :::1::: Try harder cell spreading with beta_ = 0.00113343
PHY-3002 : Step(159): len = 492956, overlap = 29.0625
PHY-3002 : Step(160): len = 493131, overlap = 28.7812
PHY-3001 : Final: Len = 493131, Over = 28.7812
PHY-3001 : End incremental placement;  2.387339s wall, 1.250000s user + 0.031250s system = 1.281250s CPU (53.7%)

OPT-1001 : Total overflow 215.31 peak overflow 2.94
OPT-1001 : End high-fanout net optimization;  3.665492s wall, 2.062500s user + 0.031250s system = 2.093750s CPU (57.1%)

OPT-1001 : Current memory(MB): used = 515, reserve = 504, peak = 524.
OPT-1001 : Start global optimization ...
OPT-1001 : Start congestion update ...
RUN-1001 : Generating global routing grids ...
PHY-1001 : Generate routing nets ...
PHY-1001 : Reuse net number 9478/11315.
PHY-1001 : Global iterations in 18 thread ...
PHY-1002 : len = 601568, over cnt = 1877(5%), over = 6225, worst = 30
PHY-1002 : len = 629080, over cnt = 1133(3%), over = 2924, worst = 28
PHY-1002 : len = 653408, over cnt = 291(0%), over = 642, worst = 14
PHY-1002 : len = 656728, over cnt = 138(0%), over = 307, worst = 10
PHY-1002 : len = 659448, over cnt = 0(0%), over = 0, worst = 0
PHY-1001 : End global iterations;  0.696922s wall, 0.390625s user + 0.000000s system = 0.390625s CPU (56.1%)

PHY-1001 : Congestion index: top1 = 51.12, top5 = 44.39, top10 = 40.77, top15 = 38.51.
OPT-1001 : End congestion update;  0.841158s wall, 0.515625s user + 0.000000s system = 0.515625s CPU (61.3%)

OPT-1001 : Update timing in Manhattan mode
TMR-2503 : Start to update net delay, extr mode = 3.
TMR-2504 : Update delay of 11313 nets completely.
TMR-2502 : Annotate delay completely, extr mode = 3.
TMR-3501 : Forward propagation: start to calculate arrival time...
TMR-3502 : Backward propagation: start to calculate required time...
TMR-3503 : Timing propagation completes.
OPT-1001 : End timing update;  0.345160s wall, 0.234375s user + 0.000000s system = 0.234375s CPU (67.9%)

OPT-0007 : Start: WNS -3411 TNS -475997 NUM_FEPS 412
OPT-0007 : Iter 1: improved WNS -3311 TNS -392297 NUM_FEPS 412 with 45 cells processed and 3800 slack improved
OPT-0007 : Iter 2: improved WNS -3311 TNS -392297 NUM_FEPS 412 with 7 cells processed and 100 slack improved
OPT-1001 : End global optimization;  1.208274s wall, 0.750000s user + 0.000000s system = 0.750000s CPU (62.1%)

OPT-1001 : Current memory(MB): used = 515, reserve = 504, peak = 524.
OPT-1001 : End physical optimization;  5.862942s wall, 3.453125s user + 0.062500s system = 3.515625s CPU (60.0%)

PHY-3001 : Start packing ...
SYN-4007 : Packing 0 MUX to BLE ...
SYN-4008 : Packed 0 MUX and 0 SEQ to BLE.
SYN-4007 : Packing 6250 LUT to BLE ...
SYN-4008 : Packed 6250 LUT and 1250 SEQ to BLE.
SYN-4003 : Packing 1764 remaining SEQ's ...
SYN-4005 : Packed 1365 SEQ with LUT/SLICE
SYN-4006 : 3771 single LUT's are left
SYN-4006 : 399 single SEQ's are left
SYN-4011 : Packing model "CortexM0_SoC" (AL_USER_NORMAL) with 6649/7746 primitive instances ...
PHY-3001 : End packing;  0.431190s wall, 0.156250s user + 0.000000s system = 0.156250s CPU (36.2%)

PHY-1001 : Populate physical database on model CortexM0_SoC.
RUN-1001 : There are total 4518 instances
RUN-1001 : 2193 mslices, 2193 lslices, 100 pads, 25 brams, 3 dsps
RUN-1001 : There are total 10310 nets
RUN-6004 WARNING: There are 1 nets with only 1 pin.
RUN-1001 : 5458 nets have 2 pins
RUN-1001 : 3412 nets have [3 - 5] pins
RUN-1001 : 852 nets have [6 - 10] pins
RUN-1001 : 337 nets have [11 - 20] pins
RUN-1001 : 244 nets have [21 - 99] pins
RUN-1001 : 6 nets have 100+ pins
PHY-3001 : design contains 4516 instances, 4386 slices, 139 macros(721 instances: 471 mslices 250 lslices)
PHY-3001 : Cell area utilization is 51%
PHY-3001 : After packing: Len = 513960, Over = 97.5
PHY-3001 : Run with size of 2
PHY-3001 : Cell area utilization is 51%
PHY-3001 : Analyzing congestion ...
RUN-1001 : Generating global routing grids ...
PHY-1001 : Generate routing nets ...
PHY-1001 : Reuse net number 5254/10310.
PHY-1001 : Global iterations in 18 thread ...
PHY-1002 : len = 657896, over cnt = 1148(3%), over = 1755, worst = 12
PHY-1002 : len = 662912, over cnt = 594(1%), over = 812, worst = 7
PHY-1002 : len = 669264, over cnt = 236(0%), over = 281, worst = 4
PHY-1002 : len = 672400, over cnt = 41(0%), over = 47, worst = 2
PHY-1002 : len = 673088, over cnt = 0(0%), over = 0, worst = 0
PHY-1001 : End global iterations;  0.750418s wall, 0.296875s user + 0.000000s system = 0.296875s CPU (39.6%)

PHY-1001 : Congestion index: top1 = 52.18, top5 = 45.31, top10 = 41.48, top15 = 39.06.
PHY-3001 : End congestion estimation;  0.946196s wall, 0.437500s user + 0.000000s system = 0.437500s CPU (46.2%)

PHY-3001 : Update density targets...
PHY-3001 : Update congestion history...
PHY-3001 : Update timing in global mode ...
RUN-1002 : start command "start_timer -report"
TMR-2505 : Start building timing graph for model CortexM0_SoC.
TMR-2506 : Build timing graph completely. Port num: 18, tpin num: 44871, tnet num: 10308, tinst num: 4516, tnode num: 52787, tedge num: 75939.
TMR-2508 : Levelizing timing graph completed, there are 69 levels in total.
TMR-2501 : Timing graph initialized successfully.
TMR-2503 : Start to update net delay, extr mode = 5.
TMR-2504 : Update delay of 10308 nets completely.
TMR-2502 : Annotate delay completely, extr mode = 5.
TMR-3001 : Initiate 5 clocks from SDC.
TMR-3004 : Map sdc constraints, there are 12 constraints in total.
TMR-3003 : Constraints initiated successfully.
TMR-3501 : Forward propagation: start to calculate arrival time...
TMR-3502 : Backward propagation: start to calculate required time...
TMR-3503 : Timing propagation completes.
PHY-3001 : End timing update;  1.304437s wall, 0.750000s user + 0.000000s system = 0.750000s CPU (57.5%)

PHY-3001 : :::0::: Try harder cell spreading with beta_ = 6.64723e-05
PHY-3002 : Step(161): len = 506597, overlap = 99.75
PHY-3002 : Step(162): len = 502007, overlap = 107.25
PHY-3002 : Step(163): len = 498823, overlap = 108.75
PHY-3002 : Step(164): len = 497633, overlap = 125.25
PHY-3002 : Step(165): len = 497571, overlap = 126.25
PHY-3002 : Step(166): len = 498331, overlap = 127.5
PHY-3002 : Step(167): len = 497559, overlap = 131.25
PHY-3002 : Step(168): len = 497118, overlap = 130.75
PHY-3002 : Step(169): len = 496509, overlap = 128.25
PHY-3001 : :::1::: Try harder cell spreading with beta_ = 0.000132945
PHY-3002 : Step(170): len = 500373, overlap = 122.5
PHY-3002 : Step(171): len = 507017, overlap = 111.75
PHY-3002 : Step(172): len = 509198, overlap = 108.75
PHY-3002 : Step(173): len = 511565, overlap = 103
PHY-3001 : :::2::: Try harder cell spreading with beta_ = 0.000265889
PHY-3002 : Step(174): len = 516687, overlap = 98.25
PHY-3002 : Step(175): len = 528994, overlap = 81
PHY-3002 : Step(176): len = 538417, overlap = 70.75
PHY-3002 : Step(177): len = 539097, overlap = 69.5
PHY-3002 : Step(178): len = 538837, overlap = 72.25
PHY-3002 : Step(179): len = 539270, overlap = 71.5
PHY-3002 : Step(180): len = 540677, overlap = 73.75
PHY-3002 : Step(181): len = 542231, overlap = 71.75
PHY-3001 : :::3::: Try harder cell spreading with beta_ = 0.000531778
PHY-3002 : Step(182): len = 549145, overlap = 64.25
PHY-3002 : Step(183): len = 555816, overlap = 54.25
PHY-3002 : Step(184): len = 562496, overlap = 48
PHY-3002 : Step(185): len = 563515, overlap = 49
PHY-3002 : Step(186): len = 562766, overlap = 47
PHY-3002 : Step(187): len = 562631, overlap = 50.25
PHY-3002 : Step(188): len = 563538, overlap = 51.75
PHY-3001 : :::4::: Try harder cell spreading with beta_ = 0.00101124
PHY-3002 : Step(189): len = 568477, overlap = 47.25
PHY-3002 : Step(190): len = 571553, overlap = 47.25
PHY-3002 : Step(191): len = 573332, overlap = 47
PHY-3002 : Step(192): len = 576300, overlap = 48.75
PHY-3002 : Step(193): len = 579484, overlap = 43.5
PHY-3002 : Step(194): len = 580288, overlap = 44
PHY-3002 : Step(195): len = 580233, overlap = 45.75
PHY-3001 : :::5::: Try harder cell spreading with beta_ = 0.00198128
PHY-3002 : Step(196): len = 582143, overlap = 42.5
PHY-3002 : Step(197): len = 584017, overlap = 42.5
PHY-3002 : Step(198): len = 587577, overlap = 42
PHY-3001 : Legalization ...
PHY-3001 : End legalization;  1.003485s wall, 0.000000s user + 0.000000s system = 0.000000s CPU (n/a%)

PHY-3001 : Trial Legalized: Len = 611289
PHY-3001 : Run with size of 2
PHY-3001 : Cell area utilization is 51%
PHY-3001 : Analyzing congestion ...
RUN-1001 : Generating global routing grids ...
PHY-1001 : Generate routing nets ...
PHY-1001 : Reuse net number 189/10310.
PHY-1001 : Global iterations in 18 thread ...
PHY-1002 : len = 735992, over cnt = 1385(3%), over = 2307, worst = 8
PHY-1002 : len = 743144, over cnt = 824(2%), over = 1256, worst = 6
PHY-1002 : len = 753680, over cnt = 230(0%), over = 337, worst = 5
PHY-1002 : len = 757344, over cnt = 47(0%), over = 68, worst = 4
PHY-1002 : len = 758176, over cnt = 0(0%), over = 0, worst = 0
PHY-1001 : End global iterations;  1.045296s wall, 0.234375s user + 0.000000s system = 0.234375s CPU (22.4%)

PHY-1001 : Congestion index: top1 = 52.05, top5 = 44.86, top10 = 41.60, top15 = 39.48.
PHY-3001 : End congestion estimation;  1.257578s wall, 0.281250s user + 0.000000s system = 0.281250s CPU (22.4%)

PHY-3001 : Update density targets...
PHY-3001 : Update congestion history...
PHY-3001 : Update timing in global mode ...
TMR-2503 : Start to update net delay, extr mode = 5.
TMR-2504 : Update delay of 10308 nets completely.
TMR-2502 : Annotate delay completely, extr mode = 5.
TMR-3501 : Forward propagation: start to calculate arrival time...
TMR-3502 : Backward propagation: start to calculate required time...
TMR-3503 : Timing propagation completes.
PHY-3001 : End timing update;  0.444064s wall, 0.234375s user + 0.000000s system = 0.234375s CPU (52.8%)

PHY-3001 : :::0::: Try harder cell spreading with beta_ = 0.000244084
PHY-3002 : Step(199): len = 595351, overlap = 5.25
PHY-3002 : Step(200): len = 586547, overlap = 13
PHY-3002 : Step(201): len = 577970, overlap = 22.5
PHY-3002 : Step(202): len = 570800, overlap = 33
PHY-3002 : Step(203): len = 566421, overlap = 38.75
PHY-3002 : Step(204): len = 563813, overlap = 42
PHY-3002 : Step(205): len = 562270, overlap = 43.5
PHY-3001 : :::1::: Try harder cell spreading with beta_ = 0.000488168
PHY-3002 : Step(206): len = 567401, overlap = 42.25
PHY-3002 : Step(207): len = 570360, overlap = 38
PHY-3002 : Step(208): len = 571604, overlap = 39
PHY-3001 : :::2::: Try harder cell spreading with beta_ = 0.000964868
PHY-3002 : Step(209): len = 574437, overlap = 38
PHY-3002 : Step(210): len = 579036, overlap = 34.5
PHY-3002 : Step(211): len = 583296, overlap = 29
PHY-3001 : Legalization ...
PHY-3001 : End legalization;  0.010089s wall, 0.000000s user + 0.000000s system = 0.000000s CPU (n/a%)

PHY-3001 : Legalized: Len = 595105, Over = 0
PHY-3001 : Spreading special nets. 32 overflows in 2952 tiles.
PHY-3001 : End spreading;  0.036919s wall, 0.015625s user + 0.000000s system = 0.015625s CPU (42.3%)

PHY-3001 : 41 instances has been re-located, deltaX = 7, deltaY = 29, maxDist = 2.
PHY-3001 : Final: Len = 595711, Over = 0
OPT-1001 : Start physical optimization ...
RUN-1002 : start command "start_timer -report"
TMR-2505 : Start building timing graph for model CortexM0_SoC.
TMR-2506 : Build timing graph completely. Port num: 18, tpin num: 44871, tnet num: 10308, tinst num: 4516, tnode num: 52787, tedge num: 75939.
TMR-2508 : Levelizing timing graph completed, there are 69 levels in total.
TMR-2501 : Timing graph initialized successfully.
RUN-1003 : finish command "start_timer -report" in  1.003201s wall, 0.531250s user + 0.000000s system = 0.531250s CPU (53.0%)

RUN-1004 : used memory is 493 MB, reserved memory is 490 MB, peak memory is 541 MB
OPT-1001 : Total overflow 0.00 peak overflow 0.00
OPT-1001 : Start high-fanout net optimization ...
OPT-1001 : Update timing in global mode
PHY-1001 : Start incremental global routing, caller is place ...
RUN-1001 : Generating global routing grids ...
PHY-1001 : Generate routing nets ...
PHY-1001 : Reuse net number 3195/10310.
PHY-1001 : Global iterations in 18 thread ...
PHY-1002 : len = 735760, over cnt = 1319(3%), over = 1989, worst = 8
PHY-1002 : len = 742688, over cnt = 690(1%), over = 916, worst = 8
PHY-1002 : len = 747664, over cnt = 341(0%), over = 448, worst = 6
PHY-1002 : len = 752096, over cnt = 94(0%), over = 117, worst = 4
PHY-1002 : len = 753360, over cnt = 0(0%), over = 0, worst = 0
PHY-1001 : End global iterations;  0.952053s wall, 0.359375s user + 0.000000s system = 0.359375s CPU (37.7%)

PHY-1001 : Congestion index: top1 = 49.35, top5 = 43.94, top10 = 40.86, top15 = 38.72.
PHY-1001 : End incremental global routing;  1.162369s wall, 0.515625s user + 0.000000s system = 0.515625s CPU (44.4%)

TMR-2503 : Start to update net delay, extr mode = 5.
TMR-2504 : Update delay of 10308 nets completely.
TMR-2502 : Annotate delay completely, extr mode = 5.
TMR-3001 : Initiate 5 clocks from SDC.
TMR-3004 : Map sdc constraints, there are 12 constraints in total.
TMR-3003 : Constraints initiated successfully.
TMR-3501 : Forward propagation: start to calculate arrival time...
TMR-3502 : Backward propagation: start to calculate required time...
TMR-3503 : Timing propagation completes.
OPT-1001 : End timing update;  0.424183s wall, 0.187500s user + 0.000000s system = 0.187500s CPU (44.2%)

OPT-1001 : 1 high-fanout net processed.
PHY-3001 : Start incremental placement ...
PHY-1001 : Populate physical database on model CortexM0_SoC.
PHY-3001 : Initial placement ...
PHY-3001 : eco special cells: 1 has valid locations, 0 needs to be replaced
PHY-3001 : eco pad cells: 100 has valid locations, 0 needs to be replaced
PHY-3001 : eco cells: 4413 has valid locations, 4 needs to be replaced
PHY-3001 : design contains 4519 instances, 4389 slices, 139 macros(721 instances: 471 mslices 250 lslices)
PHY-3001 : Global placement ...
PHY-3001 : Initial: Len = 597468
PHY-3001 : Run with size of 4
PHY-3001 : Cell area utilization is 51%
PHY-3001 : Analyzing congestion ...
RUN-1001 : Generating global routing grids ...
PHY-1001 : Generate routing nets ...
PHY-1001 : Reuse net number 9465/10313.
PHY-1001 : Global iterations in 18 thread ...
PHY-1002 : len = 754984, over cnt = 15(0%), over = 18, worst = 4
PHY-1002 : len = 755008, over cnt = 6(0%), over = 6, worst = 1
PHY-1002 : len = 755024, over cnt = 4(0%), over = 4, worst = 1
PHY-1002 : len = 755056, over cnt = 1(0%), over = 1, worst = 1
PHY-1002 : len = 755056, over cnt = 0(0%), over = 0, worst = 0
PHY-1001 : End global iterations;  0.494893s wall, 0.218750s user + 0.000000s system = 0.218750s CPU (44.2%)

PHY-1001 : Congestion index: top1 = 49.50, top5 = 44.01, top10 = 40.91, top15 = 38.80.
PHY-3001 : End congestion estimation;  0.696318s wall, 0.328125s user + 0.046875s system = 0.375000s CPU (53.9%)

PHY-3001 : Update density targets...
PHY-3001 : Update congestion history...
PHY-3001 : Update timing in global mode ...
RUN-1002 : start command "start_timer -report"
TMR-2505 : Start building timing graph for model CortexM0_SoC.
TMR-2506 : Build timing graph completely. Port num: 18, tpin num: 44904, tnet num: 10311, tinst num: 4519, tnode num: 52829, tedge num: 75987.
TMR-2508 : Levelizing timing graph completed, there are 69 levels in total.
TMR-2501 : Timing graph initialized successfully.
RUN-1003 : finish command "start_timer -report" in  1.011314s wall, 0.640625s user + 0.000000s system = 0.640625s CPU (63.3%)

RUN-1004 : used memory is 519 MB, reserved memory is 516 MB, peak memory is 546 MB
TMR-2503 : Start to update net delay, extr mode = 5.
TMR-2504 : Update delay of 10311 nets completely.
TMR-2502 : Annotate delay completely, extr mode = 5.
TMR-3001 : Initiate 5 clocks from SDC.
TMR-3004 : Map sdc constraints, there are 12 constraints in total.
TMR-3003 : Constraints initiated successfully.
TMR-3501 : Forward propagation: start to calculate arrival time...
TMR-3502 : Backward propagation: start to calculate required time...
TMR-3503 : Timing propagation completes.
PHY-3001 : End timing update;  1.460628s wall, 0.921875s user + 0.000000s system = 0.921875s CPU (63.1%)

PHY-3001 : :::0::: Try harder cell spreading with beta_ = 0
PHY-3002 : Step(212): len = 596841, overlap = 0
PHY-3002 : Step(213): len = 596841, overlap = 0
PHY-3001 : Run with size of 2
PHY-3001 : Cell area utilization is 51%
PHY-3001 : Analyzing congestion ...
PHY-1001 : Generate routing nets ...
PHY-1001 : Incremental mode ON
PHY-1001 : Reuse net number 9460/10313.
PHY-1001 : Global iterations in 18 thread ...
PHY-1002 : len = 754488, over cnt = 11(0%), over = 11, worst = 1
PHY-1002 : len = 754544, over cnt = 3(0%), over = 3, worst = 1
PHY-1002 : len = 754560, over cnt = 0(0%), over = 0, worst = 0
PHY-1001 : End global iterations;  0.283310s wall, 0.203125s user + 0.015625s system = 0.218750s CPU (77.2%)

PHY-1001 : Congestion index: top1 = 49.42, top5 = 43.98, top10 = 40.88, top15 = 38.77.
PHY-3001 : End congestion estimation;  0.488884s wall, 0.375000s user + 0.015625s system = 0.390625s CPU (79.9%)

PHY-3001 : Update density targets...
PHY-3001 : Update congestion history...
PHY-3001 : Update timing in global mode ...
TMR-2503 : Start to update net delay, extr mode = 5.
TMR-2504 : Update delay of 10311 nets completely.
TMR-2502 : Annotate delay completely, extr mode = 5.
TMR-3501 : Forward propagation: start to calculate arrival time...
TMR-3502 : Backward propagation: start to calculate required time...
TMR-3503 : Timing propagation completes.
PHY-3001 : End timing update;  0.439690s wall, 0.296875s user + 0.000000s system = 0.296875s CPU (67.5%)

PHY-3001 : :::0::: Try harder cell spreading with beta_ = 0.000737912
PHY-3002 : Step(214): len = 596841, overlap = 0.25
PHY-3002 : Step(215): len = 596841, overlap = 0.25
PHY-3001 : Legalization ...
PHY-3001 : End legalization;  0.003921s wall, 0.000000s user + 0.000000s system = 0.000000s CPU (n/a%)

PHY-3001 : Legalized: Len = 596774, Over = 0
PHY-3001 : End spreading;  0.026017s wall, 0.000000s user + 0.000000s system = 0.000000s CPU (n/a%)

PHY-3001 : Final: Len = 596774, Over = 0
PHY-3001 : End incremental placement;  3.348222s wall, 1.953125s user + 0.078125s system = 2.031250s CPU (60.7%)

OPT-1001 : Total overflow 0.00 peak overflow 0.00
OPT-1001 : End high-fanout net optimization;  5.201291s wall, 2.781250s user + 0.078125s system = 2.859375s CPU (55.0%)

OPT-1001 : Current memory(MB): used = 552, reserve = 544, peak = 554.
OPT-1001 : Start path based optimization ...
OPT-1001 : Start congestion update ...
RUN-1001 : Generating global routing grids ...
PHY-1001 : Generate routing nets ...
PHY-1001 : Reuse net number 9466/10313.
PHY-1001 : Global iterations in 18 thread ...
PHY-1002 : len = 754480, over cnt = 4(0%), over = 6, worst = 2
PHY-1002 : len = 754472, over cnt = 1(0%), over = 1, worst = 1
PHY-1002 : len = 754496, over cnt = 0(0%), over = 0, worst = 0
PHY-1001 : End global iterations;  0.267243s wall, 0.140625s user + 0.000000s system = 0.140625s CPU (52.6%)

PHY-1001 : Congestion index: top1 = 49.48, top5 = 43.96, top10 = 40.87, top15 = 38.76.
OPT-1001 : End congestion update;  0.462908s wall, 0.296875s user + 0.000000s system = 0.296875s CPU (64.1%)

OPT-1001 : Update timing in Manhattan mode
TMR-2503 : Start to update net delay, extr mode = 3.
TMR-2504 : Update delay of 10311 nets completely.
TMR-2502 : Annotate delay completely, extr mode = 3.
TMR-3501 : Forward propagation: start to calculate arrival time...
TMR-3502 : Backward propagation: start to calculate required time...
TMR-3503 : Timing propagation completes.
OPT-1001 : End timing update;  0.341530s wall, 0.203125s user + 0.000000s system = 0.203125s CPU (59.5%)

OPT-0007 : Start: WNS -3058 TNS -237264 NUM_FEPS 291
PHY-3001 : Start incremental legalization ...
PHY-1001 : Populate physical database on model CortexM0_SoC.
PHY-3001 : Initial placement ...
PHY-3001 : eco special cells: 1 has valid locations, 0 needs to be replaced
PHY-3001 : eco pad cells: 100 has valid locations, 0 needs to be replaced
PHY-3001 : eco cells: 4417 has valid locations, 0 needs to be replaced
PHY-3001 : design contains 4519 instances, 4389 slices, 139 macros(721 instances: 471 mslices 250 lslices)
PHY-3001 : Cell area utilization is 51%
PHY-3001 : Initial: Len = 611388, Over = 0
PHY-3001 : Spreading special nets. 11 overflows in 2952 tiles.
PHY-3001 : End spreading;  0.025404s wall, 0.031250s user + 0.000000s system = 0.031250s CPU (123.0%)

PHY-3001 : 16 instances has been re-located, deltaX = 2, deltaY = 10, maxDist = 1.
PHY-3001 : Final: Len = 611546, Over = 0
PHY-3001 : End incremental legalization;  0.185176s wall, 0.140625s user + 0.000000s system = 0.140625s CPU (75.9%)

OPT-0007 : Iter 1: improved WNS -3058 TNS -190161 NUM_FEPS 286 with 160 cells processed and 31605 slack improved
OPT-0007 : Iter 2: improved WNS -3058 TNS -190161 NUM_FEPS 286 with 0 cells processed and 0 slack improved
OPT-1001 : End path based optimization;  1.202252s wall, 0.718750s user + 0.000000s system = 0.718750s CPU (59.8%)

OPT-1001 : Current memory(MB): used = 552, reserve = 544, peak = 554.
OPT-1001 : Update timing in Manhattan mode
TMR-2503 : Start to update net delay, extr mode = 3.
TMR-2504 : Update delay of 10311 nets completely.
TMR-2502 : Annotate delay completely, extr mode = 3.
TMR-3501 : Forward propagation: start to calculate arrival time...
TMR-3502 : Backward propagation: start to calculate required time...
TMR-3503 : Timing propagation completes.
OPT-1001 : End timing update;  0.337413s wall, 0.203125s user + 0.000000s system = 0.203125s CPU (60.2%)

OPT-1001 : Start pin optimization...
OPT-1001 : skip pin optimization...
RUN-1001 : Generating global routing grids ...
PHY-1001 : Generate routing nets ...
PHY-1001 : Reuse net number 8944/10313.
PHY-1001 : Global iterations in 18 thread ...
PHY-1002 : len = 768440, over cnt = 128(0%), over = 208, worst = 5
PHY-1002 : len = 769224, over cnt = 61(0%), over = 82, worst = 4
PHY-1002 : len = 769736, over cnt = 19(0%), over = 26, worst = 3
PHY-1002 : len = 769920, over cnt = 8(0%), over = 9, worst = 2
PHY-1002 : len = 770024, over cnt = 0(0%), over = 0, worst = 0
PHY-1001 : End global iterations;  0.561919s wall, 0.328125s user + 0.000000s system = 0.328125s CPU (58.4%)

PHY-1001 : Congestion index: top1 = 49.85, top5 = 44.31, top10 = 41.31, top15 = 39.24.
OPT-1001 : Update timing in Manhattan mode
TMR-2503 : Start to update net delay, extr mode = 3.
TMR-2504 : Update delay of 10311 nets completely.
TMR-2502 : Annotate delay completely, extr mode = 3.
TMR-3501 : Forward propagation: start to calculate arrival time...
TMR-3502 : Backward propagation: start to calculate required time...
TMR-3503 : Timing propagation completes.
OPT-1001 : End timing update;  0.347841s wall, 0.156250s user + 0.000000s system = 0.156250s CPU (44.9%)

RUN-1001 : QoR Analysis:
OPT-0007 :   WNS -3058 TNS -190461 NUM_FEPS 286
RUN-1001 :   No local congestion issue, and most congested 1% tile average routing util is 49.448276
RUN-1001 :   Top critical paths
RUN-1001 :       #1 path slack -3058ps with logic level 2 and starts from PAD
RUN-1001 :   0 HFN exist on timing critical paths out of 10313 nets
RUN-1001 :   0 long nets exist on timing critical paths out of 10313 nets
OPT-1001 : End physical optimization;  9.032536s wall, 4.843750s user + 0.093750s system = 4.937500s CPU (54.7%)

RUN-1003 : finish command "place" in  28.607558s wall, 12.953125s user + 0.531250s system = 13.484375s CPU (47.1%)

RUN-1004 : used memory is 471 MB, reserved memory is 462 MB, peak memory is 554 MB
RUN-1002 : start command "export_db m0soc_place.db"
RUN-1001 : Exported /
RUN-1001 : Exported flow parameters
RUN-1001 : Exported libs
RUN-1001 : Exported entities
RUN-1001 : Exported ports
RUN-1001 : Exported pins
RUN-1001 : Exported instances
RUN-1001 : Exported nets
RUN-1001 : Exported buses
RUN-1001 : Exported models
RUN-1001 : Exported congestions
RUN-1001 : Exported violations
RUN-1001 : Exported timing constraints
RUN-1001 : Exported IO constraints
RUN-1001 : Exported Inst constraints
RUN-1003 : finish command "export_db m0soc_place.db" in  1.148875s wall, 0.734375s user + 0.031250s system = 0.765625s CPU (66.6%)

RUN-1004 : used memory is 472 MB, reserved memory is 464 MB, peak memory is 554 MB
RUN-1002 : start command "route"
RUN-1001 : Open license file D:/eg4s20/TD 5.6.2/license/Anlogic.lic
RUN-1001 : Print Global Property
RUN-1001 : ---------------------------------------------------------------
RUN-1001 :        Parameters        |  Settings  |  Default Values  |  Note  
RUN-1001 : ---------------------------------------------------------------
RUN-1001 :          message         |  standard  |     standard     |        
RUN-1001 :   mixed_pack_place_flow  |     on     |        on        |        
RUN-1001 :        qor_monitor       |    off     |       off        |        
RUN-1001 :        syn_ip_flow       |    off     |       off        |        
RUN-1001 :          thread          |    auto    |       auto       |        
RUN-1001 : ---------------------------------------------------------------
RUN-1001 : Print Route Property
RUN-1001 : -------------------------------------------------------
RUN-1001 :    Parameters    |  Settings  |  Default Values  |  Note  
RUN-1001 : -------------------------------------------------------
RUN-1001 :      effort      |   medium   |      medium      |        
RUN-1001 :     fix_hold     |    off     |       off        |        
RUN-1001 :    opt_timing    |   medium   |      medium      |        
RUN-1001 :   phy_sim_model  |    off     |       off        |        
RUN-1001 :     priority     |   timing   |      timing      |        
RUN-1001 :     swap_pin     |     on     |        on        |        
RUN-1001 : -------------------------------------------------------
PHY-1001 : Route runs in 18 thread(s)
RUN-1001 : There are total 4521 instances
RUN-1001 : 2193 mslices, 2196 lslices, 100 pads, 25 brams, 3 dsps
RUN-1001 : There are total 10313 nets
RUN-6004 WARNING: There are 1 nets with only 1 pin.
RUN-1001 : 5455 nets have 2 pins
RUN-1001 : 3415 nets have [3 - 5] pins
RUN-1001 : 853 nets have [6 - 10] pins
RUN-1001 : 338 nets have [11 - 20] pins
RUN-1001 : 245 nets have [21 - 99] pins
RUN-1001 : 6 nets have 100+ pins
RUN-1002 : start command "start_timer -report"
TMR-2505 : Start building timing graph for model CortexM0_SoC.
TMR-2506 : Build timing graph completely. Port num: 18, tpin num: 44904, tnet num: 10311, tinst num: 4519, tnode num: 52829, tedge num: 75987.
TMR-2508 : Levelizing timing graph completed, there are 69 levels in total.
TMR-2501 : Timing graph initialized successfully.
PHY-1001 : 2193 mslices, 2196 lslices, 100 pads, 25 brams, 3 dsps
TMR-2503 : Start to update net delay, extr mode = 3.
TMR-2504 : Update delay of 10311 nets completely.
TMR-2502 : Annotate delay completely, extr mode = 3.
TMR-3001 : Initiate 5 clocks from SDC.
TMR-3004 : Map sdc constraints, there are 12 constraints in total.
TMR-3003 : Constraints initiated successfully.
TMR-3501 : Forward propagation: start to calculate arrival time...
TMR-3502 : Backward propagation: start to calculate required time...
TMR-3503 : Timing propagation completes.
PHY-1001 : Start global routing, caller is route ...
RUN-1001 : Generating global routing grids ...
PHY-1001 : Generate routing nets ...
PHY-1001 : Global iterations in 18 thread ...
PHY-1002 : len = 734520, over cnt = 1375(3%), over = 2275, worst = 8
PHY-1002 : len = 744288, over cnt = 689(1%), over = 987, worst = 8
PHY-1002 : len = 752048, over cnt = 210(0%), over = 283, worst = 8
PHY-1002 : len = 755424, over cnt = 0(0%), over = 0, worst = 0
PHY-1001 : End global iterations;  0.770002s wall, 0.250000s user + 0.015625s system = 0.265625s CPU (34.5%)

PHY-1001 : Congestion index: top1 = 49.53, top5 = 43.95, top10 = 40.78, top15 = 38.74.
PHY-1001 : End global routing;  0.953171s wall, 0.281250s user + 0.015625s system = 0.296875s CPU (31.1%)

PHY-1001 : Start detail routing ...
PHY-1001 : Current memory(MB): used = 552, reserve = 543, peak = 555.
PHY-1001 : Detailed router is running in normal mode.
PHY-1001 : Generate detailed routing grids ...
PHY-1001 : Generate nets ...
PHY-1001 : net SWCLK_dup_1 will be routed on clock mesh
PHY-1001 : net clk_dup_11 will be routed on clock mesh
PHY-1001 : net clk_148m_vga_dup_1 will be routed on clock mesh
PHY-1001 : net sd_reader/clk will be routed on clock mesh
PHY-1001 : net sdram_top_inst/clk_out will be routed on clock mesh
PHY-1001 : net sdram_top_inst/fifo_ctrl_inst/sys_clk will be routed on clock mesh
PHY-5010 WARNING: Net sdram_top_inst/fifo_ctrl_inst/rd_fifo_data/rd_to_wr_cross_inst/sync_r1[0] is skipped due to 0 input or output
PHY-5010 WARNING: Net sdram_top_inst/fifo_ctrl_inst/rd_fifo_data/rd_to_wr_cross_inst/sync_r1[0] is skipped due to 0 input or output
PHY-1001 : Current memory(MB): used = 807, reserve = 800, peak = 807.
PHY-1001 : End build detailed router design. 2.790539s wall, 1.656250s user + 0.000000s system = 1.656250s CPU (59.4%)

PHY-1001 : Detail Route ...
PHY-1001 : ===== Detail Route Phase 1 =====
PHY-1001 : Clock net routing.....
PHY-1001 : Routed 0% nets.
PHY-1022 : len = 119232, over cnt = 0(0%), over = 0, worst = 0, crit = 0
PHY-1001 : End initial clock net routed; 1.445871s wall, 0.968750s user + 0.000000s system = 0.968750s CPU (67.0%)

PHY-1001 : Current memory(MB): used = 841, reserve = 836, peak = 841.
PHY-1001 : End phase 1; 1.451410s wall, 0.968750s user + 0.000000s system = 0.968750s CPU (66.7%)

PHY-1001 : ===== Detail Route Phase 2 =====
PHY-1001 : Initial routing.....
PHY-1001 : Routed 41% nets.
PHY-1001 : Routed 47% nets.
PHY-1001 : Routed 57% nets.
PHY-1001 : Routed 70% nets.
PHY-1001 : Routed 93% nets.
PHY-1022 : len = 1.98588e+06, over cnt = 707(0%), over = 712, worst = 2, crit = 0
PHY-1001 : Current memory(MB): used = 845, reserve = 838, peak = 846.
PHY-1001 : End initial routed; 25.381749s wall, 12.937500s user + 0.140625s system = 13.078125s CPU (51.5%)

PHY-1001 : Update timing.....
PHY-1001 : 261/9683(2%) critical/total net(s).
RUN-1001 : ---------------------------------------
RUN-1001 :   Type   |  WNS(ns)  |  TNS(ns)   |  FEP  
RUN-1001 : ---------------------------------------
RUN-1001 :   Setup  |  -4.428   |  -896.219  |  353  
RUN-1001 :   Hold   |   0.112   |   0.000    |   0   
RUN-1001 : ---------------------------------------
PHY-1001 : End update timing; 1.586574s wall, 0.656250s user + 0.000000s system = 0.656250s CPU (41.4%)

PHY-1001 : Current memory(MB): used = 852, reserve = 845, peak = 852.
PHY-1001 : End phase 2; 26.968387s wall, 13.593750s user + 0.140625s system = 13.734375s CPU (50.9%)

PHY-1001 : ===== Detail Route Phase 3 =====
PHY-1001 : Optimize timing.....
PHY-1001 : ===== OPT Iter 1 =====
PHY-1001 : Processed 23 pins with SWNS -4.089ns STNS -885.953ns FEP 353.
PHY-1001 : End OPT Iter 1; 0.174280s wall, 0.125000s user + 0.000000s system = 0.125000s CPU (71.7%)

PHY-1022 : len = 1.98611e+06, over cnt = 725(0%), over = 730, worst = 2, crit = 0
PHY-1001 : End optimize timing; 0.303093s wall, 0.250000s user + 0.000000s system = 0.250000s CPU (82.5%)

PHY-1001 : Ripup-reroute.....
PHY-1001 : ===== DR Iter 1 =====
PHY-1022 : len = 1.96022e+06, over cnt = 191(0%), over = 191, worst = 1, crit = 0
PHY-1001 : End DR Iter 1; 1.149110s wall, 1.000000s user + 0.000000s system = 1.000000s CPU (87.0%)

PHY-1001 : ===== DR Iter 2 =====
PHY-1022 : len = 1.95729e+06, over cnt = 29(0%), over = 29, worst = 1, crit = 0
PHY-1001 : End DR Iter 2; 0.276728s wall, 0.218750s user + 0.000000s system = 0.218750s CPU (79.0%)

PHY-1001 : ===== DR Iter 3 =====
PHY-1022 : len = 1.95677e+06, over cnt = 2(0%), over = 2, worst = 1, crit = 0
PHY-1001 : End DR Iter 3; 0.152090s wall, 0.031250s user + 0.000000s system = 0.031250s CPU (20.5%)

PHY-1001 : ===== DR Iter 4 =====
PHY-1022 : len = 1.95682e+06, over cnt = 0(0%), over = 0, worst = 0, crit = 0
PHY-1001 : End DR Iter 4; 0.095167s wall, 0.000000s user + 0.000000s system = 0.000000s CPU (n/a%)

PHY-1001 : Update timing.....
PHY-1001 : 263/9683(2%) critical/total net(s).
RUN-1001 : ---------------------------------------
RUN-1001 :   Type   |  WNS(ns)  |  TNS(ns)   |  FEP  
RUN-1001 : ---------------------------------------
RUN-1001 :   Setup  |  -4.089   |  -887.279  |  353  
RUN-1001 :   Hold   |   0.112   |   0.000    |   0   
RUN-1001 : ---------------------------------------
PHY-1001 : End update timing; 1.562644s wall, 1.187500s user + 0.000000s system = 1.187500s CPU (76.0%)

PHY-1001 : Commit to database.....
PHY-5014 WARNING: Detail route doesn't find pib for clk_gen_inst/pll_inst.fbclk[0]
PHY-1001 : 227 feed throughs used by 135 nets
PHY-1001 : End commit to database; 1.143058s wall, 0.906250s user + 0.015625s system = 0.921875s CPU (80.6%)

PHY-1001 : Current memory(MB): used = 921, reserve = 917, peak = 921.
PHY-1001 : End phase 3; 4.869059s wall, 3.828125s user + 0.015625s system = 3.843750s CPU (78.9%)

PHY-1001 : ===== Detail Route Phase 4 =====
PHY-1001 : Optimize timing.....
PHY-1001 : ===== OPT Iter 1 =====
PHY-1001 : Processed 17 pins with SWNS -4.089ns STNS -885.953ns FEP 353.
PHY-1001 : End OPT Iter 1; 0.179353s wall, 0.140625s user + 0.000000s system = 0.140625s CPU (78.4%)

PHY-1022 : len = 1.95683e+06, over cnt = 3(0%), over = 3, worst = 1, crit = 0
PHY-1001 : End optimize timing; 0.317892s wall, 0.250000s user + 0.000000s system = 0.250000s CPU (78.6%)

PHY-0007 : Phase: 4; Congestion: {, , , }; Timing: {-4.089ns, -885.953ns, 353}
PHY-1001 : Ripup-reroute.....
PHY-1001 : ===== DR Iter 1 =====
PHY-1022 : len = 1.95683e+06, over cnt = 0(0%), over = 0, worst = 0, crit = 0
PHY-1001 : End DR Iter 1; 0.093806s wall, 0.109375s user + 0.000000s system = 0.109375s CPU (116.6%)

PHY-1001 : Update timing.....
PHY-1001 : 251/9683(2%) critical/total net(s).
RUN-1001 : ---------------------------------------
RUN-1001 :   Type   |  WNS(ns)  |  TNS(ns)   |  FEP  
RUN-1001 : ---------------------------------------
RUN-1001 :   Setup  |  -4.089   |  -887.006  |  353  
RUN-1001 :   Hold   |   0.112   |   0.000    |   0   
RUN-1001 : ---------------------------------------
PHY-1001 : End update timing; 1.555656s wall, 1.187500s user + 0.000000s system = 1.187500s CPU (76.3%)

PHY-1001 : Commit to database.....
PHY-5014 WARNING: Detail route doesn't find pib for clk_gen_inst/pll_inst.fbclk[0]
PHY-1001 : 227 feed throughs used by 135 nets
PHY-1001 : End commit to database; 1.201229s wall, 0.937500s user + 0.000000s system = 0.937500s CPU (78.0%)

PHY-1001 : Current memory(MB): used = 926, reserve = 922, peak = 926.
PHY-1001 : End phase 4; 3.193842s wall, 2.500000s user + 0.000000s system = 2.500000s CPU (78.3%)

PHY-1003 : Routed, final wirelength = 1.95683e+06
PHY-1001 : Current memory(MB): used = 928, reserve = 924, peak = 928.
PHY-1001 : End export database. 0.031108s wall, 0.000000s user + 0.000000s system = 0.000000s CPU (n/a%)

PHY-1001 : End detail routing;  39.537900s wall, 22.734375s user + 0.156250s system = 22.890625s CPU (57.9%)

RUN-1003 : finish command "route" in  41.894213s wall, 23.468750s user + 0.171875s system = 23.640625s CPU (56.4%)

RUN-1004 : used memory is 875 MB, reserved memory is 874 MB, peak memory is 928 MB
RUN-1002 : start command "report_area -io_info -file m0soc_phy.area"
RUN-1001 : standard
***Report Model: CortexM0_SoC Device: EG4S20BG256***

IO Statistics
#IO                        45
  #input                   11
  #output                  32
  #inout                    2

Utilization Statistics
#lut                     8074   out of  19600   41.19%
#reg                     3155   out of  19600   16.10%
#le                      8469
  #lut only              5314   out of   8469   62.75%
  #reg only               395   out of   8469    4.66%
  #lut&reg               2760   out of   8469   32.59%
#dsp                        3   out of     29   10.34%
#bram                      17   out of     64   26.56%
  #bram9k                  17
  #fifo9k                   0
#bram32k                    8   out of     16   50.00%
#pad                       45   out of    188   23.94%
  #ireg                     5
  #oreg                     6
  #treg                     1
#pll                        1   out of      4   25.00%
#gclk                       0   out of     16    0.00%

Clock Resource Statistics
Index     ClockNet                                 Type               DriverType         Driver                         Fanout
#1        clk_dup_11                               GCLK               io                 clk_syn_12.di                  1627
#2        sd_reader/clk                            GCLK               pll                clk_gen_inst/pll_inst.clkc1    250
#3        sdram_top_inst/fifo_ctrl_inst/sys_clk    GCLK               pll                clk_gen_inst/pll_inst.clkc4    247
#4        SWCLK_dup_1                              GCLK               io                 SWCLK_syn_2.di                 87
#5        clk_148m_vga_dup_1                       GCLK               pll                clk_gen_inst/pll_inst.clkc3    58
#6        sdram_top_inst/clk_out                   GCLK               pll                clk_gen_inst/pll_inst.clkc0    0


Detailed IO Report

      Name        Direction    Location    IOStandard    DriveStrength    PullType     PackReg   
      RSTn          INPUT        G11        LVCMOS33          N/A          PULLUP       NONE     
     SWCLK          INPUT         F9        LVCMOS25          N/A           N/A         NONE     
      clk           INPUT        K14        LVCMOS33          N/A          PULLUP       NONE     
     col[3]         INPUT        G12        LVTTL33           N/A          PULLUP       NONE     
     col[2]         INPUT        J13        LVTTL33           N/A          PULLUP       NONE     
     col[1]         INPUT        L12        LVTTL33           N/A          PULLUP       NONE     
     col[0]         INPUT        H14        LVTTL33           N/A          PULLUP       NONE     
     sddat0         INPUT         P1        LVCMOS33          N/A          PULLUP       IREG     
     sddat1         INPUT         N1        LVCMOS33          N/A          PULLUP       IREG     
     sddat2         INPUT         R2        LVCMOS33          N/A          PULLUP       IREG     
     sddat3         INPUT         R1        LVCMOS33          N/A          PULLUP       IREG     
     LED[3]        OUTPUT         N4        LVCMOS33           8            NONE        OREG     
     LED[2]        OUTPUT         N3        LVCMOS33           8            NONE        OREG     
     LED[1]        OUTPUT         M4        LVCMOS33           8            NONE        OREG     
     LED[0]        OUTPUT         M3        LVCMOS33           8            NONE        OREG     
  clk_148m_vga     OUTPUT         H2        LVCMOS33           8            NONE        NONE     
    rgb_b[7]       OUTPUT         C1        LVCMOS33           8            NONE        NONE     
    rgb_b[6]       OUTPUT         D1        LVCMOS33           8            NONE        NONE     
    rgb_b[5]       OUTPUT         E2        LVCMOS33           8            NONE        NONE     
    rgb_b[4]       OUTPUT         G3        LVCMOS33           8            NONE        NONE     
    rgb_b[3]       OUTPUT         E1        LVCMOS33           8            NONE        NONE     
    rgb_b[2]       OUTPUT         F2        LVCMOS33           8            NONE        NONE     
    rgb_b[1]       OUTPUT         F1        LVCMOS33           8            NONE        NONE     
    rgb_b[0]       OUTPUT         G1        LVCMOS33           8            NONE        NONE     
    rgb_g[7]       OUTPUT         H5        LVCMOS33           8            NONE        NONE     
    rgb_g[6]       OUTPUT         H1        LVCMOS33           8            NONE        NONE     
    rgb_g[5]       OUTPUT         J6        LVCMOS33           8            NONE        NONE     
    rgb_g[4]       OUTPUT         H3        LVCMOS33           8            NONE        NONE     
    rgb_g[3]       OUTPUT         J1        LVCMOS33           8            NONE        NONE     
    rgb_g[2]       OUTPUT         K1        LVCMOS33           8            NONE        NONE     
    rgb_g[1]       OUTPUT         K2        LVCMOS33           8            NONE        NONE     
    rgb_g[0]       OUTPUT         L1        LVCMOS33           8            NONE        NONE     
    rgb_r[7]       OUTPUT         K6        LVCMOS33           8            NONE        NONE     
    rgb_r[6]       OUTPUT         K3        LVCMOS33           8            NONE        NONE     
    rgb_r[5]       OUTPUT         K5        LVCMOS33           8            NONE        NONE     
    rgb_r[4]       OUTPUT         L4        LVCMOS33           8            NONE        NONE     
    rgb_r[3]       OUTPUT         M1        LVCMOS33           8            NONE        NONE     
    rgb_r[2]       OUTPUT         M2        LVCMOS33           8            NONE        NONE     
    rgb_r[1]       OUTPUT         L3        LVCMOS33           8            NONE        NONE     
    rgb_r[0]       OUTPUT         L5        LVCMOS33           8            NONE        NONE     
     sdclk         OUTPUT         M9        LVCMOS33           8            NONE        OREG     
     vga_hs        OUTPUT         J3        LVCMOS33           8            NONE        NONE     
     vga_vs        OUTPUT         J4        LVCMOS33           8            NONE        NONE     
     SWDIO          INOUT        H16        LVCMOS33           8            N/A         IREG     
     sdcmd          INOUT         P2        LVCMOS33           8           PULLUP     OREG;TREG  
      dm0          OUTPUT        S14        LVCMOS25           8            NONE        NONE     
      cke          OUTPUT        S18        LVCMOS25           8            NONE        NONE     
      we_n         OUTPUT        S19        LVCMOS25           8            NONE        NONE     
     cas_n         OUTPUT        S20        LVCMOS25           8            NONE        NONE     
     ras_n         OUTPUT        S21        LVCMOS25           8            NONE        NONE     
      cs_n         OUTPUT        S22        LVCMOS25           8            NONE        NONE     
    addr[9]        OUTPUT        S23        LVCMOS25           8            NONE        NONE     
    addr[8]        OUTPUT        S24        LVCMOS25           8            NONE        NONE     
    addr[7]        OUTPUT        S25        LVCMOS25           8            NONE        NONE     
    addr[6]        OUTPUT        S26        LVCMOS25           8            NONE        NONE     
    addr[5]        OUTPUT        S27        LVCMOS25           8            NONE        NONE     
    addr[4]        OUTPUT        S28        LVCMOS25           8            NONE        NONE     
      dm2          OUTPUT        S29        LVCMOS25           8            NONE        NONE     
      dm3          OUTPUT        S61        LVCMOS25           8            NONE        NONE     
    addr[3]        OUTPUT        S64        LVCMOS25           8            NONE        NONE     
    addr[2]        OUTPUT        S65        LVCMOS25           8            NONE        NONE     
    addr[1]        OUTPUT        S66        LVCMOS25           8            NONE        NONE     
    addr[0]        OUTPUT        S67        LVCMOS25           8            NONE        NONE     
    addr[10]       OUTPUT        S68        LVCMOS25           8            NONE        NONE     
     ba[0]         OUTPUT        S69        LVCMOS25           8            NONE        NONE     
     ba[1]         OUTPUT        S70        LVCMOS25           8            NONE        NONE     
      clk          OUTPUT        S73        LVCMOS25           8            NONE        NONE     
      dm1          OUTPUT        S76        LVCMOS25           8            NONE        NONE     
     dq[0]          INOUT         S1        LVCMOS25           8           PULLUP     IREG;TREG  
     dq[6]          INOUT        S11        LVCMOS25           8           PULLUP     IREG;TREG  
     dq[7]          INOUT        S12        LVCMOS25           8           PULLUP     IREG;TREG  
     dq[1]          INOUT         S2        LVCMOS25           8           PULLUP     IREG;TREG  
     dq[23]         INOUT        S31        LVCMOS25           8           PULLUP     IREG;TREG  
     dq[22]         INOUT        S32        LVCMOS25           8           PULLUP     IREG;TREG  
     dq[21]         INOUT        S35        LVCMOS25           8           PULLUP     IREG;TREG  
     dq[20]         INOUT        S36        LVCMOS25           8           PULLUP     IREG;TREG  
     dq[19]         INOUT        S37        LVCMOS25           8           PULLUP     IREG;TREG  
     dq[18]         INOUT        S38        LVCMOS25           8           PULLUP     IREG;TREG  
     dq[17]         INOUT        S41        LVCMOS25           8           PULLUP     IREG;TREG  
     dq[16]         INOUT        S42        LVCMOS25           8           PULLUP     IREG;TREG  
     dq[31]         INOUT        S48        LVCMOS25           8           PULLUP     IREG;TREG  
     dq[30]         INOUT        S49        LVCMOS25           8           PULLUP     IREG;TREG  
     dq[2]          INOUT         S5        LVCMOS25           8           PULLUP     IREG;TREG  
     dq[29]         INOUT        S52        LVCMOS25           8           PULLUP     IREG;TREG  
     dq[28]         INOUT        S53        LVCMOS25           8           PULLUP     IREG;TREG  
     dq[27]         INOUT        S54        LVCMOS25           8           PULLUP     IREG;TREG  
     dq[26]         INOUT        S55        LVCMOS25           8           PULLUP     IREG;TREG  
     dq[25]         INOUT        S58        LVCMOS25           8           PULLUP     IREG;TREG  
     dq[24]         INOUT        S59        LVCMOS25           8           PULLUP     IREG;TREG  
     dq[3]          INOUT         S6        LVCMOS25           8           PULLUP     IREG;TREG  
     dq[4]          INOUT         S7        LVCMOS25           8           PULLUP     IREG;TREG  
     dq[8]          INOUT        S78        LVCMOS25           8           PULLUP     IREG;TREG  
     dq[9]          INOUT        S79        LVCMOS25           8           PULLUP     IREG;TREG  
     dq[5]          INOUT         S8        LVCMOS25           8           PULLUP     IREG;TREG  
     dq[10]         INOUT        S82        LVCMOS25           8           PULLUP     IREG;TREG  
     dq[11]         INOUT        S83        LVCMOS25           8           PULLUP     IREG;TREG  
     dq[12]         INOUT        S84        LVCMOS25           8           PULLUP     IREG;TREG  
     dq[13]         INOUT        S85        LVCMOS25           8           PULLUP     IREG;TREG  
     dq[14]         INOUT        S88        LVCMOS25           8           PULLUP     IREG;TREG  
     dq[15]         INOUT        S89        LVCMOS25           8           PULLUP     IREG;TREG  

Report Hierarchy Area:
+----------------------------------------------------------------------------------------------------------------------------------+
|Instance                    |Module                                          |le     |lut     |ripple  |seq     |bram    |dsp     |
+----------------------------------------------------------------------------------------------------------------------------------+
|top                         |CortexM0_SoC                                    |8469   |7353    |721     |3167    |25      |3       |
|  ISP                       |AHBISP                                          |1321   |729     |339     |773     |8       |0       |
|    u_5X5Window             |slidingWindow_5X5                               |580    |265     |145     |337     |8       |0       |
|      u_fifo_1              |fifo_buf                                        |73     |32      |18      |44      |2       |0       |
|        ram_inst            |ram_infer_fifo_buf                              |7      |4       |0       |7       |2       |0       |
|      u_fifo_2              |fifo_buf                                        |63     |26      |18      |36      |2       |0       |
|        ram_inst            |ram_infer_fifo_buf                              |6      |4       |0       |6       |2       |0       |
|      u_fifo_3              |fifo_buf                                        |70     |34      |18      |43      |2       |0       |
|        ram_inst            |ram_infer_fifo_buf                              |9      |9       |0       |9       |2       |0       |
|      u_fifo_4              |fifo_buf                                        |65     |28      |18      |40      |2       |0       |
|        ram_inst            |ram_infer_fifo_buf                              |6      |6       |0       |6       |2       |0       |
|    u_bypass                |bypass                                          |124    |84      |40      |43      |0       |0       |
|    u_demosaic              |demosaic                                        |439    |214     |142     |283     |0       |0       |
|      u1_conv_mask5         |conv_mask5                                      |103    |39      |31      |74      |0       |0       |
|      u2_conv_mask5         |conv_mask5                                      |77     |37      |27      |49      |0       |0       |
|      u_conv_mask4          |conv_mask4                                      |76     |39      |27      |50      |0       |0       |
|      u_conv_mask6          |conv_mask6                                      |85     |39      |33      |66      |0       |0       |
|    u_gamma                 |gamma                                           |33     |33      |0       |15      |0       |0       |
|      u_blue_gamma_rom      |gamma_rom                                       |12     |12      |0       |6       |0       |0       |
|      u_green_gamma_rom     |gamma_rom                                       |13     |13      |0       |5       |0       |0       |
|      u_red_gamma_rom       |gamma_rom                                       |8      |8       |0       |4       |0       |0       |
|  Interconncet              |AHBlite_Interconnect                            |16     |9       |7       |6       |0       |0       |
|    SlaveMUX                |AHBlite_SlaveMUX                                |16     |9       |7       |6       |0       |0       |
|  RAMCODE_Interface         |AHBlite_Block_RAM                               |14     |14      |0       |10      |0       |0       |
|  RAMDATA_Interface         |AHBlite_Block_RAM                               |35     |30      |0       |18      |0       |0       |
|  RAM_CODE                  |Block_RAM                                       |6      |6       |0       |0       |4       |0       |
|  RAM_DATA                  |Block_RAM                                       |4      |4       |0       |0       |4       |0       |
|  U_APB_GPIO                |APB_GPIO                                        |4      |4       |0       |2       |0       |0       |
|  U_APB_SDCARD_CONTROL      |APB_SDCARD_CONTROL                              |27     |19      |0       |22      |0       |0       |
|  U_APB_VGA_CONTROL         |APB_VGA_CONTROL                                 |4      |4       |0       |1       |0       |0       |
|  U_sdram                   |SDRAM                                           |0      |0       |0       |0       |0       |0       |
|  ahb_to_apb                |cmsdk_ahb_to_apb                                |5      |5       |0       |2       |0       |0       |
|  clk_gen_inst              |clk_gen                                         |0      |0       |0       |0       |0       |0       |
|  fifo                      |sd2isp_fifo                                     |131    |70      |18      |104     |1       |0       |
|    ram_inst                |ram_infer_sd2isp_fifo                           |4      |4       |0       |4       |1       |0       |
|    rd_to_wr_cross_inst     |fifo_cross_domain_addr_process_al_sd2isp_fifo   |39     |19      |0       |39      |0       |0       |
|    wr_to_rd_cross_inst     |fifo_cross_domain_addr_process_al_sd2isp_fifo   |32     |25      |0       |32      |0       |0       |
|  kb                        |Keyboard                                        |91     |75      |16      |44      |0       |0       |
|  sd_reader                 |sd_reader                                       |725    |615     |100     |326     |0       |0       |
|    u_sdcmd_ctrl            |sdcmd_ctrl                                      |320    |279     |34      |147     |0       |0       |
|  sdram_top_inst            |sdram_top                                       |719    |538     |119     |416     |8       |0       |
|    fifo_ctrl_inst          |fifo_ctrl                                       |415    |280     |73      |280     |8       |0       |
|      rd_fifo_data          |fifo_data_out                                   |149    |93      |21      |121     |4       |0       |
|        ram_inst            |ram_infer_fifo_data_out                         |18     |17      |0       |18      |4       |0       |
|        rd_to_wr_cross_inst |fifo_cross_domain_addr_process_al_fifo_data_out |38     |21      |0       |38      |0       |0       |
|        wr_to_rd_cross_inst |fifo_cross_domain_addr_process_al_fifo_data_out |35     |26      |0       |35      |0       |0       |
|      wr_fifo_data          |fifo_data                                       |168    |111     |30      |128     |4       |0       |
|        ram_inst            |ram_infer_fifo_data                             |29     |23      |0       |29      |4       |0       |
|        rd_to_wr_cross_inst |fifo_cross_domain_addr_process_al_fifo_data     |37     |24      |0       |37      |0       |0       |
|        wr_to_rd_cross_inst |fifo_cross_domain_addr_process_al_fifo_data     |35     |28      |0       |35      |0       |0       |
|    sdram_ctrl_inst         |sdram_ctrl                                      |304    |258     |46      |136     |0       |0       |
|      sdram_a_ref_inst      |sdram_a_ref                                     |61     |49      |12      |26      |0       |0       |
|      sdram_arbit_inst      |sdram_arbit                                     |32     |32      |0       |13      |0       |0       |
|      sdram_init_inst       |sdram_init                                      |44     |40      |4       |29      |0       |0       |
|      sdram_read_inst       |sdram_read                                      |102    |84      |18      |36      |0       |0       |
|      sdram_write_inst      |sdram_write                                     |65     |53      |12      |32      |0       |0       |
|  u_logic                   |cortexm0ds_logic                                |5146   |5093    |51      |1364    |0       |3       |
|  vga_ctrl_inst             |vga_ctrl                                        |151    |86      |65      |26      |0       |0       |
+----------------------------------------------------------------------------------------------------------------------------------+


DataNet Average Fanout:

   Index     Fanout     Nets  
    #1          1       5409  
    #2          2       2084  
    #3          3       723   
    #4          4       608   
    #5        5-10      915   
    #6        11-50     501   
    #7       51-100      18   
    #8       101-500     1    
  Average     3.15            

RUN-1002 : start command "export_db m0soc_pr.db"
RUN-1001 : Exported /
RUN-1001 : Exported flow parameters
RUN-1001 : Exported libs
RUN-1001 : Exported entities
RUN-1001 : Exported ports
RUN-1001 : Exported pins
RUN-1001 : Exported instances
RUN-1001 : Exported nets
RUN-1001 : Exported buses
RUN-1001 : Exported models
RUN-1001 : Exported congestions
RUN-1001 : Exported violations
RUN-1001 : Exported timing constraints
RUN-1001 : Exported IO constraints
RUN-1001 : Exported Inst constraints
RUN-1003 : finish command "export_db m0soc_pr.db" in  1.398186s wall, 1.265625s user + 0.000000s system = 1.265625s CPU (90.5%)

RUN-1004 : used memory is 876 MB, reserved memory is 875 MB, peak memory is 932 MB
RUN-1002 : start command "start_timer"
TMR-2505 : Start building timing graph for model CortexM0_SoC.
TMR-2506 : Build timing graph completely. Port num: 18, tpin num: 44904, tnet num: 10311, tinst num: 4519, tnode num: 52829, tedge num: 75987.
TMR-2508 : Levelizing timing graph completed, there are 69 levels in total.
TMR-2501 : Timing graph initialized successfully.
RUN-1002 : start command "report_timing -mode FINAL -net_info -rpt_autogen true -file m0soc_phy.timing"
TMR-2503 : Start to update net delay, extr mode = 6.
TMR-2504 : Update delay of 10311 nets completely.
TMR-2502 : Annotate delay completely, extr mode = 6.
TMR-3001 : Initiate 5 clocks from SDC.
TMR-3004 : Map sdc constraints, there are 12 constraints in total.
TMR-3003 : Constraints initiated successfully.
TMR-3501 : Forward propagation: start to calculate arrival time...
TMR-3502 : Backward propagation: start to calculate required time...
TMR-3503 : Timing propagation completes.
TMR-3506 : Start to generate timing report.
TMR-1502 : Number of clock constraints = 5. Number of clock nets = 6 (1 unconstrainted).
TMR-5009 WARNING: No clock constraint on 1 clock net(s): 
		SWCLK_dup_1
TMR-3508 : Export timing summary.
TMR-3507 : Timing report generated successfully in m0soc_phy.timing, timing summary in m0soc_phy.tsm.
RUN-1002 : start command "export_bid m0soc_inst.bid"
PRG-1000 : <!-- HMAC is: dce11d0d02977cd4086fb4622185ca6673c71ea4425c8d079f00dcf7e8aec57f -->
RUN-1002 : start command "bitgen -bit m0soc.bit"
BIT-1003 : Start to generate bitstream. 
BIT-1002 : Init instances with 18 threads.
BIT-1002 : Init instances completely, inst num: 4519
BIT-1002 : Init pips with 18 threads.
BIT-1002 : Init pips completely, net num: 10313, pip num: 122042
BIT-1002 : Init feedthrough with 18 threads.
BIT-1002 : Init feedthrough completely, num: 227
BIT-1003 : Multithreading accelaration with 18 threads.
BIT-1003 : Generate bitstream completely, there are 3166 valid insts, and 328807 bits set as '1'.
BIT-1004 : the usercode register value: 00000000110000010000000000000000
BIT-1004 : PLL setting string = 0001
BIT-1004 : Generate bits file m0soc.bit.
RUN-1003 : finish command "bitgen -bit m0soc.bit" in  17.124325s wall, 98.843750s user + 1.484375s system = 100.328125s CPU (585.9%)

RUN-1004 : used memory is 934 MB, reserved memory is 939 MB, peak memory is 1103 MB
RUN-1002 : start command "backup_run_log run.log ../.logs/phy_1/td_20240517_151513.log"
