============================================================
   Tang Dynasty, V5.6.71036
      Copyright (c) 2012-2023 Anlogic Inc.
   Executable = D:/eg4s20/TD 5.6.2/bin/td.exe
   Built at =   20:34:38 Mar 21 2023
   Run by =     W1030
   Run Date =   Mon May 13 10:07:00 2024

   Run on =     LMZS
============================================================
RUN-1002 : start command "open_project m0soc.prj"
RUN-1001 : Print Global Property
RUN-1001 : ---------------------------------------------------------------
RUN-1001 :        Parameters        |  Settings  |  Default Values  |  Note  
RUN-1001 : ---------------------------------------------------------------
RUN-1001 :          message         |  standard  |     standard     |        
RUN-1001 :   mixed_pack_place_flow  |     on     |        on        |        
RUN-1001 :        qor_monitor       |    off     |       off        |        
RUN-1001 :        syn_ip_flow       |    off     |       off        |        
RUN-1001 :          thread          |    auto    |       auto       |        
RUN-1001 : ---------------------------------------------------------------
RUN-1001 : Print Design Property
RUN-1001 : --------------------------------------------------------------
RUN-1001 :        Parameters       |  Settings  |  Default Values  |  Note  
RUN-1001 : --------------------------------------------------------------
RUN-1001 :   default_reg_initial   |    auto    |       auto       |        
RUN-1001 :        infer_add        |     on     |        on        |        
RUN-1001 :        infer_fsm        |    off     |       off        |        
RUN-1001 :        infer_mult       |     on     |        on        |        
RUN-1001 :        infer_ram        |     on     |        on        |        
RUN-1001 :        infer_reg        |     on     |        on        |        
RUN-1001 :   infer_reg_init_value  |     on     |        on        |        
RUN-1001 :        infer_rom        |     on     |        on        |        
RUN-1001 :      infer_shifter      |     on     |        on        |        
RUN-1001 : --------------------------------------------------------------
RUN-1001 : Print Rtl Property
RUN-1001 : --------------------------------------------------------------
RUN-1001 :        Parameters       |  Settings  |  Default Values  |  Note  
RUN-1001 : --------------------------------------------------------------
RUN-1001 :       compress_add      |   ripple   |      ripple      |        
RUN-1001 :        elf_sload        |    off     |       off        |        
RUN-1001 :       fix_undriven      |     0      |        0         |        
RUN-1001 :         flatten         |    off     |       off        |        
RUN-1001 :       gate_sharing      |     on     |        on        |        
RUN-1001 :    hdl_warning_level    |   normal   |      normal      |        
RUN-1001 :   impl_internal_tribuf  |     on     |        on        |        
RUN-1001 :      impl_set_reset     |     on     |        on        |        
RUN-1001 :        infer_gsr        |    off     |       off        |        
RUN-1001 :      keep_hierarchy     |    auto    |       auto       |        
RUN-1001 :        max_fanout       |    9999    |       9999       |        
RUN-1001 :      max_oh2bin_len     |     10     |        10        |        
RUN-1001 :       merge_equal       |     on     |        on        |        
RUN-1001 :       merge_equiv       |     on     |        on        |        
RUN-1001 :        merge_mux        |    off     |       off        |        
RUN-1001 :     min_control_set     |     8      |        8         |        
RUN-1001 :      min_ripple_len     |    auto    |       auto       |        
RUN-1001 :       oh2bin_ratio      |    0.08    |       0.08       |        
RUN-1001 :     opt_adder_fanout    |     on     |        on        |        
RUN-1001 :        opt_arith        |     on     |        on        |        
RUN-1001 :       opt_big_gate      |    off     |       off        |        
RUN-1001 :        opt_const        |     on     |        on        |        
RUN-1001 :      opt_const_mult     |     on     |        on        |        
RUN-1001 :       opt_lessthan      |     on     |        on        |        
RUN-1001 :         opt_mux         |    off     |       off        |        
RUN-1001 :         opt_ram         |    high    |       high       |        
RUN-1001 :      rtl_sim_model      |    off     |       off        |        
RUN-1001 :         seq_syn         |     on     |        on        |        
RUN-1001 : --------------------------------------------------------------
HDL-1007 : analyze verilog file ../../../rtl/al_ip/SDRAM.v
HDL-1007 : analyze verilog file ../../../rtl/al_ip/clk_gen.v
HDL-1007 : undeclared symbol 'open', assumed default net type 'wire' in ../../../rtl/al_ip/clk_gen.v(93)
HDL-1007 : analyze verilog file ../../../rtl/al_ip/fifo_data.v
HDL-1007 : analyze verilog file ../../al_ip/sd2isp_fifo.v
HDL-1007 : analyze verilog file ../../al_ip/fifo_buf.v
HDL-1007 : analyze verilog file ../../../rtl/AHBISPSYS/AHBISPSYS.v
HDL-1007 : analyze verilog file ../../../rtl/AHBISPSYS/conv_mask4.v
HDL-1007 : analyze verilog file ../../../rtl/AHBISPSYS/conv_mask5.v
HDL-1007 : analyze verilog file ../../../rtl/AHBISPSYS/conv_mask6.v
HDL-1007 : analyze verilog file ../../../rtl/AHBISPSYS/demosaic.v
HDL-1007 : analyze verilog file ../../../rtl/AHBISPSYS/gamma.v
HDL-1007 : analyze verilog file ../../../rtl/AHBISPSYS/gamma_rom.v
HDL-1007 : analyze verilog file ../../../rtl/AHBISPSYS/slidingWindow_5X5.v
HDL-1007 : analyze verilog file ../../../rtl/AHBlite_Block_RAM.v
HDL-1007 : analyze verilog file ../../../rtl/Block_RAM.v
HDL-1007 : analyze verilog file ../../../rtl/CortexM0_SoC.v
HDL-1007 : undeclared symbol 'row', assumed default net type 'wire' in ../../../rtl/CortexM0_SoC.v(108)
HDL-1007 : undeclared symbol 'isp_din', assumed default net type 'wire' in ../../../rtl/CortexM0_SoC.v(458)
HDL-1007 : undeclared symbol 'isp_fifo_rd', assumed default net type 'wire' in ../../../rtl/CortexM0_SoC.v(459)
HDL-1007 : undeclared symbol 'fifo_num', assumed default net type 'wire' in ../../../rtl/CortexM0_SoC.v(480)
HDL-1007 : analyze verilog file ../../../rtl/ahb/AHBlite_Decoder.v
HDL-1007 : analyze verilog file ../../../rtl/ahb/AHBlite_Interconnect.v
HDL-1007 : analyze verilog file ../../../rtl/ahb/AHBlite_SlaveMUX.v
HDL-1007 : analyze verilog file ../../../rtl/apb/cmsdk_ahb_to_apb.v
HDL-1007 : analyze verilog file ../../../rtl/apb/cmsdk_apb_slave_mux.v
HDL-1007 : analyze verilog file ../../../rtl/apb_gpio/apb_sdcard.v
HDL-1007 : analyze verilog file ../../../rtl/apb_sdcard/apb_sdcard.v
HDL-1007 : analyze verilog file ../../../rtl/apb_vga/apb_sdcard.v
HDL-1007 : analyze verilog file ../../../rtl/apb_vga/vga_ctrl.v
HDL-1007 : analyze verilog file ../../../rtl/cortexm0ds_logic.v
HDL-1007 : analyze verilog file ../../../rtl/sdram/ctrl/sdram_a_ref.v
HDL-1007 : analyze verilog file ../../../rtl/sdram/ctrl/sdram_arbit.v
HDL-1007 : analyze verilog file ../../../rtl/sdram/ctrl/sdram_ctrl.v
HDL-1007 : analyze verilog file ../../../rtl/sdram/ctrl/sdram_init.v
HDL-1007 : analyze verilog file ../../../rtl/sdram/ctrl/sdram_read.v
HDL-1007 : analyze verilog file ../../../rtl/sdram/ctrl/sdram_write.v
HDL-1007 : analyze verilog file ../../../rtl/sdram/fifo_ctrl.v
HDL-1007 : analyze verilog file ../../../rtl/sdram/sdram_top.v
HDL-1007 : analyze verilog file ../../../rtl/AHBISPSYS/bypass.v
RUN-1001 : Project manager successfully analyzed 35 source files.
RUN-1002 : start command "import_device eagle_s20.db -package EG4S20BG256"
ARC-1001 : Device Initialization.
ARC-1001 : ------------------------------------------------------------------
ARC-1001 :            OPTION            |          IO          |   SETTING   
ARC-1001 : ------------------------------------------------------------------
ARC-1001 :   cso_b/cclk/mosi/miso/dout  |  T3/R11/T10/P10/S11  |    gpio    
ARC-1001 :             done             |         P13          |    gpio    
ARC-1001 :           program_b          |          T2          |  dedicate  
ARC-1001 :        tdi/tms/tck/tdo       |   C12/A15/C14/E14    |  dedicate  
ARC-1001 : ------------------------------------------------------------------
ARC-1004 : Device setting, marked 5 dedicate IOs in total.
RUN-1002 : start command "elaborate -top CortexM0_SoC"
RUN-1001 : Print Design Property
RUN-1001 : --------------------------------------------------------------
RUN-1001 :        Parameters       |  Settings  |  Default Values  |  Note  
RUN-1001 : --------------------------------------------------------------
RUN-1001 :   default_reg_initial   |    auto    |       auto       |        
RUN-1001 :        infer_add        |     on     |        on        |        
RUN-1001 :        infer_fsm        |    off     |       off        |        
RUN-1001 :        infer_mult       |     on     |        on        |        
RUN-1001 :        infer_ram        |     on     |        on        |        
RUN-1001 :        infer_reg        |     on     |        on        |        
RUN-1001 :   infer_reg_init_value  |     on     |        on        |        
RUN-1001 :        infer_rom        |     on     |        on        |        
RUN-1001 :      infer_shifter      |     on     |        on        |        
RUN-1001 : --------------------------------------------------------------
RUN-1001 : Print Rtl Property
RUN-1001 : --------------------------------------------------------------
RUN-1001 :        Parameters       |  Settings  |  Default Values  |  Note  
RUN-1001 : --------------------------------------------------------------
RUN-1001 :       compress_add      |   ripple   |      ripple      |        
RUN-1001 :        elf_sload        |    off     |       off        |        
RUN-1001 :       fix_undriven      |     0      |        0         |        
RUN-1001 :         flatten         |    off     |       off        |        
RUN-1001 :       gate_sharing      |     on     |        on        |        
RUN-1001 :    hdl_warning_level    |   normal   |      normal      |        
RUN-1001 :   impl_internal_tribuf  |     on     |        on        |        
RUN-1001 :      impl_set_reset     |     on     |        on        |        
RUN-1001 :        infer_gsr        |    off     |       off        |        
RUN-1001 :      keep_hierarchy     |    auto    |       auto       |        
RUN-1001 :        max_fanout       |    9999    |       9999       |        
RUN-1001 :      max_oh2bin_len     |     10     |        10        |        
RUN-1001 :       merge_equal       |     on     |        on        |        
RUN-1001 :       merge_equiv       |     on     |        on        |        
RUN-1001 :        merge_mux        |    off     |       off        |        
RUN-1001 :     min_control_set     |     8      |        8         |        
RUN-1001 :      min_ripple_len     |    auto    |       auto       |        
RUN-1001 :       oh2bin_ratio      |    0.08    |       0.08       |        
RUN-1001 :     opt_adder_fanout    |     on     |        on        |        
RUN-1001 :        opt_arith        |     on     |        on        |        
RUN-1001 :       opt_big_gate      |    off     |       off        |        
RUN-1001 :        opt_const        |     on     |        on        |        
RUN-1001 :      opt_const_mult     |     on     |        on        |        
RUN-1001 :       opt_lessthan      |     on     |        on        |        
RUN-1001 :         opt_mux         |    off     |       off        |        
RUN-1001 :         opt_ram         |    high    |       high       |        
RUN-1001 :      rtl_sim_model      |    off     |       off        |        
RUN-1001 :         seq_syn         |     on     |        on        |        
RUN-1001 : --------------------------------------------------------------
RUN-1001 : Print Global Property
RUN-1001 : ---------------------------------------------------------------
RUN-1001 :        Parameters        |  Settings  |  Default Values  |  Note  
RUN-1001 : ---------------------------------------------------------------
RUN-1001 :          message         |  standard  |     standard     |        
RUN-1001 :   mixed_pack_place_flow  |     on     |        on        |        
RUN-1001 :        qor_monitor       |    off     |       off        |        
RUN-1001 :        syn_ip_flow       |    off     |       off        |        
RUN-1001 :          thread          |    auto    |       auto       |        
RUN-1001 : ---------------------------------------------------------------
RUN-1001 : Print Design Property
RUN-1001 : --------------------------------------------------------------
RUN-1001 :        Parameters       |  Settings  |  Default Values  |  Note  
RUN-1001 : --------------------------------------------------------------
RUN-1001 :   default_reg_initial   |    auto    |       auto       |        
RUN-1001 :        infer_add        |     on     |        on        |        
RUN-1001 :        infer_fsm        |    off     |       off        |        
RUN-1001 :        infer_mult       |     on     |        on        |        
RUN-1001 :        infer_ram        |     on     |        on        |        
RUN-1001 :        infer_reg        |     on     |        on        |        
RUN-1001 :   infer_reg_init_value  |     on     |        on        |        
RUN-1001 :        infer_rom        |     on     |        on        |        
RUN-1001 :      infer_shifter      |     on     |        on        |        
RUN-1001 : --------------------------------------------------------------
HDL-1007 : port 'CODENSEQ' remains unconnected for this instance in ../../../rtl/CortexM0_SoC.v(170)
HDL-1007 : port 'CODEHINTDE' remains unconnected for this instance in ../../../rtl/CortexM0_SoC.v(170)
HDL-1007 : port 'SPECHTRANS' remains unconnected for this instance in ../../../rtl/CortexM0_SoC.v(170)
HDL-1007 : port 'TDO' remains unconnected for this instance in ../../../rtl/CortexM0_SoC.v(170)
HDL-1007 : port 'nTDOEN' remains unconnected for this instance in ../../../rtl/CortexM0_SoC.v(170)
HDL-1007 : port 'DBGRESTARTED' remains unconnected for this instance in ../../../rtl/CortexM0_SoC.v(170)
HDL-1007 : port 'HALTED' remains unconnected for this instance in ../../../rtl/CortexM0_SoC.v(170)
HDL-1007 : port 'TXEV' remains unconnected for this instance in ../../../rtl/CortexM0_SoC.v(170)
HDL-1007 : port 'LOCKUP' remains unconnected for this instance in ../../../rtl/CortexM0_SoC.v(170)
HDL-1007 : port 'GATEHCLK' remains unconnected for this instance in ../../../rtl/CortexM0_SoC.v(170)
HDL-1007 : port 'SLEEPING' remains unconnected for this instance in ../../../rtl/CortexM0_SoC.v(170)
HDL-1007 : port 'SLEEPDEEP' remains unconnected for this instance in ../../../rtl/CortexM0_SoC.v(170)
HDL-1007 : port 'WAKEUP' remains unconnected for this instance in ../../../rtl/CortexM0_SoC.v(170)
HDL-1007 : port 'WICSENSE' remains unconnected for this instance in ../../../rtl/CortexM0_SoC.v(170)
HDL-1007 : port 'SLEEPHOLDACKn' remains unconnected for this instance in ../../../rtl/CortexM0_SoC.v(170)
HDL-1007 : port 'WICENACK' remains unconnected for this instance in ../../../rtl/CortexM0_SoC.v(170)
HDL-1007 : port 'vis_r0_o' remains unconnected for this instance in ../../../rtl/CortexM0_SoC.v(170)
HDL-1007 : port 'vis_r1_o' remains unconnected for this instance in ../../../rtl/CortexM0_SoC.v(170)
HDL-1007 : port 'vis_r2_o' remains unconnected for this instance in ../../../rtl/CortexM0_SoC.v(170)
HDL-1007 : port 'vis_r3_o' remains unconnected for this instance in ../../../rtl/CortexM0_SoC.v(170)
HDL-1007 : port 'vis_r4_o' remains unconnected for this instance in ../../../rtl/CortexM0_SoC.v(170)
HDL-1007 : port 'vis_r5_o' remains unconnected for this instance in ../../../rtl/CortexM0_SoC.v(170)
HDL-1007 : port 'vis_r6_o' remains unconnected for this instance in ../../../rtl/CortexM0_SoC.v(170)
HDL-1007 : port 'vis_r7_o' remains unconnected for this instance in ../../../rtl/CortexM0_SoC.v(170)
HDL-1007 : port 'vis_r8_o' remains unconnected for this instance in ../../../rtl/CortexM0_SoC.v(170)
HDL-1007 : port 'vis_r9_o' remains unconnected for this instance in ../../../rtl/CortexM0_SoC.v(170)
HDL-1007 : port 'vis_r10_o' remains unconnected for this instance in ../../../rtl/CortexM0_SoC.v(170)
HDL-1007 : port 'vis_r11_o' remains unconnected for this instance in ../../../rtl/CortexM0_SoC.v(170)
HDL-1007 : port 'vis_r12_o' remains unconnected for this instance in ../../../rtl/CortexM0_SoC.v(170)
HDL-1007 : port 'vis_r14_o' remains unconnected for this instance in ../../../rtl/CortexM0_SoC.v(170)
HDL-1007 : port 'vis_msp_o' remains unconnected for this instance in ../../../rtl/CortexM0_SoC.v(170)
HDL-1007 : port 'vis_psp_o' remains unconnected for this instance in ../../../rtl/CortexM0_SoC.v(170)
HDL-1007 : port 'vis_pc_o' remains unconnected for this instance in ../../../rtl/CortexM0_SoC.v(170)
HDL-1007 : port 'vis_apsr_o' remains unconnected for this instance in ../../../rtl/CortexM0_SoC.v(170)
HDL-1007 : port 'vis_tbit_o' remains unconnected for this instance in ../../../rtl/CortexM0_SoC.v(170)
HDL-1007 : port 'vis_ipsr_o' remains unconnected for this instance in ../../../rtl/CortexM0_SoC.v(170)
HDL-1007 : port 'vis_control_o' remains unconnected for this instance in ../../../rtl/CortexM0_SoC.v(170)
HDL-1007 : port 'vis_primask_o' remains unconnected for this instance in ../../../rtl/CortexM0_SoC.v(170)
HDL-1007 : port 'valid' remains unconnected for this instance in ../../../rtl/CortexM0_SoC.v(470)
HDL-1007 : port 'full_flag' remains unconnected for this instance in ../../../rtl/CortexM0_SoC.v(470)
HDL-1007 : port 'empty_flag' remains unconnected for this instance in ../../../rtl/CortexM0_SoC.v(470)
HDL-1007 : port 'afull' remains unconnected for this instance in ../../../rtl/CortexM0_SoC.v(470)
HDL-1007 : port 'aempty' remains unconnected for this instance in ../../../rtl/CortexM0_SoC.v(470)
HDL-1007 : elaborate module CortexM0_SoC in ../../../rtl/CortexM0_SoC.v(2)
HDL-5007 WARNING: using initial value of 'key_interrupt' since it is never assigned in ../../../rtl/CortexM0_SoC.v(109)
HDL-1007 : elaborate module clk_gen in ../../../rtl/al_ip/clk_gen.v(26)
HDL-1007 : elaborate module EG_PHY_PLL(FIN="24.000",FBCLK_DIV=50,CLKC0_DIV=48,CLKC1_DIV=8,CLKC2_DIV=12,CLKC3_DIV=8,CLKC4_DIV=6,CLKC0_ENABLE="ENABLE",CLKC1_ENABLE="ENABLE",CLKC2_ENABLE="ENABLE",CLKC3_ENABLE="ENABLE",CLKC4_ENABLE="ENABLE",FEEDBK_MODE="NOCOMP",STDBY_ENABLE="DISABLE",CLKC0_CPHASE=47,CLKC1_CPHASE=7,CLKC2_CPHASE=11,CLKC3_CPHASE=7,CLKC4_CPHASE=5,GMC_GAIN=2,ICP_CURRENT=9,KVCO=2,LPF_CAPACITOR=1,LPF_RESISTOR=8,SYNC_ENABLE="DISABLE") in D:/eg4s20/TD 5.6.2/arch/eagle_macro.v(930)
HDL-1007 : elaborate module cortexm0ds_logic in ../../../rtl/cortexm0ds_logic.v(27)
HDL-1007 : port 'P4_HSEL' remains unconnected for this instance in ../../../rtl/ahb/AHBlite_Interconnect.v(142)
HDL-1007 : elaborate module AHBlite_Interconnect in ../../../rtl/ahb/AHBlite_Interconnect.v(1)
HDL-1007 : elaborate module AHBlite_Decoder in ../../../rtl/ahb/AHBlite_Decoder.v(1)
HDL-1007 : elaborate module AHBlite_SlaveMUX in ../../../rtl/ahb/AHBlite_SlaveMUX.v(1)
HDL-1007 : elaborate module AHBlite_Block_RAM in ../../../rtl/AHBlite_Block_RAM.v(1)
HDL-5007 WARNING: actual bit length 1 differs from formal bit length 2 for port 'HRESP' in ../../../rtl/CortexM0_SoC.v(394)
HDL-5007 WARNING: actual bit length 14 differs from formal bit length 12 for port 'BRAM_WRADDR' in ../../../rtl/CortexM0_SoC.v(395)
HDL-5007 WARNING: actual bit length 14 differs from formal bit length 12 for port 'BRAM_RDADDR' in ../../../rtl/CortexM0_SoC.v(396)
HDL-5007 WARNING: actual bit length 1 differs from formal bit length 2 for port 'HRESP' in ../../../rtl/CortexM0_SoC.v(427)
HDL-5007 WARNING: actual bit length 14 differs from formal bit length 12 for port 'BRAM_WRADDR' in ../../../rtl/CortexM0_SoC.v(428)
HDL-5007 WARNING: actual bit length 14 differs from formal bit length 12 for port 'BRAM_RDADDR' in ../../../rtl/CortexM0_SoC.v(429)
HDL-1007 : elaborate module AHBISP in ../../../rtl/AHBISPSYS/AHBISPSYS.v(1)
HDL-1007 : elaborate module bypass in ../../../rtl/AHBISPSYS/bypass.v(1)
HDL-1007 : port 'valid' remains unconnected for this instance in ../../../rtl/AHBISPSYS/slidingWindow_5X5.v(152)
HDL-1007 : port 'full_flag' remains unconnected for this instance in ../../../rtl/AHBISPSYS/slidingWindow_5X5.v(152)
HDL-1007 : port 'empty_flag' remains unconnected for this instance in ../../../rtl/AHBISPSYS/slidingWindow_5X5.v(152)
HDL-1007 : port 'afull' remains unconnected for this instance in ../../../rtl/AHBISPSYS/slidingWindow_5X5.v(152)
HDL-1007 : port 'aempty' remains unconnected for this instance in ../../../rtl/AHBISPSYS/slidingWindow_5X5.v(152)
HDL-1007 : port 'valid' remains unconnected for this instance in ../../../rtl/AHBISPSYS/slidingWindow_5X5.v(165)
HDL-1007 : port 'full_flag' remains unconnected for this instance in ../../../rtl/AHBISPSYS/slidingWindow_5X5.v(165)
HDL-1007 : port 'empty_flag' remains unconnected for this instance in ../../../rtl/AHBISPSYS/slidingWindow_5X5.v(165)
HDL-1007 : port 'afull' remains unconnected for this instance in ../../../rtl/AHBISPSYS/slidingWindow_5X5.v(165)
HDL-1007 : port 'aempty' remains unconnected for this instance in ../../../rtl/AHBISPSYS/slidingWindow_5X5.v(165)
HDL-1007 : port 'valid' remains unconnected for this instance in ../../../rtl/AHBISPSYS/slidingWindow_5X5.v(180)
HDL-1007 : port 'full_flag' remains unconnected for this instance in ../../../rtl/AHBISPSYS/slidingWindow_5X5.v(180)
HDL-1007 : port 'empty_flag' remains unconnected for this instance in ../../../rtl/AHBISPSYS/slidingWindow_5X5.v(180)
HDL-1007 : port 'afull' remains unconnected for this instance in ../../../rtl/AHBISPSYS/slidingWindow_5X5.v(180)
HDL-1007 : port 'aempty' remains unconnected for this instance in ../../../rtl/AHBISPSYS/slidingWindow_5X5.v(180)
HDL-1007 : port 'valid' remains unconnected for this instance in ../../../rtl/AHBISPSYS/slidingWindow_5X5.v(194)
HDL-1007 : port 'full_flag' remains unconnected for this instance in ../../../rtl/AHBISPSYS/slidingWindow_5X5.v(194)
HDL-1007 : port 'empty_flag' remains unconnected for this instance in ../../../rtl/AHBISPSYS/slidingWindow_5X5.v(194)
HDL-1007 : port 'afull' remains unconnected for this instance in ../../../rtl/AHBISPSYS/slidingWindow_5X5.v(194)
HDL-1007 : port 'aempty' remains unconnected for this instance in ../../../rtl/AHBISPSYS/slidingWindow_5X5.v(194)
HDL-1007 : elaborate module slidingWindow_5X5 in ../../../rtl/AHBISPSYS/slidingWindow_5X5.v(3)
HDL-1007 : port 'doa' remains unconnected for this instance in ../../al_ip/fifo_buf.v(239)
HDL-1007 : port 'dib' remains unconnected for this instance in ../../al_ip/fifo_buf.v(239)
HDL-1007 : elaborate module fifo_buf in ../../al_ip/fifo_buf.v(26)
HDL-1007 : elaborate module ram_infer_fifo_buf(DATAWIDTH_A=8,ADDRWIDTH_A=11,DATAWIDTH_B=8,REGMODE_B="OUTREG",ADDRWIDTH_B=11) in ../../al_ip/fifo_buf.v(270)
HDL-1007 : extracting RAM for identifier 'memory' in ../../al_ip/fifo_buf.v(335)
HDL-5007 WARNING: actual bit length 32 differs from formal bit length 1 for port 'cea' in ../../al_ip/fifo_buf.v(248)
HDL-5007 WARNING: actual bit length 32 differs from formal bit length 1 for port 'ocea' in ../../al_ip/fifo_buf.v(250)
HDL-5007 WARNING: actual bit length 32 differs from formal bit length 1 for port 'web' in ../../al_ip/fifo_buf.v(256)
HDL-5007 WARNING: input port 'dib[7]' is not connected on this instance in ../../al_ip/fifo_buf.v(246)
HDL-5007 WARNING: actual bit length 12 differs from formal bit length 11 for port 'h_active_in' in ../../../rtl/AHBISPSYS/AHBISPSYS.v(206)
HDL-5007 WARNING: actual bit length 12 differs from formal bit length 11 for port 'v_active_in' in ../../../rtl/AHBISPSYS/AHBISPSYS.v(207)
HDL-1007 : elaborate module demosaic in ../../../rtl/AHBISPSYS/demosaic.v(1)
HDL-1007 : elaborate module conv_mask4 in ../../../rtl/AHBISPSYS/conv_mask4.v(1)
HDL-1007 : elaborate module conv_mask5 in ../../../rtl/AHBISPSYS/conv_mask5.v(1)
HDL-1007 : elaborate module conv_mask6 in ../../../rtl/AHBISPSYS/conv_mask6.v(1)
HDL-5007 WARNING: actual bit length 1 differs from formal bit length 8 for port 'out_en' in ../../../rtl/AHBISPSYS/demosaic.v(124)
HDL-1007 : elaborate module gamma in ../../../rtl/AHBISPSYS/gamma.v(1)
HDL-1007 : elaborate module gamma_rom in ../../../rtl/AHBISPSYS/gamma_rom.v(1)
HDL-5007 WARNING: actual bit length 1 differs from formal bit length 8 for port 'data_in' in ../../../rtl/CortexM0_SoC.v(458)
HDL-1007 : port 'doa' remains unconnected for this instance in ../../al_ip/sd2isp_fifo.v(261)
HDL-1007 : port 'dib' remains unconnected for this instance in ../../al_ip/sd2isp_fifo.v(261)
HDL-1007 : elaborate module sd2isp_fifo in ../../al_ip/sd2isp_fifo.v(26)
HDL-1007 : elaborate module fifo_cross_domain_addr_process_al_sd2isp_fifo(ADDR_WIDTH=10) in ../../al_ip/sd2isp_fifo.v(290)
HDL-1007 : elaborate module ram_infer_sd2isp_fifo(DATAWIDTH_A=16,ADDRWIDTH_A=10,DATAWIDTH_B=16,REGMODE_B="OUTREG",ADDRWIDTH_B=10) in ../../al_ip/sd2isp_fifo.v(378)
HDL-1007 : extracting RAM for identifier 'memory' in ../../al_ip/sd2isp_fifo.v(443)
HDL-5007 WARNING: input port 'dib[15]' is not connected on this instance in ../../al_ip/sd2isp_fifo.v(266)
HDL-5007 WARNING: actual bit length 1 differs from formal bit length 16 for port 'dout' in ../../../rtl/CortexM0_SoC.v(478)
HDL-5007 WARNING: actual bit length 1 differs from formal bit length 10 for port 'rdusedw' in ../../../rtl/CortexM0_SoC.v(480)
HDL-1007 : elaborate module cmsdk_ahb_to_apb(REGISTER_RDATA=0) in ../../../rtl/apb/cmsdk_ahb_to_apb.v(31)
HDL-1007 : elaborate module cmsdk_apb_slave_mux(PORT3_ENABLE=0,PORT4_ENABLE=0,PORT5_ENABLE=0,PORT6_ENABLE=0,PORT7_ENABLE=0,PORT8_ENABLE=0,PORT9_ENABLE=0,PORT10_ENABLE=0,PORT11_ENABLE=0,PORT12_ENABLE=0,PORT13_ENABLE=0,PORT14_ENABLE=0,PORT15_ENABLE=0) in ../../../rtl/apb/cmsdk_apb_slave_mux.v(26)
HDL-1007 : elaborate module Block_RAM in ../../../rtl/Block_RAM.v(1)
HDL-1007 : extracting RAM for identifier 'mem' in ../../../rtl/Block_RAM.v(12)
HDL-5007 WARNING: actual bit length 14 differs from formal bit length 12 for port 'addra' in ../../../rtl/CortexM0_SoC.v(668)
HDL-5007 WARNING: actual bit length 14 differs from formal bit length 12 for port 'addrb' in ../../../rtl/CortexM0_SoC.v(669)
HDL-5007 WARNING: actual bit length 14 differs from formal bit length 12 for port 'addra' in ../../../rtl/CortexM0_SoC.v(677)
HDL-5007 WARNING: actual bit length 14 differs from formal bit length 12 for port 'addrb' in ../../../rtl/CortexM0_SoC.v(678)
HDL-1007 : elaborate module APB_VGA_CONTROL in ../../../rtl/apb_vga/apb_sdcard.v(1)
HDL-1007 : elaborate module vga_ctrl in ../../../rtl/apb_vga/vga_ctrl.v(1)
HDL-1007 : elaborate module APB_SDCARD_CONTROL in ../../../rtl/apb_sdcard/apb_sdcard.v(1)
HDL-5007 WARNING: actual bit length 1 differs from formal bit length 8 for port 'sdcard_rd_en' in ../../../rtl/CortexM0_SoC.v(741)
HDL-7007 CRITICAL-WARNING: instantiate unknown module sd_reader in ../../../rtl/CortexM0_SoC.v(750)
HDL-1007 : elaborate module APB_GPIO in ../../../rtl/apb_gpio/apb_sdcard.v(1)
HDL-1007 : elaborate module sdram_top in ../../../rtl/sdram/sdram_top.v(1)
HDL-1007 : port 'valid' remains unconnected for this instance in ../../../rtl/sdram/fifo_ctrl.v(138)
HDL-1007 : port 'full_flag' remains unconnected for this instance in ../../../rtl/sdram/fifo_ctrl.v(138)
HDL-1007 : port 'empty_flag' remains unconnected for this instance in ../../../rtl/sdram/fifo_ctrl.v(138)
HDL-1007 : port 'afull' remains unconnected for this instance in ../../../rtl/sdram/fifo_ctrl.v(138)
HDL-1007 : port 'aempty' remains unconnected for this instance in ../../../rtl/sdram/fifo_ctrl.v(138)
HDL-1007 : port 'valid' remains unconnected for this instance in ../../../rtl/sdram/fifo_ctrl.v(155)
HDL-1007 : port 'full_flag' remains unconnected for this instance in ../../../rtl/sdram/fifo_ctrl.v(155)
HDL-1007 : port 'empty_flag' remains unconnected for this instance in ../../../rtl/sdram/fifo_ctrl.v(155)
HDL-1007 : port 'afull' remains unconnected for this instance in ../../../rtl/sdram/fifo_ctrl.v(155)
HDL-1007 : port 'aempty' remains unconnected for this instance in ../../../rtl/sdram/fifo_ctrl.v(155)
HDL-1007 : elaborate module fifo_ctrl in ../../../rtl/sdram/fifo_ctrl.v(1)
HDL-1007 : port 'doa' remains unconnected for this instance in ../../../rtl/al_ip/fifo_data.v(261)
HDL-1007 : port 'dib' remains unconnected for this instance in ../../../rtl/al_ip/fifo_data.v(261)
HDL-1007 : elaborate module fifo_data in ../../../rtl/al_ip/fifo_data.v(26)
HDL-1007 : elaborate module fifo_cross_domain_addr_process_al_fifo_data(ADDR_WIDTH=10) in ../../../rtl/al_ip/fifo_data.v(290)
HDL-1007 : elaborate module ram_infer_fifo_data(ADDRWIDTH_A=10,DATAWIDTH_B=32,REGMODE_B="OUTREG",ADDRWIDTH_B=10) in ../../../rtl/al_ip/fifo_data.v(378)
HDL-1007 : extracting RAM for identifier 'memory' in ../../../rtl/al_ip/fifo_data.v(443)
HDL-5007 WARNING: input port 'dib[31]' is not connected on this instance in ../../../rtl/al_ip/fifo_data.v(266)
HDL-5007 WARNING: actual bit length 9 differs from formal bit length 10 for port 'rdusedw' in ../../../rtl/sdram/fifo_ctrl.v(148)
HDL-5007 WARNING: actual bit length 9 differs from formal bit length 10 for port 'wrusedw' in ../../../rtl/sdram/fifo_ctrl.v(166)
HDL-1007 : elaborate module sdram_ctrl in ../../../rtl/sdram/ctrl/sdram_ctrl.v(1)
HDL-1007 : elaborate module sdram_init in ../../../rtl/sdram/ctrl/sdram_init.v(1)
HDL-1007 : elaborate module sdram_arbit in ../../../rtl/sdram/ctrl/sdram_arbit.v(1)
HDL-1007 : elaborate module sdram_a_ref in ../../../rtl/sdram/ctrl/sdram_a_ref.v(1)
HDL-1007 : elaborate module sdram_write in ../../../rtl/sdram/ctrl/sdram_write.v(1)
HDL-1007 : elaborate module sdram_read in ../../../rtl/sdram/ctrl/sdram_read.v(1)
HDL-5007 WARNING: actual bit length 16 differs from formal bit length 32 for port 'wr_fifo_wr_data' in ../../../rtl/CortexM0_SoC.v(800)
HDL-5007 WARNING: actual bit length 24 differs from formal bit length 21 for port 'sdram_wr_e_addr' in ../../../rtl/CortexM0_SoC.v(802)
HDL-5007 WARNING: actual bit length 16 differs from formal bit length 32 for port 'rd_fifo_rd_data' in ../../../rtl/CortexM0_SoC.v(808)
HDL-5007 WARNING: actual bit length 24 differs from formal bit length 21 for port 'sdram_rd_e_addr' in ../../../rtl/CortexM0_SoC.v(810)
HDL-1007 : elaborate module SDRAM in ../../../rtl/al_ip/SDRAM.v(14)
HDL-1007 : elaborate module EG_PHY_SDRAM_2M_32 in D:/eg4s20/TD 5.6.2/arch/eagle_macro.v(721)
HDL-5007 WARNING: actual bit length 32 differs from formal bit length 1 for port 'dm0' in ../../../rtl/CortexM0_SoC.v(841)
HDL-5007 WARNING: actual bit length 32 differs from formal bit length 1 for port 'dm1' in ../../../rtl/CortexM0_SoC.v(842)
HDL-5007 WARNING: actual bit length 32 differs from formal bit length 1 for port 'dm2' in ../../../rtl/CortexM0_SoC.v(843)
HDL-5007 WARNING: actual bit length 32 differs from formal bit length 1 for port 'dm3' in ../../../rtl/CortexM0_SoC.v(844)
HDL-5007 WARNING: net 'HRESP_P2' does not have a driver in ../../../rtl/CortexM0_SoC.v(277)
HDL-5007 WARNING: input port 'ECOREVNUM[3]' is not connected on this instance in ../../../rtl/CortexM0_SoC.v(690)
HDL-5007 WARNING: input port 'ECOREVNUM[3]' is not connected on this instance in ../../../rtl/CortexM0_SoC.v(727)
HDL-5007 WARNING: input port 'ECOREVNUM[3]' is not connected on this instance in ../../../rtl/CortexM0_SoC.v(772)
HDL-5001 WARNING: Contains anonymous inst(s) and/or net(s) that have not been renamed
HDL-8007 ERROR: sd_reader(CLK_DIV=0) is a black box in ../../../rtl/CortexM0_SoC.v(750)
RUN-1003 : finish command "elaborate -top CortexM0_SoC" in  1.041541s wall, 0.562500s user + 0.015625s system = 0.578125s CPU (55.5%)

RUN-1004 : used memory is 370 MB, reserved memory is 354 MB, peak memory is 393 MB
RUN-1002 : start command "backup_run_log run.log ../.logs/syn_1/td_20240513_100700.log"
