============================================================
   Tang Dynasty, V5.6.71036
      Copyright (c) 2012-2023 Anlogic Inc.
   Executable = D:/eg4s20/TD 5.6.2/bin/td.exe
   Built at =   20:34:38 Mar 21 2023
   Run by =     W1030
   Run Date =   Thu Jul  4 20:22:25 2024

   Run on =     LMZS
============================================================
RUN-1002 : start command "open_project m0soc.prj"
RUN-1001 : Print Global Property
RUN-1001 : ---------------------------------------------------------------
RUN-1001 :        Parameters        |  Settings  |  Default Values  |  Note  
RUN-1001 : ---------------------------------------------------------------
RUN-1001 :          message         |  standard  |     standard     |        
RUN-1001 :   mixed_pack_place_flow  |     on     |        on        |        
RUN-1001 :        qor_monitor       |    off     |       off        |        
RUN-1001 :        syn_ip_flow       |    off     |       off        |        
RUN-1001 :          thread          |    auto    |       auto       |        
RUN-1001 : ---------------------------------------------------------------
RUN-1001 : Print Design Property
RUN-1001 : --------------------------------------------------------------
RUN-1001 :        Parameters       |  Settings  |  Default Values  |  Note  
RUN-1001 : --------------------------------------------------------------
RUN-1001 :   default_reg_initial   |    auto    |       auto       |        
RUN-1001 :        infer_add        |     on     |        on        |        
RUN-1001 :        infer_fsm        |    off     |       off        |        
RUN-1001 :        infer_mult       |     on     |        on        |        
RUN-1001 :        infer_ram        |     on     |        on        |        
RUN-1001 :        infer_reg        |     on     |        on        |        
RUN-1001 :   infer_reg_init_value  |     on     |        on        |        
RUN-1001 :        infer_rom        |     on     |        on        |        
RUN-1001 :      infer_shifter      |     on     |        on        |        
RUN-1001 : --------------------------------------------------------------
RUN-1001 : Print Rtl Property
RUN-1001 : --------------------------------------------------------------
RUN-1001 :        Parameters       |  Settings  |  Default Values  |  Note  
RUN-1001 : --------------------------------------------------------------
RUN-1001 :       compress_add      |   ripple   |      ripple      |        
RUN-1001 :        elf_sload        |    off     |       off        |        
RUN-1001 :       fix_undriven      |     0      |        0         |        
RUN-1001 :         flatten         |    off     |       off        |        
RUN-1001 :       gate_sharing      |     on     |        on        |        
RUN-1001 :    hdl_warning_level    |   normal   |      normal      |        
RUN-1001 :   impl_internal_tribuf  |     on     |        on        |        
RUN-1001 :      impl_set_reset     |     on     |        on        |        
RUN-1001 :        infer_gsr        |    off     |       off        |        
RUN-1001 :      keep_hierarchy     |    auto    |       auto       |        
RUN-1001 :        max_fanout       |    9999    |       9999       |        
RUN-1001 :      max_oh2bin_len     |     10     |        10        |        
RUN-1001 :       merge_equal       |     on     |        on        |        
RUN-1001 :       merge_equiv       |     on     |        on        |        
RUN-1001 :        merge_mux        |    off     |       off        |        
RUN-1001 :     min_control_set     |     8      |        8         |        
RUN-1001 :      min_ripple_len     |    auto    |       auto       |        
RUN-1001 :       oh2bin_ratio      |    0.08    |       0.08       |        
RUN-1001 :     opt_adder_fanout    |     on     |        on        |        
RUN-1001 :        opt_arith        |     on     |        on        |        
RUN-1001 :       opt_big_gate      |    off     |       off        |        
RUN-1001 :        opt_const        |     on     |        on        |        
RUN-1001 :      opt_const_mult     |     on     |        on        |        
RUN-1001 :       opt_lessthan      |     on     |        on        |        
RUN-1001 :         opt_mux         |    off     |       off        |        
RUN-1001 :         opt_ram         |    high    |       high       |        
RUN-1001 :      rtl_sim_model      |    off     |       off        |        
RUN-1001 :         seq_syn         |     on     |        on        |        
RUN-1001 : --------------------------------------------------------------
HDL-1007 : analyze verilog file ../../../rtl/al_ip/SDRAM.v
HDL-1007 : analyze verilog file ../../../rtl/al_ip/clk_gen.v
HDL-1007 : undeclared symbol 'open', assumed default net type 'wire' in ../../../rtl/al_ip/clk_gen.v(79)
HDL-1007 : analyze verilog file ../../../rtl/al_ip/fifo_data.v
HDL-1007 : analyze verilog file ../../al_ip/sd2isp_fifo.v
HDL-1007 : analyze verilog file ../../al_ip/fifo_data_out.v
HDL-1007 : analyze verilog file ../../al_ip/fifo_buf.v
HDL-1007 : analyze verilog file ../../../rtl/AHBISPSYS/AHBISPSYS.v
HDL-1007 : analyze verilog file ../../../rtl/AHBISPSYS/conv_mask4.v
HDL-1007 : analyze verilog file ../../../rtl/AHBISPSYS/conv_mask5.v
HDL-1007 : analyze verilog file ../../../rtl/AHBISPSYS/conv_mask6.v
HDL-1007 : analyze verilog file ../../../rtl/AHBISPSYS/demosaic.v
HDL-1007 : analyze verilog file ../../../rtl/AHBISPSYS/gamma.v
HDL-1007 : analyze verilog file ../../../rtl/AHBISPSYS/gamma_rom.v
HDL-1007 : analyze verilog file ../../../rtl/AHBISPSYS/slidingWindow_5X5.v
HDL-1007 : analyze verilog file ../../../rtl/AHBlite_Block_RAM.v
HDL-1007 : analyze verilog file ../../../rtl/Block_RAM.v
HDL-1007 : analyze verilog file ../../../rtl/ahb/AHBlite_Decoder.v
HDL-1007 : analyze verilog file ../../../rtl/ahb/AHBlite_Interconnect.v
HDL-1007 : analyze verilog file ../../../rtl/ahb/AHBlite_SlaveMUX.v
HDL-1007 : analyze verilog file ../../../rtl/apb/cmsdk_ahb_to_apb.v
HDL-1007 : analyze verilog file ../../../rtl/apb/cmsdk_apb_slave_mux.v
HDL-1007 : analyze verilog file ../../../rtl/apb_sdcard/apb_sdcard.v
HDL-1007 : analyze verilog file ../../../rtl/apb_sdcard/sd_reader.v
HDL-1007 : analyze verilog file ../../../rtl/apb_sdcard/sdcmd_ctrl.v
HDL-1007 : analyze verilog file ../../../rtl/apb_vga/vga_ctrl.v
HDL-1007 : analyze verilog file ../../../rtl/cortexm0ds_logic.v
HDL-1007 : analyze verilog file ../../../rtl/sdram/ctrl/sdram_a_ref.v
HDL-1007 : analyze verilog file ../../../rtl/sdram/ctrl/sdram_arbit.v
HDL-1007 : analyze verilog file ../../../rtl/sdram/ctrl/sdram_ctrl.v
HDL-1007 : analyze verilog file ../../../rtl/sdram/ctrl/sdram_init.v
HDL-1007 : analyze verilog file ../../../rtl/sdram/ctrl/sdram_read.v
HDL-1007 : analyze verilog file ../../../rtl/sdram/ctrl/sdram_write.v
HDL-1007 : analyze verilog file ../../../rtl/sdram/fifo_ctrl.v
HDL-1007 : analyze verilog file ../../../rtl/sdram/sdram_top.v
HDL-1007 : analyze verilog file ../../../rtl/AHBISPSYS/bypass.v
HDL-1007 : analyze verilog file ../../../rtl/keyboard.v
HDL-1007 : analyze verilog file ../../../rtl/CortexM0_SoC.v
HDL-1007 : undeclared symbol 'row', assumed default net type 'wire' in ../../../rtl/CortexM0_SoC.v(105)
HDL-1007 : analyze verilog file ../../../rtl/AHBISPSYS/colorcorrecction.v
HDL-1007 : analyze verilog file ../../../rtl/apb_gpio/apb_gpio.v
HDL-1007 : analyze verilog file ../../../rtl/apb_vga/apb_vga.v
HDL-1007 : analyze verilog file ../../../rtl/apb_uart/apb_uart.v
HDL-1007 : analyze verilog file ../../../rtl/apb_uart/rs232.v
HDL-1007 : analyze verilog file ../../../rtl/apb_uart/uart_rx.v
HDL-1007 : analyze verilog file ../../../rtl/apb_uart/uart_tx.v
HDL-1007 : analyze verilog file ../../../rtl/AHBISPSYS/cal_gain.v
HDL-1007 : analyze verilog file ../../../rtl/AHBISPSYS/calculator.v
HDL-1007 : analyze verilog file ../../../rtl/AHBISPSYS/successive.v
RUN-1001 : Project manager successfully analyzed 47 source files.
RUN-1002 : start command "import_device eagle_s20.db -package EG4S20BG256"
ARC-1001 : Device Initialization.
ARC-1001 : ------------------------------------------------------------------
ARC-1001 :            OPTION            |          IO          |   SETTING   
ARC-1001 : ------------------------------------------------------------------
ARC-1001 :   cso_b/cclk/mosi/miso/dout  |  T3/R11/T10/P10/S11  |    gpio    
ARC-1001 :             done             |         P13          |    gpio    
ARC-1001 :           program_b          |          T2          |  dedicate  
ARC-1001 :        tdi/tms/tck/tdo       |   C12/A15/C14/E14    |  dedicate  
ARC-1001 : ------------------------------------------------------------------
ARC-1004 : Device setting, marked 5 dedicate IOs in total.
RUN-1002 : start command "elaborate -top CortexM0_SoC"
RUN-1001 : Print Design Property
RUN-1001 : --------------------------------------------------------------
RUN-1001 :        Parameters       |  Settings  |  Default Values  |  Note  
RUN-1001 : --------------------------------------------------------------
RUN-1001 :   default_reg_initial   |    auto    |       auto       |        
RUN-1001 :        infer_add        |     on     |        on        |        
RUN-1001 :        infer_fsm        |    off     |       off        |        
RUN-1001 :        infer_mult       |     on     |        on        |        
RUN-1001 :        infer_ram        |     on     |        on        |        
RUN-1001 :        infer_reg        |     on     |        on        |        
RUN-1001 :   infer_reg_init_value  |     on     |        on        |        
RUN-1001 :        infer_rom        |     on     |        on        |        
RUN-1001 :      infer_shifter      |     on     |        on        |        
RUN-1001 : --------------------------------------------------------------
RUN-1001 : Print Rtl Property
RUN-1001 : --------------------------------------------------------------
RUN-1001 :        Parameters       |  Settings  |  Default Values  |  Note  
RUN-1001 : --------------------------------------------------------------
RUN-1001 :       compress_add      |   ripple   |      ripple      |        
RUN-1001 :        elf_sload        |    off     |       off        |        
RUN-1001 :       fix_undriven      |     0      |        0         |        
RUN-1001 :         flatten         |    off     |       off        |        
RUN-1001 :       gate_sharing      |     on     |        on        |        
RUN-1001 :    hdl_warning_level    |   normal   |      normal      |        
RUN-1001 :   impl_internal_tribuf  |     on     |        on        |        
RUN-1001 :      impl_set_reset     |     on     |        on        |        
RUN-1001 :        infer_gsr        |    off     |       off        |        
RUN-1001 :      keep_hierarchy     |    auto    |       auto       |        
RUN-1001 :        max_fanout       |    9999    |       9999       |        
RUN-1001 :      max_oh2bin_len     |     10     |        10        |        
RUN-1001 :       merge_equal       |     on     |        on        |        
RUN-1001 :       merge_equiv       |     on     |        on        |        
RUN-1001 :        merge_mux        |    off     |       off        |        
RUN-1001 :     min_control_set     |     8      |        8         |        
RUN-1001 :      min_ripple_len     |    auto    |       auto       |        
RUN-1001 :       oh2bin_ratio      |    0.08    |       0.08       |        
RUN-1001 :     opt_adder_fanout    |     on     |        on        |        
RUN-1001 :        opt_arith        |     on     |        on        |        
RUN-1001 :       opt_big_gate      |    off     |       off        |        
RUN-1001 :        opt_const        |     on     |        on        |        
RUN-1001 :      opt_const_mult     |     on     |        on        |        
RUN-1001 :       opt_lessthan      |     on     |        on        |        
RUN-1001 :         opt_mux         |    off     |       off        |        
RUN-1001 :         opt_ram         |    high    |       high       |        
RUN-1001 :      rtl_sim_model      |    off     |       off        |        
RUN-1001 :         seq_syn         |     on     |        on        |        
RUN-1001 : --------------------------------------------------------------
RUN-1001 : Print Global Property
RUN-1001 : ---------------------------------------------------------------
RUN-1001 :        Parameters        |  Settings  |  Default Values  |  Note  
RUN-1001 : ---------------------------------------------------------------
RUN-1001 :          message         |  standard  |     standard     |        
RUN-1001 :   mixed_pack_place_flow  |     on     |        on        |        
RUN-1001 :        qor_monitor       |    off     |       off        |        
RUN-1001 :        syn_ip_flow       |    off     |       off        |        
RUN-1001 :          thread          |    auto    |       auto       |        
RUN-1001 : ---------------------------------------------------------------
RUN-1001 : Print Design Property
RUN-1001 : --------------------------------------------------------------
RUN-1001 :        Parameters       |  Settings  |  Default Values  |  Note  
RUN-1001 : --------------------------------------------------------------
RUN-1001 :   default_reg_initial   |    auto    |       auto       |        
RUN-1001 :        infer_add        |     on     |        on        |        
RUN-1001 :        infer_fsm        |    off     |       off        |        
RUN-1001 :        infer_mult       |     on     |        on        |        
RUN-1001 :        infer_ram        |     on     |        on        |        
RUN-1001 :        infer_reg        |     on     |        on        |        
RUN-1001 :   infer_reg_init_value  |     on     |        on        |        
RUN-1001 :        infer_rom        |     on     |        on        |        
RUN-1001 :      infer_shifter      |     on     |        on        |        
RUN-1001 : --------------------------------------------------------------
HDL-1007 : port 'CODENSEQ' remains unconnected for this instance in ../../../rtl/CortexM0_SoC.v(167)
HDL-1007 : port 'CODEHINTDE' remains unconnected for this instance in ../../../rtl/CortexM0_SoC.v(167)
HDL-1007 : port 'SPECHTRANS' remains unconnected for this instance in ../../../rtl/CortexM0_SoC.v(167)
HDL-1007 : port 'TDO' remains unconnected for this instance in ../../../rtl/CortexM0_SoC.v(167)
HDL-1007 : port 'nTDOEN' remains unconnected for this instance in ../../../rtl/CortexM0_SoC.v(167)
HDL-1007 : port 'DBGRESTARTED' remains unconnected for this instance in ../../../rtl/CortexM0_SoC.v(167)
HDL-1007 : port 'HALTED' remains unconnected for this instance in ../../../rtl/CortexM0_SoC.v(167)
HDL-1007 : port 'TXEV' remains unconnected for this instance in ../../../rtl/CortexM0_SoC.v(167)
HDL-1007 : port 'LOCKUP' remains unconnected for this instance in ../../../rtl/CortexM0_SoC.v(167)
HDL-1007 : port 'GATEHCLK' remains unconnected for this instance in ../../../rtl/CortexM0_SoC.v(167)
HDL-1007 : port 'SLEEPING' remains unconnected for this instance in ../../../rtl/CortexM0_SoC.v(167)
HDL-1007 : port 'SLEEPDEEP' remains unconnected for this instance in ../../../rtl/CortexM0_SoC.v(167)
HDL-1007 : port 'WAKEUP' remains unconnected for this instance in ../../../rtl/CortexM0_SoC.v(167)
HDL-1007 : port 'WICSENSE' remains unconnected for this instance in ../../../rtl/CortexM0_SoC.v(167)
HDL-1007 : port 'SLEEPHOLDACKn' remains unconnected for this instance in ../../../rtl/CortexM0_SoC.v(167)
HDL-1007 : port 'WICENACK' remains unconnected for this instance in ../../../rtl/CortexM0_SoC.v(167)
HDL-1007 : port 'vis_r0_o' remains unconnected for this instance in ../../../rtl/CortexM0_SoC.v(167)
HDL-1007 : port 'vis_r1_o' remains unconnected for this instance in ../../../rtl/CortexM0_SoC.v(167)
HDL-1007 : port 'vis_r2_o' remains unconnected for this instance in ../../../rtl/CortexM0_SoC.v(167)
HDL-1007 : port 'vis_r3_o' remains unconnected for this instance in ../../../rtl/CortexM0_SoC.v(167)
HDL-1007 : port 'vis_r4_o' remains unconnected for this instance in ../../../rtl/CortexM0_SoC.v(167)
HDL-1007 : port 'vis_r5_o' remains unconnected for this instance in ../../../rtl/CortexM0_SoC.v(167)
HDL-1007 : port 'vis_r6_o' remains unconnected for this instance in ../../../rtl/CortexM0_SoC.v(167)
HDL-1007 : port 'vis_r7_o' remains unconnected for this instance in ../../../rtl/CortexM0_SoC.v(167)
HDL-1007 : port 'vis_r8_o' remains unconnected for this instance in ../../../rtl/CortexM0_SoC.v(167)
HDL-1007 : port 'vis_r9_o' remains unconnected for this instance in ../../../rtl/CortexM0_SoC.v(167)
HDL-1007 : port 'vis_r10_o' remains unconnected for this instance in ../../../rtl/CortexM0_SoC.v(167)
HDL-1007 : port 'vis_r11_o' remains unconnected for this instance in ../../../rtl/CortexM0_SoC.v(167)
HDL-1007 : port 'vis_r12_o' remains unconnected for this instance in ../../../rtl/CortexM0_SoC.v(167)
HDL-1007 : port 'vis_r14_o' remains unconnected for this instance in ../../../rtl/CortexM0_SoC.v(167)
HDL-1007 : port 'vis_msp_o' remains unconnected for this instance in ../../../rtl/CortexM0_SoC.v(167)
HDL-1007 : port 'vis_psp_o' remains unconnected for this instance in ../../../rtl/CortexM0_SoC.v(167)
HDL-1007 : port 'vis_pc_o' remains unconnected for this instance in ../../../rtl/CortexM0_SoC.v(167)
HDL-1007 : port 'vis_apsr_o' remains unconnected for this instance in ../../../rtl/CortexM0_SoC.v(167)
HDL-1007 : port 'vis_tbit_o' remains unconnected for this instance in ../../../rtl/CortexM0_SoC.v(167)
HDL-1007 : port 'vis_ipsr_o' remains unconnected for this instance in ../../../rtl/CortexM0_SoC.v(167)
HDL-1007 : port 'vis_control_o' remains unconnected for this instance in ../../../rtl/CortexM0_SoC.v(167)
HDL-1007 : port 'vis_primask_o' remains unconnected for this instance in ../../../rtl/CortexM0_SoC.v(167)
HDL-1007 : port 'valid' remains unconnected for this instance in ../../../rtl/CortexM0_SoC.v(476)
HDL-1007 : port 'full_flag' remains unconnected for this instance in ../../../rtl/CortexM0_SoC.v(476)
HDL-1007 : port 'empty_flag' remains unconnected for this instance in ../../../rtl/CortexM0_SoC.v(476)
HDL-1007 : port 'afull' remains unconnected for this instance in ../../../rtl/CortexM0_SoC.v(476)
HDL-1007 : port 'aempty' remains unconnected for this instance in ../../../rtl/CortexM0_SoC.v(476)
HDL-1007 : port 'card_stat' remains unconnected for this instance in ../../../rtl/CortexM0_SoC.v(755)
HDL-1007 : port 'card_type' remains unconnected for this instance in ../../../rtl/CortexM0_SoC.v(755)
HDL-5007 WARNING: port 'rstart2' is not connected on this instance in ../../../rtl/CortexM0_SoC.v(755)
HDL-1007 : port 'rdone' remains unconnected for this instance in ../../../rtl/CortexM0_SoC.v(755)
HDL-1007 : port 'outen' remains unconnected for this instance in ../../../rtl/CortexM0_SoC.v(755)
HDL-1007 : port 'outaddr' remains unconnected for this instance in ../../../rtl/CortexM0_SoC.v(755)
HDL-1007 : port 'outbyte' remains unconnected for this instance in ../../../rtl/CortexM0_SoC.v(755)
HDL-1007 : port 'done' remains unconnected for this instance in ../../../rtl/CortexM0_SoC.v(755)
HDL-5007 WARNING: port 'PENABLE' is not connected on this instance in ../../../rtl/CortexM0_SoC.v(800)
HDL-1007 : elaborate module CortexM0_SoC in ../../../rtl/CortexM0_SoC.v(2)
HDL-1007 : elaborate module clk_gen in ../../../rtl/al_ip/clk_gen.v(24)
HDL-1007 : elaborate module EG_PHY_PLL(FIN="24.000",FBCLK_DIV=50,CLKC1_DIV=8,CLKC3_DIV=8,CLKC4_DIV=10,CLKC1_ENABLE="ENABLE",CLKC3_ENABLE="ENABLE",CLKC4_ENABLE="ENABLE",FEEDBK_MODE="NOCOMP",STDBY_ENABLE="DISABLE",CLKC1_CPHASE=7,CLKC3_CPHASE=7,CLKC4_CPHASE=9,GMC_GAIN=2,ICP_CURRENT=9,KVCO=2,LPF_CAPACITOR=1,LPF_RESISTOR=8,SYNC_ENABLE="DISABLE") in D:/eg4s20/TD 5.6.2/arch/eagle_macro.v(930)
HDL-1007 : elaborate module Keyboard in ../../../rtl/keyboard.v(1)
HDL-1007 : elaborate module cortexm0ds_logic in ../../../rtl/cortexm0ds_logic.v(27)
HDL-1007 : port 'P4_HSEL' remains unconnected for this instance in ../../../rtl/ahb/AHBlite_Interconnect.v(142)
HDL-1007 : elaborate module AHBlite_Interconnect in ../../../rtl/ahb/AHBlite_Interconnect.v(1)
HDL-1007 : elaborate module AHBlite_Decoder in ../../../rtl/ahb/AHBlite_Decoder.v(1)
HDL-1007 : elaborate module AHBlite_SlaveMUX in ../../../rtl/ahb/AHBlite_SlaveMUX.v(1)
HDL-1007 : elaborate module AHBlite_Block_RAM in ../../../rtl/AHBlite_Block_RAM.v(1)
HDL-5007 WARNING: actual bit length 1 differs from formal bit length 2 for port 'HRESP' in ../../../rtl/CortexM0_SoC.v(391)
HDL-5007 WARNING: actual bit length 14 differs from formal bit length 12 for port 'BRAM_WRADDR' in ../../../rtl/CortexM0_SoC.v(392)
HDL-5007 WARNING: actual bit length 14 differs from formal bit length 12 for port 'BRAM_RDADDR' in ../../../rtl/CortexM0_SoC.v(393)
HDL-5007 WARNING: actual bit length 1 differs from formal bit length 2 for port 'HRESP' in ../../../rtl/CortexM0_SoC.v(424)
HDL-5007 WARNING: actual bit length 14 differs from formal bit length 12 for port 'BRAM_WRADDR' in ../../../rtl/CortexM0_SoC.v(425)
HDL-5007 WARNING: actual bit length 14 differs from formal bit length 12 for port 'BRAM_RDADDR' in ../../../rtl/CortexM0_SoC.v(426)
HDL-1007 : elaborate module AHBISP in ../../../rtl/AHBISPSYS/AHBISPSYS.v(1)
HDL-1007 : elaborate module bypass in ../../../rtl/AHBISPSYS/bypass.v(1)
HDL-1007 : elaborate module cal_gain in ../../../rtl/AHBISPSYS/cal_gain.v(1)
HDL-1007 : elaborate module calculator in ../../../rtl/AHBISPSYS/calculator.v(1)
HDL-1007 : elaborate module successive in ../../../rtl/AHBISPSYS/successive.v(1)
HDL-5007 WARNING: net 'wBlueGain[7]' does not have a driver in ../../../rtl/AHBISPSYS/cal_gain.v(26)
HDL-5007 WARNING: actual bit length 12 differs from formal bit length 11 for port 'h_active_in' in ../../../rtl/AHBISPSYS/AHBISPSYS.v(266)
HDL-5007 WARNING: actual bit length 12 differs from formal bit length 11 for port 'v_active_in' in ../../../rtl/AHBISPSYS/AHBISPSYS.v(267)
HDL-1007 : elaborate module CC in ../../../rtl/AHBISPSYS/colorcorrecction.v(1)
HDL-5007 WARNING: actual bit length 12 differs from formal bit length 11 for port 'h_active_in' in ../../../rtl/AHBISPSYS/AHBISPSYS.v(284)
HDL-5007 WARNING: actual bit length 12 differs from formal bit length 11 for port 'v_active_in' in ../../../rtl/AHBISPSYS/AHBISPSYS.v(285)
HDL-1007 : port 'valid' remains unconnected for this instance in ../../../rtl/AHBISPSYS/slidingWindow_5X5.v(152)
HDL-1007 : port 'full_flag' remains unconnected for this instance in ../../../rtl/AHBISPSYS/slidingWindow_5X5.v(152)
HDL-1007 : port 'empty_flag' remains unconnected for this instance in ../../../rtl/AHBISPSYS/slidingWindow_5X5.v(152)
HDL-1007 : port 'afull' remains unconnected for this instance in ../../../rtl/AHBISPSYS/slidingWindow_5X5.v(152)
HDL-1007 : port 'aempty' remains unconnected for this instance in ../../../rtl/AHBISPSYS/slidingWindow_5X5.v(152)
HDL-1007 : port 'valid' remains unconnected for this instance in ../../../rtl/AHBISPSYS/slidingWindow_5X5.v(165)
HDL-1007 : port 'full_flag' remains unconnected for this instance in ../../../rtl/AHBISPSYS/slidingWindow_5X5.v(165)
HDL-1007 : port 'empty_flag' remains unconnected for this instance in ../../../rtl/AHBISPSYS/slidingWindow_5X5.v(165)
HDL-1007 : port 'afull' remains unconnected for this instance in ../../../rtl/AHBISPSYS/slidingWindow_5X5.v(165)
HDL-1007 : port 'aempty' remains unconnected for this instance in ../../../rtl/AHBISPSYS/slidingWindow_5X5.v(165)
HDL-1007 : port 'valid' remains unconnected for this instance in ../../../rtl/AHBISPSYS/slidingWindow_5X5.v(180)
HDL-1007 : port 'full_flag' remains unconnected for this instance in ../../../rtl/AHBISPSYS/slidingWindow_5X5.v(180)
HDL-1007 : port 'empty_flag' remains unconnected for this instance in ../../../rtl/AHBISPSYS/slidingWindow_5X5.v(180)
HDL-1007 : port 'afull' remains unconnected for this instance in ../../../rtl/AHBISPSYS/slidingWindow_5X5.v(180)
HDL-1007 : port 'aempty' remains unconnected for this instance in ../../../rtl/AHBISPSYS/slidingWindow_5X5.v(180)
HDL-1007 : port 'valid' remains unconnected for this instance in ../../../rtl/AHBISPSYS/slidingWindow_5X5.v(194)
HDL-1007 : port 'full_flag' remains unconnected for this instance in ../../../rtl/AHBISPSYS/slidingWindow_5X5.v(194)
HDL-1007 : port 'empty_flag' remains unconnected for this instance in ../../../rtl/AHBISPSYS/slidingWindow_5X5.v(194)
HDL-1007 : port 'afull' remains unconnected for this instance in ../../../rtl/AHBISPSYS/slidingWindow_5X5.v(194)
HDL-1007 : port 'aempty' remains unconnected for this instance in ../../../rtl/AHBISPSYS/slidingWindow_5X5.v(194)
HDL-1007 : elaborate module slidingWindow_5X5 in ../../../rtl/AHBISPSYS/slidingWindow_5X5.v(3)
HDL-1007 : port 'doa' remains unconnected for this instance in ../../al_ip/fifo_buf.v(239)
HDL-1007 : port 'dib' remains unconnected for this instance in ../../al_ip/fifo_buf.v(239)
HDL-1007 : elaborate module fifo_buf in ../../al_ip/fifo_buf.v(26)
HDL-1007 : elaborate module ram_infer_fifo_buf(DATAWIDTH_A=8,ADDRWIDTH_A=11,DATAWIDTH_B=8,REGMODE_B="OUTREG",ADDRWIDTH_B=11) in ../../al_ip/fifo_buf.v(270)
HDL-1007 : extracting RAM for identifier 'memory' in ../../al_ip/fifo_buf.v(335)
HDL-5007 WARNING: actual bit length 32 differs from formal bit length 1 for port 'cea' in ../../al_ip/fifo_buf.v(248)
HDL-5007 WARNING: actual bit length 32 differs from formal bit length 1 for port 'ocea' in ../../al_ip/fifo_buf.v(250)
HDL-5007 WARNING: actual bit length 32 differs from formal bit length 1 for port 'web' in ../../al_ip/fifo_buf.v(256)
HDL-5007 WARNING: input port 'dib[7]' is not connected on this instance in ../../al_ip/fifo_buf.v(246)
HDL-5007 WARNING: actual bit length 12 differs from formal bit length 11 for port 'h_active_in' in ../../../rtl/AHBISPSYS/AHBISPSYS.v(299)
HDL-5007 WARNING: actual bit length 12 differs from formal bit length 11 for port 'v_active_in' in ../../../rtl/AHBISPSYS/AHBISPSYS.v(300)
HDL-1007 : elaborate module demosaic in ../../../rtl/AHBISPSYS/demosaic.v(1)
HDL-1007 : elaborate module conv_mask4 in ../../../rtl/AHBISPSYS/conv_mask4.v(1)
HDL-1007 : elaborate module conv_mask5 in ../../../rtl/AHBISPSYS/conv_mask5.v(1)
HDL-1007 : elaborate module conv_mask6 in ../../../rtl/AHBISPSYS/conv_mask6.v(1)
HDL-5007 WARNING: actual bit length 1 differs from formal bit length 8 for port 'out_en' in ../../../rtl/AHBISPSYS/demosaic.v(124)
HDL-1007 : elaborate module gamma in ../../../rtl/AHBISPSYS/gamma.v(1)
HDL-1007 : elaborate module gamma_rom in ../../../rtl/AHBISPSYS/gamma_rom.v(1)
HDL-1007 : port 'doa' remains unconnected for this instance in ../../al_ip/sd2isp_fifo.v(261)
HDL-1007 : port 'dib' remains unconnected for this instance in ../../al_ip/sd2isp_fifo.v(261)
HDL-1007 : elaborate module sd2isp_fifo in ../../al_ip/sd2isp_fifo.v(26)
HDL-1007 : elaborate module fifo_cross_domain_addr_process_al_sd2isp_fifo(ADDR_WIDTH=10) in ../../al_ip/sd2isp_fifo.v(290)
HDL-1007 : elaborate module ram_infer_sd2isp_fifo(DATAWIDTH_A=16,ADDRWIDTH_A=10,DATAWIDTH_B=16,REGMODE_B="OUTREG",ADDRWIDTH_B=10) in ../../al_ip/sd2isp_fifo.v(378)
HDL-1007 : extracting RAM for identifier 'memory' in ../../al_ip/sd2isp_fifo.v(443)
HDL-5007 WARNING: input port 'dib[15]' is not connected on this instance in ../../al_ip/sd2isp_fifo.v(266)
HDL-1007 : elaborate module cmsdk_ahb_to_apb(REGISTER_RDATA=0) in ../../../rtl/apb/cmsdk_ahb_to_apb.v(31)
HDL-1007 : elaborate module cmsdk_apb_slave_mux(PORT4_ENABLE=0,PORT5_ENABLE=0,PORT6_ENABLE=0,PORT7_ENABLE=0,PORT8_ENABLE=0,PORT9_ENABLE=0,PORT10_ENABLE=0,PORT11_ENABLE=0,PORT12_ENABLE=0,PORT13_ENABLE=0,PORT14_ENABLE=0,PORT15_ENABLE=0) in ../../../rtl/apb/cmsdk_apb_slave_mux.v(26)
HDL-1007 : elaborate module Block_RAM in ../../../rtl/Block_RAM.v(1)
HDL-1007 : extracting RAM for identifier 'mem' in ../../../rtl/Block_RAM.v(12)
HDL-5007 WARNING: actual bit length 14 differs from formal bit length 12 for port 'addra' in ../../../rtl/CortexM0_SoC.v(679)
HDL-5007 WARNING: actual bit length 14 differs from formal bit length 12 for port 'addrb' in ../../../rtl/CortexM0_SoC.v(680)
HDL-5007 WARNING: actual bit length 14 differs from formal bit length 12 for port 'addra' in ../../../rtl/CortexM0_SoC.v(688)
HDL-5007 WARNING: actual bit length 14 differs from formal bit length 12 for port 'addrb' in ../../../rtl/CortexM0_SoC.v(689)
HDL-1007 : elaborate module APB_VGA_CONTROL in ../../../rtl/apb_vga/apb_vga.v(1)
HDL-1007 : elaborate module vga_ctrl in ../../../rtl/apb_vga/vga_ctrl.v(1)
HDL-1007 : elaborate module APB_SDCARD_CONTROL in ../../../rtl/apb_sdcard/apb_sdcard.v(1)
HDL-5007 WARNING: actual bit length 1 differs from formal bit length 8 for port 'sdcard_rd_en' in ../../../rtl/CortexM0_SoC.v(749)
HDL-1007 : elaborate module sd_reader(CLK_DIV=0) in ../../../rtl/apb_sdcard/sd_reader.v(10)
HDL-1007 : elaborate module sdcmd_ctrl in ../../../rtl/apb_sdcard/sdcmd_ctrl.v(10)
HDL-1007 : elaborate module APB_GPIO in ../../../rtl/apb_gpio/apb_gpio.v(1)
HDL-5007 WARNING: actual bit length 4 differs from formal bit length 8 for port 'LED' in ../../../rtl/CortexM0_SoC.v(790)
HDL-1007 : elaborate module APB_UART in ../../../rtl/apb_uart/apb_uart.v(1)
HDL-5007 WARNING: latch inferred for net 'PREADY_reg' in ../../../rtl/apb_uart/apb_uart.v(50)
HDL-1007 : elaborate module rs232 in ../../../rtl/apb_uart/rs232.v(1)
HDL-1007 : elaborate module uart_rx(UART_BPS=16'b010010110000000,CLK_FREQ=26'b01011011100011011000000000) in ../../../rtl/apb_uart/uart_rx.v(1)
HDL-1007 : elaborate module uart_tx(UART_BPS=16'b010010110000000,CLK_FREQ=26'b01011011100011011000000000) in ../../../rtl/apb_uart/uart_tx.v(1)
HDL-1007 : elaborate module sdram_top in ../../../rtl/sdram/sdram_top.v(1)
HDL-1007 : port 'valid' remains unconnected for this instance in ../../../rtl/sdram/fifo_ctrl.v(138)
HDL-1007 : port 'full_flag' remains unconnected for this instance in ../../../rtl/sdram/fifo_ctrl.v(138)
HDL-1007 : port 'empty_flag' remains unconnected for this instance in ../../../rtl/sdram/fifo_ctrl.v(138)
HDL-1007 : port 'afull' remains unconnected for this instance in ../../../rtl/sdram/fifo_ctrl.v(138)
HDL-1007 : port 'aempty' remains unconnected for this instance in ../../../rtl/sdram/fifo_ctrl.v(138)
HDL-1007 : port 'valid' remains unconnected for this instance in ../../../rtl/sdram/fifo_ctrl.v(155)
HDL-1007 : port 'full_flag' remains unconnected for this instance in ../../../rtl/sdram/fifo_ctrl.v(155)
HDL-1007 : port 'empty_flag' remains unconnected for this instance in ../../../rtl/sdram/fifo_ctrl.v(155)
HDL-1007 : port 'afull' remains unconnected for this instance in ../../../rtl/sdram/fifo_ctrl.v(155)
HDL-1007 : port 'aempty' remains unconnected for this instance in ../../../rtl/sdram/fifo_ctrl.v(155)
HDL-1007 : elaborate module fifo_ctrl in ../../../rtl/sdram/fifo_ctrl.v(1)
HDL-1007 : port 'doa' remains unconnected for this instance in ../../../rtl/al_ip/fifo_data.v(261)
HDL-1007 : port 'dib' remains unconnected for this instance in ../../../rtl/al_ip/fifo_data.v(261)
HDL-1007 : elaborate module fifo_data in ../../../rtl/al_ip/fifo_data.v(26)
HDL-1007 : elaborate module fifo_cross_domain_addr_process_al_fifo_data(ADDR_WIDTH=10) in ../../../rtl/al_ip/fifo_data.v(290)
HDL-1007 : elaborate module ram_infer_fifo_data(ADDRWIDTH_A=10,DATAWIDTH_B=32,REGMODE_B="OUTREG",ADDRWIDTH_B=10) in ../../../rtl/al_ip/fifo_data.v(378)
HDL-1007 : extracting RAM for identifier 'memory' in ../../../rtl/al_ip/fifo_data.v(443)
HDL-5007 WARNING: input port 'dib[31]' is not connected on this instance in ../../../rtl/al_ip/fifo_data.v(266)
HDL-5007 WARNING: actual bit length 9 differs from formal bit length 10 for port 'rdusedw' in ../../../rtl/sdram/fifo_ctrl.v(148)
HDL-1007 : port 'doa' remains unconnected for this instance in ../../al_ip/fifo_data_out.v(261)
HDL-1007 : port 'dib' remains unconnected for this instance in ../../al_ip/fifo_data_out.v(261)
HDL-1007 : elaborate module fifo_data_out in ../../al_ip/fifo_data_out.v(26)
HDL-1007 : elaborate module fifo_cross_domain_addr_process_al_fifo_data_out(ADDR_WIDTH=11) in ../../al_ip/fifo_data_out.v(290)
HDL-1007 : elaborate module fifo_cross_domain_addr_process_al_fifo_data_out(ADDR_WIDTH=10) in ../../al_ip/fifo_data_out.v(290)
HDL-1007 : elaborate module ram_infer_fifo_data_out(ADDRWIDTH_A=10,DATAWIDTH_B=16,REGMODE_B="OUTREG",ADDRWIDTH_B=11) in ../../al_ip/fifo_data_out.v(378)
HDL-1007 : extracting RAM for identifier 'memory' in ../../al_ip/fifo_data_out.v(443)
HDL-5007 WARNING: input port 'dib[15]' is not connected on this instance in ../../al_ip/fifo_data_out.v(266)
HDL-5007 WARNING: actual bit length 32 differs from formal bit length 16 for port 'dout' in ../../../rtl/sdram/fifo_ctrl.v(163)
HDL-5007 WARNING: actual bit length 9 differs from formal bit length 10 for port 'wrusedw' in ../../../rtl/sdram/fifo_ctrl.v(166)
HDL-1007 : elaborate module sdram_ctrl in ../../../rtl/sdram/ctrl/sdram_ctrl.v(1)
HDL-1007 : elaborate module sdram_init in ../../../rtl/sdram/ctrl/sdram_init.v(1)
HDL-1007 : elaborate module sdram_arbit in ../../../rtl/sdram/ctrl/sdram_arbit.v(1)
HDL-1007 : elaborate module sdram_a_ref in ../../../rtl/sdram/ctrl/sdram_a_ref.v(1)
HDL-1007 : elaborate module sdram_write in ../../../rtl/sdram/ctrl/sdram_write.v(1)
HDL-1007 : elaborate module sdram_read in ../../../rtl/sdram/ctrl/sdram_read.v(1)
HDL-5007 WARNING: actual bit length 32 differs from formal bit length 21 for port 'sdram_wr_e_addr' in ../../../rtl/CortexM0_SoC.v(866)
HDL-5007 WARNING: actual bit length 16 differs from formal bit length 32 for port 'rd_fifo_rd_data' in ../../../rtl/CortexM0_SoC.v(872)
HDL-5007 WARNING: actual bit length 32 differs from formal bit length 21 for port 'sdram_rd_e_addr' in ../../../rtl/CortexM0_SoC.v(874)
HDL-1007 : elaborate module SDRAM in ../../../rtl/al_ip/SDRAM.v(14)
HDL-1007 : elaborate module EG_PHY_SDRAM_2M_32 in D:/eg4s20/TD 5.6.2/arch/eagle_macro.v(721)
HDL-5007 WARNING: actual bit length 32 differs from formal bit length 1 for port 'dm0' in ../../../rtl/CortexM0_SoC.v(905)
HDL-5007 WARNING: actual bit length 32 differs from formal bit length 1 for port 'dm1' in ../../../rtl/CortexM0_SoC.v(906)
HDL-5007 WARNING: actual bit length 32 differs from formal bit length 1 for port 'dm2' in ../../../rtl/CortexM0_SoC.v(907)
HDL-5007 WARNING: actual bit length 32 differs from formal bit length 1 for port 'dm3' in ../../../rtl/CortexM0_SoC.v(908)
HDL-5007 WARNING: net 'HRESP_P2' does not have a driver in ../../../rtl/CortexM0_SoC.v(274)
HDL-5007 WARNING: input port 'ECOREVNUM[3]' is not connected on this instance in ../../../rtl/CortexM0_SoC.v(701)
HDL-5007 WARNING: input port 'ECOREVNUM[3]' is not connected on this instance in ../../../rtl/CortexM0_SoC.v(735)
HDL-5007 WARNING: input port 'rstart2' is not connected on this instance in ../../../rtl/CortexM0_SoC.v(757)
HDL-5007 WARNING: input port 'ECOREVNUM[3]' is not connected on this instance in ../../../rtl/CortexM0_SoC.v(777)
HDL-5007 WARNING: input port 'PENABLE' is not connected on this instance in ../../../rtl/CortexM0_SoC.v(800)
HDL-5001 WARNING: Contains anonymous inst(s) and/or net(s) that have not been renamed
HDL-1200 : Current top model is CortexM0_SoC
HDL-1100 : Inferred 5 RAMs.
RUN-1003 : finish command "elaborate -top CortexM0_SoC" in  1.501119s wall, 1.093750s user + 0.046875s system = 1.140625s CPU (76.0%)

RUN-1004 : used memory is 236 MB, reserved memory is 213 MB, peak memory is 442 MB
RUN-1002 : start command "export_db m0soc_elaborate.db"
RUN-1001 : Exported /
RUN-1001 : Exported flow parameters
RUN-1001 : Exported libs
RUN-1001 : Exported entities
RUN-1001 : Exported ports
RUN-1001 : Exported pins
RUN-1001 : Exported instances
RUN-1001 : Exported nets
RUN-1001 : Exported buses
RUN-1001 : Exported models
RUN-1001 : Exported congestions
RUN-1001 : Exported violations
RUN-1001 : Exported IO constraints
RUN-1001 : Exported Inst constraints
RUN-1002 : start command "read_adc ../../../rtl/m0.adc"
RUN-1002 : start command "set_pin_assignment clk      location = K14 ;"
RUN-1002 : start command "set_pin_assignment RSTn   location = G11  ;"
RUN-1002 : start command "set_pin_assignment clk_148m_vga  location = H2  ;"
RUN-1002 : start command "set_pin_assignment vga_hs   location = J3 ;"
RUN-1002 : start command "set_pin_assignment vga_vs   location = J4  ;"
RUN-1002 : start command "set_pin_assignment rgb_r[0]   location = L5 ;"
RUN-1002 : start command "set_pin_assignment rgb_r[1]   location = L3 ;"
RUN-1002 : start command "set_pin_assignment rgb_r[2]   location = M2  ;"
RUN-1002 : start command "set_pin_assignment rgb_r[3]   location = M1  ;"
RUN-1002 : start command "set_pin_assignment rgb_r[4]   location = L4  ;"
RUN-1002 : start command "set_pin_assignment rgb_r[5]   location = K5 ;"
RUN-1002 : start command "set_pin_assignment rgb_r[6]   location = K3  ;"
RUN-1002 : start command "set_pin_assignment rgb_r[7]   location = K6  ;"
RUN-1002 : start command "set_pin_assignment rgb_g[0]   location = L1 ;"
RUN-1002 : start command "set_pin_assignment rgb_g[1]   location = K2 ;"
RUN-1002 : start command "set_pin_assignment rgb_g[2]   location = K1  ;"
RUN-1002 : start command "set_pin_assignment rgb_g[3]   location = J1  ;"
RUN-1002 : start command "set_pin_assignment rgb_g[4]   location = H3  ;"
RUN-1002 : start command "set_pin_assignment rgb_g[5]   location = J6 ;"
RUN-1002 : start command "set_pin_assignment rgb_g[6]   location = H1  ;"
RUN-1002 : start command "set_pin_assignment rgb_g[7]   location = H5  ;"
RUN-1002 : start command "set_pin_assignment rgb_b[0]   location = G1 ;"
RUN-1002 : start command "set_pin_assignment rgb_b[1]   location = F1 ;"
RUN-1002 : start command "set_pin_assignment rgb_b[2]   location = F2  ;"
RUN-1002 : start command "set_pin_assignment rgb_b[3]   location = E1  ;"
RUN-1002 : start command "set_pin_assignment rgb_b[4]   location = G3  ;"
RUN-1002 : start command "set_pin_assignment rgb_b[5]   location = E2 ;"
RUN-1002 : start command "set_pin_assignment rgb_b[6]   location = D1  ;"
RUN-1002 : start command "set_pin_assignment rgb_b[7]   location = C1  ;"
RUN-1002 : start command "set_pin_assignment  sdclk    LOCATION = M9; IOSTANDARD = LVCMOS33; "
RUN-1002 : start command "set_pin_assignment  sdcmd   LOCATION = P2; IOSTANDARD = LVCMOS33; "
RUN-1002 : start command "set_pin_assignment  sddat0    LOCATION = P1; IOSTANDARD = LVCMOS33; "
RUN-1002 : start command "set_pin_assignment  sddat1    LOCATION = N1; IOSTANDARD = LVCMOS33; "
RUN-1002 : start command "set_pin_assignment  sddat2    LOCATION = R2; IOSTANDARD = LVCMOS33; "
RUN-1002 : start command "set_pin_assignment  sddat3    LOCATION = R1; IOSTANDARD = LVCMOS33; "
RUN-1002 : start command "set_pin_assignment LED[0]  location = M3  ;"
RUN-1002 : start command "set_pin_assignment LED[1]  location = M4  ;"
RUN-1002 : start command "set_pin_assignment LED[2]  location = N3  ;"
RUN-1002 : start command "set_pin_assignment LED[3]  location = N4  ;"
RUN-1002 : start command "set_pin_assignment  col[0]   LOCATION = H14; IOSTANDARD = LVTTL33; "
RUN-1002 : start command "set_pin_assignment  col[1]   LOCATION = L12; IOSTANDARD = LVTTL33; "
RUN-1002 : start command "set_pin_assignment  col[2]   LOCATION = J13; IOSTANDARD = LVTTL33; "
RUN-1002 : start command "set_pin_assignment  col[3]   LOCATION = G12; IOSTANDARD = LVTTL33; "
RUN-1002 : start command "set_pin_assignment  RX   LOCATION = F16; IOSTANDARD = LVTTL33; "
RUN-1002 : start command "set_pin_assignment  TX   LOCATION = E16; IOSTANDARD = LVTTL33; "
RUN-1001 : Starting of IO setups legality check.
RUN-1001 : Starting of IO setups legality check.
RUN-1001 : Starting of IO vref setups legality check.
USR-6010 WARNING: ADC constraints: top model pin SWCLK has no constraint.
USR-6010 WARNING: ADC constraints: top model pin SWDIO has no constraint.
RUN-1002 : start command "optimize_rtl"
RUN-1001 : Open license file D:/eg4s20/TD 5.6.2/license/Anlogic.lic
RUN-1001 : Print Global Property
RUN-1001 : ---------------------------------------------------------------
RUN-1001 :        Parameters        |  Settings  |  Default Values  |  Note  
RUN-1001 : ---------------------------------------------------------------
RUN-1001 :          message         |  standard  |     standard     |        
RUN-1001 :   mixed_pack_place_flow  |     on     |        on        |        
RUN-1001 :        qor_monitor       |    off     |       off        |        
RUN-1001 :        syn_ip_flow       |    off     |       off        |        
RUN-1001 :          thread          |    auto    |       auto       |        
RUN-1001 : ---------------------------------------------------------------
RUN-1001 : Print Rtl Property
RUN-1001 : --------------------------------------------------------------
RUN-1001 :        Parameters       |  Settings  |  Default Values  |  Note  
RUN-1001 : --------------------------------------------------------------
RUN-1001 :       compress_add      |   ripple   |      ripple      |        
RUN-1001 :        elf_sload        |    off     |       off        |        
RUN-1001 :       fix_undriven      |     0      |        0         |        
RUN-1001 :         flatten         |    off     |       off        |        
RUN-1001 :       gate_sharing      |     on     |        on        |        
RUN-1001 :    hdl_warning_level    |   normal   |      normal      |        
RUN-1001 :   impl_internal_tribuf  |     on     |        on        |        
RUN-1001 :      impl_set_reset     |     on     |        on        |        
RUN-1001 :        infer_gsr        |    off     |       off        |        
RUN-1001 :      keep_hierarchy     |    auto    |       auto       |        
RUN-1001 :        max_fanout       |    9999    |       9999       |        
RUN-1001 :      max_oh2bin_len     |     10     |        10        |        
RUN-1001 :       merge_equal       |     on     |        on        |        
RUN-1001 :       merge_equiv       |     on     |        on        |        
RUN-1001 :        merge_mux        |    off     |       off        |        
RUN-1001 :     min_control_set     |     8      |        8         |        
RUN-1001 :      min_ripple_len     |    auto    |       auto       |        
RUN-1001 :       oh2bin_ratio      |    0.08    |       0.08       |        
RUN-1001 :     opt_adder_fanout    |     on     |        on        |        
RUN-1001 :        opt_arith        |     on     |        on        |        
RUN-1001 :       opt_big_gate      |    off     |       off        |        
RUN-1001 :        opt_const        |     on     |        on        |        
RUN-1001 :      opt_const_mult     |     on     |        on        |        
RUN-1001 :       opt_lessthan      |     on     |        on        |        
RUN-1001 :         opt_mux         |    off     |       off        |        
RUN-1001 :         opt_ram         |    high    |       high       |        
RUN-1001 :      rtl_sim_model      |    off     |       off        |        
RUN-1001 :         seq_syn         |     on     |        on        |        
RUN-1001 : --------------------------------------------------------------
SYN-1012 : SanityCheck: Model "CortexM0_SoC"
SYN-1012 : SanityCheck: Model "AHBISP"
SYN-1012 : SanityCheck: Model "slidingWindow_5X5"
SYN-1012 : SanityCheck: Model "fifo_buf"
SYN-1012 : SanityCheck: Model "ram_infer_fifo_buf(DATAWIDTH_A=8,ADDRWIDTH_A=11,DATAWIDTH_B=8,REGMODE_B="OUTREG",ADDRWIDTH_B=11)"
SYN-1012 : SanityCheck: Model "CC"
SYN-1012 : SanityCheck: Model "bypass"
SYN-1012 : SanityCheck: Model "cal_gain"
SYN-1012 : SanityCheck: Model "calculator"
SYN-1012 : SanityCheck: Model "successive"
SYN-1012 : SanityCheck: Model "demosaic"
SYN-1012 : SanityCheck: Model "conv_mask5"
SYN-1012 : SanityCheck: Model "conv_mask4"
SYN-1012 : SanityCheck: Model "conv_mask6"
SYN-1012 : SanityCheck: Model "gamma"
SYN-1012 : SanityCheck: Model "gamma_rom"
SYN-1012 : SanityCheck: Model "AHBlite_Interconnect"
SYN-1012 : SanityCheck: Model "AHBlite_Decoder"
SYN-1012 : SanityCheck: Model "AHBlite_SlaveMUX"
SYN-1012 : SanityCheck: Model "AHBlite_Block_RAM"
SYN-1012 : SanityCheck: Model "Block_RAM"
SYN-1012 : SanityCheck: Model "APB_GPIO"
SYN-1012 : SanityCheck: Model "APB_SDCARD_CONTROL"
SYN-1012 : SanityCheck: Model "APB_UART"
SYN-1012 : SanityCheck: Model "APB_VGA_CONTROL"
SYN-1012 : SanityCheck: Model "SDRAM"
SYN-1012 : SanityCheck: Model "cmsdk_ahb_to_apb(REGISTER_RDATA=0)"
SYN-1012 : SanityCheck: Model "clk_gen"
SYN-1012 : SanityCheck: Model "cmsdk_apb_slave_mux(PORT4_ENABLE=0,PORT5_ENABLE=0,PORT6_ENABLE=0,PORT7_ENABLE=0,PORT8_ENABLE=0,PORT9_ENABLE=0,PORT10_ENABLE=0,PORT11_ENABLE=0,PORT12_ENABLE=0,PORT13_ENABLE=0,PORT14_ENABLE=0,PORT15_ENABLE=0)"
SYN-1012 : SanityCheck: Model "sd2isp_fifo"
SYN-1012 : SanityCheck: Model "ram_infer_sd2isp_fifo(DATAWIDTH_A=16,ADDRWIDTH_A=10,DATAWIDTH_B=16,REGMODE_B="OUTREG",ADDRWIDTH_B=10)"
SYN-1012 : SanityCheck: Model "fifo_cross_domain_addr_process_al_sd2isp_fifo(ADDR_WIDTH=10)"
SYN-1012 : SanityCheck: Model "Keyboard"
SYN-1012 : SanityCheck: Model "sd_reader(CLK_DIV=0)"
SYN-1012 : SanityCheck: Model "sdcmd_ctrl"
SYN-1012 : SanityCheck: Model "sdram_top"
SYN-1012 : SanityCheck: Model "fifo_ctrl"
SYN-1012 : SanityCheck: Model "fifo_data_out"
SYN-1012 : SanityCheck: Model "ram_infer_fifo_data_out(ADDRWIDTH_A=10,DATAWIDTH_B=16,REGMODE_B="OUTREG",ADDRWIDTH_B=11)"
SYN-1012 : SanityCheck: Model "fifo_cross_domain_addr_process_al_fifo_data_out(ADDR_WIDTH=11)"
SYN-1012 : SanityCheck: Model "fifo_cross_domain_addr_process_al_fifo_data_out(ADDR_WIDTH=10)"
SYN-1012 : SanityCheck: Model "fifo_data"
SYN-1012 : SanityCheck: Model "ram_infer_fifo_data(ADDRWIDTH_A=10,DATAWIDTH_B=32,REGMODE_B="OUTREG",ADDRWIDTH_B=10)"
SYN-1012 : SanityCheck: Model "fifo_cross_domain_addr_process_al_fifo_data(ADDR_WIDTH=10)"
SYN-1012 : SanityCheck: Model "sdram_ctrl"
SYN-1012 : SanityCheck: Model "sdram_a_ref"
SYN-1012 : SanityCheck: Model "sdram_arbit"
SYN-1012 : SanityCheck: Model "sdram_init"
SYN-1012 : SanityCheck: Model "sdram_read"
SYN-1012 : SanityCheck: Model "sdram_write"
SYN-1012 : SanityCheck: Model "cortexm0ds_logic"
SYN-1012 : SanityCheck: Model "rs232"
SYN-1012 : SanityCheck: Model "uart_rx(UART_BPS=16'b010010110000000,CLK_FREQ=26'b01011011100011011000000000)"
SYN-1012 : SanityCheck: Model "uart_tx(UART_BPS=16'b010010110000000,CLK_FREQ=26'b01011011100011011000000000)"
SYN-1012 : SanityCheck: Model "vga_ctrl"
SYN-1043 : Mark sdram_arbit as IO macro for instance sdram_dq_i
SYN-1043 : Mark sdram_ctrl as IO macro for instance sdram_arbit_inst
SYN-1043 : Mark sdram_top as IO macro for instance sdram_ctrl_inst
SYN-1043 : Mark sdcmd_ctrl as IO macro for instance sdcmd_i
SYN-1043 : Mark sd_reader(CLK_DIV=0) as IO macro for instance u_sdcmd_ctrl
SYN-1043 : Mark clk_gen as IO macro for instance pll_inst
SYN-1011 : Flatten model CortexM0_SoC
SYN-8105 ERROR: Multi-driven net: model "CortexM0_SoC" / net "ISP/u_cal_gain/u_calculator/g_gain_cal[7]" in ../../../rtl/AHBISPSYS/calculator.v(10)
SYN-8105 ERROR: Multi-driven net: model "CortexM0_SoC" / net "ISP/u_cal_gain/u_calculator/u_g_successive/gain[7]" in ../../../rtl/AHBISPSYS/successive.v(8)
SYN-8105 ERROR: Multi-driven net: model "CortexM0_SoC" / net "ISP/u_cal_gain/u_calculator/u_b_successive/gain[7]" in ../../../rtl/AHBISPSYS/successive.v(8)
SYN-8105 ERROR: Multi-driven net: model "CortexM0_SoC" / net "ISP/u_cal_gain/u_calculator/b_gain_cal[7]" in ../../../rtl/AHBISPSYS/calculator.v(11)
SYN-8105 ERROR: Multi-driven net: model "CortexM0_SoC" / net "ISP/u_cal_gain/wGreenGain[7]" in ../../../rtl/AHBISPSYS/cal_gain.v(25)
RUN-1002 : start command "backup_run_log run.log ../.logs/syn_1/td_20240704_202225.log"
